
---- dmesh start ----
main: Start: Fri Aug  8 18:53:19 2014


---- Match parameters ----
PXBRO=2            <default 2>        "Max Legendre poly order for bkg removal"
PXLENS=N           <default N>        "Y=Apply IDB/lens.txt"
PXRESMSK=N         <default N>        "Y=Apply resin mask"
PXDOG=N            <default N>        "Y=Apply DoG filter"
PXDOG_R1=3         <default 3>        "DoG inner radius"
PXDOG_R2=6         <default 6>        "DoG outer radius"
FLD=N              <default X>        "Mask usage: Y=Use, N=None, X=XL only"
PRETWEAK=N         <default N>        "Y=Auto-distort before angle scan"
SCALE=1            <default 1.0>      "Image-B / image-A scale factor"
XSCALE=1           <default 1.0>      "Image-B / image-A x-axis scale factor"
YSCALE=1           <default 1.0>      "Image-B / image-A y-axis scale factor"
SKEW=0             <default 0.0>      "Transform elem[3] user-applied distortion"
MODE_SL=M          <default Z>        "Notes above"
MODE_XL=N          <default Y>        "Notes above"
TAB2DFM_SL=N       <default Y>        "Adopt Tdfm from Tab"
TAB2DFM_XL=Y       <default Y>        "Adopt Tdfm from Tab"
XYCONF_SL=1.0      <default 0.0>      "[0,1.0] confidence in Tab XY"
XYCONF_XL=0.8      <default 0.0>      "[0,1.0] confidence in Tab XY"
THMDEC_SL=8        <default 8>        "2^N thumb decimation factor"
THMDEC_XL=8        <default 8>        "2^N thumb decimation factor"
OLAP1D_SL=0        <default 0>        "Min 1D pix full-size overlap"
OLAP1D_XL=0        <default 0>        "Min 1D pix full-size overlap"
OLAP2D_SL=60000    <default 25000>    "Min 2D pix full-size overlap"
OLAP2D_XL=160000   <default 200000>   "Min 2D pix full-size overlap"
NBMXHT_SL=0.75     <default 0.75>     "Max F(neib)/F(pk) in guard zone"
NBMXHT_XL=0.75     <default 0.75>     "Max F(neib)/F(pk) in guard zone"
HFANGDN_SL=5       <default 5.0>      "Half angle search range denovo"
HFANGDN_XL=45      <default 45.0>     "Half angle search range denovo"
HFANGPR_SL=1       <default 1.0>      "Half angle search range prior angles"
HFANGPR_XL=4       <default 1.0>      "Half angle search range prior angles"
RTRSH_SL=0.3       <default 0.3>      "R corr thresh"
RTRSH_XL=0.3       <default 0.3>      "R corr thresh"
TWEAKS=N           <default N>        "Y=Try 8 near unity distortions"
LIMXY_SL=30        <default 0>        "0 or Max XY delta from Tab"
LIMXY_XL=80        <default 0>        "0 or Max XY delta from Tab"
OPT_SL=Y           <default Y(EM)>    "Y=Enable mesh optimizer"
RIT_SL=0.50        <default 0.20>     "Min mesh starting corr"
RIT_XL=0.1         <default 0.20>     "Min mesh starting corr"
RFA_SL=0.55        <default 0.3>      "Affine-only final corr"
RFA_XL=0.20        <default 0.3>      "Affine-only final corr"
RFT_SL=0.65        <default 0.5>      "Full mesh final corr"
RFT_XL=0.25        <default 0.5>      "Full mesh final corr"
TMC=5              <default 30.0%>    "Max single triangle area change"
TSC=9              <default 9.0%>     "Max summed triangle area change"
MNL=250            <default 300>      "Triangle edges between MNL and 2*MNL"
MTA=120000         <default 10000>    "Min triangle size (pixels)"
MMA=60000          <default 100000>   "Min 2D overlap for mesh"
ONE=N              <default N>        "Y=Use just one affine transform"
IFM=0.50           <default 0.50>     "Min Fourier Metric after affine-only"
FFM=0.65           <default 0.65>     "Min Fourier Metric after full mesh"
FYL=0.5            <default 0.50>     "Min fraction of yellow pixels"
CPD=0.5            <default 0.50>     "Min Correlation + DFM"
EMM=Y              <default Y>        "Y=Use Earth Mover's Metric, N=Use Fourier"
EMT=0.14           <default 0.2>      "Earth Movers Metric thresh"
WDI=N              <default N>        "Y=Write diff images (Fourier, EMM metrics)"
LDA=0.2            <default 0.2>      "Max radian delta between triangles"
LDR=0.1            <default 0.1>      "Max sine delta between triangles"
LDC=100            <default 100.0>    "Max XY delta between triangles"
DXY=100            <default 100.0>    "Max delta from user input XYs"
WMT=N              <default Y>        "Y=Write map.tif files"
WTT=N              <default Y>        "Y=Write tf.txt files"


---- Input images ----
Til2Img entry: A T=[ 1.0000  0.0000  1142.00  0.0000  1.0000  2571.00] path=[/groups/apig/tomo/DEMO/TIF/B1_3_2.tif].
Til2Img entry: B T=[ 1.0000  0.0000  1142.00  0.0000  1.0000  3428.00] path=[/groups/apig/tomo/DEMO/TIF/A1_4_2.tif].


---- Command-line overrides ----
Tab=  1.0024 -0.0219  -177.86    0.0215  1.0038  -647.27
Tdfm= 1.0027 -0.0002     0.00   -0.0002  1.0040     0.00
FLD=N


---- Image loading ----
Raster8FromTif: Opening [/groups/apig/tomo/DEMO/TIF/B1_3_2.tif].
Raster8FromTif: Bits per sample 8, samples per pixel 1
Raster8FromTif: Picture is 1376 by 1040, 1431040 pixels total.
TIF(8): Last Encoded strip had 1376 bytes.
Raster8FromTif: Opening [/groups/apig/tomo/DEMO/TIF/A1_4_2.tif].
Raster8FromTif: Bits per sample 8, samples per pixel 1
Raster8FromTif: Picture is 1376 by 1040, 1431040 pixels total.
TIF(8): Last Encoded strip had 1376 bytes.
PixPair: Using image scale=1.
Timer: Image conditioning took 0.270 seconds.

---- Foldmaps ----

---- Connected regions ----
Forcing single connected region.

---- Begin A-1 to B-1 ----

---- Thumbnail matching ----
Subimage: Using intersection, w=1234, h=523, pix=645382
Thumbs: After decimation 10230 pts, reqArea 2501, thmscl 8
SetDisc( -6, -16, 10, 10 )
Initial: R= 0.958, A=   1.239, X=   -5.98, Y=  -14.80
Peak-Disc: dR 9 dX 0 dY 9
Approx: LowRes  R=0.958, X=-47.822, Y=-118.410
Approx: FullRes R=0.136, X=-47.406, Y=-117.628, use=Y.
Timer: FinishAtFullRes took 0.790 seconds.
Approx: Returning A=1.238965, R=0.957945, X=-178.431548, Y=-639.636058
Approx: Best transform  1.0024 -0.0219  -178.43    0.0215  1.0038  -639.64
Approx: Orig transform  1.0024 -0.0219  -177.86    0.0215  1.0038  -647.27
Approx: Idnt transform  1.0000  0.0000    -0.41    0.0000  1.0000     7.61
Approx: err = 7.62022, max = 80

---- Starting detailed region mapping ----
Roughly 495809 pixels map to B.
Region size is [191 1375] in x, [607 1039] in y.

---- Building mesh - affine ----
Computed simple triangle.

---- ImproveMesh - affine ----
Tri: (191 607) (1375 607) (783 1039).

---- Matlab Vertices ----
x=[191 1375 783 191]; y=[607 607 1039 607]; plot(x,y); hold on;

---- ImproveControlPts ----
STAT: ImproveCpt: Initial affine correlation 0.625481 (495809 pixels).
corr=0.625481	step=10.000000
corr=0.633638	step=10.000000
corr=0.646454	step=10.000000
corr=0.654136	step=10.000000
corr=0.659732	step=10.000000
corr=0.661506	step=10.000000
corr=0.666784	step=10.000000
corr=0.667339	step=10.000000
corr=0.672160	step=10.000000
corr=0.672399	step=10.000000
corr=0.677887	step=10.000000
corr=0.677887	step=5.000000
corr=0.680002	step=5.000000
corr=0.682360	step=5.000000
corr=0.682360	step=2.500000
corr=0.682751	step=2.500000
corr=0.684003	step=2.500000
corr=0.684804	step=2.500000
corr=0.684804	step=1.250000
corr=0.685022	step=1.250000
corr=0.685517	step=1.250000
corr=0.685620	step=1.250000
corr=0.685790	step=1.250000
corr=0.685793	step=1.250000
corr=0.686459	step=1.250000
corr=0.686459	step=0.625000
corr=0.686459	step=0.312500
corr=0.686477	step=0.312500
corr=0.686477	step=0.156250
STAT: ImproveCpt: Final affine correlation 0.686477, (threshold 0.200000).

---- Matlab A-Sys Originals ----
x=[191.000000 1375.000000 783.000000 191.000000]; y=[607.000000 607.000000 1039.000000 607.000000]; plot(x,y); hold on;

---- Matlab B-Sys Originals ----
x=[-0.257199 1186.611633 583.719873 -0.257199]; y=[-26.233850 -0.781402 420.126630 -26.233850]; plot(x,y); hold on;

---- Matlab B-Sys Optimized ----
x=[19.854222 1183.014694 590.162255 19.854222]; y=[39.076241 -12.604889 441.790156 39.076241]; plot(x,y); hold on;

---- Deltas ----
id=     0: dx=   20.11 dy=   65.31 d=   68.34
id=     1: dx=   -3.60 dy=  -11.82 d=   12.36
id=     2: dx=    6.44 dy=   21.66 d=   22.60

---- Areas ----
Triangle 0, area was   255744.0, is   248947.5,   -2.7%
Combined: area was   255744.0, is   248947.5,   -2.7%

---- Transforms ----
 0.9824 -0.0261  -151.95   -0.0436  0.9920  -554.75
Best affine transform:  0.9824 -0.0261  -151.95   -0.0436  0.9920  -554.75
    Inverse transform:  1.0191  0.0268   169.72    0.0448  1.0092   566.67

---- QC - affine ----
Metrics: AFF: Mean square difference 0.691247
Metrics: AFF: Smallest footprint deg=0, area=568760
MetricImages: Range x 170 1375, y 567 1039, use Nx=1206, Ny=474
Approximate EM metric 0.128025 for 571644 points.
%Yellow: Tol   1.05  red   39.0  yellow   25.2  green   35.8
%Yellow: Tol   1.10  red   28.7  yellow   43.7  green   27.7
%Yellow: Tol   1.15  red   21.6  yellow   56.7  green   21.7
%Yellow: Tol   1.20  red   17.0  yellow   65.6  green   17.5
%Yellow: Tol   1.25  red   13.9  yellow   71.6  green   14.5
Affine Triangle: 535171 points, corr 0.654375, fm 0.128025, yellow 0.72

---- Building mesh - deformable ----
Lx Dx Nx:  1184  1184.00   1
Ly Dy Ny:   432   216.00   2

STAT: From 495809 pts, got 4 triangles, 6 control points.
Timer: MeshCreate took 0.010 seconds.

---- ImproveMesh - deformable mesh ----
Tri: (191 607) (1375 607) (191 823).
Tri: (191 823) (1375 607) (1375 823).
Tri: (191 823) (1375 823) (191 1039).
Tri: (191 1039) (1375 823) (1375 1039).

---- Matlab Vertices ----
x=[191 1375 191 191]; y=[607 607 823 607]; plot(x,y); hold on;
x=[191 1375 1375 191]; y=[823 607 823 823]; plot(x,y); hold on;
x=[191 1375 191 191]; y=[823 823 1039 823]; plot(x,y); hold on;
x=[191 1375 1375 191]; y=[1039 823 1039 1039]; plot(x,y); hold on;

---- ImproveControlPts ----
STAT: ImproveCpt: Initial deformable mesh correlation 0.686477 (495809 pixels).
corr=0.686477	step=10.000000
corr=0.689579	step=10.000000
corr=0.689579	step=5.000000
corr=0.689781	step=5.000000
corr=0.690696	step=5.000000
corr=0.691380	step=5.000000
corr=0.692779	step=5.000000
corr=0.693490	step=5.000000
corr=0.693948	step=5.000000
corr=0.694059	step=5.000000
corr=0.694798	step=5.000000
corr=0.694940	step=5.000000
corr=0.695753	step=5.000000
corr=0.696986	step=5.000000
corr=0.697213	step=5.000000
corr=0.697998	step=5.000000
corr=0.697998	step=2.500000
corr=0.697998	step=1.250000
corr=0.697998	step=0.625000
corr=0.697998	step=0.312500
corr=0.697998	step=0.156250
corr=0.697998	step=0.078125
STAT: ImproveCpt: Final deformable mesh correlation 0.697998, (threshold 0.250000).

---- Matlab A-Sys Originals ----
x=[191.000000 1375.000000 191.000000 191.000000]; y=[607.000000 607.000000 823.000000 607.000000]; plot(x,y); hold on;
x=[191.000000 1375.000000 1375.000000 191.000000]; y=[823.000000 607.000000 823.000000 823.000000]; plot(x,y); hold on;
x=[191.000000 1375.000000 191.000000 191.000000]; y=[823.000000 823.000000 1039.000000 823.000000]; plot(x,y); hold on;
x=[191.000000 1375.000000 1375.000000 191.000000]; y=[1039.000000 823.000000 1039.000000 1039.000000]; plot(x,y); hold on;

---- Matlab B-Sys Originals ----
x=[19.854222 1183.014694 14.218121 19.854222]; y=[39.076241 -12.604889 253.353481 39.076241]; plot(x,y); hold on;
x=[14.218121 1183.014694 1177.378592 14.218121]; y=[253.353481 -12.604889 201.672351 253.353481]; plot(x,y); hold on;
x=[14.218121 1177.378592 8.582019 14.218121]; y=[253.353481 201.672351 467.630721 253.353481]; plot(x,y); hold on;
x=[8.582019 1177.378592 1171.742491 8.582019]; y=[467.630721 201.672351 415.949592 467.630721]; plot(x,y); hold on;

---- Matlab B-Sys Optimized ----
x=[22.703447 1183.159792 18.260034 22.703447]; y=[76.889753 -20.277665 268.384010 76.889753]; plot(x,y); hold on;
x=[18.260034 1183.159792 1177.093738 18.260034]; y=[268.384010 -20.277665 206.531116 268.384010]; plot(x,y); hold on;
x=[18.260034 1177.093738 8.759985 18.260034]; y=[268.384010 206.531116 458.460049 268.384010]; plot(x,y); hold on;
x=[8.759985 1177.093738 1174.400556 8.759985]; y=[458.460049 206.531116 421.777188 458.460049]; plot(x,y); hold on;

---- Deltas ----
id=     0: dx=    2.85 dy=   37.81 d=   37.92
id=     1: dx=    0.15 dy=   -7.67 d=    7.67
id=     2: dx=    4.04 dy=   15.03 d=   15.56
id=     3: dx=   -0.28 dy=    4.86 d=    4.87
id=     4: dx=    0.18 dy=   -9.17 d=    9.17
id=     5: dx=    2.66 dy=    5.83 d=    6.41

---- Areas ----
Triangle 0, area was   127872.0, is   110894.5,  -13.3%
Triangle 1, area was   127872.0, is   131229.2,    2.6%
Triangle 2, area was   127872.0, is   109839.5,  -14.1%
Triangle 3, area was   127872.0, is   125400.4,   -1.9%
Combined: area was   511488.0, is   477363.6,   -6.7%
FAIL: Area change too big (max, sum) = (   14.10%    -6.67%), (TMC TSC)=(5.000000 9.000000).
Pipe: Returning 0 total transforms.

---- Summary Region-region results ----
Pipe: Table Headers {Az t r Bz t r thmok ntri}
FOUND:     1    3   1      0    4   1   1   0
Timer: Alignment took 2.240 seconds.

main: Got 0 mapping regions.

main: Normal completion for dmesh run.
Timer: Total took 2.510 seconds.

---- Memory ----
Host name: h01u24.int.janelia.org
PID:       14497
User time:       2 seconds.
System time:     0 seconds.
VmPeak:	  631044 kB
VmSize:	  132684 kB
VmLck:	       0 kB
VmHWM:	  547652 kB
VmRSS:	   48908 kB
VmData:	   44824 kB
VmStk:	      96 kB
VmExe:	     800 kB
VmLib:	   61764 kB
VmPTE:	     240 kB
VmSwap:	       0 kB
voluntary_ctxt_switches:	16
nonvoluntary_ctxt_switches:	12

