
---- dmesh start ----
main: Start: Fri Aug  8 18:53:03 2014


---- Match parameters ----
PXBRO=2            <default 2>        "Max Legendre poly order for bkg removal"
PXLENS=N           <default N>        "Y=Apply IDB/lens.txt"
PXRESMSK=N         <default N>        "Y=Apply resin mask"
PXDOG=N            <default N>        "Y=Apply DoG filter"
PXDOG_R1=3         <default 3>        "DoG inner radius"
PXDOG_R2=6         <default 6>        "DoG outer radius"
FLD=N              <default X>        "Mask usage: Y=Use, N=None, X=XL only"
PRETWEAK=N         <default N>        "Y=Auto-distort before angle scan"
SCALE=1            <default 1.0>      "Image-B / image-A scale factor"
XSCALE=1           <default 1.0>      "Image-B / image-A x-axis scale factor"
YSCALE=1           <default 1.0>      "Image-B / image-A y-axis scale factor"
SKEW=0             <default 0.0>      "Transform elem[3] user-applied distortion"
MODE_SL=M          <default Z>        "Notes above"
MODE_XL=N          <default Y>        "Notes above"
TAB2DFM_SL=N       <default Y>        "Adopt Tdfm from Tab"
TAB2DFM_XL=Y       <default Y>        "Adopt Tdfm from Tab"
XYCONF_SL=1.0      <default 0.0>      "[0,1.0] confidence in Tab XY"
XYCONF_XL=0.8      <default 0.0>      "[0,1.0] confidence in Tab XY"
THMDEC_SL=8        <default 8>        "2^N thumb decimation factor"
THMDEC_XL=8        <default 8>        "2^N thumb decimation factor"
OLAP1D_SL=0        <default 0>        "Min 1D pix full-size overlap"
OLAP1D_XL=0        <default 0>        "Min 1D pix full-size overlap"
OLAP2D_SL=60000    <default 25000>    "Min 2D pix full-size overlap"
OLAP2D_XL=160000   <default 200000>   "Min 2D pix full-size overlap"
NBMXHT_SL=0.75     <default 0.75>     "Max F(neib)/F(pk) in guard zone"
NBMXHT_XL=0.75     <default 0.75>     "Max F(neib)/F(pk) in guard zone"
HFANGDN_SL=5       <default 5.0>      "Half angle search range denovo"
HFANGDN_XL=45      <default 45.0>     "Half angle search range denovo"
HFANGPR_SL=1       <default 1.0>      "Half angle search range prior angles"
HFANGPR_XL=4       <default 1.0>      "Half angle search range prior angles"
RTRSH_SL=0.3       <default 0.3>      "R corr thresh"
RTRSH_XL=0.3       <default 0.3>      "R corr thresh"
TWEAKS=N           <default N>        "Y=Try 8 near unity distortions"
LIMXY_SL=30        <default 0>        "0 or Max XY delta from Tab"
LIMXY_XL=80        <default 0>        "0 or Max XY delta from Tab"
OPT_SL=Y           <default Y(EM)>    "Y=Enable mesh optimizer"
RIT_SL=0.50        <default 0.20>     "Min mesh starting corr"
RIT_XL=0.1         <default 0.20>     "Min mesh starting corr"
RFA_SL=0.55        <default 0.3>      "Affine-only final corr"
RFA_XL=0.20        <default 0.3>      "Affine-only final corr"
RFT_SL=0.65        <default 0.5>      "Full mesh final corr"
RFT_XL=0.25        <default 0.5>      "Full mesh final corr"
TMC=5              <default 30.0%>    "Max single triangle area change"
TSC=9              <default 9.0%>     "Max summed triangle area change"
MNL=250            <default 300>      "Triangle edges between MNL and 2*MNL"
MTA=120000         <default 10000>    "Min triangle size (pixels)"
MMA=60000          <default 100000>   "Min 2D overlap for mesh"
ONE=N              <default N>        "Y=Use just one affine transform"
IFM=0.50           <default 0.50>     "Min Fourier Metric after affine-only"
FFM=0.65           <default 0.65>     "Min Fourier Metric after full mesh"
FYL=0.5            <default 0.50>     "Min fraction of yellow pixels"
CPD=0.5            <default 0.50>     "Min Correlation + DFM"
EMM=Y              <default Y>        "Y=Use Earth Mover's Metric, N=Use Fourier"
EMT=0.14           <default 0.2>      "Earth Movers Metric thresh"
WDI=N              <default N>        "Y=Write diff images (Fourier, EMM metrics)"
LDA=0.2            <default 0.2>      "Max radian delta between triangles"
LDR=0.1            <default 0.1>      "Max sine delta between triangles"
LDC=100            <default 100.0>    "Max XY delta between triangles"
DXY=100            <default 100.0>    "Max delta from user input XYs"
WMT=N              <default Y>        "Y=Write map.tif files"
WTT=N              <default Y>        "Y=Write tf.txt files"


---- Input images ----
Til2Img entry: A T=[ 1.0000  0.0000     0.00  0.0000  1.0000     0.00] path=[/groups/apig/tomo/DEMO/TIF/B1_13_2.tif].
Til2Img entry: B T=[ 1.0000  0.0000     0.00  0.0000  1.0000   857.00] path=[/groups/apig/tomo/DEMO/TIF/A1_12_2.tif].


---- Command-line overrides ----
Tab=  1.0017 -0.0225  -120.76    0.0220  1.0049  -682.77
Tdfm= 1.0019 -0.0002     0.00   -0.0002  1.0052     0.00
FLD=N


---- Image loading ----
Raster8FromTif: Opening [/groups/apig/tomo/DEMO/TIF/B1_13_2.tif].
Raster8FromTif: Bits per sample 8, samples per pixel 1
Raster8FromTif: Picture is 1376 by 1040, 1431040 pixels total.
TIF(8): Last Encoded strip had 1376 bytes.
Raster8FromTif: Opening [/groups/apig/tomo/DEMO/TIF/A1_12_2.tif].
Raster8FromTif: Bits per sample 8, samples per pixel 1
Raster8FromTif: Picture is 1376 by 1040, 1431040 pixels total.
TIF(8): Last Encoded strip had 1376 bytes.
PixPair: Using image scale=1.
Timer: Image conditioning took 0.280 seconds.

---- Foldmaps ----

---- Connected regions ----
Forcing single connected region.

---- Begin A-1 to B-1 ----

---- Thumbnail matching ----
Subimage: Using intersection, w=1280, h=494, pix=632320
Thumbs: After decimation 9920 pts, reqArea 2501, thmscl 8
SetDisc( -5, -16, 10, 10 )
Initial: R= 0.778, A=   1.271, X=   -4.60, Y=  -19.44
Peak-Disc: dR 27 dX 3 dY -27
Approx: LowRes  R=0.778, X=-36.790, Y=-155.512
Approx: FullRes R=0.112, X=-37.871, Y=-156.921, use=Y.
Timer: FinishAtFullRes took 0.500 seconds.
Approx: Returning A=1.270623, R=0.778059, X=-121.758801, Y=-707.730855
Approx: Best transform  1.0017 -0.0225  -121.76    0.0220  1.0049  -707.73
Approx: Orig transform  1.0017 -0.0225  -120.76    0.0220  1.0049  -682.77
Approx: Idnt transform  1.0000  0.0000    -1.55    0.0000  1.0000   -24.81
Approx: err = 24.8555, max = 80

---- Starting detailed region mapping ----
Roughly 435921 pixels map to B.
Region size is [137 1375] in x, [674 1039] in y.

---- Building mesh - affine ----
Computed simple triangle.

---- ImproveMesh - affine ----
Tri: (137 674) (1375 674) (756 1039).

---- Matlab Vertices ----
x=[137 1375 756 137]; y=[674 674 1039 674]; plot(x,y); hold on;

---- ImproveControlPts ----
STAT: ImproveCpt: Initial affine correlation 0.510175 (435921 pixels).
corr=0.510175	step=10.000000
corr=0.510175	step=5.000000
corr=0.510616	step=5.000000
corr=0.512359	step=5.000000
corr=0.512359	step=2.500000
corr=0.513354	step=2.500000
corr=0.513748	step=2.500000
corr=0.513850	step=2.500000
corr=0.514088	step=2.500000
corr=0.514190	step=2.500000
corr=0.514714	step=2.500000
corr=0.514945	step=2.500000
corr=0.515624	step=2.500000
corr=0.515624	step=1.250000
corr=0.515788	step=1.250000
corr=0.515788	step=0.625000
corr=0.515974	step=0.625000
corr=0.516059	step=0.625000
corr=0.516161	step=0.625000
corr=0.516161	step=0.312500
corr=0.516210	step=0.312500
corr=0.516347	step=0.312500
corr=0.516347	step=0.156250
corr=0.516355	step=0.156250
corr=0.516355	step=0.078125
STAT: ImproveCpt: Final affine correlation 0.516355, (threshold 0.200000).

---- Matlab A-Sys Originals ----
x=[137.000000 1375.000000 756.000000 137.000000]; y=[674.000000 674.000000 1039.000000 674.000000]; plot(x,y); hold on;

---- Matlab B-Sys Originals ----
x=[0.320365 1240.392777 612.152101 0.320365]; y=[-27.386018 -0.114116 353.051573 -27.386018]; plot(x,y); hold on;

---- Matlab B-Sys Optimized ----
x=[-1.492436 1241.282316 614.450436 -1.492436]; y=[-34.147269 5.349452 357.741819 -34.147269]; plot(x,y); hold on;

---- Deltas ----
id=     0: dx=   -1.81 dy=   -6.76 d=    7.00
id=     1: dx=    0.89 dy=    5.46 d=    5.54
id=     2: dx=    2.30 dy=    4.69 d=    5.22

---- Areas ----
Triangle 0, area was   225935.0, is   231351.1,    2.4%
Combined: area was   225935.0, is   231351.1,    2.4%

---- Transforms ----
 1.0039 -0.0149  -128.97    0.0319  1.0196  -725.70
Best affine transform:  1.0039 -0.0149  -128.97    0.0319  1.0196  -725.70
    Inverse transform:  0.9957  0.0146   138.98   -0.0312  0.9804   707.43

---- QC - affine ----
Metrics: AFF: Mean square difference 0.969005
Metrics: AFF: Smallest footprint deg=0, area=457320
MetricImages: Range x 139 1375, y 669 1039, use Nx=1238, Ny=372
Approximate EM metric 0.168878 for 460536 points.
%Yellow: Tol   1.05  red   40.2  yellow   20.4  green   39.4
%Yellow: Tol   1.10  red   30.1  yellow   39.4  green   30.5
%Yellow: Tol   1.15  red   23.6  yellow   52.1  green   24.3
%Yellow: Tol   1.20  red   18.3  yellow   61.8  green   19.8
%Yellow: Tol   1.25  red   15.5  yellow   68.0  green   16.5
Affine Triangle: 433708 points, corr 0.515495, fm 0.168878, yellow 0.68

---- Building mesh - deformable ----
Lx Dx Nx:  1238  1238.00   1
Ly Dy Ny:   365   365.00   1

STAT: From 435921 pts, got 2 triangles, 4 control points.
Timer: MeshCreate took 0.000 seconds.

---- ImproveMesh - deformable mesh ----
Tri: (137 674) (1375 674) (137 1039).
Tri: (137 1039) (1375 674) (1375 1039).

---- Matlab Vertices ----
x=[137 1375 137 137]; y=[674 674 1039 674]; plot(x,y); hold on;
x=[137 1375 1375 137]; y=[1039 674 1039 1039]; plot(x,y); hold on;

---- ImproveControlPts ----
STAT: ImproveCpt: Initial deformable mesh correlation 0.516355 (435921 pixels).
corr=0.516355	step=10.000000
corr=0.516355	step=5.000000
corr=0.516355	step=2.500000
corr=0.516355	step=1.250000
corr=0.516355	step=0.625000
STAT: ImproveCpt: Final deformable mesh correlation 0.516355, (threshold 0.250000).

---- Matlab A-Sys Originals ----
x=[137.000000 1375.000000 137.000000 137.000000]; y=[674.000000 674.000000 1039.000000 674.000000]; plot(x,y); hold on;
x=[137.000000 1375.000000 1375.000000 137.000000]; y=[1039.000000 674.000000 1039.000000 1039.000000]; plot(x,y); hold on;

---- Matlab B-Sys Originals ----
x=[-1.492436 1241.282316 -6.936941 -1.492436]; y=[-34.147269 5.349452 337.993459 -34.147269]; plot(x,y); hold on;
x=[-6.936941 1241.282316 1235.837812 -6.936941]; y=[337.993459 5.349452 377.490180 337.993459]; plot(x,y); hold on;

---- Matlab B-Sys Optimized ----
x=[-1.492436 1241.282316 -6.936941 -1.492436]; y=[-34.147269 5.349452 337.993459 -34.147269]; plot(x,y); hold on;
x=[-6.936941 1241.282316 1235.837812 -6.936941]; y=[337.993459 5.349452 377.490180 337.993459]; plot(x,y); hold on;

---- Deltas ----
id=     0: dx=    0.00 dy=    0.00 d=    0.00
id=     1: dx=    0.00 dy=    0.00 d=    0.00
id=     2: dx=    0.00 dy=    0.00 d=    0.00
id=     3: dx=    0.00 dy=    0.00 d=    0.00

---- Areas ----
Triangle 0, area was   225935.0, is   231351.1,    2.4%
Triangle 1, area was   225935.0, is   231351.1,    2.4%
Combined: area was   451870.0, is   462702.1,    2.4%

---- Transforms ----
 1.0039 -0.0149  -128.97    0.0319  1.0196  -725.70
 1.0039 -0.0149  -128.97    0.0319  1.0196  -725.70

---- QC - deformable ----
Remapping 1431040 points.
Metrics: DEF: Mean square difference 0.969005
Metrics: DEF: Smallest footprint deg=0, area=457320
MetricImages: Range x 139 1375, y 669 1039, use Nx=1238, Ny=372
Approximate EM metric 0.168878 for 460536 points.
All points, deformable, dfm 0.168878

Metrics: TRI: Mean square difference 0.842539
Metrics: TRI: Smallest footprint deg=16, area=410234
MetricImages: Range x -148 1138, y 718 1037, use Nx=1288, Ny=320
Approximate EM metric 0.077724 for 412160 points.
%Yellow: Tol   1.05  red   35.6  yellow   26.2  green   38.2
%Yellow: Tol   1.10  red   27.4  yellow   44.9  green   27.7
%Yellow: Tol   1.15  red   22.0  yellow   55.6  green   22.4
%Yellow: Tol   1.20  red   18.9  yellow   62.4  green   18.7
%Yellow: Tol   1.25  red   16.2  yellow   68.0  green   15.8
Triangle 0: 206981 points, corr 0.578726, fm 0.077724, yellow 0.68

Metrics: TRI: Mean square difference 1.055972
Metrics: TRI: Smallest footprint deg=0, area=448084
MetricImages: Range x 144 1375, y 675 1039, use Nx=1232, Ny=366
Approximate EM metric 0.094420 for 450912 points.
%Yellow: Tol   1.05  red   41.0  yellow   20.0  green   39.1
%Yellow: Tol   1.10  red   33.6  yellow   37.0  green   29.4
%Yellow: Tol   1.15  red   24.3  yellow   52.1  green   23.6
%Yellow: Tol   1.20  red   18.4  yellow   62.3  green   19.3
%Yellow: Tol   1.25  red   14.4  yellow   69.4  green   16.2
Triangle 1: 226727 points, corr 0.472010, fm 0.094420, yellow 0.69


---- Final reports ----
STAT: Overall 433708 points, corr 0.5164, EMM 0.1689, weighted EMM 0.0865, cor+dfm 0.6852, weighted yellow 0.6872
FAIL: Overall rejected: [EMM=0.168878 > 0.154 = (EMT=0.14 * 1.10)].
Pipe: Returning 0 total transforms.

---- Summary Region-region results ----
Pipe: Table Headers {Az t r Bz t r thmok ntri}
FOUND:     1   13   1      0   12   1   1   0
Timer: Alignment took 1.580 seconds.

main: Got 0 mapping regions.

main: Normal completion for dmesh run.
Timer: Total took 1.870 seconds.

---- Memory ----
Host name: h01u24.int.janelia.org
PID:       19480
User time:       1 seconds.
System time:     0 seconds.
VmPeak:	  467604 kB
VmSize:	  143684 kB
VmLck:	       0 kB
VmHWM:	  384092 kB
VmRSS:	   58980 kB
VmData:	   55824 kB
VmStk:	      96 kB
VmExe:	     800 kB
VmLib:	   61764 kB
VmPTE:	     280 kB
VmSwap:	       0 kB
voluntary_ctxt_switches:	31
nonvoluntary_ctxt_switches:	6

