
---- dmesh start ----
main: Start: Fri Aug  8 18:53:13 2014


---- Match parameters ----
PXBRO=2            <default 2>        "Max Legendre poly order for bkg removal"
PXLENS=N           <default N>        "Y=Apply IDB/lens.txt"
PXRESMSK=N         <default N>        "Y=Apply resin mask"
PXDOG=N            <default N>        "Y=Apply DoG filter"
PXDOG_R1=3         <default 3>        "DoG inner radius"
PXDOG_R2=6         <default 6>        "DoG outer radius"
FLD=N              <default X>        "Mask usage: Y=Use, N=None, X=XL only"
PRETWEAK=N         <default N>        "Y=Auto-distort before angle scan"
SCALE=1            <default 1.0>      "Image-B / image-A scale factor"
XSCALE=1           <default 1.0>      "Image-B / image-A x-axis scale factor"
YSCALE=1           <default 1.0>      "Image-B / image-A y-axis scale factor"
SKEW=0             <default 0.0>      "Transform elem[3] user-applied distortion"
MODE_SL=M          <default Z>        "Notes above"
MODE_XL=N          <default Y>        "Notes above"
TAB2DFM_SL=N       <default Y>        "Adopt Tdfm from Tab"
TAB2DFM_XL=Y       <default Y>        "Adopt Tdfm from Tab"
XYCONF_SL=1.0      <default 0.0>      "[0,1.0] confidence in Tab XY"
XYCONF_XL=0.8      <default 0.0>      "[0,1.0] confidence in Tab XY"
THMDEC_SL=8        <default 8>        "2^N thumb decimation factor"
THMDEC_XL=8        <default 8>        "2^N thumb decimation factor"
OLAP1D_SL=0        <default 0>        "Min 1D pix full-size overlap"
OLAP1D_XL=0        <default 0>        "Min 1D pix full-size overlap"
OLAP2D_SL=60000    <default 25000>    "Min 2D pix full-size overlap"
OLAP2D_XL=160000   <default 200000>   "Min 2D pix full-size overlap"
NBMXHT_SL=0.75     <default 0.75>     "Max F(neib)/F(pk) in guard zone"
NBMXHT_XL=0.75     <default 0.75>     "Max F(neib)/F(pk) in guard zone"
HFANGDN_SL=5       <default 5.0>      "Half angle search range denovo"
HFANGDN_XL=45      <default 45.0>     "Half angle search range denovo"
HFANGPR_SL=1       <default 1.0>      "Half angle search range prior angles"
HFANGPR_XL=4       <default 1.0>      "Half angle search range prior angles"
RTRSH_SL=0.3       <default 0.3>      "R corr thresh"
RTRSH_XL=0.3       <default 0.3>      "R corr thresh"
TWEAKS=N           <default N>        "Y=Try 8 near unity distortions"
LIMXY_SL=30        <default 0>        "0 or Max XY delta from Tab"
LIMXY_XL=80        <default 0>        "0 or Max XY delta from Tab"
OPT_SL=Y           <default Y(EM)>    "Y=Enable mesh optimizer"
RIT_SL=0.50        <default 0.20>     "Min mesh starting corr"
RIT_XL=0.1         <default 0.20>     "Min mesh starting corr"
RFA_SL=0.55        <default 0.3>      "Affine-only final corr"
RFA_XL=0.20        <default 0.3>      "Affine-only final corr"
RFT_SL=0.65        <default 0.5>      "Full mesh final corr"
RFT_XL=0.25        <default 0.5>      "Full mesh final corr"
TMC=5              <default 30.0%>    "Max single triangle area change"
TSC=9              <default 9.0%>     "Max summed triangle area change"
MNL=250            <default 300>      "Triangle edges between MNL and 2*MNL"
MTA=120000         <default 10000>    "Min triangle size (pixels)"
MMA=60000          <default 100000>   "Min 2D overlap for mesh"
ONE=N              <default N>        "Y=Use just one affine transform"
IFM=0.50           <default 0.50>     "Min Fourier Metric after affine-only"
FFM=0.65           <default 0.65>     "Min Fourier Metric after full mesh"
FYL=0.5            <default 0.50>     "Min fraction of yellow pixels"
CPD=0.5            <default 0.50>     "Min Correlation + DFM"
EMM=Y              <default Y>        "Y=Use Earth Mover's Metric, N=Use Fourier"
EMT=0.14           <default 0.2>      "Earth Movers Metric thresh"
WDI=N              <default N>        "Y=Write diff images (Fourier, EMM metrics)"
LDA=0.2            <default 0.2>      "Max radian delta between triangles"
LDR=0.1            <default 0.1>      "Max sine delta between triangles"
LDC=100            <default 100.0>    "Max XY delta between triangles"
DXY=100            <default 100.0>    "Max delta from user input XYs"
WMT=N              <default Y>        "Y=Write map.tif files"
WTT=N              <default Y>        "Y=Write tf.txt files"


---- Input images ----
Til2Img entry: A T=[ 1.0000  0.0000  1142.00  0.0000  1.0000  4285.00] path=[/groups/apig/tomo/DEMO/TIF/B1_5_2.tif].
Til2Img entry: B T=[ 1.0000  0.0000     0.00  0.0000  1.0000  5142.00] path=[/groups/apig/tomo/DEMO/TIF/A1_7_2.tif].


---- Command-line overrides ----
Tab=  1.0037 -0.0241   932.36    0.0221  1.0031  -637.83
Tdfm= 1.0039 -0.0010     0.00   -0.0010  1.0034     0.00
FLD=N


---- Image loading ----
Raster8FromTif: Opening [/groups/apig/tomo/DEMO/TIF/B1_5_2.tif].
Raster8FromTif: Bits per sample 8, samples per pixel 1
Raster8FromTif: Picture is 1376 by 1040, 1431040 pixels total.
TIF(8): Last Encoded strip had 1376 bytes.
Raster8FromTif: Opening [/groups/apig/tomo/DEMO/TIF/A1_7_2.tif].
Raster8FromTif: Bits per sample 8, samples per pixel 1
Raster8FromTif: Picture is 1376 by 1040, 1431040 pixels total.
TIF(8): Last Encoded strip had 1376 bytes.
PixPair: Using image scale=1.
Timer: Image conditioning took 0.270 seconds.

---- Foldmaps ----

---- Connected regions ----
Forcing single connected region.

---- Begin A-1 to B-1 ----

---- Thumbnail matching ----
Subimage: Using intersection, w=631, h=530, pix=334430
Thumbs: After decimation 5293 pts, reqArea 2501, thmscl 8
SetDisc( 22, -16, 10, 10 )
Initial: R= 1.050, A=   1.318, X=   22.07, Y=  -15.42
Peak-Disc: dR 4 dX 0 dY 4
Approx: LowRes  R=1.050, X=176.543, Y=-123.355
Approx: FullRes R=0.198, X=175.942, Y=-123.294, use=Y.
Timer: FinishAtFullRes took 0.390 seconds.
Approx: Returning A=1.318389, R=1.049750, X=933.221791, Y=-634.894357
Approx: Best transform  1.0037 -0.0241   933.22    0.0221  1.0031  -634.89
Approx: Orig transform  1.0037 -0.0241   932.36    0.0221  1.0031  -637.83
Approx: Idnt transform  1.0000  0.0000     0.93   -0.0000  1.0000     2.90
Approx: err = 3.04844, max = 80

---- Starting detailed region mapping ----
Roughly 190484 pixels map to B.
Region size is [0 466] in x, [622 1039] in y.

---- Building mesh - affine ----
Computed simple triangle.

---- ImproveMesh - affine ----
Tri: (0 622) (466 622) (233 1039).

---- Matlab Vertices ----
x=[0 466 233 0]; y=[622 622 1039 622]; plot(x,y); hold on;

---- ImproveControlPts ----
STAT: ImproveCpt: Initial affine correlation 0.570012 (190484 pixels).
corr=0.570012	step=10.000000
corr=0.570012	step=5.000000
corr=0.570012	step=2.500000
corr=0.570058	step=2.500000
corr=0.571076	step=2.500000
corr=0.571262	step=2.500000
corr=0.571311	step=2.500000
corr=0.571311	step=1.250000
corr=0.573479	step=1.250000
corr=0.573479	step=0.625000
corr=0.573479	step=0.312500
corr=0.573479	step=0.156250
corr=0.573523	step=0.156250
corr=0.573523	step=0.078125
STAT: ImproveCpt: Final affine correlation 0.573529, (threshold 0.200000).

---- Matlab A-Sys Originals ----
x=[0.000000 466.000000 233.000000 0.000000]; y=[622.000000 622.000000 1039.000000 622.000000]; plot(x,y); hold on;

---- Matlab B-Sys Originals ----
x=[918.245275 1385.949903 1142.057063 918.245275]; y=[-10.942521 -0.640659 412.516956 -10.942521]; plot(x,y); hold on;

---- Matlab B-Sys Optimized ----
x=[918.093743 1387.037144 1142.930402 918.093743]; y=[-12.683445 -0.070407 412.797172 -12.683445]; plot(x,y); hold on;

---- Deltas ----
id=     0: dx=   -0.15 dy=   -1.74 d=    1.75
id=     1: dx=    1.09 dy=    0.57 d=    1.23
id=     2: dx=    0.87 dy=    0.28 d=    0.92

---- Areas ----
Triangle 0, area was    97161.0, is    98345.2,    1.2%
Combined: area was    97161.0, is    98345.2,    1.2%

---- Transforms ----
 1.0063 -0.0231   932.47    0.0271  1.0052  -637.93
Best affine transform:  1.0063 -0.0231   932.47    0.0271  1.0052  -637.93
    Inverse transform:  0.9931  0.0228  -911.48   -0.0267  0.9942   659.16

---- QC - affine ----
Metrics: AFF: Mean square difference 0.851811
Metrics: AFF: Smallest footprint deg=0, area=192608
MetricImages: Range x 0 463, y 623 1039, use Nx=464, Ny=418
Approximate EM metric 0.122709 for 193952 points.
%Yellow: Tol   1.05  red   39.0  yellow   19.8  green   41.2
%Yellow: Tol   1.10  red   30.8  yellow   37.0  green   32.3
%Yellow: Tol   1.15  red   24.2  yellow   51.0  green   24.8
%Yellow: Tol   1.20  red   19.1  yellow   61.9  green   19.0
%Yellow: Tol   1.25  red   15.2  yellow   70.1  green   14.6
Affine Triangle: 188815 points, corr 0.574089, fm 0.122709, yellow 0.70

---- Building mesh - deformable ----
Lx Dx Nx:   466   466.00   1
Ly Dy Ny:   417   417.00   1

STAT: From 190484 pts, got 2 triangles, 4 control points.
Timer: MeshCreate took 0.000 seconds.

---- ImproveMesh - deformable mesh ----
Tri: (0 622) (466 622) (0 1039).
Tri: (0 1039) (466 622) (466 1039).

---- Matlab Vertices ----
x=[0 466 0 0]; y=[622 622 1039 622]; plot(x,y); hold on;
x=[0 466 466 0]; y=[1039 622 1039 1039]; plot(x,y); hold on;

---- ImproveControlPts ----
STAT: ImproveCpt: Initial deformable mesh correlation 0.573529 (190484 pixels).
corr=0.573529	step=10.000000
corr=0.573529	step=5.000000
corr=0.573622	step=5.000000
corr=0.573622	step=2.500000
corr=0.574369	step=2.500000
corr=0.574369	step=1.250000
corr=0.575210	step=1.250000
corr=0.575210	step=0.625000
corr=0.575210	step=0.312500
corr=0.575210	step=0.156250
corr=0.575210	step=0.078125
STAT: ImproveCpt: Final deformable mesh correlation 0.575210, (threshold 0.250000).

---- Matlab A-Sys Originals ----
x=[0.000000 466.000000 0.000000 0.000000]; y=[622.000000 622.000000 1039.000000 622.000000]; plot(x,y); hold on;
x=[0.000000 466.000000 466.000000 0.000000]; y=[1039.000000 622.000000 1039.000000 1039.000000]; plot(x,y); hold on;

---- Matlab B-Sys Originals ----
x=[918.093743 1387.037144 908.458701 918.093743]; y=[-12.683445 -0.070407 406.490653 -12.683445]; plot(x,y); hold on;
x=[908.458701 1387.037144 1377.402103 908.458701]; y=[406.490653 -0.070407 419.103691 406.490653]; plot(x,y); hold on;

---- Matlab B-Sys Optimized ----
x=[915.532200 1388.518830 909.725404 915.532200]; y=[-11.569468 -0.606616 405.861369 -11.569468]; plot(x,y); hold on;
x=[909.725404 1388.518830 1375.205830 909.725404]; y=[405.861369 -0.606616 420.103039 405.861369]; plot(x,y); hold on;

---- Deltas ----
id=     0: dx=   -2.56 dy=    1.11 d=    2.79
id=     1: dx=    1.48 dy=   -0.54 d=    1.58
id=     2: dx=    1.27 dy=   -0.63 d=    1.41
id=     3: dx=   -2.20 dy=    1.00 d=    2.41

---- Areas ----
Triangle 0, area was    97161.0, is    98751.4,    1.6%
Triangle 1, area was    97161.0, is    98010.9,    0.9%
Combined: area was   194322.0, is   196762.3,    1.3%

---- Transforms ----
 1.0150 -0.0139   924.19    0.0235  1.0010  -634.21
 0.9989 -0.0319   942.90    0.0306  1.0089  -642.38

---- QC - deformable ----
Remapping 1431040 points.
Metrics: DEF: Mean square difference 0.849241
Metrics: DEF: Smallest footprint deg=0, area=193440
MetricImages: Range x 0 465, y 623 1039, use Nx=466, Ny=418
Approximate EM metric 0.123657 for 194788 points.
All points, deformable, dfm 0.123657

Metrics: TRI: Mean square difference 0.827727
Metrics: TRI: Smallest footprint deg=42, area=186648
MetricImages: Range x -696 -80, y 471 774, use Nx=618, Ny=304
Approximate EM metric 0.120129 for 187872 points.
%Yellow: Tol   1.05  red   39.1  yellow   20.6  green   40.3
%Yellow: Tol   1.10  red   30.6  yellow   38.4  green   31.0
%Yellow: Tol   1.15  red   23.9  yellow   52.4  green   23.7
%Yellow: Tol   1.20  red   18.7  yellow   63.1  green   18.1
%Yellow: Tol   1.25  red   15.0  yellow   70.8  green   14.3
Triangle 0: 94456 points, corr 0.586126, fm 0.120129, yellow 0.71

Metrics: TRI: Mean square difference 0.852948
Metrics: TRI: Smallest footprint deg=0, area=187456
MetricImages: Range x 1 465, y 635 1039, use Nx=466, Ny=406
Approximate EM metric 0.080061 for 189196 points.
%Yellow: Tol   1.05  red   39.0  yellow   19.7  green   41.3
%Yellow: Tol   1.10  red   30.9  yellow   36.7  green   32.4
%Yellow: Tol   1.15  red   24.2  yellow   50.6  green   25.1
%Yellow: Tol   1.20  red   19.0  yellow   61.6  green   19.4
%Yellow: Tol   1.25  red   15.2  yellow   69.8  green   15.0
Triangle 1: 94608 points, corr 0.573515, fm 0.080061, yellow 0.70


---- Final reports ----
STAT: Overall 189064 points, corr 0.5752, EMM 0.1237, weighted EMM 0.1001, cor+dfm 0.6989, weighted yellow 0.7030

Angle span: min, max, delta = 0.018574 0.031112 0.012538
Mesh-Thm: 0.0033  0.0012     0.32    0.0049  0.0018     3.40 2x(LDR,LDC)=(0.20,200.00) -- OK.

Final remapping of 1431040 points.
Center 149.207252 755.518077:  1.0150 -0.0139   924.19    0.0235  1.0010  -634.21
Mapping region 1 xy= 149.207252 755.518077 to region 1 xy= 1065.117220 125.596723
Center 286.338384 910.885079:  0.9989 -0.0319   942.90    0.0306  1.0089  -642.38
Mapping region 1 xy= 286.338384 910.885079 to region 1 xy= 1199.834684 285.357668

Pipe: Returning 2 total transforms.

---- Summary Region-region results ----
Pipe: Table Headers {Az t r Bz t r thmok ntri}
FOUND:     1    5   1      0    7   1   1   2

---- Tabulating point matches ----

Timer: Alignment took 1.030 seconds.

main: Got 2 mapping regions.
main: Transform   0:  1.0150 -0.0139   924.19    0.0235  1.0010  -634.21
main: Transform   1:  0.9989 -0.0319   942.90    0.0306  1.0089  -642.38

main: Average:  1.0069 -0.0229     0.00    0.0270  1.0050     0.00
main: Degrees: 1.42274
main: Residue:  1.0073  0.0020     0.00    0.0020  1.0052     0.00

main: Inverse:  0.9925  0.0226    -0.00   -0.0267  0.9945    -0.00
main: Degrees: -1.42274
main: Residue:  0.9929 -0.0021     0.00   -0.0021  0.9947     0.00

main: Normal completion for dmesh run.
Timer: Total took 1.310 seconds.

---- Memory ----
Host name: h01u24.int.janelia.org
PID:       10581
User time:       1 seconds.
System time:     0 seconds.
VmPeak:	  399992 kB
VmSize:	  124272 kB
VmLck:	       0 kB
VmHWM:	  316472 kB
VmRSS:	   39824 kB
VmData:	   36412 kB
VmStk:	      96 kB
VmExe:	     800 kB
VmLib:	   61764 kB
VmPTE:	     236 kB
VmSwap:	       0 kB
voluntary_ctxt_switches:	19
nonvoluntary_ctxt_switches:	12

