
---- dmesh start ----
main: Start: Fri Aug  8 18:53:15 2014


---- Match parameters ----
PXBRO=2            <default 2>        "Max Legendre poly order for bkg removal"
PXLENS=N           <default N>        "Y=Apply IDB/lens.txt"
PXRESMSK=N         <default N>        "Y=Apply resin mask"
PXDOG=N            <default N>        "Y=Apply DoG filter"
PXDOG_R1=3         <default 3>        "DoG inner radius"
PXDOG_R2=6         <default 6>        "DoG outer radius"
FLD=N              <default X>        "Mask usage: Y=Use, N=None, X=XL only"
PRETWEAK=N         <default N>        "Y=Auto-distort before angle scan"
SCALE=1            <default 1.0>      "Image-B / image-A scale factor"
XSCALE=1           <default 1.0>      "Image-B / image-A x-axis scale factor"
YSCALE=1           <default 1.0>      "Image-B / image-A y-axis scale factor"
SKEW=0             <default 0.0>      "Transform elem[3] user-applied distortion"
MODE_SL=M          <default Z>        "Notes above"
MODE_XL=N          <default Y>        "Notes above"
TAB2DFM_SL=N       <default Y>        "Adopt Tdfm from Tab"
TAB2DFM_XL=Y       <default Y>        "Adopt Tdfm from Tab"
XYCONF_SL=1.0      <default 0.0>      "[0,1.0] confidence in Tab XY"
XYCONF_XL=0.8      <default 0.0>      "[0,1.0] confidence in Tab XY"
THMDEC_SL=8        <default 8>        "2^N thumb decimation factor"
THMDEC_XL=8        <default 8>        "2^N thumb decimation factor"
OLAP1D_SL=0        <default 0>        "Min 1D pix full-size overlap"
OLAP1D_XL=0        <default 0>        "Min 1D pix full-size overlap"
OLAP2D_SL=60000    <default 25000>    "Min 2D pix full-size overlap"
OLAP2D_XL=160000   <default 200000>   "Min 2D pix full-size overlap"
NBMXHT_SL=0.75     <default 0.75>     "Max F(neib)/F(pk) in guard zone"
NBMXHT_XL=0.75     <default 0.75>     "Max F(neib)/F(pk) in guard zone"
HFANGDN_SL=5       <default 5.0>      "Half angle search range denovo"
HFANGDN_XL=45      <default 45.0>     "Half angle search range denovo"
HFANGPR_SL=1       <default 1.0>      "Half angle search range prior angles"
HFANGPR_XL=4       <default 1.0>      "Half angle search range prior angles"
RTRSH_SL=0.3       <default 0.3>      "R corr thresh"
RTRSH_XL=0.3       <default 0.3>      "R corr thresh"
TWEAKS=N           <default N>        "Y=Try 8 near unity distortions"
LIMXY_SL=30        <default 0>        "0 or Max XY delta from Tab"
LIMXY_XL=80        <default 0>        "0 or Max XY delta from Tab"
OPT_SL=Y           <default Y(EM)>    "Y=Enable mesh optimizer"
RIT_SL=0.50        <default 0.20>     "Min mesh starting corr"
RIT_XL=0.1         <default 0.20>     "Min mesh starting corr"
RFA_SL=0.55        <default 0.3>      "Affine-only final corr"
RFA_XL=0.20        <default 0.3>      "Affine-only final corr"
RFT_SL=0.65        <default 0.5>      "Full mesh final corr"
RFT_XL=0.25        <default 0.5>      "Full mesh final corr"
TMC=5              <default 30.0%>    "Max single triangle area change"
TSC=9              <default 9.0%>     "Max summed triangle area change"
MNL=250            <default 300>      "Triangle edges between MNL and 2*MNL"
MTA=120000         <default 10000>    "Min triangle size (pixels)"
MMA=60000          <default 100000>   "Min 2D overlap for mesh"
ONE=N              <default N>        "Y=Use just one affine transform"
IFM=0.50           <default 0.50>     "Min Fourier Metric after affine-only"
FFM=0.65           <default 0.65>     "Min Fourier Metric after full mesh"
FYL=0.5            <default 0.50>     "Min fraction of yellow pixels"
CPD=0.5            <default 0.50>     "Min Correlation + DFM"
EMM=Y              <default Y>        "Y=Use Earth Mover's Metric, N=Use Fourier"
EMT=0.14           <default 0.2>      "Earth Movers Metric thresh"
WDI=N              <default N>        "Y=Write diff images (Fourier, EMM metrics)"
LDA=0.2            <default 0.2>      "Max radian delta between triangles"
LDR=0.1            <default 0.1>      "Max sine delta between triangles"
LDC=100            <default 100.0>    "Max XY delta between triangles"
DXY=100            <default 100.0>    "Max delta from user input XYs"
WMT=N              <default Y>        "Y=Write map.tif files"
WTT=N              <default Y>        "Y=Write tf.txt files"


---- Input images ----
Til2Img entry: A T=[ 1.0000  0.0000  1142.00  0.0000  1.0000  3428.00] path=[/groups/apig/tomo/DEMO/TIF/B1_4_2.tif].
Til2Img entry: B T=[ 1.0000  0.0000     0.00  0.0000  1.0000  3428.00] path=[/groups/apig/tomo/DEMO/TIF/A1_9_2.tif].


---- Command-line overrides ----
Tab=  1.0033 -0.0196   951.10    0.0222  1.0047   211.72
Tdfm= 1.0036  0.0013     0.00    0.0013  1.0049     0.00
FLD=N


---- Image loading ----
Raster8FromTif: Opening [/groups/apig/tomo/DEMO/TIF/B1_4_2.tif].
Raster8FromTif: Bits per sample 8, samples per pixel 1
Raster8FromTif: Picture is 1376 by 1040, 1431040 pixels total.
TIF(8): Last Encoded strip had 1376 bytes.
Raster8FromTif: Opening [/groups/apig/tomo/DEMO/TIF/A1_9_2.tif].
Raster8FromTif: Bits per sample 8, samples per pixel 1
Raster8FromTif: Picture is 1376 by 1040, 1431040 pixels total.
TIF(8): Last Encoded strip had 1376 bytes.
PixPair: Using image scale=1.
Timer: Image conditioning took 0.270 seconds.

---- Foldmaps ----

---- Connected regions ----
Forcing single connected region.

---- Begin A-1 to B-1 ----

---- Thumbnail matching ----
Subimage: Using intersection, w=616, h=871, pix=536536
Thumbs: After decimation 8393 pts, reqArea 2501, thmscl 8
SetDisc( 24, 5, 10, 10 )
Initial: R= 0.775, A=   1.192, X=   23.86, Y=    5.47
Peak-Disc: dR 3 dX -1 dY 3
Approx: LowRes  R=0.775, X=190.851, Y=43.795
Approx: FullRes R=0.132, X=190.837, Y=43.110, use=Y.
Timer: FinishAtFullRes took 0.470 seconds.
Approx: Returning A=1.192186, R=0.774565, X=950.836768, Y=212.109823
Approx: Best transform  1.0033 -0.0196   950.84    0.0222  1.0047   212.11
Approx: Orig transform  1.0033 -0.0196   951.10    0.0222  1.0047   211.72
Approx: Idnt transform  1.0000  0.0000    -0.25   -0.0000  1.0000     0.39
Approx: err = 0.463592, max = 80

---- Starting detailed region mapping ----
Roughly 354288 pixels map to B.
Region size is [0 439] in x, [0 824] in y.

---- Building mesh - affine ----
Computed simple triangle.

---- ImproveMesh - affine ----
Tri: (0 0) (439 412) (0 824).

---- Matlab Vertices ----
x=[0 439 0 0]; y=[0 412 824 0]; plot(x,y); hold on;

---- ImproveControlPts ----
STAT: ImproveCpt: Initial affine correlation 0.637529 (354288 pixels).
corr=0.637529	step=10.000000
corr=0.644508	step=10.000000
corr=0.644508	step=5.000000
corr=0.645135	step=5.000000
corr=0.646447	step=5.000000
corr=0.646447	step=2.500000
corr=0.646932	step=2.500000
corr=0.647799	step=2.500000
corr=0.648053	step=2.500000
corr=0.648293	step=2.500000
corr=0.648293	step=1.250000
corr=0.648293	step=0.625000
corr=0.648293	step=0.312500
corr=0.648293	step=0.156250
corr=0.648310	step=0.156250
corr=0.648310	step=0.078125
STAT: ImproveCpt: Final affine correlation 0.648310, (threshold 0.200000).

---- Matlab A-Sys Originals ----
x=[0.000000 439.000000 0.000000 0.000000]; y=[0.000000 412.000000 824.000000 0.000000]; plot(x,y); hold on;

---- Matlab B-Sys Originals ----
x=[950.836768 1383.242795 934.711912 950.836768]; y=[212.109823 635.789240 1039.960375 212.109823]; plot(x,y); hold on;

---- Matlab B-Sys Optimized ----
x=[938.243198 1375.401716 946.917132 938.243198]; y=[207.908931 636.498764 1041.536290 207.908931]; plot(x,y); hold on;

---- Deltas ----
id=     0: dx=  -12.59 dy=   -4.20 d=   13.28
id=     1: dx=   -7.84 dy=    0.71 d=    7.87
id=     2: dx=   12.21 dy=    1.58 d=   12.31

---- Areas ----
Triangle 0, area was   180868.0, is   180354.9,   -0.3%
Combined: area was   180868.0, is   180354.9,   -0.3%

---- Transforms ----
 0.9859  0.0105   938.24    0.0268  1.0117   207.91
Best affine transform:  0.9859  0.0105   938.24    0.0268  1.0117   207.91
    Inverse transform:  1.0146 -0.0106  -949.71   -0.0269  0.9887  -180.33

---- QC - affine ----
Metrics: AFF: Mean square difference 0.705458
Metrics: AFF: Smallest footprint deg=0, area=362882
MetricImages: Range x 0 442, y 0 821, use Nx=444, Ny=822
Approximate EM metric 0.205104 for 364968 points.
%Yellow: Tol   1.05  red   42.9  yellow   18.0  green   39.1
%Yellow: Tol   1.10  red   34.2  yellow   33.6  green   32.2
%Yellow: Tol   1.15  red   27.2  yellow   46.6  green   26.3
%Yellow: Tol   1.20  red   22.0  yellow   56.9  green   21.1
%Yellow: Tol   1.25  red   18.0  yellow   65.2  green   16.8
Affine Triangle: 358438 points, corr 0.647268, fm 0.205104, yellow 0.65

---- Building mesh - deformable ----
Lx Dx Nx:   439   439.00   1
Ly Dy Ny:   824   824.00   1

STAT: From 354288 pts, got 2 triangles, 4 control points.
Timer: MeshCreate took 0.010 seconds.

---- ImproveMesh - deformable mesh ----
Tri: (0 0) (439 0) (0 824).
Tri: (0 824) (439 0) (439 824).

---- Matlab Vertices ----
x=[0 439 0 0]; y=[0 0 824 0]; plot(x,y); hold on;
x=[0 439 439 0]; y=[824 0 824 824]; plot(x,y); hold on;

---- ImproveControlPts ----
STAT: ImproveCpt: Initial deformable mesh correlation 0.648310 (354288 pixels).
corr=0.648310	step=10.000000
corr=0.648310	step=5.000000
corr=0.648648	step=5.000000
corr=0.650111	step=5.000000
corr=0.650111	step=2.500000
corr=0.650461	step=2.500000
corr=0.650461	step=1.250000
corr=0.650928	step=1.250000
corr=0.651189	step=1.250000
corr=0.651319	step=1.250000
corr=0.651730	step=1.250000
corr=0.651730	step=0.625000
corr=0.651730	step=0.312500
corr=0.651730	step=0.156250
corr=0.651730	step=0.078125
corr=0.651731	step=0.078125
STAT: ImproveCpt: Final deformable mesh correlation 0.651731, (threshold 0.250000).

---- Matlab A-Sys Originals ----
x=[0.000000 439.000000 0.000000 0.000000]; y=[0.000000 0.000000 824.000000 0.000000]; plot(x,y); hold on;
x=[0.000000 439.000000 439.000000 0.000000]; y=[824.000000 0.000000 824.000000 824.000000]; plot(x,y); hold on;

---- Matlab B-Sys Originals ----
x=[938.243198 1371.064748 946.917132 938.243198]; y=[207.908931 219.685085 1041.536290 207.908931]; plot(x,y); hold on;
x=[946.917132 1371.064748 1379.738683 946.917132]; y=[1041.536290 219.685085 1053.312443 1041.536290]; plot(x,y); hold on;

---- Matlab B-Sys Optimized ----
x=[931.474657 1370.610935 950.267984 931.474657]; y=[211.247806 214.676088 1040.848597 211.247806]; plot(x,y); hold on;
x=[950.267984 1370.610935 1378.130779 950.267984]; y=[1040.848597 214.676088 1057.457022 1040.848597]; plot(x,y); hold on;

---- Deltas ----
id=     0: dx=   -6.77 dy=    3.34 d=    7.55
id=     1: dx=   -0.45 dy=   -5.01 d=    5.03
id=     2: dx=    3.35 dy=   -0.69 d=    3.42
id=     3: dx=   -1.61 dy=    4.14 d=    4.45

---- Areas ----
Triangle 0, area was   180868.0, is   182121.7,    0.7%
Triangle 1, area was   180868.0, is   180234.9,   -0.4%
Combined: area was   361736.0, is   362356.5,    0.2%

---- Transforms ----
 1.0003  0.0228   931.47    0.0078  1.0068   211.25
 0.9746  0.0091   942.75    0.0378  1.0228   198.07

---- QC - deformable ----
Remapping 1431040 points.
Metrics: DEF: Mean square difference 0.699500
Metrics: DEF: Smallest footprint deg=0, area=364146
MetricImages: Range x 0 443, y 0 822, use Nx=444, Ny=824
Approximate EM metric 0.200515 for 365856 points.
All points, deformable, dfm 0.200515

Metrics: TRI: Mean square difference 0.555570
Metrics: TRI: Smallest footprint deg=0, area=364146
MetricImages: Range x 0 443, y 0 822, use Nx=444, Ny=824
Approximate EM metric 0.115041 for 365856 points.
%Yellow: Tol   1.05  red   36.7  yellow   23.6  green   39.7
%Yellow: Tol   1.10  red   28.7  yellow   41.2  green   30.1
%Yellow: Tol   1.15  red   23.6  yellow   53.4  green   23.0
%Yellow: Tol   1.20  red   19.5  yellow   63.0  green   17.5
%Yellow: Tol   1.25  red   16.4  yellow   70.0  green   13.6
Triangle 0: 181503 points, corr 0.722209, fm 0.115041, yellow 0.70

Metrics: TRI: Mean square difference 0.899011
Metrics: TRI: Smallest footprint deg=-28, area=351741
MetricImages: Range x 386 763, y -208 725, use Nx=378, Ny=934
Approximate EM metric 0.083890 for 353052 points.
%Yellow: Tol   1.05  red   45.5  yellow   15.0  green   39.5
%Yellow: Tol   1.10  red   37.4  yellow   29.1  green   33.4
%Yellow: Tol   1.15  red   30.1  yellow   41.9  green   27.9
%Yellow: Tol   1.20  red   24.0  yellow   53.1  green   22.9
%Yellow: Tol   1.25  red   19.3  yellow   62.2  green   18.5
Triangle 1: 177109 points, corr 0.550489, fm 0.083890, yellow 0.62


---- Final reports ----
STAT: Overall 358612 points, corr 0.6517, EMM 0.2005, weighted EMM 0.0997, cor+dfm 0.8522, weighted yellow 0.6614
FAIL: Overall rejected: [EMM=0.200515 > 0.154 = (EMT=0.14 * 1.10)].
Pipe: Returning 0 total transforms.

---- Summary Region-region results ----
Pipe: Table Headers {Az t r Bz t r thmok ntri}
FOUND:     1    4   1      0    9   1   1   0
Timer: Alignment took 1.430 seconds.

main: Got 0 mapping regions.

main: Normal completion for dmesh run.
Timer: Total took 1.700 seconds.

---- Memory ----
Host name: h01u24.int.janelia.org
PID:       29773
User time:       1 seconds.
System time:     0 seconds.
VmPeak:	  445952 kB
VmSize:	  132512 kB
VmLck:	       0 kB
VmHWM:	  362432 kB
VmRSS:	   48524 kB
VmData:	   44652 kB
VmStk:	      96 kB
VmExe:	     800 kB
VmLib:	   61764 kB
VmPTE:	     256 kB
VmSwap:	       0 kB
voluntary_ctxt_switches:	19
nonvoluntary_ctxt_switches:	12

