
---- dmesh start ----
main: Start: Fri Aug  8 18:53:16 2014


---- Match parameters ----
PXBRO=2            <default 2>        "Max Legendre poly order for bkg removal"
PXLENS=N           <default N>        "Y=Apply IDB/lens.txt"
PXRESMSK=N         <default N>        "Y=Apply resin mask"
PXDOG=N            <default N>        "Y=Apply DoG filter"
PXDOG_R1=3         <default 3>        "DoG inner radius"
PXDOG_R2=6         <default 6>        "DoG outer radius"
FLD=N              <default X>        "Mask usage: Y=Use, N=None, X=XL only"
PRETWEAK=N         <default N>        "Y=Auto-distort before angle scan"
SCALE=1            <default 1.0>      "Image-B / image-A scale factor"
XSCALE=1           <default 1.0>      "Image-B / image-A x-axis scale factor"
YSCALE=1           <default 1.0>      "Image-B / image-A y-axis scale factor"
SKEW=0             <default 0.0>      "Transform elem[3] user-applied distortion"
MODE_SL=M          <default Z>        "Notes above"
MODE_XL=N          <default Y>        "Notes above"
TAB2DFM_SL=N       <default Y>        "Adopt Tdfm from Tab"
TAB2DFM_XL=Y       <default Y>        "Adopt Tdfm from Tab"
XYCONF_SL=1.0      <default 0.0>      "[0,1.0] confidence in Tab XY"
XYCONF_XL=0.8      <default 0.0>      "[0,1.0] confidence in Tab XY"
THMDEC_SL=8        <default 8>        "2^N thumb decimation factor"
THMDEC_XL=8        <default 8>        "2^N thumb decimation factor"
OLAP1D_SL=0        <default 0>        "Min 1D pix full-size overlap"
OLAP1D_XL=0        <default 0>        "Min 1D pix full-size overlap"
OLAP2D_SL=60000    <default 25000>    "Min 2D pix full-size overlap"
OLAP2D_XL=160000   <default 200000>   "Min 2D pix full-size overlap"
NBMXHT_SL=0.75     <default 0.75>     "Max F(neib)/F(pk) in guard zone"
NBMXHT_XL=0.75     <default 0.75>     "Max F(neib)/F(pk) in guard zone"
HFANGDN_SL=5       <default 5.0>      "Half angle search range denovo"
HFANGDN_XL=45      <default 45.0>     "Half angle search range denovo"
HFANGPR_SL=1       <default 1.0>      "Half angle search range prior angles"
HFANGPR_XL=4       <default 1.0>      "Half angle search range prior angles"
RTRSH_SL=0.3       <default 0.3>      "R corr thresh"
RTRSH_XL=0.3       <default 0.3>      "R corr thresh"
TWEAKS=N           <default N>        "Y=Try 8 near unity distortions"
LIMXY_SL=30        <default 0>        "0 or Max XY delta from Tab"
LIMXY_XL=80        <default 0>        "0 or Max XY delta from Tab"
OPT_SL=Y           <default Y(EM)>    "Y=Enable mesh optimizer"
RIT_SL=0.50        <default 0.20>     "Min mesh starting corr"
RIT_XL=0.1         <default 0.20>     "Min mesh starting corr"
RFA_SL=0.55        <default 0.3>      "Affine-only final corr"
RFA_XL=0.20        <default 0.3>      "Affine-only final corr"
RFT_SL=0.65        <default 0.5>      "Full mesh final corr"
RFT_XL=0.25        <default 0.5>      "Full mesh final corr"
TMC=5              <default 30.0%>    "Max single triangle area change"
TSC=9              <default 9.0%>     "Max summed triangle area change"
MNL=250            <default 300>      "Triangle edges between MNL and 2*MNL"
MTA=120000         <default 10000>    "Min triangle size (pixels)"
MMA=60000          <default 100000>   "Min 2D overlap for mesh"
ONE=N              <default N>        "Y=Use just one affine transform"
IFM=0.50           <default 0.50>     "Min Fourier Metric after affine-only"
FFM=0.65           <default 0.65>     "Min Fourier Metric after full mesh"
FYL=0.5            <default 0.50>     "Min fraction of yellow pixels"
CPD=0.5            <default 0.50>     "Min Correlation + DFM"
EMM=Y              <default Y>        "Y=Use Earth Mover's Metric, N=Use Fourier"
EMT=0.14           <default 0.2>      "Earth Movers Metric thresh"
WDI=N              <default N>        "Y=Write diff images (Fourier, EMM metrics)"
LDA=0.2            <default 0.2>      "Max radian delta between triangles"
LDR=0.1            <default 0.1>      "Max sine delta between triangles"
LDC=100            <default 100.0>    "Max XY delta between triangles"
DXY=100            <default 100.0>    "Max delta from user input XYs"
WMT=N              <default Y>        "Y=Write map.tif files"
WTT=N              <default Y>        "Y=Write tf.txt files"


---- Input images ----
Til2Img entry: A T=[ 1.0000  0.0000  1142.00  0.0000  1.0000  3428.00] path=[/groups/apig/tomo/DEMO/TIF/B1_4_2.tif].
Til2Img entry: B T=[ 1.0000  0.0000     0.00  0.0000  1.0000  4285.00] path=[/groups/apig/tomo/DEMO/TIF/A1_8_2.tif].


---- Command-line overrides ----
Tab=  1.0033 -0.0201   948.38    0.0221  1.0041  -645.47
Tdfm= 1.0035  0.0010     0.00    0.0010  1.0043     0.00
FLD=N


---- Image loading ----
Raster8FromTif: Opening [/groups/apig/tomo/DEMO/TIF/B1_4_2.tif].
Raster8FromTif: Bits per sample 8, samples per pixel 1
Raster8FromTif: Picture is 1376 by 1040, 1431040 pixels total.
TIF(8): Last Encoded strip had 1376 bytes.
Raster8FromTif: Opening [/groups/apig/tomo/DEMO/TIF/A1_8_2.tif].
Raster8FromTif: Bits per sample 8, samples per pixel 1
Raster8FromTif: Picture is 1376 by 1040, 1431040 pixels total.
TIF(8): Last Encoded strip had 1376 bytes.
PixPair: Using image scale=1.
Timer: Image conditioning took 0.270 seconds.

---- Foldmaps ----

---- Connected regions ----
Forcing single connected region.

---- Begin A-1 to B-1 ----

---- Thumbnail matching ----
Subimage: Using intersection, w=618, h=524, pix=323832
Thumbs: After decimation 5148 pts, reqArea 2501, thmscl 8
SetDisc( 23, -16, 10, 10 )
Initial: R= 0.899, A=   1.204, X=   22.40, Y=  -15.75
Peak-Disc: dR 5 dX -4 dY 2
Approx: LowRes  R=0.899, X=179.224, Y=-125.994
Approx: FullRes R=0.160, X=179.839, Y=-126.094, use=Y.
Timer: FinishAtFullRes took 0.390 seconds.
Approx: Returning A=1.203800, R=0.899478, X=948.204483, Y=-644.224956
Approx: Best transform  1.0033 -0.0201   948.20    0.0221  1.0041  -644.22
Approx: Orig transform  1.0033 -0.0201   948.38    0.0221  1.0041  -645.47
Approx: Idnt transform  1.0000  0.0000    -0.15   -0.0000  1.0000     1.24
Approx: err = 1.25278, max = 80

---- Starting detailed region mapping ----
Roughly 179126 pixels map to B.
Region size is [0 447] in x, [631 1039] in y.

---- Building mesh - affine ----
Computed simple triangle.

---- ImproveMesh - affine ----
Tri: (0 631) (447 631) (223 1039).

---- Matlab Vertices ----
x=[0 447 223 0]; y=[631 631 1039 631]; plot(x,y); hold on;

---- ImproveControlPts ----
STAT: ImproveCpt: Initial affine correlation 0.514434 (179126 pixels).
corr=0.514434	step=10.000000
corr=0.514434	step=5.000000
corr=0.514434	step=2.500000
corr=0.515357	step=2.500000
corr=0.515768	step=2.500000
corr=0.515768	step=1.250000
corr=0.516827	step=1.250000
corr=0.517125	step=1.250000
corr=0.517125	step=0.625000
corr=0.517399	step=0.625000
corr=0.517399	step=0.312500
corr=0.517399	step=0.156250
corr=0.517399	step=0.078125
STAT: ImproveCpt: Final affine correlation 0.517399, (threshold 0.200000).

---- Matlab A-Sys Originals ----
x=[0.000000 447.000000 223.000000 0.000000]; y=[631.000000 631.000000 1039.000000 631.000000]; plot(x,y); hold on;

---- Matlab B-Sys Originals ----
x=[935.528324 1384.006106 1151.069250 935.528324]; y=[-10.618926 -0.742908 403.993076 -10.618926]; plot(x,y); hold on;

---- Matlab B-Sys Optimized ----
x=[936.533063 1383.387741 1151.160510 936.533063]; y=[-11.984848 0.554989 404.806615 -11.984848]; plot(x,y); hold on;

---- Deltas ----
id=     0: dx=    1.00 dy=   -1.37 d=    1.70
id=     1: dx=   -0.62 dy=    1.30 d=    1.44
id=     2: dx=    0.09 dy=    0.81 d=    0.82

---- Areas ----
Triangle 0, area was    91188.0, is    91776.9,    0.6%
Combined: area was    91188.0, is    91776.9,    0.6%

---- Transforms ----
 0.9997 -0.0203   949.37    0.0281  1.0062  -646.91
Best affine transform:  0.9997 -0.0203   949.37    0.0281  1.0062  -646.91
    Inverse transform:  0.9998  0.0202  -936.06   -0.0279  0.9933   669.01

---- QC - affine ----
Metrics: AFF: Mean square difference 0.965491
Metrics: AFF: Smallest footprint deg=0, area=181968
MetricImages: Range x 0 446, y 631 1039, use Nx=448, Ny=410
Approximate EM metric 0.141898 for 183680 points.
%Yellow: Tol   1.05  red   38.0  yellow   20.1  green   41.9
%Yellow: Tol   1.10  red   30.1  yellow   36.5  green   33.5
%Yellow: Tol   1.15  red   24.3  yellow   49.0  green   26.7
%Yellow: Tol   1.20  red   19.9  yellow   58.9  green   21.2
%Yellow: Tol   1.25  red   16.7  yellow   66.4  green   16.9
Affine Triangle: 178523 points, corr 0.517249, fm 0.141898, yellow 0.66

---- Building mesh - deformable ----
Lx Dx Nx:   447   447.00   1
Ly Dy Ny:   408   408.00   1

STAT: From 179126 pts, got 2 triangles, 4 control points.
Timer: MeshCreate took 0.000 seconds.

---- ImproveMesh - deformable mesh ----
Tri: (0 631) (447 631) (0 1039).
Tri: (0 1039) (447 631) (447 1039).

---- Matlab Vertices ----
x=[0 447 0 0]; y=[631 631 1039 631]; plot(x,y); hold on;
x=[0 447 447 0]; y=[1039 631 1039 1039]; plot(x,y); hold on;

---- ImproveControlPts ----
STAT: ImproveCpt: Initial deformable mesh correlation 0.517399 (179126 pixels).
corr=0.517399	step=10.000000
corr=0.517399	step=5.000000
corr=0.517399	step=2.500000
corr=0.517399	step=1.250000
corr=0.517601	step=1.250000
corr=0.517601	step=0.625000
corr=0.517674	step=0.625000
corr=0.517674	step=0.312500
STAT: ImproveCpt: Final deformable mesh correlation 0.517715, (threshold 0.250000).

---- Matlab A-Sys Originals ----
x=[0.000000 447.000000 0.000000 0.000000]; y=[631.000000 631.000000 1039.000000 631.000000]; plot(x,y); hold on;
x=[0.000000 447.000000 447.000000 0.000000]; y=[1039.000000 631.000000 1039.000000 1039.000000]; plot(x,y); hold on;

---- Matlab B-Sys Originals ----
x=[936.533063 1383.387741 928.233009 936.533063]; y=[-11.984848 0.554989 398.550723 -11.984848]; plot(x,y); hold on;
x=[928.233009 1383.387741 1375.087686 928.233009]; y=[398.550723 0.554989 411.090560 398.550723]; plot(x,y); hold on;

---- Matlab B-Sys Optimized ----
x=[936.184755 1383.676166 928.340294 936.184755]; y=[-12.330983 1.083722 399.375593 -12.330983]; plot(x,y); hold on;
x=[928.340294 1383.676166 1375.118535 928.340294]; y=[399.375593 1.083722 410.376758 399.375593]; plot(x,y); hold on;

---- Deltas ----
id=     0: dx=   -0.35 dy=   -0.35 d=    0.49
id=     1: dx=    0.29 dy=    0.53 d=    0.60
id=     2: dx=    0.11 dy=    0.82 d=    0.83
id=     3: dx=    0.03 dy=   -0.71 d=    0.71

---- Areas ----
Triangle 0, area was    91188.0, is    92170.2,    1.1%
Triangle 1, area was    91188.0, is    91478.7,    0.3%
Combined: area was   182376.0, is   183648.9,    0.7%

---- Transforms ----
 1.0011 -0.0192   948.32    0.0300  1.0091  -649.06
 0.9995 -0.0210   950.13    0.0246  1.0032  -642.92

---- QC - deformable ----
Remapping 1431040 points.
Metrics: DEF: Mean square difference 0.964849
Metrics: DEF: Smallest footprint deg=0, area=181968
MetricImages: Range x 0 446, y 631 1039, use Nx=448, Ny=410
Approximate EM metric 0.141617 for 183680 points.
All points, deformable, dfm 0.141617

Metrics: TRI: Mean square difference 1.208946
Metrics: TRI: Smallest footprint deg=42, area=177000
MetricImages: Range x -696 -96, y 478 773, use Nx=602, Ny=296
Approximate EM metric 0.149203 for 178192 points.
%Yellow: Tol   1.05  red   40.7  yellow   16.8  green   42.5
%Yellow: Tol   1.10  red   33.6  yellow   31.3  green   35.1
%Yellow: Tol   1.15  red   27.9  yellow   43.3  green   28.8
%Yellow: Tol   1.20  red   23.4  yellow   53.1  green   23.5
%Yellow: Tol   1.25  red   19.8  yellow   60.8  green   19.3
Triangle 0: 88855 points, corr 0.395516, fm 0.149203, yellow 0.61

Metrics: TRI: Mean square difference 0.687796
Metrics: TRI: Smallest footprint deg=0, area=177555
MetricImages: Range x 1 446, y 640 1039, use Nx=446, Ny=400
Approximate EM metric 0.076864 for 178400 points.
%Yellow: Tol   1.05  red   38.4  yellow   23.7  green   37.9
%Yellow: Tol   1.10  red   28.1  yellow   42.6  green   29.3
%Yellow: Tol   1.15  red   20.9  yellow   56.3  green   22.7
%Yellow: Tol   1.20  red   16.0  yellow   66.5  green   17.5
%Yellow: Tol   1.25  red   12.6  yellow   73.8  green   13.5
Triangle 1: 89644 points, corr 0.656091, fm 0.076864, yellow 0.74


---- Final reports ----
STAT: Overall 178499 points, corr 0.5177, EMM 0.1416, weighted EMM 0.1129, cor+dfm 0.6593, weighted yellow 0.6737

Angle span: min, max, delta = 0.022758 0.024489 0.001730
Mesh-Thm: 0.0030  0.0000     1.02    0.0052  0.0020     1.77 2x(LDR,LDC)=(0.20,200.00) -- OK.

Final remapping of 1431040 points.
Center 143.123694 761.636392:  1.0011 -0.0192   948.32    0.0300  1.0091  -649.06
Mapping region 1 xy= 143.123694 761.636392 to region 1 xy= 1076.954097 123.787425
Center 274.663643 913.650149:  0.9995 -0.0210   950.13    0.0246  1.0032  -642.92
Mapping region 1 xy= 274.663643 913.650149 to region 1 xy= 1205.496836 280.388260

Pipe: Returning 2 total transforms.

---- Summary Region-region results ----
Pipe: Table Headers {Az t r Bz t r thmok ntri}
FOUND:     1    4   1      0    8   1   1   2

---- Tabulating point matches ----

Timer: Alignment took 1.010 seconds.

main: Got 2 mapping regions.
main: Transform   0:  1.0011 -0.0192   948.32    0.0300  1.0091  -649.06
main: Transform   1:  0.9995 -0.0210   950.13    0.0246  1.0032  -642.92

main: Average:  1.0003 -0.0201     0.00    0.0273  1.0061     0.00
main: Degrees: 1.35363
main: Residue:  1.0007  0.0037     0.00    0.0037  1.0063     0.00

main: Inverse:  0.9992  0.0200    -0.00   -0.0271  0.9934    -0.00
main: Degrees: -1.35363
main: Residue:  0.9995 -0.0035     0.00   -0.0035  0.9936     0.00

main: Normal completion for dmesh run.
Timer: Total took 1.280 seconds.

---- Memory ----
Host name: h01u24.int.janelia.org
PID:       15135
User time:       1 seconds.
System time:     0 seconds.
VmPeak:	  397624 kB
VmSize:	  124272 kB
VmLck:	       0 kB
VmHWM:	  314104 kB
VmRSS:	   39644 kB
VmData:	   36412 kB
VmStk:	      96 kB
VmExe:	     800 kB
VmLib:	   61764 kB
VmPTE:	     228 kB
VmSwap:	       0 kB
voluntary_ctxt_switches:	22
nonvoluntary_ctxt_switches:	6

