
---- dmesh start ----
main: Start: Fri Aug  8 18:53:15 2014


---- Match parameters ----
PXBRO=2            <default 2>        "Max Legendre poly order for bkg removal"
PXLENS=N           <default N>        "Y=Apply IDB/lens.txt"
PXRESMSK=N         <default N>        "Y=Apply resin mask"
PXDOG=N            <default N>        "Y=Apply DoG filter"
PXDOG_R1=3         <default 3>        "DoG inner radius"
PXDOG_R2=6         <default 6>        "DoG outer radius"
FLD=N              <default X>        "Mask usage: Y=Use, N=None, X=XL only"
PRETWEAK=N         <default N>        "Y=Auto-distort before angle scan"
SCALE=1            <default 1.0>      "Image-B / image-A scale factor"
XSCALE=1           <default 1.0>      "Image-B / image-A x-axis scale factor"
YSCALE=1           <default 1.0>      "Image-B / image-A y-axis scale factor"
SKEW=0             <default 0.0>      "Transform elem[3] user-applied distortion"
MODE_SL=M          <default Z>        "Notes above"
MODE_XL=N          <default Y>        "Notes above"
TAB2DFM_SL=N       <default Y>        "Adopt Tdfm from Tab"
TAB2DFM_XL=Y       <default Y>        "Adopt Tdfm from Tab"
XYCONF_SL=1.0      <default 0.0>      "[0,1.0] confidence in Tab XY"
XYCONF_XL=0.8      <default 0.0>      "[0,1.0] confidence in Tab XY"
THMDEC_SL=8        <default 8>        "2^N thumb decimation factor"
THMDEC_XL=8        <default 8>        "2^N thumb decimation factor"
OLAP1D_SL=0        <default 0>        "Min 1D pix full-size overlap"
OLAP1D_XL=0        <default 0>        "Min 1D pix full-size overlap"
OLAP2D_SL=60000    <default 25000>    "Min 2D pix full-size overlap"
OLAP2D_XL=160000   <default 200000>   "Min 2D pix full-size overlap"
NBMXHT_SL=0.75     <default 0.75>     "Max F(neib)/F(pk) in guard zone"
NBMXHT_XL=0.75     <default 0.75>     "Max F(neib)/F(pk) in guard zone"
HFANGDN_SL=5       <default 5.0>      "Half angle search range denovo"
HFANGDN_XL=45      <default 45.0>     "Half angle search range denovo"
HFANGPR_SL=1       <default 1.0>      "Half angle search range prior angles"
HFANGPR_XL=4       <default 1.0>      "Half angle search range prior angles"
RTRSH_SL=0.3       <default 0.3>      "R corr thresh"
RTRSH_XL=0.3       <default 0.3>      "R corr thresh"
TWEAKS=N           <default N>        "Y=Try 8 near unity distortions"
LIMXY_SL=30        <default 0>        "0 or Max XY delta from Tab"
LIMXY_XL=80        <default 0>        "0 or Max XY delta from Tab"
OPT_SL=Y           <default Y(EM)>    "Y=Enable mesh optimizer"
RIT_SL=0.50        <default 0.20>     "Min mesh starting corr"
RIT_XL=0.1         <default 0.20>     "Min mesh starting corr"
RFA_SL=0.55        <default 0.3>      "Affine-only final corr"
RFA_XL=0.20        <default 0.3>      "Affine-only final corr"
RFT_SL=0.65        <default 0.5>      "Full mesh final corr"
RFT_XL=0.25        <default 0.5>      "Full mesh final corr"
TMC=5              <default 30.0%>    "Max single triangle area change"
TSC=9              <default 9.0%>     "Max summed triangle area change"
MNL=250            <default 300>      "Triangle edges between MNL and 2*MNL"
MTA=120000         <default 10000>    "Min triangle size (pixels)"
MMA=60000          <default 100000>   "Min 2D overlap for mesh"
ONE=N              <default N>        "Y=Use just one affine transform"
IFM=0.50           <default 0.50>     "Min Fourier Metric after affine-only"
FFM=0.65           <default 0.65>     "Min Fourier Metric after full mesh"
FYL=0.5            <default 0.50>     "Min fraction of yellow pixels"
CPD=0.5            <default 0.50>     "Min Correlation + DFM"
EMM=Y              <default Y>        "Y=Use Earth Mover's Metric, N=Use Fourier"
EMT=0.14           <default 0.2>      "Earth Movers Metric thresh"
WDI=N              <default N>        "Y=Write diff images (Fourier, EMM metrics)"
LDA=0.2            <default 0.2>      "Max radian delta between triangles"
LDR=0.1            <default 0.1>      "Max sine delta between triangles"
LDC=100            <default 100.0>    "Max XY delta between triangles"
DXY=100            <default 100.0>    "Max delta from user input XYs"
WMT=N              <default Y>        "Y=Write map.tif files"
WTT=N              <default Y>        "Y=Write tf.txt files"


---- Input images ----
Til2Img entry: A T=[ 1.0000  0.0000  1142.00  0.0000  1.0000  4285.00] path=[/groups/apig/tomo/DEMO/TIF/B1_5_2.tif].
Til2Img entry: B T=[ 1.0000  0.0000  1142.00  0.0000  1.0000  5142.00] path=[/groups/apig/tomo/DEMO/TIF/A1_6_2.tif].


---- Command-line overrides ----
Tab=  1.0030 -0.0241  -213.15    0.0214  1.0031  -633.20
Tdfm= 1.0032 -0.0014     0.00   -0.0014  1.0034     0.00
FLD=N


---- Image loading ----
Raster8FromTif: Opening [/groups/apig/tomo/DEMO/TIF/B1_5_2.tif].
Raster8FromTif: Bits per sample 8, samples per pixel 1
Raster8FromTif: Picture is 1376 by 1040, 1431040 pixels total.
TIF(8): Last Encoded strip had 1376 bytes.
Raster8FromTif: Opening [/groups/apig/tomo/DEMO/TIF/A1_6_2.tif].
Raster8FromTif: Bits per sample 8, samples per pixel 1
Raster8FromTif: Picture is 1376 by 1040, 1431040 pixels total.
TIF(8): Last Encoded strip had 1376 bytes.
PixPair: Using image scale=1.
Timer: Image conditioning took 0.270 seconds.

---- Foldmaps ----

---- Connected regions ----
Forcing single connected region.

---- Begin A-1 to B-1 ----

---- Thumbnail matching ----
Subimage: Using intersection, w=1206, h=534, pix=644004
Thumbs: After decimation 10117 pts, reqArea 2501, thmscl 8
SetDisc( -7, -15, 10, 10 )
Initial: R= 1.223, A=   1.301, X=   -6.88, Y=  -14.23
Peak-Disc: dR 6 dX 0 dY 6
Approx: LowRes  R=1.223, X=-55.041, Y=-113.843
Approx: FullRes R=0.181, X=-52.940, Y=-116.116, use=Y.
Timer: FinishAtFullRes took 0.800 seconds.
Approx: Returning A=1.300627, R=1.223340, X=-211.229937, Y=-627.314447
Approx: Best transform  1.0030 -0.0241  -211.23    0.0214  1.0031  -627.31
Approx: Orig transform  1.0030 -0.0241  -213.15    0.0214  1.0031  -633.20
Approx: Idnt transform  1.0000  0.0000     2.06    0.0000  1.0000     5.83
Approx: err = 6.17831, max = 80

---- Starting detailed region mapping ----
Roughly 495303 pixels map to B.
Region size is [225 1375] in x, [596 1039] in y.

---- Building mesh - affine ----
Computed simple triangle.

---- ImproveMesh - affine ----
Tri: (225 596) (1375 596) (800 1039).

---- Matlab Vertices ----
x=[225 1375 800 225]; y=[596 596 1039 596]; plot(x,y); hold on;

---- ImproveControlPts ----
STAT: ImproveCpt: Initial affine correlation 0.762682 (495303 pixels).
corr=0.762682	step=10.000000
corr=0.767168	step=10.000000
corr=0.767168	step=5.000000
corr=0.767168	step=2.500000
corr=0.768225	step=2.500000
corr=0.768496	step=2.500000
corr=0.768496	step=1.250000
corr=0.768985	step=1.250000
corr=0.768985	step=0.625000
corr=0.768985	step=0.312500
corr=0.768985	step=0.156250
corr=0.768985	step=0.078125
STAT: ImproveCpt: Final affine correlation 0.768985, (threshold 0.200000).

---- Matlab A-Sys Originals ----
x=[225.000000 1375.000000 800.000000 225.000000]; y=[596.000000 596.000000 1039.000000 596.000000]; plot(x,y); hold on;

---- Matlab B-Sys Originals ----
x=[0.051043 1153.482643 566.070608 0.051043]; y=[-24.661754 -0.050604 432.009590 -24.661754]; plot(x,y); hold on;

---- Matlab B-Sys Optimized ----
x=[0.091769 1149.930341 565.389043 0.091769]; y=[-26.636070 6.857907 432.099245 -26.636070]; plot(x,y); hold on;

---- Deltas ----
id=     0: dx=    0.04 dy=   -1.97 d=    1.97
id=     1: dx=   -3.55 dy=    6.91 d=    7.77
id=     2: dx=   -0.68 dy=    0.09 d=    0.69

---- Areas ----
Triangle 0, area was   254725.0, is   254268.8,   -0.2%
Combined: area was   254725.0, is   254268.8,   -0.2%

---- Transforms ----
 0.9999 -0.0217  -211.93    0.0291  0.9977  -627.83
Best affine transform:  0.9999 -0.0217  -211.93    0.0291  0.9977  -627.83
    Inverse transform:  0.9995  0.0218   225.49   -0.0292  1.0017   622.68

---- QC - affine ----
Metrics: AFF: Mean square difference 0.463760
Metrics: AFF: Smallest footprint deg=0, area=515901
MetricImages: Range x 226 1375, y 590 1039, use Nx=1150, Ny=450
Approximate EM metric 0.086623 for 517500 points.
%Yellow: Tol   1.05  red   34.9  yellow   33.0  green   32.1
%Yellow: Tol   1.10  red   24.5  yellow   53.0  green   22.5
%Yellow: Tol   1.15  red   17.7  yellow   65.4  green   16.8
%Yellow: Tol   1.20  red   13.1  yellow   73.8  green   13.1
%Yellow: Tol   1.25  red   10.1  yellow   79.4  green   10.5
Affine Triangle: 496760 points, corr 0.768118, fm 0.086623, yellow 0.79

---- Building mesh - deformable ----
Lx Dx Nx:  1150  1150.00   1
Ly Dy Ny:   443   221.00   2

STAT: From 495303 pts, got 4 triangles, 6 control points.
Timer: MeshCreate took 0.010 seconds.

---- ImproveMesh - deformable mesh ----
Tri: (225 596) (1375 596) (225 817).
Tri: (225 817) (1375 596) (1375 817).
Tri: (225 817) (1375 817) (225 1039).
Tri: (225 1039) (1375 817) (1375 1039).

---- Matlab Vertices ----
x=[225 1375 225 225]; y=[596 596 817 596]; plot(x,y); hold on;
x=[225 1375 1375 225]; y=[817 596 817 817]; plot(x,y); hold on;
x=[225 1375 225 225]; y=[817 817 1039 817]; plot(x,y); hold on;
x=[225 1375 1375 225]; y=[1039 817 1039 1039]; plot(x,y); hold on;

---- ImproveControlPts ----
STAT: ImproveCpt: Initial deformable mesh correlation 0.768985 (495303 pixels).
corr=0.768985	step=10.000000
corr=0.768985	step=5.000000
corr=0.768985	step=2.500000
corr=0.768985	step=1.250000
corr=0.768985	step=0.625000
STAT: ImproveCpt: Final deformable mesh correlation 0.768985, (threshold 0.250000).

---- Matlab A-Sys Originals ----
x=[225.000000 1375.000000 225.000000 225.000000]; y=[596.000000 596.000000 817.000000 596.000000]; plot(x,y); hold on;
x=[225.000000 1375.000000 1375.000000 225.000000]; y=[817.000000 596.000000 817.000000 817.000000]; plot(x,y); hold on;
x=[225.000000 1375.000000 225.000000 225.000000]; y=[817.000000 817.000000 1039.000000 817.000000]; plot(x,y); hold on;
x=[225.000000 1375.000000 1375.000000 225.000000]; y=[1039.000000 817.000000 1039.000000 1039.000000]; plot(x,y); hold on;

---- Matlab B-Sys Originals ----
x=[0.091769 1149.930341 -4.708377 0.091769]; y=[-26.636070 6.857907 193.859235 -26.636070]; plot(x,y); hold on;
x=[-4.708377 1149.930341 1145.130194 -4.708377]; y=[193.859235 6.857907 227.353212 193.859235]; plot(x,y); hold on;
x=[-4.708377 1145.130194 -9.530243 -4.708377]; y=[193.859235 227.353212 415.352257 193.859235]; plot(x,y); hold on;
x=[-9.530243 1145.130194 1140.308328 -9.530243]; y=[415.352257 227.353212 448.846234 415.352257]; plot(x,y); hold on;

---- Matlab B-Sys Optimized ----
x=[0.091769 1149.930341 -4.708377 0.091769]; y=[-26.636070 6.857907 193.859235 -26.636070]; plot(x,y); hold on;
x=[-4.708377 1149.930341 1145.130194 -4.708377]; y=[193.859235 6.857907 227.353212 193.859235]; plot(x,y); hold on;
x=[-4.708377 1145.130194 -9.530243 -4.708377]; y=[193.859235 227.353212 415.352257 193.859235]; plot(x,y); hold on;
x=[-9.530243 1145.130194 1140.308328 -9.530243]; y=[415.352257 227.353212 448.846234 415.352257]; plot(x,y); hold on;

---- Deltas ----
id=     0: dx=    0.00 dy=    0.00 d=    0.00
id=     1: dx=    0.00 dy=    0.00 d=    0.00
id=     2: dx=    0.00 dy=    0.00 d=    0.00
id=     3: dx=    0.00 dy=    0.00 d=    0.00
id=     4: dx=    0.00 dy=    0.00 d=    0.00
id=     5: dx=    0.00 dy=    0.00 d=    0.00

---- Areas ----
Triangle 0, area was   127075.0, is   126847.4,   -0.2%
Triangle 1, area was   127075.0, is   126847.4,   -0.2%
Triangle 2, area was   127650.0, is   127421.4,   -0.2%
Triangle 3, area was   127650.0, is   127421.4,   -0.2%
Combined: area was   509450.0, is   508537.5,   -0.2%

---- Transforms ----
 0.9999 -0.0217  -211.93    0.0291  0.9977  -627.83
 0.9999 -0.0217  -211.93    0.0291  0.9977  -627.83
 0.9999 -0.0217  -211.93    0.0291  0.9977  -627.83
 0.9999 -0.0217  -211.93    0.0291  0.9977  -627.83

---- QC - deformable ----
Remapping 1431040 points.
Metrics: DEF: Mean square difference 0.463760
Metrics: DEF: Smallest footprint deg=0, area=515901
MetricImages: Range x 226 1375, y 590 1039, use Nx=1150, Ny=450
Approximate EM metric 0.086623 for 517500 points.
All points, deformable, dfm 0.086623

Metrics: TRI: Mean square difference 0.420568
Metrics: TRI: Smallest footprint deg=2, area=223682
MetricImages: Range x 201 1354, y 630 824, use Nx=1154, Ny=196
Approximate EM metric 0.052161 for 226184 points.
%Yellow: Tol   1.05  red   35.1  yellow   31.3  green   33.6
%Yellow: Tol   1.10  red   24.6  yellow   52.7  green   22.7
%Yellow: Tol   1.15  red   17.1  yellow   67.0  green   15.9
%Yellow: Tol   1.20  red   11.9  yellow   76.2  green   11.9
%Yellow: Tol   1.25  red    8.5  yellow   82.1  green    9.4
Triangle 0: 115177 points, corr 0.789707, fm 0.052161, yellow 0.82

Metrics: TRI: Mean square difference 0.289631
Metrics: TRI: Smallest footprint deg=0, area=251900
MetricImages: Range x 230 1375, y 597 817, use Nx=1146, Ny=222
Approximate EM metric 0.031362 for 254412 points.
%Yellow: Tol   1.05  red   29.0  yellow   43.2  green   27.8
%Yellow: Tol   1.10  red   18.8  yellow   62.8  green   18.4
%Yellow: Tol   1.15  red   13.2  yellow   73.6  green   13.2
%Yellow: Tol   1.20  red    9.6  yellow   80.4  green    9.9
%Yellow: Tol   1.25  red    7.4  yellow   84.9  green    7.7
Triangle 1: 127756 points, corr 0.855177, fm 0.031362, yellow 0.85

Metrics: TRI: Mean square difference 0.377769
Metrics: TRI: Smallest footprint deg=0, area=249441
MetricImages: Range x 230 1369, y 818 1037, use Nx=1140, Ny=220
Approximate EM metric 0.037287 for 250800 points.
%Yellow: Tol   1.05  red   31.4  yellow   37.4  green   31.2
%Yellow: Tol   1.10  red   21.6  yellow   57.3  green   21.1
%Yellow: Tol   1.15  red   15.9  yellow   68.7  green   15.4
%Yellow: Tol   1.20  red   12.1  yellow   76.3  green   11.7
%Yellow: Tol   1.25  red    9.6  yellow   81.3  green    9.1
Triangle 2: 125505 points, corr 0.811107, fm 0.037287, yellow 0.81

Metrics: TRI: Mean square difference 1.097306
Metrics: TRI: Smallest footprint deg=0, area=251940
MetricImages: Range x 235 1375, y 818 1039, use Nx=1142, Ny=222
Approximate EM metric 0.073919 for 253524 points.
%Yellow: Tol   1.05  red   44.1  yellow   19.4  green   36.5
%Yellow: Tol   1.10  red   35.3  yellow   35.0  green   29.8
%Yellow: Tol   1.15  red   28.3  yellow   46.9  green   24.8
%Yellow: Tol   1.20  red   22.8  yellow   56.4  green   20.8
%Yellow: Tol   1.25  red   18.5  yellow   63.8  green   17.7
Triangle 3: 128322 points, corr 0.451339, fm 0.073919, yellow 0.64


---- Final reports ----
STAT: Overall 496760 points, corr 0.7690, EMM 0.0866, weighted EMM 0.0487, cor+dfm 0.8556, weighted yellow 0.7789

Angle span: min, max, delta = 0.025448 0.025448 0.000000
Mesh-Thm: 0.0031  0.0024     0.70    0.0077  0.0054     0.51 2x(LDR,LDC)=(0.20,200.00) -- OK.

Final remapping of 1431040 points.
Center 593.215321 666.761379:  0.9999 -0.0217  -211.93    0.0291  0.9977  -627.83
Mapping region 1 xy= 593.215321 666.761379 to region 1 xy= 366.718457 54.688056
Center 931.629060 749.102164:  0.9999 -0.0217  -211.93    0.0291  0.9977  -627.83
Mapping region 1 xy= 931.629060 749.102164 to region 1 xy= 703.296240 146.697168
Center 577.726465 885.091544:  0.9999 -0.0217  -211.93    0.0291  0.9977  -627.83
Mapping region 1 xy= 577.726465 885.091544 to region 1 xy= 346.489619 272.068507
Center 921.773703 971.746190:  0.9999 -0.0217  -211.93    0.0291  0.9977  -627.83
Mapping region 1 xy= 921.773703 971.746190 to region 1 xy= 688.606412 368.545706

Pipe: Returning 4 total transforms.

---- Summary Region-region results ----
Pipe: Table Headers {Az t r Bz t r thmok ntri}
FOUND:     1    5   1      0    6   1   1   4

---- Tabulating point matches ----

Timer: Alignment took 2.120 seconds.

main: Got 4 mapping regions.
main: Transform   0:  0.9999 -0.0217  -211.93    0.0291  0.9977  -627.83
main: Transform   1:  0.9999 -0.0217  -211.93    0.0291  0.9977  -627.83
main: Transform   2:  0.9999 -0.0217  -211.93    0.0291  0.9977  -627.83
main: Transform   3:  0.9999 -0.0217  -211.93    0.0291  0.9977  -627.83

main: Average:  0.9999 -0.0217     0.00    0.0291  0.9977     0.00
main: Degrees: 1.45806
main: Residue:  1.0003  0.0037     0.00    0.0037  0.9979     0.00

main: Inverse:  0.9995  0.0218    -0.00   -0.0292  1.0017    -0.00
main: Degrees: -1.45806
main: Residue:  0.9999 -0.0037     0.00   -0.0037  1.0019     0.00

main: Normal completion for dmesh run.
Timer: Total took 2.400 seconds.

---- Memory ----
Host name: h01u24.int.janelia.org
PID:       10511
User time:       2 seconds.
System time:     0 seconds.
VmPeak:	  630696 kB
VmSize:	  117324 kB
VmLck:	       0 kB
VmHWM:	  547304 kB
VmRSS:	   33996 kB
VmData:	   29464 kB
VmStk:	      96 kB
VmExe:	     800 kB
VmLib:	   61764 kB
VmPTE:	     224 kB
VmSwap:	       0 kB
voluntary_ctxt_switches:	19
nonvoluntary_ctxt_switches:	23

