
---- dmesh start ----
main: Start: Fri Aug  8 18:53:15 2014


---- Match parameters ----
PXBRO=2            <default 2>        "Max Legendre poly order for bkg removal"
PXLENS=N           <default N>        "Y=Apply IDB/lens.txt"
PXRESMSK=N         <default N>        "Y=Apply resin mask"
PXDOG=N            <default N>        "Y=Apply DoG filter"
PXDOG_R1=3         <default 3>        "DoG inner radius"
PXDOG_R2=6         <default 6>        "DoG outer radius"
FLD=N              <default X>        "Mask usage: Y=Use, N=None, X=XL only"
PRETWEAK=N         <default N>        "Y=Auto-distort before angle scan"
SCALE=1            <default 1.0>      "Image-B / image-A scale factor"
XSCALE=1           <default 1.0>      "Image-B / image-A x-axis scale factor"
YSCALE=1           <default 1.0>      "Image-B / image-A y-axis scale factor"
SKEW=0             <default 0.0>      "Transform elem[3] user-applied distortion"
MODE_SL=M          <default Z>        "Notes above"
MODE_XL=N          <default Y>        "Notes above"
TAB2DFM_SL=N       <default Y>        "Adopt Tdfm from Tab"
TAB2DFM_XL=Y       <default Y>        "Adopt Tdfm from Tab"
XYCONF_SL=1.0      <default 0.0>      "[0,1.0] confidence in Tab XY"
XYCONF_XL=0.8      <default 0.0>      "[0,1.0] confidence in Tab XY"
THMDEC_SL=8        <default 8>        "2^N thumb decimation factor"
THMDEC_XL=8        <default 8>        "2^N thumb decimation factor"
OLAP1D_SL=0        <default 0>        "Min 1D pix full-size overlap"
OLAP1D_XL=0        <default 0>        "Min 1D pix full-size overlap"
OLAP2D_SL=60000    <default 25000>    "Min 2D pix full-size overlap"
OLAP2D_XL=160000   <default 200000>   "Min 2D pix full-size overlap"
NBMXHT_SL=0.75     <default 0.75>     "Max F(neib)/F(pk) in guard zone"
NBMXHT_XL=0.75     <default 0.75>     "Max F(neib)/F(pk) in guard zone"
HFANGDN_SL=5       <default 5.0>      "Half angle search range denovo"
HFANGDN_XL=45      <default 45.0>     "Half angle search range denovo"
HFANGPR_SL=1       <default 1.0>      "Half angle search range prior angles"
HFANGPR_XL=4       <default 1.0>      "Half angle search range prior angles"
RTRSH_SL=0.3       <default 0.3>      "R corr thresh"
RTRSH_XL=0.3       <default 0.3>      "R corr thresh"
TWEAKS=N           <default N>        "Y=Try 8 near unity distortions"
LIMXY_SL=30        <default 0>        "0 or Max XY delta from Tab"
LIMXY_XL=80        <default 0>        "0 or Max XY delta from Tab"
OPT_SL=Y           <default Y(EM)>    "Y=Enable mesh optimizer"
RIT_SL=0.50        <default 0.20>     "Min mesh starting corr"
RIT_XL=0.1         <default 0.20>     "Min mesh starting corr"
RFA_SL=0.55        <default 0.3>      "Affine-only final corr"
RFA_XL=0.20        <default 0.3>      "Affine-only final corr"
RFT_SL=0.65        <default 0.5>      "Full mesh final corr"
RFT_XL=0.25        <default 0.5>      "Full mesh final corr"
TMC=5              <default 30.0%>    "Max single triangle area change"
TSC=9              <default 9.0%>     "Max summed triangle area change"
MNL=250            <default 300>      "Triangle edges between MNL and 2*MNL"
MTA=120000         <default 10000>    "Min triangle size (pixels)"
MMA=60000          <default 100000>   "Min 2D overlap for mesh"
ONE=N              <default N>        "Y=Use just one affine transform"
IFM=0.50           <default 0.50>     "Min Fourier Metric after affine-only"
FFM=0.65           <default 0.65>     "Min Fourier Metric after full mesh"
FYL=0.5            <default 0.50>     "Min fraction of yellow pixels"
CPD=0.5            <default 0.50>     "Min Correlation + DFM"
EMM=Y              <default Y>        "Y=Use Earth Mover's Metric, N=Use Fourier"
EMT=0.14           <default 0.2>      "Earth Movers Metric thresh"
WDI=N              <default N>        "Y=Write diff images (Fourier, EMM metrics)"
LDA=0.2            <default 0.2>      "Max radian delta between triangles"
LDR=0.1            <default 0.1>      "Max sine delta between triangles"
LDC=100            <default 100.0>    "Max XY delta between triangles"
DXY=100            <default 100.0>    "Max delta from user input XYs"
WMT=N              <default Y>        "Y=Write map.tif files"
WTT=N              <default Y>        "Y=Write tf.txt files"


---- Input images ----
Til2Img entry: A T=[ 1.0000  0.0000  1142.00  0.0000  1.0000  4285.00] path=[/groups/apig/tomo/DEMO/TIF/B1_5_2.tif].
Til2Img entry: B T=[ 1.0000  0.0000  1142.00  0.0000  1.0000  4285.00] path=[/groups/apig/tomo/DEMO/TIF/A1_5_2.tif].


---- Command-line overrides ----
Tab=  1.0032 -0.0219  -211.45    0.0217  1.0049   224.50
Tdfm= 1.0035 -0.0001     0.00   -0.0001  1.0051     0.00
FLD=N


---- Image loading ----
Raster8FromTif: Opening [/groups/apig/tomo/DEMO/TIF/B1_5_2.tif].
Raster8FromTif: Bits per sample 8, samples per pixel 1
Raster8FromTif: Picture is 1376 by 1040, 1431040 pixels total.
TIF(8): Last Encoded strip had 1376 bytes.
Raster8FromTif: Opening [/groups/apig/tomo/DEMO/TIF/A1_5_2.tif].
Raster8FromTif: Bits per sample 8, samples per pixel 1
Raster8FromTif: Picture is 1376 by 1040, 1431040 pixels total.
TIF(8): Last Encoded strip had 1376 bytes.
PixPair: Using image scale=1.
Timer: Image conditioning took 0.260 seconds.

---- Foldmaps ----

---- Connected regions ----
Forcing single connected region.

---- Begin A-1 to B-1 ----

---- Thumbnail matching ----
Subimage: Using intersection, w=1207, h=861, pix=1039227
Thumbs: After decimation 16308 pts, reqArea 2501, thmscl 8
SetDisc( -5, 6, 10, 10 )
Initial: R= 1.599, A=   1.245, X=   -5.25, Y=    6.97
Peak-Disc: dR 8 dX -1 dY 7
Approx: LowRes  R=1.599, X=-41.988, Y=55.799
Approx: FullRes R=0.239, X=-42.032, Y=57.009, use=Y.
Timer: FinishAtFullRes took 0.930 seconds.
Approx: Returning A=1.245113, R=1.598550, X=-211.577390, Y=232.341773
Approx: Best transform  1.0032 -0.0219  -211.58    0.0217  1.0049   232.34
Approx: Orig transform  1.0032 -0.0219  -211.45    0.0217  1.0049   224.50
Approx: Idnt transform  1.0000  0.0000     0.04    0.0000  1.0000     7.80
Approx: err = 7.80307, max = 80

---- Starting detailed region mapping ----
Roughly 910472 pixels map to B.
Region size is [210 1375] in x, [0 798] in y.

---- Building mesh - affine ----
Computed simple triangle.

---- ImproveMesh - affine ----
Tri: (210 0) (1375 0) (792 798).

---- Matlab Vertices ----
x=[210 1375 792 210]; y=[0 0 798 0]; plot(x,y); hold on;

---- ImproveControlPts ----
STAT: ImproveCpt: Initial affine correlation 0.714201 (910472 pixels).
corr=0.714201	step=10.000000
corr=0.721151	step=10.000000
corr=0.721151	step=5.000000
corr=0.724795	step=5.000000
corr=0.724795	step=2.500000
corr=0.724795	step=1.250000
corr=0.725478	step=1.250000
corr=0.725478	step=0.625000
corr=0.725478	step=0.312500
corr=0.725478	step=0.156250
corr=0.725478	step=0.078125
STAT: ImproveCpt: Final affine correlation 0.725478, (threshold 0.200000).

---- Matlab A-Sys Originals ----
x=[210.000000 1375.000000 792.000000 210.000000]; y=[0.000000 0.000000 798.000000 0.000000]; plot(x,y); hold on;

---- Matlab B-Sys Originals ----
x=[-0.899090 1167.863860 565.469458 -0.899090]; y=[236.899193 262.182023 1051.432775 236.899193]; plot(x,y); hold on;

---- Matlab B-Sys Optimized ----
x=[-2.398201 1166.683296 566.036004 -2.398201]; y=[230.256328 264.347767 1051.039282 230.256328]; plot(x,y); hold on;

---- Deltas ----
id=     0: dx=   -1.50 dy=   -6.64 d=    6.81
id=     1: dx=   -1.18 dy=    2.17 d=    2.47
id=     2: dx=    0.57 dy=   -0.39 d=    0.69

---- Areas ----
Triangle 0, area was   464835.0, is   470091.7,    1.1%
Combined: area was   464835.0, is   470091.7,    1.1%

---- Transforms ----
 1.0035 -0.0196  -213.13    0.0293  1.0072   224.11
Best affine transform:  1.0035 -0.0196  -213.13    0.0293  1.0072   224.11
    Inverse transform:  0.9959  0.0193   207.94   -0.0289  0.9923  -228.55

---- QC - affine ----
Metrics: AFF: Mean square difference 0.548244
Metrics: AFF: Smallest footprint deg=0, area=931924
MetricImages: Range x 213 1375, y 0 802, use Nx=1164, Ny=804
Approximate EM metric 0.097918 for 935856 points.
%Yellow: Tol   1.05  red   37.0  yellow   27.3  green   35.8
%Yellow: Tol   1.10  red   26.0  yellow   47.8  green   26.2
%Yellow: Tol   1.15  red   18.5  yellow   62.1  green   19.4
%Yellow: Tol   1.20  red   13.6  yellow   71.8  green   14.6
%Yellow: Tol   1.25  red   10.4  yellow   78.4  green   11.2
Affine Triangle: 908506 points, corr 0.725877, fm 0.097918, yellow 0.78

---- Building mesh - deformable ----
Lx Dx Nx:  1165  1165.00   1
Ly Dy Ny:   798   399.00   2

STAT: From 910472 pts, got 4 triangles, 6 control points.
Timer: MeshCreate took 0.020 seconds.

---- ImproveMesh - deformable mesh ----
Tri: (210 0) (1375 0) (210 399).
Tri: (210 399) (1375 0) (1375 399).
Tri: (210 399) (1375 399) (210 798).
Tri: (210 798) (1375 399) (1375 798).

---- Matlab Vertices ----
x=[210 1375 210 210]; y=[0 0 399 0]; plot(x,y); hold on;
x=[210 1375 1375 210]; y=[399 0 399 399]; plot(x,y); hold on;
x=[210 1375 210 210]; y=[399 399 798 399]; plot(x,y); hold on;
x=[210 1375 1375 210]; y=[798 399 798 798]; plot(x,y); hold on;

---- ImproveControlPts ----
STAT: ImproveCpt: Initial deformable mesh correlation 0.725478 (910472 pixels).
corr=0.725478	step=10.000000
corr=0.725478	step=5.000000
corr=0.725478	step=2.500000
corr=0.725478	step=1.250000
corr=0.725478	step=0.625000
STAT: ImproveCpt: Final deformable mesh correlation 0.725559, (threshold 0.250000).

---- Matlab A-Sys Originals ----
x=[210.000000 1375.000000 210.000000 210.000000]; y=[0.000000 0.000000 399.000000 0.000000]; plot(x,y); hold on;
x=[210.000000 1375.000000 1375.000000 210.000000]; y=[399.000000 0.000000 399.000000 399.000000]; plot(x,y); hold on;
x=[210.000000 1375.000000 210.000000 210.000000]; y=[399.000000 399.000000 798.000000 399.000000]; plot(x,y); hold on;
x=[210.000000 1375.000000 1375.000000 210.000000]; y=[798.000000 399.000000 798.000000 798.000000]; plot(x,y); hold on;

---- Matlab B-Sys Originals ----
x=[-2.398201 1166.683296 -10.200597 -2.398201]; y=[230.256328 264.347767 632.132262 230.256328]; plot(x,y); hold on;
x=[-10.200597 1166.683296 1158.880900 -10.200597]; y=[632.132262 264.347767 666.223700 632.132262]; plot(x,y); hold on;
x=[-10.200597 1158.880900 -18.002993 -10.200597]; y=[632.132262 666.223700 1034.008195 632.132262]; plot(x,y); hold on;
x=[-18.002993 1158.880900 1151.078504 -18.002993]; y=[1034.008195 666.223700 1068.099633 1034.008195]; plot(x,y); hold on;

---- Matlab B-Sys Optimized ----
x=[-2.410989 1166.608550 -10.188059 -2.410989]; y=[230.260832 264.755509 632.161957 230.260832]; plot(x,y); hold on;
x=[-10.188059 1166.608550 1159.055818 -10.188059]; y=[632.161957 264.755509 666.418339 632.161957]; plot(x,y); hold on;
x=[-10.188059 1159.055818 -17.823518 -10.188059]; y=[632.161957 666.418339 1034.260072 632.161957]; plot(x,y); hold on;
x=[-17.823518 1159.055818 1150.873130 -17.823518]; y=[1034.260072 666.418339 1068.205694 1034.260072]; plot(x,y); hold on;

---- Deltas ----
id=     0: dx=   -0.01 dy=    0.00 d=    0.01
id=     1: dx=   -0.07 dy=    0.41 d=    0.41
id=     2: dx=    0.01 dy=    0.03 d=    0.03
id=     3: dx=    0.17 dy=    0.19 d=    0.26
id=     4: dx=    0.18 dy=    0.25 d=    0.31
id=     5: dx=   -0.21 dy=    0.11 d=    0.23

---- Areas ----
Triangle 0, area was   232417.5, is   235049.3,    1.1%
Triangle 1, area was   232417.5, is   234950.3,    1.1%
Triangle 2, area was   232417.5, is   235206.2,    1.2%
Triangle 3, area was   232417.5, is   234922.7,    1.1%
Combined: area was   929670.0, is   940128.3,    1.1%

---- Transforms ----
 1.0035 -0.0195  -213.14    0.0296  1.0073   224.04
 1.0036 -0.0189  -213.40    0.0294  1.0067   224.32
 1.0036 -0.0191  -213.32    0.0294  1.0078   223.89
 1.0032 -0.0205  -212.12    0.0291  1.0070   224.57

---- QC - deformable ----
Remapping 1431040 points.
Metrics: DEF: Mean square difference 0.547916
Metrics: DEF: Smallest footprint deg=0, area=931924
MetricImages: Range x 213 1375, y 0 802, use Nx=1164, Ny=804
Approximate EM metric 0.097993 for 935856 points.
All points, deformable, dfm 0.097993

Metrics: TRI: Mean square difference 0.719296
Metrics: TRI: Smallest footprint deg=0, area=458990
MetricImages: Range x 213 1375, y 0 395, use Nx=1164, Ny=396
Approximate EM metric 0.076253 for 460944 points.
%Yellow: Tol   1.05  red   38.0  yellow   23.6  green   38.4
%Yellow: Tol   1.10  red   27.6  yellow   42.9  green   29.5
%Yellow: Tol   1.15  red   20.4  yellow   56.9  green   22.7
%Yellow: Tol   1.20  red   15.6  yellow   67.0  green   17.4
%Yellow: Tol   1.25  red   12.5  yellow   74.0  green   13.5
Triangle 0: 230518 points, corr 0.640347, fm 0.076253, yellow 0.74

Metrics: TRI: Mean square difference 0.651460
Metrics: TRI: Smallest footprint deg=0, area=459292
MetricImages: Range x 221 1375, y 1 399, use Nx=1156, Ny=400
Approximate EM metric 0.063555 for 462400 points.
%Yellow: Tol   1.05  red   39.9  yellow   23.0  green   37.2
%Yellow: Tol   1.10  red   29.6  yellow   42.2  green   28.3
%Yellow: Tol   1.15  red   22.0  yellow   56.6  green   21.5
%Yellow: Tol   1.20  red   16.4  yellow   67.2  green   16.5
%Yellow: Tol   1.25  red   12.5  yellow   74.8  green   12.8
Triangle 1: 233174 points, corr 0.674266, fm 0.063555, yellow 0.75

Metrics: TRI: Mean square difference 0.563638
Metrics: TRI: Smallest footprint deg=0, area=450041
MetricImages: Range x 221 1372, y 400 791, use Nx=1152, Ny=392
Approximate EM metric 0.070831 for 451584 points.
%Yellow: Tol   1.05  red   39.5  yellow   25.5  green   35.0
%Yellow: Tol   1.10  red   28.6  yellow   45.7  green   25.7
%Yellow: Tol   1.15  red   20.5  yellow   60.1  green   19.4
%Yellow: Tol   1.20  red   14.6  yellow   70.5  green   14.9
%Yellow: Tol   1.25  red   10.5  yellow   77.9  green   11.6
Triangle 2: 226324 points, corr 0.718177, fm 0.070831, yellow 0.78

Metrics: TRI: Mean square difference 0.420051
Metrics: TRI: Smallest footprint deg=18, area=428032
MetricImages: Range x -31 1185, y 804 1156, use Nx=1218, Ny=354
Approximate EM metric 0.045915 for 431172 points.
%Yellow: Tol   1.05  red   33.5  yellow   33.2  green   33.3
%Yellow: Tol   1.10  red   23.3  yellow   53.3  green   23.4
%Yellow: Tol   1.15  red   17.0  yellow   65.6  green   17.4
%Yellow: Tol   1.20  red   12.9  yellow   73.6  green   13.5
%Yellow: Tol   1.25  red   10.1  yellow   78.9  green   10.9
Triangle 3: 218320 points, corr 0.789970, fm 0.045915, yellow 0.79


---- Final reports ----
STAT: Overall 908336 points, corr 0.7256, EMM 0.0980, weighted EMM 0.0644, cor+dfm 0.8236, weighted yellow 0.7636

Angle span: min, max, delta = 0.024038 0.024692 0.000654
Mesh-Thm: 0.0002  0.0024     1.42    0.0077  0.0023     8.14 2x(LDR,LDC)=(0.20,200.00) -- OK.

Final remapping of 1431040 points.
Center 583.018130 127.754707:  1.0035 -0.0195  -213.14    0.0296  1.0073   224.04
Mapping region 1 xy= 583.018130 127.754707 to region 1 xy= 369.404027 369.989198
Center 925.845960 276.415220:  1.0036 -0.0189  -213.40    0.0294  1.0067   224.32
Mapping region 1 xy= 925.845960 276.415220 to region 1 xy= 710.586020 529.808254
Center 567.327245 521.380748:  1.0036 -0.0191  -213.32    0.0294  1.0078   223.89
Mapping region 1 xy= 567.327245 521.380748 to region 1 xy= 346.098925 766.000026
Center 915.862055 677.124910:  1.0032 -0.0205  -212.12    0.0291  1.0070   224.57
Mapping region 1 xy= 915.862055 677.124910 to region 1 xy= 692.757205 933.107885

Pipe: Returning 4 total transforms.

---- Summary Region-region results ----
Pipe: Table Headers {Az t r Bz t r thmok ntri}
FOUND:     1    5   1      0    5   1   1   4

---- Tabulating point matches ----

Timer: Alignment took 2.820 seconds.

main: Got 4 mapping regions.
main: Transform   0:  1.0035 -0.0195  -213.14    0.0296  1.0073   224.04
main: Transform   1:  1.0036 -0.0189  -213.40    0.0294  1.0067   224.32
main: Transform   2:  1.0036 -0.0191  -213.32    0.0294  1.0078   223.89
main: Transform   3:  1.0032 -0.0205  -212.12    0.0291  1.0070   224.57

main: Average:  1.0035 -0.0195     0.00    0.0294  1.0072     0.00
main: Degrees: 1.39334
main: Residue:  1.0039  0.0050     0.00    0.0050  1.0074     0.00

main: Inverse:  0.9960  0.0193    -0.00   -0.0291  0.9923    -0.00
main: Degrees: -1.39334
main: Residue:  0.9964 -0.0048     0.00   -0.0048  0.9925     0.00

main: Normal completion for dmesh run.
Timer: Total took 3.100 seconds.

---- Memory ----
Host name: h01u24.int.janelia.org
PID:       17811
User time:       2 seconds.
System time:     0 seconds.
VmPeak:	  718972 kB
VmSize:	  149164 kB
VmLck:	       0 kB
VmHWM:	  635580 kB
VmRSS:	   64424 kB
VmData:	   61304 kB
VmStk:	      96 kB
VmExe:	     800 kB
VmLib:	   61764 kB
VmPTE:	     272 kB
VmSwap:	       0 kB
voluntary_ctxt_switches:	25
nonvoluntary_ctxt_switches:	44

