
---- dmesh start ----
main: Start: Fri Aug  8 18:53:20 2014


---- Match parameters ----
PXBRO=2            <default 2>        "Max Legendre poly order for bkg removal"
PXLENS=N           <default N>        "Y=Apply IDB/lens.txt"
PXRESMSK=N         <default N>        "Y=Apply resin mask"
PXDOG=N            <default N>        "Y=Apply DoG filter"
PXDOG_R1=3         <default 3>        "DoG inner radius"
PXDOG_R2=6         <default 6>        "DoG outer radius"
FLD=N              <default X>        "Mask usage: Y=Use, N=None, X=XL only"
PRETWEAK=N         <default N>        "Y=Auto-distort before angle scan"
SCALE=1            <default 1.0>      "Image-B / image-A scale factor"
XSCALE=1           <default 1.0>      "Image-B / image-A x-axis scale factor"
YSCALE=1           <default 1.0>      "Image-B / image-A y-axis scale factor"
SKEW=0             <default 0.0>      "Transform elem[3] user-applied distortion"
MODE_SL=M          <default Z>        "Notes above"
MODE_XL=N          <default Y>        "Notes above"
TAB2DFM_SL=N       <default Y>        "Adopt Tdfm from Tab"
TAB2DFM_XL=Y       <default Y>        "Adopt Tdfm from Tab"
XYCONF_SL=1.0      <default 0.0>      "[0,1.0] confidence in Tab XY"
XYCONF_XL=0.8      <default 0.0>      "[0,1.0] confidence in Tab XY"
THMDEC_SL=8        <default 8>        "2^N thumb decimation factor"
THMDEC_XL=8        <default 8>        "2^N thumb decimation factor"
OLAP1D_SL=0        <default 0>        "Min 1D pix full-size overlap"
OLAP1D_XL=0        <default 0>        "Min 1D pix full-size overlap"
OLAP2D_SL=60000    <default 25000>    "Min 2D pix full-size overlap"
OLAP2D_XL=160000   <default 200000>   "Min 2D pix full-size overlap"
NBMXHT_SL=0.75     <default 0.75>     "Max F(neib)/F(pk) in guard zone"
NBMXHT_XL=0.75     <default 0.75>     "Max F(neib)/F(pk) in guard zone"
HFANGDN_SL=5       <default 5.0>      "Half angle search range denovo"
HFANGDN_XL=45      <default 45.0>     "Half angle search range denovo"
HFANGPR_SL=1       <default 1.0>      "Half angle search range prior angles"
HFANGPR_XL=4       <default 1.0>      "Half angle search range prior angles"
RTRSH_SL=0.3       <default 0.3>      "R corr thresh"
RTRSH_XL=0.3       <default 0.3>      "R corr thresh"
TWEAKS=N           <default N>        "Y=Try 8 near unity distortions"
LIMXY_SL=30        <default 0>        "0 or Max XY delta from Tab"
LIMXY_XL=80        <default 0>        "0 or Max XY delta from Tab"
OPT_SL=Y           <default Y(EM)>    "Y=Enable mesh optimizer"
RIT_SL=0.50        <default 0.20>     "Min mesh starting corr"
RIT_XL=0.1         <default 0.20>     "Min mesh starting corr"
RFA_SL=0.55        <default 0.3>      "Affine-only final corr"
RFA_XL=0.20        <default 0.3>      "Affine-only final corr"
RFT_SL=0.65        <default 0.5>      "Full mesh final corr"
RFT_XL=0.25        <default 0.5>      "Full mesh final corr"
TMC=5              <default 30.0%>    "Max single triangle area change"
TSC=9              <default 9.0%>     "Max summed triangle area change"
MNL=250            <default 300>      "Triangle edges between MNL and 2*MNL"
MTA=120000         <default 10000>    "Min triangle size (pixels)"
MMA=60000          <default 100000>   "Min 2D overlap for mesh"
ONE=N              <default N>        "Y=Use just one affine transform"
IFM=0.50           <default 0.50>     "Min Fourier Metric after affine-only"
FFM=0.65           <default 0.65>     "Min Fourier Metric after full mesh"
FYL=0.5            <default 0.50>     "Min fraction of yellow pixels"
CPD=0.5            <default 0.50>     "Min Correlation + DFM"
EMM=Y              <default Y>        "Y=Use Earth Mover's Metric, N=Use Fourier"
EMT=0.14           <default 0.2>      "Earth Movers Metric thresh"
WDI=N              <default N>        "Y=Write diff images (Fourier, EMM metrics)"
LDA=0.2            <default 0.2>      "Max radian delta between triangles"
LDR=0.1            <default 0.1>      "Max sine delta between triangles"
LDC=100            <default 100.0>    "Max XY delta between triangles"
DXY=100            <default 100.0>    "Max delta from user input XYs"
WMT=N              <default Y>        "Y=Write map.tif files"
WTT=N              <default Y>        "Y=Write tf.txt files"


---- Input images ----
Til2Img entry: A T=[ 1.0000  0.0000  1142.00  0.0000  1.0000  1714.00] path=[/groups/apig/tomo/DEMO/TIF/B1_2_2.tif].
Til2Img entry: B T=[ 1.0000  0.0000     0.00  0.0000  1.0000  2571.00] path=[/groups/apig/tomo/DEMO/TIF/A1_10_2.tif].


---- Command-line overrides ----
Tab=  1.0022 -0.0222   986.75    0.0213  1.0055  -653.54
Tdfm= 1.0024 -0.0004     0.00   -0.0004  1.0058     0.00
FLD=N


---- Image loading ----
Raster8FromTif: Opening [/groups/apig/tomo/DEMO/TIF/B1_2_2.tif].
Raster8FromTif: Bits per sample 8, samples per pixel 1
Raster8FromTif: Picture is 1376 by 1040, 1431040 pixels total.
TIF(8): Last Encoded strip had 1376 bytes.
Raster8FromTif: Opening [/groups/apig/tomo/DEMO/TIF/A1_10_2.tif].
Raster8FromTif: Bits per sample 8, samples per pixel 1
Raster8FromTif: Picture is 1376 by 1040, 1431040 pixels total.
TIF(8): Last Encoded strip had 1376 bytes.
PixPair: Using image scale=1.
Timer: Image conditioning took 0.260 seconds.

---- Foldmaps ----

---- Connected regions ----
Forcing single connected region.

---- Begin A-1 to B-1 ----

---- Thumbnail matching ----
Subimage: Using intersection, w=587, h=518, pix=304066
Thumbs: After decimation 4810 pts, reqArea 2501, thmscl 8
SetDisc( 23, -16, 10, 10 )
Initial: R= 0.741, A=   1.242, X=   23.11, Y=  -16.89
Peak-Disc: dR 7 dX 0 dY -7
Approx: LowRes  R=0.741, X=184.879, Y=-135.130
Approx: FullRes R=0.089, X=187.187, Y=-132.856, use=Y.
Timer: FinishAtFullRes took 0.390 seconds.
Approx: Returning A=1.241682, R=0.741145, X=987.787864, Y=-657.730182
Approx: Best transform  1.0022 -0.0222   987.79    0.0213  1.0055  -657.73
Approx: Orig transform  1.0022 -0.0222   986.75    0.0213  1.0055  -653.54
Approx: Idnt transform  1.0000 -0.0000     0.95    0.0000  1.0000    -4.19
Approx: err = 4.29269, max = 80

---- Starting detailed region mapping ----
Roughly 158817 pixels map to B.
Region size is [0 410] in x, [645 1039] in y.

---- Building mesh - affine ----
Computed simple triangle.

---- ImproveMesh - affine ----
Tri: (0 645) (410 645) (205 1039).

---- Matlab Vertices ----
x=[0 410 205 0]; y=[645 645 1039 645]; plot(x,y); hold on;

---- ImproveControlPts ----
STAT: ImproveCpt: Initial affine correlation 0.248338 (158817 pixels).
corr=0.248338	step=10.000000
corr=0.248338	step=5.000000
corr=0.253075	step=5.000000
corr=0.253075	step=2.500000
corr=0.253211	step=2.500000
corr=0.253211	step=1.250000
corr=0.253211	step=0.625000
corr=0.253265	step=0.625000
corr=0.253383	step=0.625000
corr=0.253383	step=0.312500
corr=0.253383	step=0.156250
corr=0.253383	step=0.078125
STAT: ImproveCpt: Final affine correlation 0.253383, (threshold 0.200000).

---- Matlab A-Sys Originals ----
x=[0.000000 410.000000 205.000000 0.000000]; y=[645.000000 645.000000 1039.000000 645.000000]; plot(x,y); hold on;

---- Matlab B-Sys Originals ----
x=[973.454029 1384.361769 1170.152037 973.454029]; y=[-9.178812 -0.448272 391.355822 -9.178812]; plot(x,y); hold on;

---- Matlab B-Sys Optimized ----
x=[973.237452 1386.534363 1170.716134 973.237452]; y=[-14.296769 1.660120 392.782888 -14.296769]; plot(x,y); hold on;

---- Deltas ----
id=     0: dx=   -0.22 dy=   -5.12 d=    5.12
id=     1: dx=    2.17 dy=    2.11 d=    3.03
id=     2: dx=    0.56 dy=    1.43 d=    1.53

---- Areas ----
Triangle 0, area was    80770.0, is    82546.8,    2.2%
Combined: area was    80770.0, is    82546.8,    2.2%

---- Transforms ----
 1.0080 -0.0233   988.25    0.0389  1.0129  -667.65
Best affine transform:  1.0080 -0.0233   988.25    0.0389  1.0129  -667.65
    Inverse transform:  0.9911  0.0228  -964.29   -0.0381  0.9863   696.16

---- QC - affine ----
Metrics: AFF: Mean square difference 1.493432
Metrics: AFF: Smallest footprint deg=0, area=160765
MetricImages: Range x 0 407, y 644 1039, use Nx=408, Ny=396
Approximate EM metric 0.226777 for 161568 points.
%Yellow: Tol   1.05  red   47.3  yellow   12.5  green   40.2
%Yellow: Tol   1.10  red   41.4  yellow   23.6  green   35.0
%Yellow: Tol   1.15  red   36.0  yellow   33.1  green   30.9
%Yellow: Tol   1.20  red   30.9  yellow   41.7  green   27.4
%Yellow: Tol   1.25  red   26.6  yellow   48.9  green   24.5
Affine Triangle: 156640 points, corr 0.253278, fm 0.226777, yellow 0.49

---- Building mesh - deformable ----
Lx Dx Nx:   410   410.00   1
Ly Dy Ny:   394   394.00   1

STAT: From 158817 pts, got 2 triangles, 4 control points.
Timer: MeshCreate took 0.010 seconds.

---- ImproveMesh - deformable mesh ----
Tri: (0 645) (410 645) (0 1039).
Tri: (0 1039) (410 645) (410 1039).

---- Matlab Vertices ----
x=[0 410 0 0]; y=[645 645 1039 645]; plot(x,y); hold on;
x=[0 410 410 0]; y=[1039 645 1039 1039]; plot(x,y); hold on;

---- ImproveControlPts ----
STAT: ImproveCpt: Initial deformable mesh correlation 0.253383 (158817 pixels).
corr=0.253383	step=10.000000
corr=0.253383	step=5.000000
corr=0.253383	step=2.500000
corr=0.253383	step=1.250000
corr=0.253383	step=0.625000
STAT: ImproveCpt: Final deformable mesh correlation 0.253439, (threshold 0.250000).

---- Matlab A-Sys Originals ----
x=[0.000000 410.000000 0.000000 0.000000]; y=[645.000000 645.000000 1039.000000 645.000000]; plot(x,y); hold on;
x=[0.000000 410.000000 410.000000 0.000000]; y=[1039.000000 645.000000 1039.000000 1039.000000]; plot(x,y); hold on;

---- Matlab B-Sys Originals ----
x=[973.237452 1386.534363 964.067678 973.237452]; y=[-14.296769 1.660120 384.804444 -14.296769]; plot(x,y); hold on;
x=[964.067678 1386.534363 1377.364589 964.067678]; y=[384.804444 1.660120 400.761332 384.804444]; plot(x,y); hold on;

---- Matlab B-Sys Optimized ----
x=[973.139765 1387.072967 964.170378 973.139765]; y=[-14.522050 1.725985 384.817930 -14.522050]; plot(x,y); hold on;
x=[964.170378 1387.072967 1377.443768 964.170378]; y=[384.817930 1.725985 400.898809 384.817930]; plot(x,y); hold on;

---- Deltas ----
id=     0: dx=   -0.10 dy=   -0.23 d=    0.25
id=     1: dx=    0.54 dy=    0.07 d=    0.54
id=     2: dx=    0.10 dy=    0.01 d=    0.10
id=     3: dx=    0.08 dy=    0.14 d=    0.16

---- Areas ----
Triangle 0, area was    80770.0, is    82722.9,    2.4%
Triangle 1, area was    80770.0, is    82561.2,    2.2%
Combined: area was   161540.0, is   165284.1,    2.3%

---- Transforms ----
 1.0096 -0.0228   987.82    0.0396  1.0136  -668.26
 1.0080 -0.0244   989.56    0.0392  1.0131  -667.82

---- QC - deformable ----
Remapping 1431040 points.
Metrics: DEF: Mean square difference 1.493273
Metrics: DEF: Smallest footprint deg=0, area=160765
MetricImages: Range x 0 407, y 644 1039, use Nx=408, Ny=396
Approximate EM metric 0.226942 for 161568 points.
All points, deformable, dfm 0.226942

Metrics: TRI: Mean square difference 1.449068
Metrics: TRI: Smallest footprint deg=44, area=154275
MetricImages: Range x -722 -161, y 474 749, use Nx=562, Ny=276
Approximate EM metric 0.231980 for 155112 points.
%Yellow: Tol   1.05  red   45.9  yellow   14.0  green   40.1
%Yellow: Tol   1.10  red   39.8  yellow   26.2  green   34.1
%Yellow: Tol   1.15  red   34.2  yellow   36.6  green   29.2
%Yellow: Tol   1.20  red   29.4  yellow   45.3  green   25.3
%Yellow: Tol   1.25  red   25.3  yellow   52.7  green   21.9
Triangle 0: 78295 points, corr 0.275453, fm 0.231980, yellow 0.53

Metrics: TRI: Mean square difference 1.406151
Metrics: TRI: Smallest footprint deg=0, area=155092
MetricImages: Range x 1 407, y 657 1039, use Nx=408, Ny=384
Approximate EM metric 0.155646 for 156672 points.
%Yellow: Tol   1.05  red   46.3  yellow   11.3  green   42.5
%Yellow: Tol   1.10  red   40.5  yellow   21.6  green   37.9
%Yellow: Tol   1.15  red   34.9  yellow   31.0  green   34.1
%Yellow: Tol   1.20  red   29.7  yellow   39.4  green   30.9
%Yellow: Tol   1.25  red   25.1  yellow   46.7  green   28.2
Triangle 1: 78200 points, corr 0.296912, fm 0.155646, yellow 0.47


---- Final reports ----
STAT: Overall 156495 points, corr 0.2534, EMM 0.2269, weighted EMM 0.1938, cor+dfm 0.4804, weighted yellow 0.4972
FAIL: Overall rejected: [Yellow=0.497172 < FYL=0.5] [Weighted EMM=0.193836 > EMT=0.14] [EMM=0.226942 > 0.154 = (EMT=0.14 * 1.10)].
Pipe: Returning 0 total transforms.

---- Summary Region-region results ----
Pipe: Table Headers {Az t r Bz t r thmok ntri}
FOUND:     1    2   1      0   10   1   1   0
Timer: Alignment took 0.840 seconds.

main: Got 0 mapping regions.

main: Normal completion for dmesh run.
Timer: Total took 1.110 seconds.

---- Memory ----
Host name: h01u24.int.janelia.org
PID:       3653
User time:       1 seconds.
System time:     0 seconds.
VmPeak:	  393332 kB
VmSize:	  124776 kB
VmLck:	       0 kB
VmHWM:	  309812 kB
VmRSS:	   40880 kB
VmData:	   36916 kB
VmStk:	      96 kB
VmExe:	     800 kB
VmLib:	   61764 kB
VmPTE:	     232 kB
VmSwap:	       0 kB
voluntary_ctxt_switches:	16
nonvoluntary_ctxt_switches:	14

