
---- dmesh start ----
main: Start: Fri Aug  8 18:53:09 2014


---- Match parameters ----
PXBRO=2            <default 2>        "Max Legendre poly order for bkg removal"
PXLENS=N           <default N>        "Y=Apply IDB/lens.txt"
PXRESMSK=N         <default N>        "Y=Apply resin mask"
PXDOG=N            <default N>        "Y=Apply DoG filter"
PXDOG_R1=3         <default 3>        "DoG inner radius"
PXDOG_R2=6         <default 6>        "DoG outer radius"
FLD=N              <default X>        "Mask usage: Y=Use, N=None, X=XL only"
PRETWEAK=N         <default N>        "Y=Auto-distort before angle scan"
SCALE=1            <default 1.0>      "Image-B / image-A scale factor"
XSCALE=1           <default 1.0>      "Image-B / image-A x-axis scale factor"
YSCALE=1           <default 1.0>      "Image-B / image-A y-axis scale factor"
SKEW=0             <default 0.0>      "Transform elem[3] user-applied distortion"
MODE_SL=M          <default Z>        "Notes above"
MODE_XL=N          <default Y>        "Notes above"
TAB2DFM_SL=N       <default Y>        "Adopt Tdfm from Tab"
TAB2DFM_XL=Y       <default Y>        "Adopt Tdfm from Tab"
XYCONF_SL=1.0      <default 0.0>      "[0,1.0] confidence in Tab XY"
XYCONF_XL=0.8      <default 0.0>      "[0,1.0] confidence in Tab XY"
THMDEC_SL=8        <default 8>        "2^N thumb decimation factor"
THMDEC_XL=8        <default 8>        "2^N thumb decimation factor"
OLAP1D_SL=0        <default 0>        "Min 1D pix full-size overlap"
OLAP1D_XL=0        <default 0>        "Min 1D pix full-size overlap"
OLAP2D_SL=60000    <default 25000>    "Min 2D pix full-size overlap"
OLAP2D_XL=160000   <default 200000>   "Min 2D pix full-size overlap"
NBMXHT_SL=0.75     <default 0.75>     "Max F(neib)/F(pk) in guard zone"
NBMXHT_XL=0.75     <default 0.75>     "Max F(neib)/F(pk) in guard zone"
HFANGDN_SL=5       <default 5.0>      "Half angle search range denovo"
HFANGDN_XL=45      <default 45.0>     "Half angle search range denovo"
HFANGPR_SL=1       <default 1.0>      "Half angle search range prior angles"
HFANGPR_XL=4       <default 1.0>      "Half angle search range prior angles"
RTRSH_SL=0.3       <default 0.3>      "R corr thresh"
RTRSH_XL=0.3       <default 0.3>      "R corr thresh"
TWEAKS=N           <default N>        "Y=Try 8 near unity distortions"
LIMXY_SL=30        <default 0>        "0 or Max XY delta from Tab"
LIMXY_XL=80        <default 0>        "0 or Max XY delta from Tab"
OPT_SL=Y           <default Y(EM)>    "Y=Enable mesh optimizer"
RIT_SL=0.50        <default 0.20>     "Min mesh starting corr"
RIT_XL=0.1         <default 0.20>     "Min mesh starting corr"
RFA_SL=0.55        <default 0.3>      "Affine-only final corr"
RFA_XL=0.20        <default 0.3>      "Affine-only final corr"
RFT_SL=0.65        <default 0.5>      "Full mesh final corr"
RFT_XL=0.25        <default 0.5>      "Full mesh final corr"
TMC=5              <default 30.0%>    "Max single triangle area change"
TSC=9              <default 9.0%>     "Max summed triangle area change"
MNL=250            <default 300>      "Triangle edges between MNL and 2*MNL"
MTA=120000         <default 10000>    "Min triangle size (pixels)"
MMA=60000          <default 100000>   "Min 2D overlap for mesh"
ONE=N              <default N>        "Y=Use just one affine transform"
IFM=0.50           <default 0.50>     "Min Fourier Metric after affine-only"
FFM=0.65           <default 0.65>     "Min Fourier Metric after full mesh"
FYL=0.5            <default 0.50>     "Min fraction of yellow pixels"
CPD=0.5            <default 0.50>     "Min Correlation + DFM"
EMM=Y              <default Y>        "Y=Use Earth Mover's Metric, N=Use Fourier"
EMT=0.14           <default 0.2>      "Earth Movers Metric thresh"
WDI=N              <default N>        "Y=Write diff images (Fourier, EMM metrics)"
LDA=0.2            <default 0.2>      "Max radian delta between triangles"
LDR=0.1            <default 0.1>      "Max sine delta between triangles"
LDC=100            <default 100.0>    "Max XY delta between triangles"
DXY=100            <default 100.0>    "Max delta from user input XYs"
WMT=N              <default Y>        "Y=Write map.tif files"
WTT=N              <default Y>        "Y=Write tf.txt files"


---- Input images ----
Til2Img entry: A T=[ 1.0000  0.0000     0.00  0.0000  1.0000  3428.00] path=[/groups/apig/tomo/DEMO/TIF/B1_9_2.tif].
Til2Img entry: B T=[ 1.0000  0.0000     0.00  0.0000  1.0000  4285.00] path=[/groups/apig/tomo/DEMO/TIF/A1_8_2.tif].


---- Command-line overrides ----
Tab=  1.0016 -0.0207  -197.35    0.0219  1.0044  -665.34
Tdfm= 1.0018  0.0006     0.00    0.0006  1.0046     0.00
FLD=N


---- Image loading ----
Raster8FromTif: Opening [/groups/apig/tomo/DEMO/TIF/B1_9_2.tif].
Raster8FromTif: Bits per sample 8, samples per pixel 1
Raster8FromTif: Picture is 1376 by 1040, 1431040 pixels total.
TIF(8): Last Encoded strip had 1376 bytes.
Raster8FromTif: Opening [/groups/apig/tomo/DEMO/TIF/A1_8_2.tif].
Raster8FromTif: Bits per sample 8, samples per pixel 1
Raster8FromTif: Picture is 1376 by 1040, 1431040 pixels total.
TIF(8): Last Encoded strip had 1376 bytes.
PixPair: Using image scale=1.
Timer: Image conditioning took 0.270 seconds.

---- Foldmaps ----

---- Connected regions ----
Forcing single connected region.

---- Begin A-1 to B-1 ----

---- Thumbnail matching ----
Subimage: Using intersection, w=1219, h=508, pix=619252
Thumbs: After decimation 9792 pts, reqArea 2501, thmscl 8
SetDisc( -6, -16, 10, 10 )
Initial: R= 1.444, A=   1.215, X=   -6.41, Y=  -16.11
Peak-Disc: dR 3 dX -3 dY 0
Approx: LowRes  R=1.444, X=-51.276, Y=-128.883
Approx: FullRes R=0.244, X=-51.797, Y=-128.642, use=Y.
Timer: FinishAtFullRes took 0.780 seconds.
Approx: Returning A=1.215134, R=1.443864, X=-198.046949, Y=-666.403419
Approx: Best transform  1.0016 -0.0207  -198.05    0.0219  1.0044  -666.40
Approx: Orig transform  1.0016 -0.0207  -197.35    0.0219  1.0044  -665.34
Approx: Idnt transform  1.0000 -0.0000    -0.71    0.0000  1.0000    -1.04
Approx: err = 1.25924, max = 80

---- Starting detailed region mapping ----
Roughly 457892 pixels map to B.
Region size is [211 1375] in x, [633 1039] in y.

---- Building mesh - affine ----
Computed simple triangle.

---- ImproveMesh - affine ----
Tri: (211 633) (1375 633) (793 1039).

---- Matlab Vertices ----
x=[211 1375 793 211]; y=[633 633 1039 633]; plot(x,y); hold on;

---- ImproveControlPts ----
STAT: ImproveCpt: Initial affine correlation 0.583557 (457892 pixels).
corr=0.583557	step=10.000000
corr=0.583557	step=5.000000
corr=0.587034	step=5.000000
corr=0.587034	step=2.500000
corr=0.589610	step=2.500000
corr=0.589610	step=1.250000
corr=0.589946	step=1.250000
corr=0.589946	step=0.625000
corr=0.589946	step=0.312500
corr=0.590138	step=0.312500
corr=0.590138	step=0.156250
corr=0.590138	step=0.078125
STAT: ImproveCpt: Final affine correlation 0.590138, (threshold 0.200000).

---- Matlab A-Sys Originals ----
x=[211.000000 1375.000000 793.000000 211.000000]; y=[633.000000 633.000000 1039.000000 633.000000]; plot(x,y); hold on;

---- Matlab B-Sys Originals ----
x=[0.200000 1166.047268 574.729178 0.200000]; y=[-26.018841 -0.558669 394.487495 -26.018841]; plot(x,y); hold on;

---- Matlab B-Sys Optimized ----
x=[0.235209 1166.137027 575.382573 0.235209]; y=[-30.203970 0.528700 394.471308 -30.203970]; plot(x,y); hold on;

---- Deltas ----
id=     0: dx=    0.04 dy=   -4.19 d=    4.19
id=     1: dx=    0.09 dy=    1.09 d=    1.09
id=     2: dx=    0.65 dy=   -0.02 d=    0.65

---- Areas ----
Triangle 0, area was   236292.0, is   238726.9,    1.0%
Combined: area was   236292.0, is   238726.9,    1.0%

---- Transforms ----
 1.0016 -0.0192  -198.94    0.0264  1.0082  -673.93
Best affine transform:  1.0016 -0.0192  -198.94    0.0264  1.0082  -673.93
    Inverse transform:  0.9979  0.0190   211.34   -0.0261  0.9914   662.95

---- QC - affine ----
Metrics: AFF: Mean square difference 0.820569
Metrics: AFF: Smallest footprint deg=0, area=472178
MetricImages: Range x 212 1375, y 633 1039, use Nx=1164, Ny=408
Approximate EM metric 0.132319 for 474912 points.
%Yellow: Tol   1.05  red   38.3  yellow   23.0  green   38.7
%Yellow: Tol   1.10  red   29.2  yellow   41.6  green   29.1
%Yellow: Tol   1.15  red   22.5  yellow   55.5  green   22.0
%Yellow: Tol   1.20  red   17.5  yellow   65.6  green   16.9
%Yellow: Tol   1.25  red   13.9  yellow   72.7  green   13.4
Affine Triangle: 454753 points, corr 0.589713, fm 0.132319, yellow 0.73

---- Building mesh - deformable ----
Lx Dx Nx:  1164  1164.00   1
Ly Dy Ny:   406   406.00   1

STAT: From 457892 pts, got 2 triangles, 4 control points.
Timer: MeshCreate took 0.010 seconds.

---- ImproveMesh - deformable mesh ----
Tri: (211 633) (1375 633) (211 1039).
Tri: (211 1039) (1375 633) (1375 1039).

---- Matlab Vertices ----
x=[211 1375 211 211]; y=[633 633 1039 633]; plot(x,y); hold on;
x=[211 1375 1375 211]; y=[1039 633 1039 1039]; plot(x,y); hold on;

---- ImproveControlPts ----
STAT: ImproveCpt: Initial deformable mesh correlation 0.590138 (457892 pixels).
corr=0.590138	step=10.000000
corr=0.590138	step=5.000000
corr=0.590138	step=2.500000
corr=0.590138	step=1.250000
corr=0.590138	step=0.625000
STAT: ImproveCpt: Final deformable mesh correlation 0.590138, (threshold 0.250000).

---- Matlab A-Sys Originals ----
x=[211.000000 1375.000000 211.000000 211.000000]; y=[633.000000 633.000000 1039.000000 633.000000]; plot(x,y); hold on;
x=[211.000000 1375.000000 1375.000000 211.000000]; y=[1039.000000 633.000000 1039.000000 1039.000000]; plot(x,y); hold on;

---- Matlab B-Sys Originals ----
x=[0.235209 1166.137027 -7.568336 0.235209]; y=[-30.203970 0.528700 379.104973 -30.203970]; plot(x,y); hold on;
x=[-7.568336 1166.137027 1158.333481 -7.568336]; y=[379.104973 0.528700 409.837643 379.104973]; plot(x,y); hold on;

---- Matlab B-Sys Optimized ----
x=[0.235209 1166.137027 -7.568336 0.235209]; y=[-30.203970 0.528700 379.104973 -30.203970]; plot(x,y); hold on;
x=[-7.568336 1166.137027 1158.333481 -7.568336]; y=[379.104973 0.528700 409.837643 379.104973]; plot(x,y); hold on;

---- Deltas ----
id=     0: dx=    0.00 dy=    0.00 d=    0.00
id=     1: dx=    0.00 dy=    0.00 d=    0.00
id=     2: dx=    0.00 dy=    0.00 d=    0.00
id=     3: dx=    0.00 dy=    0.00 d=    0.00

---- Areas ----
Triangle 0, area was   236292.0, is   238726.9,    1.0%
Triangle 1, area was   236292.0, is   238726.9,    1.0%
Combined: area was   472584.0, is   477453.9,    1.0%

---- Transforms ----
 1.0016 -0.0192  -198.94    0.0264  1.0082  -673.93
 1.0016 -0.0192  -198.94    0.0264  1.0082  -673.93

---- QC - deformable ----
Remapping 1431040 points.
Metrics: DEF: Mean square difference 0.820569
Metrics: DEF: Smallest footprint deg=0, area=472178
MetricImages: Range x 212 1375, y 633 1039, use Nx=1164, Ny=408
Approximate EM metric 0.132319 for 474912 points.
All points, deformable, dfm 0.132319

Metrics: TRI: Mean square difference 0.700620
Metrics: TRI: Smallest footprint deg=19, area=436456
MetricImages: Range x -131 1095, y 695 1051, use Nx=1228, Ny=358
Approximate EM metric 0.079363 for 439624 points.
%Yellow: Tol   1.05  red   36.4  yellow   25.0  green   38.6
%Yellow: Tol   1.10  red   27.3  yellow   44.2  green   28.5
%Yellow: Tol   1.15  red   21.0  yellow   58.0  green   21.0
%Yellow: Tol   1.20  red   16.4  yellow   67.8  green   15.8
%Yellow: Tol   1.25  red   13.0  yellow   74.7  green   12.3
Triangle 0: 217691 points, corr 0.649686, fm 0.079363, yellow 0.75

Metrics: TRI: Mean square difference 0.921637
Metrics: TRI: Smallest footprint deg=0, area=468180
MetricImages: Range x 219 1375, y 634 1039, use Nx=1158, Ny=406
Approximate EM metric 0.095994 for 470148 points.
%Yellow: Tol   1.05  red   39.8  yellow   22.5  green   37.6
%Yellow: Tol   1.10  red   30.4  yellow   40.9  green   28.7
%Yellow: Tol   1.15  red   23.3  yellow   54.5  green   22.2
%Yellow: Tol   1.20  red   18.2  yellow   64.3  green   17.4
%Yellow: Tol   1.25  red   14.7  yellow   71.2  green   14.1
Triangle 1: 237062 points, corr 0.539177, fm 0.095994, yellow 0.71


---- Final reports ----
STAT: Overall 454753 points, corr 0.5901, EMM 0.1323, weighted EMM 0.0880, cor+dfm 0.7225, weighted yellow 0.7288

Angle span: min, max, delta = 0.022697 0.022697 0.000000
Mesh-Thm: 0.0000  0.0015     0.90    0.0045  0.0038     7.53 2x(LDR,LDC)=(0.20,200.00) -- OK.

Final remapping of 1431040 points.
Center 583.697942 762.996018:  1.0016 -0.0192  -198.94    0.0264  1.0082  -673.93
Mapping region 1 xy= 583.697942 762.996018 to region 1 xy= 371.043494 110.691737
Center 926.231500 914.264609:  1.0016 -0.0192  -198.94    0.0264  1.0082  -673.93
Mapping region 1 xy= 926.231500 914.264609 to region 1 xy= 711.229238 272.236974

Pipe: Returning 2 total transforms.

---- Summary Region-region results ----
Pipe: Table Headers {Az t r Bz t r thmok ntri}
FOUND:     1    9   1      0    8   1   1   2

---- Tabulating point matches ----

Timer: Alignment took 1.860 seconds.

main: Got 2 mapping regions.
main: Transform   0:  1.0016 -0.0192  -198.94    0.0264  1.0082  -673.93
main: Transform   1:  1.0016 -0.0192  -198.94    0.0264  1.0082  -673.93

main: Average:  1.0016 -0.0192     0.00    0.0264  1.0082     0.00
main: Degrees: 1.30042
main: Residue:  1.0020  0.0037     0.00    0.0037  1.0083     0.00

main: Inverse:  0.9979  0.0190    -0.00   -0.0261  0.9914    -0.00
main: Degrees: -1.30042
main: Residue:  0.9982 -0.0035     0.00   -0.0035  0.9916     0.00

main: Normal completion for dmesh run.
Timer: Total took 2.140 seconds.

---- Memory ----
Host name: h01u24.int.janelia.org
PID:       21909
User time:       1 seconds.
System time:     0 seconds.
VmPeak:	  625424 kB
VmSize:	  132680 kB
VmLck:	       0 kB
VmHWM:	  542032 kB
VmRSS:	   49116 kB
VmData:	   44820 kB
VmStk:	      96 kB
VmExe:	     800 kB
VmLib:	   61764 kB
VmPTE:	     256 kB
VmSwap:	       0 kB
voluntary_ctxt_switches:	26
nonvoluntary_ctxt_switches:	85

