
---- dmesh start ----
main: Start: Fri Aug  8 18:53:25 2014


---- Match parameters ----
PXBRO=2            <default 2>        "Max Legendre poly order for bkg removal"
PXLENS=N           <default N>        "Y=Apply IDB/lens.txt"
PXRESMSK=N         <default N>        "Y=Apply resin mask"
PXDOG=N            <default N>        "Y=Apply DoG filter"
PXDOG_R1=3         <default 3>        "DoG inner radius"
PXDOG_R2=6         <default 6>        "DoG outer radius"
FLD=N              <default X>        "Mask usage: Y=Use, N=None, X=XL only"
PRETWEAK=N         <default N>        "Y=Auto-distort before angle scan"
SCALE=1            <default 1.0>      "Image-B / image-A scale factor"
XSCALE=1           <default 1.0>      "Image-B / image-A x-axis scale factor"
YSCALE=1           <default 1.0>      "Image-B / image-A y-axis scale factor"
SKEW=0             <default 0.0>      "Transform elem[3] user-applied distortion"
MODE_SL=M          <default Z>        "Notes above"
MODE_XL=N          <default Y>        "Notes above"
TAB2DFM_SL=N       <default Y>        "Adopt Tdfm from Tab"
TAB2DFM_XL=Y       <default Y>        "Adopt Tdfm from Tab"
XYCONF_SL=1.0      <default 0.0>      "[0,1.0] confidence in Tab XY"
XYCONF_XL=0.8      <default 0.0>      "[0,1.0] confidence in Tab XY"
THMDEC_SL=8        <default 8>        "2^N thumb decimation factor"
THMDEC_XL=8        <default 8>        "2^N thumb decimation factor"
OLAP1D_SL=0        <default 0>        "Min 1D pix full-size overlap"
OLAP1D_XL=0        <default 0>        "Min 1D pix full-size overlap"
OLAP2D_SL=60000    <default 25000>    "Min 2D pix full-size overlap"
OLAP2D_XL=160000   <default 200000>   "Min 2D pix full-size overlap"
NBMXHT_SL=0.75     <default 0.75>     "Max F(neib)/F(pk) in guard zone"
NBMXHT_XL=0.75     <default 0.75>     "Max F(neib)/F(pk) in guard zone"
HFANGDN_SL=5       <default 5.0>      "Half angle search range denovo"
HFANGDN_XL=45      <default 45.0>     "Half angle search range denovo"
HFANGPR_SL=1       <default 1.0>      "Half angle search range prior angles"
HFANGPR_XL=4       <default 1.0>      "Half angle search range prior angles"
RTRSH_SL=0.3       <default 0.3>      "R corr thresh"
RTRSH_XL=0.3       <default 0.3>      "R corr thresh"
TWEAKS=N           <default N>        "Y=Try 8 near unity distortions"
LIMXY_SL=30        <default 0>        "0 or Max XY delta from Tab"
LIMXY_XL=80        <default 0>        "0 or Max XY delta from Tab"
OPT_SL=Y           <default Y(EM)>    "Y=Enable mesh optimizer"
RIT_SL=0.50        <default 0.20>     "Min mesh starting corr"
RIT_XL=0.1         <default 0.20>     "Min mesh starting corr"
RFA_SL=0.55        <default 0.3>      "Affine-only final corr"
RFA_XL=0.20        <default 0.3>      "Affine-only final corr"
RFT_SL=0.65        <default 0.5>      "Full mesh final corr"
RFT_XL=0.25        <default 0.5>      "Full mesh final corr"
TMC=5              <default 30.0%>    "Max single triangle area change"
TSC=9              <default 9.0%>     "Max summed triangle area change"
MNL=250            <default 300>      "Triangle edges between MNL and 2*MNL"
MTA=120000         <default 10000>    "Min triangle size (pixels)"
MMA=60000          <default 100000>   "Min 2D overlap for mesh"
ONE=N              <default N>        "Y=Use just one affine transform"
IFM=0.50           <default 0.50>     "Min Fourier Metric after affine-only"
FFM=0.65           <default 0.65>     "Min Fourier Metric after full mesh"
FYL=0.5            <default 0.50>     "Min fraction of yellow pixels"
CPD=0.5            <default 0.50>     "Min Correlation + DFM"
EMM=Y              <default Y>        "Y=Use Earth Mover's Metric, N=Use Fourier"
EMT=0.14           <default 0.2>      "Earth Movers Metric thresh"
WDI=N              <default N>        "Y=Write diff images (Fourier, EMM metrics)"
LDA=0.2            <default 0.2>      "Max radian delta between triangles"
LDR=0.1            <default 0.1>      "Max sine delta between triangles"
LDC=100            <default 100.0>    "Max XY delta between triangles"
DXY=100            <default 100.0>    "Max delta from user input XYs"
WMT=N              <default Y>        "Y=Write map.tif files"
WTT=N              <default Y>        "Y=Write tf.txt files"


---- Input images ----
Til2Img entry: A T=[ 1.0000  0.0000  1142.00  0.0000  1.0000     0.00] path=[/groups/apig/tomo/DEMO/TIF/B1_0_2.tif].
Til2Img entry: B T=[ 1.0000  0.0000  1142.00  0.0000  1.0000     0.00] path=[/groups/apig/tomo/DEMO/TIF/A1_0_2.tif].


---- Command-line overrides ----
Tab=  1.0016 -0.0237  -117.44    0.0217  1.0065   206.38
Tdfm= 1.0018 -0.0010     0.00   -0.0010  1.0068     0.00
FLD=N


---- Image loading ----
Raster8FromTif: Opening [/groups/apig/tomo/DEMO/TIF/B1_0_2.tif].
Raster8FromTif: Bits per sample 8, samples per pixel 1
Raster8FromTif: Picture is 1376 by 1040, 1431040 pixels total.
TIF(8): Last Encoded strip had 1376 bytes.
Raster8FromTif: Opening [/groups/apig/tomo/DEMO/TIF/A1_0_2.tif].
Raster8FromTif: Bits per sample 8, samples per pixel 1
Raster8FromTif: Picture is 1376 by 1040, 1431040 pixels total.
TIF(8): Last Encoded strip had 1376 bytes.
PixPair: Using image scale=1.
Timer: Image conditioning took 0.270 seconds.

---- Foldmaps ----

---- Connected regions ----
Forcing single connected region.

---- Begin A-1 to B-1 ----

---- Thumbnail matching ----
Subimage: Using intersection, w=1283, h=875, pix=1122625
Thumbs: After decimation 17710 pts, reqArea 2501, thmscl 8
SetDisc( -3, 5, 10, 10 )
Initial: R= 0.940, A=   1.293, X=   -2.90, Y=    4.16
Peak-Disc: dR 6 dX 0 dY -6
Approx: LowRes  R=0.940, X=-23.237, Y=33.250
Approx: FullRes R=0.106, X=-20.295, Y=33.012, use=Y.
Timer: FinishAtFullRes took 0.940 seconds.
Approx: Returning A=1.293332, R=0.939809, X=-113.443874, Y=195.997925
Approx: Best transform  1.0016 -0.0237  -113.44    0.0217  1.0065   196.00
Approx: Orig transform  1.0016 -0.0237  -117.44    0.0217  1.0065   206.38
Approx: Idnt transform  1.0000  0.0000     3.75    0.0000  1.0000   -10.40
Approx: err = 11.0496, max = 80

---- Starting detailed region mapping ----
Roughly 1031464 pixels map to B.
Region size is [113 1375] in x, [0 835] in y.

---- Building mesh - affine ----
Computed simple triangle.

---- ImproveMesh - affine ----
Tri: (113 0) (1375 0) (744 835).

---- Matlab Vertices ----
x=[113 1375 744 113]; y=[0 0 835 0]; plot(x,y); hold on;

---- ImproveControlPts ----
STAT: ImproveCpt: Initial affine correlation 0.181149 (1031464 pixels).
corr=0.181149	step=10.000000
corr=0.191422	step=10.000000
corr=0.193411	step=10.000000
corr=0.196883	step=10.000000
corr=0.196883	step=5.000000
corr=0.202339	step=5.000000
corr=0.202339	step=2.500000
corr=0.202339	step=1.250000
corr=0.202701	step=1.250000
corr=0.202701	step=0.625000
corr=0.202912	step=0.625000
corr=0.202912	step=0.312500
corr=0.202912	step=0.156250
corr=0.202923	step=0.156250
corr=0.202927	step=0.156250
STAT: ImproveCpt: Final affine correlation 0.202927, (threshold 0.200000).

---- Matlab A-Sys Originals ----
x=[113.000000 1375.000000 744.000000 113.000000]; y=[0.000000 0.000000 835.000000 0.000000]; plot(x,y); hold on;

---- Matlab B-Sys Originals ----
x=[-0.262961 1263.757501 611.977810 -0.262961]; y=[198.445505 225.780425 1052.526270 198.445505]; plot(x,y); hold on;

---- Matlab B-Sys Optimized ----
x=[-2.259476 1259.566790 608.746842 -2.259476]; y=[187.999465 237.855191 1055.857398 187.999465]; plot(x,y); hold on;

---- Deltas ----
id=     0: dx=   -2.00 dy=  -10.45 d=   10.64
id=     1: dx=   -4.19 dy=   12.07 d=   12.78
id=     2: dx=   -3.23 dy=    3.33 d=    4.64

---- Areas ----
Triangle 0, area was   526885.0, is   532311.9,    1.0%
Combined: area was   526885.0, is   532311.9,    1.0%

---- Transforms ----
 0.9999 -0.0238  -115.24    0.0395  1.0095   183.54
Best affine transform:  0.9999 -0.0238  -115.24    0.0395  1.0095   183.54
    Inverse transform:  0.9992  0.0236   110.82   -0.0391  0.9897  -186.15

---- QC - affine ----
Metrics: AFF: Mean square difference 1.593795
Metrics: AFF: Smallest footprint deg=0, area=1.06008e+06
MetricImages: Range x 116 1375, y 0 842, use Nx=1260, Ny=844
Approximate EM metric 0.129385 for 1063440 points.
%Yellow: Tol   1.05  red   41.3  yellow   11.9  green   46.8
%Yellow: Tol   1.10  red   37.2  yellow   26.0  green   36.9
%Yellow: Tol   1.15  red   33.5  yellow   35.2  green   31.3
%Yellow: Tol   1.20  red   29.8  yellow   43.5  green   26.6
%Yellow: Tol   1.25  red   26.3  yellow   50.8  green   22.9
Affine Triangle: 1023352 points, corr 0.203101, fm 0.129385, yellow 0.51

---- Building mesh - deformable ----
Lx Dx Nx:  1262   631.00   2
Ly Dy Ny:   835   417.00   2

STAT: From 1031464 pts, got 8 triangles, 9 control points.
Timer: MeshCreate took 0.040 seconds.

---- ImproveMesh - deformable mesh ----
Tri: (113 0) (744 0) (113 417).
Tri: (113 417) (744 0) (744 417).
Tri: (744 0) (1375 0) (744 417).
Tri: (744 417) (1375 0) (1375 417).
Tri: (113 417) (744 417) (113 835).
Tri: (113 835) (744 417) (744 835).
Tri: (744 417) (1375 417) (744 835).
Tri: (744 835) (1375 417) (1375 835).

---- Matlab Vertices ----
x=[113 744 113 113]; y=[0 0 417 0]; plot(x,y); hold on;
x=[113 744 744 113]; y=[417 0 417 417]; plot(x,y); hold on;
x=[744 1375 744 744]; y=[0 0 417 0]; plot(x,y); hold on;
x=[744 1375 1375 744]; y=[417 0 417 417]; plot(x,y); hold on;
x=[113 744 113 113]; y=[417 417 835 417]; plot(x,y); hold on;
x=[113 744 744 113]; y=[835 417 835 835]; plot(x,y); hold on;
x=[744 1375 744 744]; y=[417 417 835 417]; plot(x,y); hold on;
x=[744 1375 1375 744]; y=[835 417 835 835]; plot(x,y); hold on;

---- ImproveControlPts ----
STAT: ImproveCpt: Initial deformable mesh correlation 0.202927 (1031464 pixels).
corr=0.202927	step=10.000000
corr=0.202927	step=5.000000
corr=0.204027	step=5.000000
corr=0.204027	step=2.500000
corr=0.204309	step=2.500000
corr=0.204309	step=1.250000
corr=0.204547	step=1.250000
corr=0.204557	step=1.250000
corr=0.204675	step=1.250000
corr=0.204709	step=1.250000
corr=0.204762	step=1.250000
STAT: ImproveCpt: Final deformable mesh correlation 0.204762, (threshold 0.250000).
FAIL: ImproveMesh: corr=0.204762, below final thresh=0.250000
Pipe: Returning 0 total transforms.

---- Summary Region-region results ----
Pipe: Table Headers {Az t r Bz t r thmok ntri}
FOUND:     1    0   1      0    0   1   1   0
Timer: Alignment took 3.050 seconds.

main: Got 0 mapping regions.

main: Normal completion for dmesh run.
Timer: Total took 3.320 seconds.

---- Memory ----
Host name: h01u24.int.janelia.org
PID:       9775
User time:       3 seconds.
System time:     0 seconds.
VmPeak:	  737316 kB
VmSize:	  117440 kB
VmLck:	       0 kB
VmHWM:	  653924 kB
VmRSS:	   34100 kB
VmData:	   29580 kB
VmStk:	      96 kB
VmExe:	     800 kB
VmLib:	   61764 kB
VmPTE:	     220 kB
VmSwap:	       0 kB
voluntary_ctxt_switches:	17
nonvoluntary_ctxt_switches:	19

