
---- dmesh start ----
main: Start: Fri Aug  8 18:53:17 2014


---- Match parameters ----
PXBRO=2            <default 2>        "Max Legendre poly order for bkg removal"
PXLENS=N           <default N>        "Y=Apply IDB/lens.txt"
PXRESMSK=N         <default N>        "Y=Apply resin mask"
PXDOG=N            <default N>        "Y=Apply DoG filter"
PXDOG_R1=3         <default 3>        "DoG inner radius"
PXDOG_R2=6         <default 6>        "DoG outer radius"
FLD=N              <default X>        "Mask usage: Y=Use, N=None, X=XL only"
PRETWEAK=N         <default N>        "Y=Auto-distort before angle scan"
SCALE=1            <default 1.0>      "Image-B / image-A scale factor"
XSCALE=1           <default 1.0>      "Image-B / image-A x-axis scale factor"
YSCALE=1           <default 1.0>      "Image-B / image-A y-axis scale factor"
SKEW=0             <default 0.0>      "Transform elem[3] user-applied distortion"
MODE_SL=M          <default Z>        "Notes above"
MODE_XL=N          <default Y>        "Notes above"
TAB2DFM_SL=N       <default Y>        "Adopt Tdfm from Tab"
TAB2DFM_XL=Y       <default Y>        "Adopt Tdfm from Tab"
XYCONF_SL=1.0      <default 0.0>      "[0,1.0] confidence in Tab XY"
XYCONF_XL=0.8      <default 0.0>      "[0,1.0] confidence in Tab XY"
THMDEC_SL=8        <default 8>        "2^N thumb decimation factor"
THMDEC_XL=8        <default 8>        "2^N thumb decimation factor"
OLAP1D_SL=0        <default 0>        "Min 1D pix full-size overlap"
OLAP1D_XL=0        <default 0>        "Min 1D pix full-size overlap"
OLAP2D_SL=60000    <default 25000>    "Min 2D pix full-size overlap"
OLAP2D_XL=160000   <default 200000>   "Min 2D pix full-size overlap"
NBMXHT_SL=0.75     <default 0.75>     "Max F(neib)/F(pk) in guard zone"
NBMXHT_XL=0.75     <default 0.75>     "Max F(neib)/F(pk) in guard zone"
HFANGDN_SL=5       <default 5.0>      "Half angle search range denovo"
HFANGDN_XL=45      <default 45.0>     "Half angle search range denovo"
HFANGPR_SL=1       <default 1.0>      "Half angle search range prior angles"
HFANGPR_XL=4       <default 1.0>      "Half angle search range prior angles"
RTRSH_SL=0.3       <default 0.3>      "R corr thresh"
RTRSH_XL=0.3       <default 0.3>      "R corr thresh"
TWEAKS=N           <default N>        "Y=Try 8 near unity distortions"
LIMXY_SL=30        <default 0>        "0 or Max XY delta from Tab"
LIMXY_XL=80        <default 0>        "0 or Max XY delta from Tab"
OPT_SL=Y           <default Y(EM)>    "Y=Enable mesh optimizer"
RIT_SL=0.50        <default 0.20>     "Min mesh starting corr"
RIT_XL=0.1         <default 0.20>     "Min mesh starting corr"
RFA_SL=0.55        <default 0.3>      "Affine-only final corr"
RFA_XL=0.20        <default 0.3>      "Affine-only final corr"
RFT_SL=0.65        <default 0.5>      "Full mesh final corr"
RFT_XL=0.25        <default 0.5>      "Full mesh final corr"
TMC=5              <default 30.0%>    "Max single triangle area change"
TSC=9              <default 9.0%>     "Max summed triangle area change"
MNL=250            <default 300>      "Triangle edges between MNL and 2*MNL"
MTA=120000         <default 10000>    "Min triangle size (pixels)"
MMA=60000          <default 100000>   "Min 2D overlap for mesh"
ONE=N              <default N>        "Y=Use just one affine transform"
IFM=0.50           <default 0.50>     "Min Fourier Metric after affine-only"
FFM=0.65           <default 0.65>     "Min Fourier Metric after full mesh"
FYL=0.5            <default 0.50>     "Min fraction of yellow pixels"
CPD=0.5            <default 0.50>     "Min Correlation + DFM"
EMM=Y              <default Y>        "Y=Use Earth Mover's Metric, N=Use Fourier"
EMT=0.14           <default 0.2>      "Earth Movers Metric thresh"
WDI=N              <default N>        "Y=Write diff images (Fourier, EMM metrics)"
LDA=0.2            <default 0.2>      "Max radian delta between triangles"
LDR=0.1            <default 0.1>      "Max sine delta between triangles"
LDC=100            <default 100.0>    "Max XY delta between triangles"
DXY=100            <default 100.0>    "Max delta from user input XYs"
WMT=N              <default Y>        "Y=Write map.tif files"
WTT=N              <default Y>        "Y=Write tf.txt files"


---- Input images ----
Til2Img entry: A T=[ 1.0000  0.0000  1142.00  0.0000  1.0000  3428.00] path=[/groups/apig/tomo/DEMO/TIF/B1_4_2.tif].
Til2Img entry: B T=[ 1.0000  0.0000  1142.00  0.0000  1.0000  3428.00] path=[/groups/apig/tomo/DEMO/TIF/A1_4_2.tif].


---- Command-line overrides ----
Tab=  1.0030 -0.0198  -194.24    0.0220  1.0043   220.03
Tdfm= 1.0032  0.0011     0.00    0.0011  1.0045     0.00
FLD=N


---- Image loading ----
Raster8FromTif: Opening [/groups/apig/tomo/DEMO/TIF/B1_4_2.tif].
Raster8FromTif: Bits per sample 8, samples per pixel 1
Raster8FromTif: Picture is 1376 by 1040, 1431040 pixels total.
TIF(8): Last Encoded strip had 1376 bytes.
Raster8FromTif: Opening [/groups/apig/tomo/DEMO/TIF/A1_4_2.tif].
Raster8FromTif: Bits per sample 8, samples per pixel 1
Raster8FromTif: Picture is 1376 by 1040, 1431040 pixels total.
TIF(8): Last Encoded strip had 1376 bytes.
PixPair: Using image scale=1.
Timer: Image conditioning took 0.270 seconds.

---- Foldmaps ----

---- Connected regions ----
Forcing single connected region.

---- Begin A-1 to B-1 ----

---- Thumbnail matching ----
Subimage: Using intersection, w=1221, h=864, pix=1054944
Thumbs: After decimation 16524 pts, reqArea 2501, thmscl 8
SetDisc( -5, 6, 10, 10 )
Initial: R= 1.344, A=   1.194, X=   -4.99, Y=    6.76
Peak-Disc: dR 6 dX 0 dY 6
Approx: LowRes  R=1.344, X=-39.915, Y=54.086
Approx: FullRes R=0.201, X=-41.177, Y=53.972, use=Y.
Timer: FinishAtFullRes took 0.930 seconds.
Approx: Returning A=1.193801, R=1.343967, X=-196.640733, Y=226.564227
Approx: Best transform  1.0030 -0.0198  -196.64    0.0220  1.0043   226.56
Approx: Orig transform  1.0030 -0.0198  -194.24    0.0220  1.0043   220.03
Approx: Idnt transform  1.0000  0.0000    -2.26    0.0000  1.0000     6.56
Approx: err = 6.93819, max = 80

---- Starting detailed region mapping ----
Roughly 930007 pixels map to B.
Region size is [196 1375] in x, [0 805] in y.

---- Building mesh - affine ----
Computed simple triangle.

---- ImproveMesh - affine ----
Tri: (196 0) (1375 0) (785 805).

---- Matlab Vertices ----
x=[196 1375 785 196]; y=[0 0 805 0]; plot(x,y); hold on;

---- ImproveControlPts ----
STAT: ImproveCpt: Initial affine correlation 0.683178 (930007 pixels).
corr=0.683178	step=10.000000
corr=0.683575	step=10.000000
corr=0.683575	step=5.000000
corr=0.690509	step=5.000000
corr=0.690509	step=2.500000
corr=0.690674	step=2.500000
corr=0.690674	step=1.250000
corr=0.690716	step=1.250000
corr=0.690716	step=0.625000
corr=0.690830	step=0.625000
corr=0.690838	step=0.625000
corr=0.690838	step=0.312500
STAT: ImproveCpt: Final affine correlation 0.690897, (threshold 0.200000).

---- Matlab A-Sys Originals ----
x=[196.000000 1375.000000 785.000000 196.000000]; y=[0.000000 0.000000 805.000000 0.000000]; plot(x,y); hold on;

---- Matlab B-Sys Originals ----
x=[-0.054889 1182.469142 574.730407 -0.054889]; y=[230.873091 256.792227 1052.265457 230.873091]; plot(x,y); hold on;

---- Matlab B-Sys Optimized ----
x=[2.065440 1184.177622 575.237947 2.065440]; y=[223.791885 259.553627 1052.448286 223.791885]; plot(x,y); hold on;

---- Deltas ----
id=     0: dx=    2.12 dy=   -7.08 d=    7.39
id=     1: dx=    1.71 dy=    2.76 d=    3.25
id=     2: dx=    0.51 dy=    0.18 d=    0.54

---- Areas ----
Triangle 0, area was   474547.5, is   479533.6,    1.1%
Combined: area was   474547.5, is   479533.6,    1.1%

---- Transforms ----
 1.0026 -0.0216  -194.45    0.0303  1.0072   217.85
Best affine transform:  1.0026 -0.0216  -194.45    0.0303  1.0072   217.85
    Inverse transform:  0.9967  0.0214   189.16   -0.0300  0.9922  -221.99

---- QC - affine ----
Metrics: AFF: Mean square difference 0.618897
Metrics: AFF: Smallest footprint deg=0, area=954248
MetricImages: Range x 194 1375, y 0 808, use Nx=1182, Ny=810
Approximate EM metric 0.121527 for 957420 points.
%Yellow: Tol   1.05  red   39.0  yellow   22.4  green   38.6
%Yellow: Tol   1.10  red   28.6  yellow   42.9  green   28.5
%Yellow: Tol   1.15  red   21.1  yellow   57.4  green   21.5
%Yellow: Tol   1.20  red   16.2  yellow   67.1  green   16.7
%Yellow: Tol   1.25  red   13.2  yellow   73.4  green   13.4
Affine Triangle: 928925 points, corr 0.690550, fm 0.121527, yellow 0.73

---- Building mesh - deformable ----
Lx Dx Nx:  1179  1179.00   1
Ly Dy Ny:   805   402.00   2

STAT: From 930007 pts, got 4 triangles, 6 control points.
Timer: MeshCreate took 0.020 seconds.

---- ImproveMesh - deformable mesh ----
Tri: (196 0) (1375 0) (196 402).
Tri: (196 402) (1375 0) (1375 402).
Tri: (196 402) (1375 402) (196 805).
Tri: (196 805) (1375 402) (1375 805).

---- Matlab Vertices ----
x=[196 1375 196 196]; y=[0 0 402 0]; plot(x,y); hold on;
x=[196 1375 1375 196]; y=[402 0 402 402]; plot(x,y); hold on;
x=[196 1375 196 196]; y=[402 402 805 402]; plot(x,y); hold on;
x=[196 1375 1375 196]; y=[805 402 805 805]; plot(x,y); hold on;

---- ImproveControlPts ----
STAT: ImproveCpt: Initial deformable mesh correlation 0.690897 (930007 pixels).
corr=0.690897	step=10.000000
corr=0.690897	step=5.000000
corr=0.691258	step=5.000000
corr=0.691258	step=2.500000
corr=0.691732	step=2.500000
corr=0.691732	step=1.250000
corr=0.691887	step=1.250000
corr=0.691902	step=1.250000
corr=0.691951	step=1.250000
STAT: ImproveCpt: Final deformable mesh correlation 0.691951, (threshold 0.250000).

---- Matlab A-Sys Originals ----
x=[196.000000 1375.000000 196.000000 196.000000]; y=[0.000000 0.000000 402.000000 0.000000]; plot(x,y); hold on;
x=[196.000000 1375.000000 1375.000000 196.000000]; y=[402.000000 0.000000 402.000000 402.000000]; plot(x,y); hold on;
x=[196.000000 1375.000000 196.000000 196.000000]; y=[402.000000 402.000000 805.000000 402.000000]; plot(x,y); hold on;
x=[196.000000 1375.000000 1375.000000 196.000000]; y=[805.000000 402.000000 805.000000 805.000000]; plot(x,y); hold on;

---- Matlab B-Sys Originals ----
x=[2.065440 1184.177622 -6.614895 2.065440]; y=[223.791885 259.553627 628.683636 223.791885]; plot(x,y); hold on;
x=[-6.614895 1184.177622 1175.497287 -6.614895]; y=[628.683636 259.553627 664.445379 628.683636]; plot(x,y); hold on;
x=[-6.614895 1175.497287 -15.316824 -6.614895]; y=[628.683636 664.445379 1034.582581 628.683636]; plot(x,y); hold on;
x=[-15.316824 1175.497287 1166.795358 -15.316824]; y=[1034.582581 664.445379 1070.344323 1034.582581]; plot(x,y); hold on;

---- Matlab B-Sys Optimized ----
x=[6.281812 1181.740865 -6.513069 6.281812]; y=[221.492900 261.206259 627.646986 221.492900]; plot(x,y); hold on;
x=[-6.513069 1181.740865 1176.462998 -6.513069]; y=[627.646986 261.206259 663.849555 627.646986]; plot(x,y); hold on;
x=[-6.513069 1176.462998 -17.060721 -6.513069]; y=[627.646986 663.849555 1036.415653 627.646986]; plot(x,y); hold on;
x=[-17.060721 1176.462998 1168.866321 -17.060721]; y=[1036.415653 663.849555 1070.034510 1036.415653]; plot(x,y); hold on;

---- Deltas ----
id=     0: dx=    4.22 dy=   -2.30 d=    4.80
id=     1: dx=   -2.44 dy=    1.65 d=    2.94
id=     2: dx=    0.10 dy=   -1.04 d=    1.04
id=     3: dx=    0.97 dy=   -0.60 d=    1.13
id=     4: dx=   -1.74 dy=    1.83 d=    2.53
id=     5: dx=    2.07 dy=   -0.31 d=    2.09

---- Areas ----
Triangle 0, area was   236979.0, is   238962.8,    0.8%
Triangle 1, area was   236979.0, is   238254.2,    0.5%
Triangle 2, area was   237568.5, is   241972.7,    1.9%
Triangle 3, area was   237568.5, is   240980.6,    1.4%
Combined: area was   949095.0, is   960170.3,    1.2%

---- Transforms ----
 0.9970 -0.0318  -189.13    0.0337  1.0103   214.89
 1.0034 -0.0131  -197.90    0.0307  1.0016   218.99
 1.0034 -0.0262  -192.65    0.0307  1.0143   213.87
 1.0059 -0.0189  -199.04    0.0285  1.0079   219.46

---- QC - deformable ----
Remapping 1431040 points.
Metrics: DEF: Mean square difference 0.617298
Metrics: DEF: Smallest footprint deg=0, area=956295
MetricImages: Range x 190 1375, y 0 807, use Nx=1186, Ny=808
Approximate EM metric 0.120100 for 958288 points.
All points, deformable, dfm 0.120100

Metrics: TRI: Mean square difference 0.313606
Metrics: TRI: Smallest footprint deg=0, area=472815
MetricImages: Range x 190 1375, y 0 399, use Nx=1186, Ny=400
Approximate EM metric 0.048155 for 474400 points.
%Yellow: Tol   1.05  red   30.4  yellow   41.1  green   28.4
%Yellow: Tol   1.10  red   18.6  yellow   61.9  green   19.5
%Yellow: Tol   1.15  red   13.5  yellow   72.3  green   14.2
%Yellow: Tol   1.20  red   10.3  yellow   78.9  green   10.8
%Yellow: Tol   1.25  red    8.1  yellow   83.4  green    8.4
Triangle 0: 237535 points, corr 0.843193, fm 0.048155, yellow 0.83

Metrics: TRI: Mean square difference 0.604693
Metrics: TRI: Smallest footprint deg=0, area=469972
MetricImages: Range x 203 1375, y 1 402, use Nx=1174, Ny=402
Approximate EM metric 0.058058 for 471948 points.
%Yellow: Tol   1.05  red   35.0  yellow   28.2  green   36.8
%Yellow: Tol   1.10  red   25.9  yellow   47.8  green   26.4
%Yellow: Tol   1.15  red   19.8  yellow   60.4  green   19.7
%Yellow: Tol   1.20  red   15.6  yellow   69.3  green   15.1
%Yellow: Tol   1.25  red   12.5  yellow   75.4  green   12.1
Triangle 1: 237757 points, corr 0.697649, fm 0.058058, yellow 0.75

Metrics: TRI: Mean square difference 0.917364
Metrics: TRI: Smallest footprint deg=0, area=462924
MetricImages: Range x 203 1372, y 403 799, use Nx=1170, Ny=398
Approximate EM metric 0.075226 for 465660 points.
%Yellow: Tol   1.05  red   37.8  yellow   19.5  green   42.7
%Yellow: Tol   1.10  red   30.5  yellow   36.3  green   33.2
%Yellow: Tol   1.15  red   24.7  yellow   49.9  green   25.4
%Yellow: Tol   1.20  red   20.3  yellow   60.3  green   19.4
%Yellow: Tol   1.25  red   17.1  yellow   67.8  green   15.1
Triangle 2: 232301 points, corr 0.541314, fm 0.075226, yellow 0.68

Metrics: TRI: Mean square difference 0.964526
Metrics: TRI: Smallest footprint deg=18, area=437005
MetricImages: Range x -47 1184, y 807 1162, use Nx=1232, Ny=356
Approximate EM metric 0.086857 for 438592 points.
%Yellow: Tol   1.05  red   40.2  yellow   20.5  green   39.4
%Yellow: Tol   1.10  red   32.0  yellow   36.9  green   31.1
%Yellow: Tol   1.15  red   26.1  yellow   49.3  green   24.6
%Yellow: Tol   1.20  red   21.9  yellow   58.4  green   19.7
%Yellow: Tol   1.25  red   18.7  yellow   65.4  green   15.9
Triangle 3: 221026 points, corr 0.517732, fm 0.086857, yellow 0.65


---- Final reports ----
STAT: Overall 928619 points, corr 0.6920, EMM 0.1201, weighted EMM 0.0667, cor+dfm 0.8121, weighted yellow 0.7317

Angle span: min, max, delta = 0.021860 0.032625 0.010765
Mesh-Thm: 0.0006  0.0027     1.96    0.0089  0.0043     9.76 2x(LDR,LDC)=(0.20,200.00) -- OK.

Final remapping of 1431040 points.
Center 573.500751 128.715269:  0.9970 -0.0318  -189.13    0.0337  1.0103   214.89
Mapping region 1 xy= 573.500751 128.715269 to region 1 xy= 378.552039 364.253965
Center 920.448401 278.493530:  1.0034 -0.0131  -197.90    0.0307  1.0016   218.99
Mapping region 1 xy= 920.448401 278.493530 to region 1 xy= 721.999985 526.187908
Center 557.621307 525.607622:  1.0034 -0.0262  -192.65    0.0307  1.0143   213.87
Mapping region 1 xy= 557.621307 525.607622 to region 1 xy= 353.092610 764.127970
Center 910.344518 682.913130:  1.0059 -0.0189  -199.04    0.0285  1.0079   219.46
Mapping region 1 xy= 910.344518 682.913130 to region 1 xy= 703.782199 933.733251

Pipe: Returning 4 total transforms.

---- Summary Region-region results ----
Pipe: Table Headers {Az t r Bz t r thmok ntri}
FOUND:     1    4   1      0    4   1   1   4

---- Tabulating point matches ----

Timer: Alignment took 3.070 seconds.

main: Got 4 mapping regions.
main: Transform   0:  0.9970 -0.0318  -189.13    0.0337  1.0103   214.89
main: Transform   1:  1.0034 -0.0131  -197.90    0.0307  1.0016   218.99
main: Transform   2:  1.0034 -0.0262  -192.65    0.0307  1.0143   213.87
main: Transform   3:  1.0059 -0.0189  -199.04    0.0285  1.0079   219.46

main: Average:  1.0024 -0.0225     0.00    0.0309  1.0085     0.00
main: Degrees: 1.52105
main: Residue:  1.0029  0.0043     0.00    0.0043  1.0088     0.00

main: Inverse:  0.9969  0.0222    -0.00   -0.0305  0.9909    -0.00
main: Degrees: -1.52105
main: Residue:  0.9974 -0.0041     0.00   -0.0041  0.9911     0.00

main: Normal completion for dmesh run.
Timer: Total took 3.340 seconds.

---- Memory ----
Host name: h01u24.int.janelia.org
PID:       29972
User time:       3 seconds.
System time:     0 seconds.
VmPeak:	  722336 kB
VmSize:	  149168 kB
VmLck:	       0 kB
VmHWM:	  638944 kB
VmRSS:	   64128 kB
VmData:	   61308 kB
VmStk:	      96 kB
VmExe:	     800 kB
VmLib:	   61764 kB
VmPTE:	     276 kB
VmSwap:	       0 kB
voluntary_ctxt_switches:	23
nonvoluntary_ctxt_switches:	36

