Scapeops start: Fri Aug  8 18:50:25 2014 /groups/apig/tomo/DEMO/temp0/X_A_BIN_mons -script=/groups/apig/tomo/DEMO/prms/scriptparams.txt -idb=/groups/apig/tomo/DEMO/idb0 -mb -ab -za=2 -zb=1 

---- Script parameters ----
slotspernode=16       <typical 16>      "fixed slot count per cluster node"
usingfoldmasks=N       <typical N>       "Y=Each tile gets foldmask image"
croprectfile=          <path or blank>   "{cam,x0,y0,dx,dy} for ea. cam"
makefmjparam=4         <typical 4>       "'fsub'/make.fm -j #concurrent_procs"
makefmslots=4          <typical 4>       "'fsub'/make.fm slots per qsub (>= jparam)"
createauxdirs=N        <typical N>       "Y=create special dirs for aux ptest info"
montageblocksize=8     <typical 8>       "montage work grid cell size^2 tiles"
mintileolapfrac=0.02   <typical 0.02>    "min layout tile area frac for overlap"
ignorecorners=N        <typical N>       "Y=using row/col data, omit corner-corner pairs"
makesamejparam=4       <typical 4>       "'ssub'/make.same -j #concurrent_procs"
makesameslots=4        <typical 4>       "'ssub'/make.same slots per qsub (>= jparam)"
crossscale=8           <typical 50>      "scale reduction for strips and blocks"
legendremaxorder=2     <typical 1>       "max order Legendre poly bkgnd subtraction"
rendersdevcnts=42      <typical 42>      "rescale making 1 stdev this many cnts"
maskoutresin=N         <typical N>       "Y=remove resin pixels from EM rendering"
stripwidth=5           <typical 15>      "strips n tiles wide in short dimension"
stripsweepspan=360     <typical 360.0>   "strip angle sweep span (deg, 0 -> force 0)"
stripsweepstep=5       <typical 5.0>     "strip sweep step size (deg, step > 0)"
stripmincorr=0.02      <typical 0.02>    "strips 'fail' if correlation this low"
stripslots=8           <typical 8>       "subscapes.sht/scapeops slots/threads per job"
crossblocksize=10      <typical 10>      "block work grid cell size^2 tiles"
blocksweepspan=8       <typical 8.0>     "block angle sweep span (deg)"
blocksweepstep=0.2     <typical 0.2>     "block sweep step size (deg, step > 0)"
blockxyconf=0.75       <typical 0.75>    "search radius = (1-conf)(blockwide)"
blockmincorr=0.2       <typical 0.45>    "min required block match correlation"
blocknomcorr=0.2       <typical 0.50>    "nominal block match correlation"
blocknomcoverage=0.90  <typical 0.90>    "nominal block area frac matched"
blockreqdz=1           <typical 1>       "connect to at least reqdz layers (<= maxdz)"
blockmaxdz=10          <typical 10>      "max z-index span of useful correlation"
blockslots=8           <typical 8>       "bsub.sht/cross_thisblock slots/threads per job"
makedownjparam=4       <typical 4>       "'dsub'/make.down -j #concurrent_procs"
makedownslots=4        <typical 4>       "'dsub'/make.down slots per qsub (>= jparam)"
xmlpixeltype=0         <typical 0>       "ImagePlus type code (above)"
xmlsclmin=0            <typical 0>       "intensity scale min"
xmlsclmax=0            <typical 0>       "intensity scale max"

Got 28 images.
Raster8FromTif: Opening [/groups/apig/tomo/DEMO/TIF/B1_0_2.tif].
Raster8FromTif: Bits per sample 8, samples per pixel 1
Raster8FromTif: Picture is 1376 by 1040, 1431040 pixels total.
TIF(8): Last Encoded strip had 1376 bytes.
Timer: ReadFile took 0.030 seconds.
Raster8FromTif: Opening [/groups/apig/tomo/DEMO/TIF/B1_10_2.tif].
Raster8FromTif: Opening [/groups/apig/tomo/DEMO/TIF/B1_7_2.tif].
Raster8FromTif: Opening [/groups/apig/tomo/DEMO/TIF/B1_13_2.tif].
Raster8FromTif: Opening [/groups/apig/tomo/DEMO/TIF/B1_4_2.tif].
Raster8FromTif: Bits per sample 8, samples per pixel 1
Raster8FromTif: Picture is 1376 by 1040, 1431040 pixels total.
Raster8FromTif: Bits per sample 8, samples per pixel 1
Raster8FromTif: Picture is 1376 by 1040, 1431040 pixels total.
Raster8FromTif: Bits per sample 8, samples per pixel 1
Raster8FromTif: Picture is 1376 by 1040, 1431040 pixels total.
TIF(8): Last Encoded strip had 1376 bytes.
Raster8FromTif: Bits per sample 8, samples per pixel 1
Raster8FromTif: Picture is 1376 by 1040, 1431040 pixels total.
TIF(8): Last Encoded strip had 1376 bytes.
TIF(8): Last Encoded strip had 1376 bytes.
TIF(8): Last Encoded strip had 1376 bytes.
Raster8FromTif: Opening [/groups/apig/tomo/DEMO/TIF/B1_9_2.tif].
Raster8FromTif: Opening [/groups/apig/tomo/DEMO/TIF/B1_12_2.tif].
Raster8FromTif: Opening [/groups/apig/tomo/DEMO/TIF/B1_6_2.tif].
Raster8FromTif: Bits per sample 8, samples per pixel 1
Raster8FromTif: Picture is 1376 by 1040, 1431040 pixels total.
Raster8FromTif: Opening [/groups/apig/tomo/DEMO/TIF/B1_3_2.tif].
Raster8FromTif: Bits per sample 8, samples per pixel 1
Raster8FromTif: Picture is 1376 by 1040, 1431040 pixels total.
TIF(8): Last Encoded strip had 1376 bytes.
Raster8FromTif: Bits per sample 8, samples per pixel 1
Raster8FromTif: Picture is 1376 by 1040, 1431040 pixels total.
Raster8FromTif: Bits per sample 8, samples per pixel 1
Raster8FromTif: Picture is 1376 by 1040, 1431040 pixels total.
TIF(8): Last Encoded strip had 1376 bytes.
TIF(8): Last Encoded strip had 1376 bytes.
TIF(8): Last Encoded strip had 1376 bytes.
Raster8FromTif: Opening [/groups/apig/tomo/DEMO/TIF/B1_8_2.tif].
Raster8FromTif: Bits per sample 8, samples per pixel 1
Raster8FromTif: Picture is 1376 by 1040, 1431040 pixels total.
Raster8FromTif: Opening [/groups/apig/tomo/DEMO/TIF/B1_11_2.tif].
Raster8FromTif: Opening [/groups/apig/tomo/DEMO/TIF/B1_5_2.tif].
TIF(8): Last Encoded strip had 1376 bytes.
Raster8FromTif: Opening [/groups/apig/tomo/DEMO/TIF/B1_2_2.tif].
Raster8FromTif: Bits per sample 8, samples per pixel 1
Raster8FromTif: Picture is 1376 by 1040, 1431040 pixels total.
Raster8FromTif: Bits per sample 8, samples per pixel 1
Raster8FromTif: Picture is 1376 by 1040, 1431040 pixels total.
TIF(8): Last Encoded strip had 1376 bytes.
Raster8FromTif: Bits per sample 8, samples per pixel 1
Raster8FromTif: Picture is 1376 by 1040, 1431040 pixels total.
TIF(8): Last Encoded strip had 1376 bytes.
TIF(8): Last Encoded strip had 1376 bytes.
Raster8FromTif: Opening [/groups/apig/tomo/DEMO/TIF/B1_1_2.tif].
Raster8FromTif: Bits per sample 8, samples per pixel 1
Raster8FromTif: Picture is 1376 by 1040, 1431040 pixels total.
TIF(8): Last Encoded strip had 1376 bytes.
Raster8FromTif: Opening [/groups/apig/tomo/DEMO/TIF/B1_0_2.tif].
Raster8FromTif: Bits per sample 8, samples per pixel 1
Raster8FromTif: Picture is 1376 by 1040, 1431040 pixels total.
TIF(8): Last Encoded strip had 1376 bytes.
*M: z deg [l,r,b,t] scl [ws,hs] [x0,y0]
1 0 [0,2525,0,6188] 8 [316,774] [0,0]
Timer: MakeMontage took 0.750 seconds.
Raster8FromTif: Opening [/groups/apig/tomo/DEMO/TIF/C1_10_2.tif].
Raster8FromTif: Opening [/groups/apig/tomo/DEMO/TIF/C1_13_2.tif].
Raster8FromTif: Opening [/groups/apig/tomo/DEMO/TIF/C1_7_2.tif].
Raster8FromTif: Opening [/groups/apig/tomo/DEMO/TIF/C1_4_2.tif].
Raster8FromTif: Bits per sample 8, samples per pixel 1
Raster8FromTif: Picture is 1376 by 1040, 1431040 pixels total.
Raster8FromTif: Bits per sample 8, samples per pixel 1
Raster8FromTif: Picture is 1376 by 1040, 1431040 pixels total.
Raster8FromTif: Bits per sample 8, samples per pixel 1
Raster8FromTif: Picture is 1376 by 1040, 1431040 pixels total.
TIF(8): Last Encoded strip had 1376 bytes.
TIF(8): Last Encoded strip had 1376 bytes.
Raster8FromTif: Bits per sample 8, samples per pixel 1
Raster8FromTif: Picture is 1376 by 1040, 1431040 pixels total.
TIF(8): Last Encoded strip had 1376 bytes.
TIF(8): Last Encoded strip had 1376 bytes.
Raster8FromTif: Opening [/groups/apig/tomo/DEMO/TIF/C1_9_2.tif].
Raster8FromTif: Opening [/groups/apig/tomo/DEMO/TIF/C1_12_2.tif].
Raster8FromTif: Bits per sample 8, samples per pixel 1
Raster8FromTif: Picture is 1376 by 1040, 1431040 pixels total.
Raster8FromTif: Opening [/groups/apig/tomo/DEMO/TIF/C1_3_2.tif].
TIF(8): Last Encoded strip had 1376 bytes.
Raster8FromTif: Opening [/groups/apig/tomo/DEMO/TIF/C1_6_2.tif].
Raster8FromTif: Bits per sample 8, samples per pixel 1
Raster8FromTif: Picture is 1376 by 1040, 1431040 pixels total.
Raster8FromTif: Bits per sample 8, samples per pixel 1
Raster8FromTif: Picture is 1376 by 1040, 1431040 pixels total.
TIF(8): Last Encoded strip had 1376 bytes.
Raster8FromTif: Bits per sample 8, samples per pixel 1
Raster8FromTif: Picture is 1376 by 1040, 1431040 pixels total.
TIF(8): Last Encoded strip had 1376 bytes.
TIF(8): Last Encoded strip had 1376 bytes.
Raster8FromTif: Opening [/groups/apig/tomo/DEMO/TIF/C1_8_2.tif].
Raster8FromTif: Bits per sample 8, samples per pixel 1
Raster8FromTif: Picture is 1376 by 1040, 1431040 pixels total.
TIF(8): Last Encoded strip had 1376 bytes.
Raster8FromTif: Opening [/groups/apig/tomo/DEMO/TIF/C1_11_2.tif].
Raster8FromTif: Bits per sample 8, samples per pixel 1
Raster8FromTif: Picture is 1376 by 1040, 1431040 pixels total.
TIF(8): Last Encoded strip had 1376 bytes.
Raster8FromTif: Opening [/groups/apig/tomo/DEMO/TIF/C1_2_2.tif].
Raster8FromTif: Opening [/groups/apig/tomo/DEMO/TIF/C1_5_2.tif].
Raster8FromTif: Bits per sample 8, samples per pixel 1
Raster8FromTif: Picture is 1376 by 1040, 1431040 pixels total.
Raster8FromTif: Bits per sample 8, samples per pixel 1
Raster8FromTif: Picture is 1376 by 1040, 1431040 pixels total.
TIF(8): Last Encoded strip had 1376 bytes.
TIF(8): Last Encoded strip had 1376 bytes.
Raster8FromTif: Opening [/groups/apig/tomo/DEMO/TIF/C1_1_2.tif].
Raster8FromTif: Bits per sample 8, samples per pixel 1
Raster8FromTif: Picture is 1376 by 1040, 1431040 pixels total.
TIF(8): Last Encoded strip had 1376 bytes.
Raster8FromTif: Opening [/groups/apig/tomo/DEMO/TIF/C1_0_2.tif].
Raster8FromTif: Bits per sample 8, samples per pixel 1
Raster8FromTif: Picture is 1376 by 1040, 1431040 pixels total.
TIF(8): Last Encoded strip had 1376 bytes.
Raster8FromTif: Opening [/groups/apig/tomo/DEMO/TIF/B1_10_2.tif].
Raster8FromTif: Opening [/groups/apig/tomo/DEMO/TIF/B1_7_2.tif].
Raster8FromTif: Opening [/groups/apig/tomo/DEMO/TIF/B1_13_2.tif].
Raster8FromTif: Opening [/groups/apig/tomo/DEMO/TIF/B1_4_2.tif].
Raster8FromTif: Bits per sample 8, samples per pixel 1
Raster8FromTif: Picture is 1376 by 1040, 1431040 pixels total.
Raster8FromTif: Bits per sample 8, samples per pixel 1
Raster8FromTif: Picture is 1376 by 1040, 1431040 pixels total.
Raster8FromTif: Bits per sample 8, samples per pixel 1
Raster8FromTif: Picture is 1376 by 1040, 1431040 pixels total.
Raster8FromTif: Bits per sample 8, samples per pixel 1
Raster8FromTif: Picture is 1376 by 1040, 1431040 pixels total.
TIF(8): Last Encoded strip had 1376 bytes.
TIF(8): Last Encoded strip had 1376 bytes.
TIF(8): Last Encoded strip had 1376 bytes.
TIF(8): Last Encoded strip had 1376 bytes.
Raster8FromTif: Opening [/groups/apig/tomo/DEMO/TIF/B1_12_2.tif].
Raster8FromTif: Bits per sample 8, samples per pixel 1
Raster8FromTif: Picture is 1376 by 1040, 1431040 pixels total.
TIF(8): Last Encoded strip had 1376 bytes.
Raster8FromTif: Opening [/groups/apig/tomo/DEMO/TIF/B1_3_2.tif].
Raster8FromTif: Bits per sample 8, samples per pixel 1
Raster8FromTif: Picture is 1376 by 1040, 1431040 pixels total.
Raster8FromTif: Opening [/groups/apig/tomo/DEMO/TIF/B1_6_2.tif].
Raster8FromTif: Bits per sample 8, samples per pixel 1
Raster8FromTif: Picture is 1376 by 1040, 1431040 pixels total.
TIF(8): Last Encoded strip had 1376 bytes.
Raster8FromTif: Opening [/groups/apig/tomo/DEMO/TIF/B1_9_2.tif].
TIF(8): Last Encoded strip had 1376 bytes.
Raster8FromTif: Bits per sample 8, samples per pixel 1
Raster8FromTif: Picture is 1376 by 1040, 1431040 pixels total.
TIF(8): Last Encoded strip had 1376 bytes.
Raster8FromTif: Opening [/groups/apig/tomo/DEMO/TIF/B1_11_2.tif].
Raster8FromTif: Bits per sample 8, samples per pixel 1
Raster8FromTif: Picture is 1376 by 1040, 1431040 pixels total.
TIF(8): Last Encoded strip had 1376 bytes.
Raster8FromTif: Opening [/groups/apig/tomo/DEMO/TIF/B1_2_2.tif].
Raster8FromTif: Opening [/groups/apig/tomo/DEMO/TIF/B1_5_2.tif].
Raster8FromTif: Bits per sample 8, samples per pixel 1
Raster8FromTif: Picture is 1376 by 1040, 1431040 pixels total.
Raster8FromTif: Bits per sample 8, samples per pixel 1
Raster8FromTif: Picture is 1376 by 1040, 1431040 pixels total.
TIF(8): Last Encoded strip had 1376 bytes.
TIF(8): Last Encoded strip had 1376 bytes.
Raster8FromTif: Opening [/groups/apig/tomo/DEMO/TIF/B1_8_2.tif].
Raster8FromTif: Bits per sample 8, samples per pixel 1
Raster8FromTif: Picture is 1376 by 1040, 1431040 pixels total.
TIF(8): Last Encoded strip had 1376 bytes.
Raster8FromTif: Opening [/groups/apig/tomo/DEMO/TIF/B1_1_2.tif].
Raster8FromTif: Bits per sample 8, samples per pixel 1
Raster8FromTif: Picture is 1376 by 1040, 1431040 pixels total.
TIF(8): Last Encoded strip had 1376 bytes.
Raster8FromTif: Opening [/groups/apig/tomo/DEMO/TIF/B1_0_2.tif].
Raster8FromTif: Bits per sample 8, samples per pixel 1
Raster8FromTif: Picture is 1376 by 1040, 1431040 pixels total.
TIF(8): Last Encoded strip had 1376 bytes.
Timer: MakeStrips took 1.470 seconds.
*A: z deg [l,r,b,t] scl [ws,hs] [x0,y0]
2 0 [0,2524,0,6187] 8 [316,774] [0,0]
*B: z deg [l,r,b,t] scl [ws,hs] [x0,y0]
1 0 [0,2525,0,6188] 8 [316,774] [0,0]

---- Thumbnail matching ----
AngleScan: center=0.000, hlfwid=180.000, step=5.000
Center: R= 0.472, A=   0.000, X=   -5.85, Y=    7.95
  Scan: R= 0.082, A= -10.000, X= -105.84, Y=   45.03
  Scan: R= 0.083, A=  -8.333, X=  -90.93, Y=   36.31
  Scan: R= 0.094, A=  -6.667, X=  -71.53, Y=   28.61
  Scan: R= 0.117, A=  -5.000, X=  -56.61, Y=   25.30
  Scan: R= 0.170, A=  -3.333, X=  -43.38, Y=   20.03
  Scan: R= 0.245, A=  -1.667, X=  -22.16, Y=   10.93
  Scan: R= 0.472, A=   0.000, X=   -5.85, Y=    7.95
  Scan: R= 1.008, A=   1.667, X=    9.07, Y=    4.42
  Scan: R= 0.321, A=   3.333, X=   25.73, Y=   -0.31
  Scan: R= 0.195, A=   5.000, X=   40.74, Y=   -5.60
  Scan: R= 0.130, A=   6.667, X=   53.76, Y=   -5.08
  Scan: R= 0.097, A=   8.333, X=   81.77, Y=   -9.45
  Scan: R= 0.091, A=  10.000, X=   97.95, Y=   -7.74
  Scan: R= 0.065, A= 170.000, X=  374.97, Y=  898.14
  Scan: R= 0.065, A= 171.667, X=  403.68, Y=  689.98
  Scan: R= 0.072, A= 173.333, X=  327.29, Y=  710.83
  Scan: R= 0.065, A= 175.000, X=  389.29, Y=  705.91
  Scan: R= 0.078, A= 176.667, X=  387.95, Y=  831.46
  Scan: R= 0.081, A= 178.333, X=  309.04, Y=  697.26
  Scan: R= 0.070, A= 180.000, X=  286.90, Y=  706.94
  Scan: R= 0.074, A= 181.667, X=  280.23, Y=  714.00
  Scan: R= 0.066, A= 183.333, X=  285.04, Y=  713.96
  Scan: R= 0.075, A= 185.000, X=  270.74, Y=  717.73
  Scan: R= 0.086, A= 186.667, X=  300.14, Y=  748.93
  Scan: R= 0.084, A= 188.333, X=  244.89, Y=  759.06
  Scan: R= 0.078, A= 190.000, X=  232.71, Y=  764.58
  Scan: R= 0.070, A=-180.000, X=  286.90, Y=  706.94
  Scan: R= 0.075, A=-175.000, X=  270.74, Y=  717.73
  Scan: R= 0.078, A=-170.000, X=  232.71, Y=  764.58
  Scan: R= 0.067, A=-165.000, X=  168.09, Y=  955.86
  Scan: R= 0.078, A=-160.000, X=  202.64, Y=  755.91
  Scan: R= 0.072, A=-155.000, X=  185.99, Y=  756.85
  Scan: R= 0.067, A=-150.000, X=  125.35, Y=  766.11
  Scan: R= 0.089, A=-145.000, X=   92.11, Y=  890.88
  Scan: R= 0.069, A=-140.000, X=   59.16, Y=  869.85
  Scan: R= 0.065, A=-135.000, X=   31.14, Y=  854.06
  Scan: R= 0.061, A=-130.000, X=  -15.73, Y=  826.88
  Scan: R= 0.068, A=-125.000, X=  -44.60, Y=  830.29
  Scan: R= 0.068, A=-120.000, X=  -86.87, Y=  800.71
  Scan: R= 0.061, A=-115.000, X= -115.24, Y=  773.27
  Scan: R= 0.057, A=-110.000, X= -137.17, Y=  729.06
  Scan: R= 0.050, A=-105.000, X= -180.28, Y=  724.19
  Scan: R= 0.059, A=-100.000, X= -196.89, Y=  673.53
  Scan: R= 0.052, A= -95.000, X= -205.05, Y=  694.06
  Scan: R= 0.057, A= -90.000, X= -229.22, Y=  608.01
  Scan: R= 0.054, A= -85.000, X= -240.60, Y=  564.39
  Scan: R= 0.054, A= -80.000, X= -257.06, Y=  543.98
  Scan: R= 0.050, A= -75.000, X= -275.96, Y=  501.67
  Scan: R= 0.056, A= -70.000, X= -293.00, Y=  467.31
  Scan: R= 0.058, A= -65.000, X= -283.14, Y=  440.00
  Scan: R= 0.059, A= -60.000, X= -236.99, Y=  233.93
  Scan: R= 0.054, A= -55.000, X= -269.75, Y=  350.15
  Scan: R= 0.054, A= -50.000, X= -256.42, Y=  181.10
  Scan: R= 0.060, A= -45.000, X= -274.81, Y=  150.18
  Scan: R= 0.078, A= -40.000, X= -242.98, Y=  104.81
  Scan: R= 0.059, A= -35.000, X= -218.90, Y=   72.95
  Scan: R= 0.062, A= -30.000, X= -199.92, Y=  125.18
  Scan: R= 0.063, A= -25.000, X= -166.28, Y=  103.74
  Scan: R= 0.077, A= -20.000, X= -145.29, Y=   75.07
  Scan: R= 0.068, A= -15.000, X= -107.33, Y=   51.61
  Scan: R= 0.082, A= -10.000, X= -105.84, Y=   45.03
  Scan: R= 0.117, A=  -5.000, X=  -56.61, Y=   25.30
  Scan: R= 0.472, A=   0.000, X=   -5.85, Y=    7.95
  Scan: R= 0.195, A=   5.000, X=   40.74, Y=   -5.60
  Scan: R= 0.091, A=  10.000, X=   97.95, Y=   -7.74
  Scan: R= 0.068, A=  15.000, X=  112.94, Y=  -38.96
  Scan: R= 0.074, A=  20.000, X=  177.73, Y= -117.24
  Scan: R= 0.065, A=  25.000, X=  141.12, Y= -154.45
  Scan: R= 0.071, A=  30.000, X=  229.05, Y=  -47.35
  Scan: R= 0.060, A=  35.000, X=  276.03, Y=   17.10
  Scan: R= 0.073, A=  40.000, X=  309.97, Y=   -6.80
  Scan: R= 0.060, A=  45.000, X=  348.99, Y=  -28.94
  Scan: R= 0.060, A=  50.000, X=  308.68, Y=   88.91
  Scan: R= 0.062, A=  55.000, X=  414.98, Y=   25.11
  Scan: R= 0.059, A=  60.000, X=  443.58, Y=   46.77
  Scan: R= 0.067, A=  65.000, X=  478.99, Y=   84.19
  Scan: R= 0.061, A=  70.000, X=  519.88, Y=  120.34
  Scan: R= 0.056, A=  75.000, X=  548.10, Y=  223.09
  Scan: R= 0.051, A=  80.000, X=  467.12, Y=  161.20
  Scan: R= 0.058, A=  85.000, X=  584.88, Y=  205.47
  Scan: R= 0.061, A=  90.000, X=  598.02, Y=  237.98
  Scan: R= 0.058, A=  95.000, X=  605.60, Y=  275.82
  Scan: R= 0.052, A= 100.000, X=  616.42, Y=  317.80
  Scan: R= 0.049, A= 105.000, X=  610.06, Y=  489.55
  Scan: R= 0.044, A= 110.000, X=  546.63, Y=  353.71
  Scan: R= 0.060, A= 115.000, X=  647.73, Y=  428.44
  Scan: R= 0.059, A= 120.000, X=  645.23, Y=  469.44
  Scan: R= 0.068, A= 125.000, X=  563.95, Y=  610.88
  Scan: R= 0.067, A= 130.000, X=  504.28, Y=  559.22
  Scan: R= 0.066, A= 135.000, X=  612.03, Y=  587.62
  Scan: R= 0.075, A= 140.000, X=  592.78, Y=  635.26
  Scan: R= 0.076, A= 145.000, X=  554.91, Y=  755.94
  Scan: R= 0.076, A= 150.000, X=  460.98, Y=  754.46
  Scan: R= 0.065, A= 155.000, X=  534.66, Y=  731.82
  Scan: R= 0.074, A= 160.000, X=  449.91, Y=  638.89
  Scan: R= 0.063, A= 165.000, X=  431.86, Y=  778.37
  Scan: R= 0.065, A= 170.000, X=  374.97, Y=  898.14
  Scan: R= 0.065, A= 175.000, X=  389.29, Y=  705.91
  Scan: R= 0.070, A= 180.000, X=  286.90, Y=  706.94
  Best: R= 1.008, A=   1.667, X=    9.07, Y=    4.42
Timer: AngleScan took 4.390 seconds.
AngleScan: center=1.667, hlfwid=10.000, step=0.250
Center: R= 1.008, A=   1.667, X=    9.07, Y=    4.42
  Scan: R= 0.083, A=  -8.333, X=  -90.93, Y=   36.31
  Scan: R= 0.087, A=  -8.083, X=  -59.81, Y=   16.34
  Scan: R= 0.088, A=  -7.833, X=  -58.97, Y=   14.92
  Scan: R= 0.093, A=  -7.583, X=  -58.30, Y=   13.97
  Scan: R= 0.089, A=  -7.333, X=  -74.90, Y=   42.83
  Scan: R= 0.098, A=  -7.083, X=  -73.12, Y=   29.74
  Scan: R= 0.095, A=  -6.833, X=  -82.04, Y=   39.84
  Scan: R= 0.099, A=  -6.583, X=  -70.96, Y=   28.14
  Scan: R= 0.099, A=  -6.333, X=  -67.14, Y=   29.76
  Scan: R= 0.105, A=  -6.083, X=  -73.19, Y=   31.66
  Scan: R= 0.108, A=  -5.833, X=  -67.29, Y=   28.78
  Scan: R= 0.116, A=  -5.583, X=  -65.95, Y=   28.00
  Scan: R= 0.123, A=  -5.333, X=  -65.72, Y=   25.97
  Scan: R= 0.117, A=  -5.083, X=  -61.90, Y=   26.86
  Scan: R= 0.123, A=  -4.833, X=  -58.78, Y=   25.33
  Scan: R= 0.135, A=  -4.583, X=  -55.23, Y=   24.11
  Scan: R= 0.142, A=  -4.333, X=  -43.06, Y=   22.00
  Scan: R= 0.149, A=  -4.083, X=  -40.85, Y=   20.01
  Scan: R= 0.154, A=  -3.833, X=  -40.12, Y=   19.09
  Scan: R= 0.162, A=  -3.583, X=  -39.11, Y=   18.13
  Scan: R= 0.170, A=  -3.333, X=  -43.38, Y=   20.03
  Scan: R= 0.181, A=  -3.083, X=  -41.04, Y=   19.47
  Scan: R= 0.194, A=  -2.833, X=  -31.66, Y=   16.62
  Scan: R= 0.194, A=  -2.583, X=  -30.70, Y=   16.25
  Scan: R= 0.197, A=  -2.333, X=  -33.67, Y=   17.81
  Scan: R= 0.210, A=  -2.083, X=  -30.00, Y=   15.95
  Scan: R= 0.227, A=  -1.833, X=  -23.25, Y=   11.98
  Scan: R= 0.251, A=  -1.583, X=  -22.39, Y=   10.84
  Scan: R= 0.288, A=  -1.333, X=  -20.97, Y=   10.05
  Scan: R= 0.295, A=  -1.083, X=  -18.00, Y=    9.82
  Scan: R= 0.315, A=  -0.833, X=  -16.62, Y=    9.82
  Scan: R= 0.347, A=  -0.583, X=  -11.82, Y=    9.46
  Scan: R= 0.397, A=  -0.333, X=   -8.79, Y=    9.06
  Scan: R= 0.449, A=  -0.083, X=   -6.55, Y=    8.19
  Scan: R= 0.524, A=   0.167, X=   -4.48, Y=    7.85
  Scan: R= 0.641, A=   0.417, X=   -2.20, Y=    7.33
  Scan: R= 0.801, A=   0.667, X=    0.12, Y=    6.84
  Scan: R= 1.017, A=   0.917, X=    2.44, Y=    6.16
  Scan: R= 1.265, A=   1.167, X=    4.90, Y=    5.61
  Scan: R= 1.370, A=   1.417, X=    6.87, Y=    5.02
  Scan: R= 1.008, A=   1.667, X=    9.07, Y=    4.42
  Scan: R= 0.786, A=   1.917, X=   11.76, Y=    3.85
  Scan: R= 0.637, A=   2.167, X=   14.24, Y=    3.29
  Scan: R= 0.536, A=   2.417, X=   16.98, Y=    2.99
  Scan: R= 0.449, A=   2.667, X=   19.08, Y=    2.65
  Scan: R= 0.389, A=   2.917, X=   20.76, Y=    2.75
  Scan: R= 0.343, A=   3.167, X=   24.94, Y=    0.28
  Scan: R= 0.314, A=   3.417, X=   28.14, Y=    1.47
  Scan: R= 0.295, A=   3.667, X=   30.09, Y=    0.82
  Scan: R= 0.265, A=   3.917, X=   31.41, Y=    0.14
  Scan: R= 0.241, A=   4.167, X=   36.23, Y=   -0.99
  Scan: R= 0.224, A=   4.417, X=   37.10, Y=    0.10
  Scan: R= 0.208, A=   4.667, X=   41.14, Y=   -3.18
  Scan: R= 0.198, A=   4.917, X=   39.99, Y=   -5.11
  Scan: R= 0.190, A=   5.167, X=   42.20, Y=   -5.85
  Scan: R= 0.179, A=   5.417, X=   43.78, Y=   -4.68
  Scan: R= 0.173, A=   5.667, X=   45.01, Y=   -5.33
  Scan: R= 0.166, A=   5.917, X=   45.08, Y=   -5.27
  Scan: R= 0.154, A=   6.167, X=   45.39, Y=   -5.98
  Scan: R= 0.142, A=   6.417, X=   46.85, Y=   -6.46
  Scan: R= 0.130, A=   6.667, X=   53.76, Y=   -5.08
  Scan: R= 0.127, A=   6.917, X=   55.76, Y=   -4.79
  Scan: R= 0.111, A=   7.167, X=   70.83, Y=   -8.12
  Scan: R= 0.109, A=   7.417, X=   67.90, Y=   -3.15
  Scan: R= 0.105, A=   7.667, X=   68.07, Y=   -2.24
  Scan: R= 0.102, A=   7.917, X=   78.96, Y=   -9.20
  Scan: R= 0.098, A=   8.167, X=   79.25, Y=   -8.64
  Scan: R= 0.097, A=   8.417, X=   81.20, Y=   -9.67
  Scan: R= 0.093, A=   8.667, X=   82.48, Y=   -9.98
  Scan: R= 0.095, A=   8.917, X=   83.36, Y=   -4.36
  Scan: R= 0.090, A=   9.167, X=   85.74, Y=   -5.09
  Scan: R= 0.087, A=   9.417, X=   91.20, Y=   -6.98
  Scan: R= 0.091, A=   9.667, X=   96.60, Y=   -6.52
  Scan: R= 0.096, A=   9.917, X=   98.00, Y=   -6.93
  Scan: R= 0.083, A=  10.167, X=   98.87, Y=   -7.56
  Scan: R= 0.079, A=  10.417, X=  125.87, Y=   42.32
  Scan: R= 0.092, A=  10.667, X=  127.88, Y=   42.12
  Scan: R= 0.088, A=  10.917, X=  126.19, Y=   36.74
  Scan: R= 0.080, A=  11.167, X=  127.51, Y=   36.69
  Scan: R= 0.079, A=  11.417, X=  132.12, Y=   36.62
  Scan: R= 0.077, A=  11.667, X=  132.26, Y=   39.03
  Best: R= 1.370, A=   1.417, X=    6.87, Y=    5.02
Timer: AngleScan took 2.790 seconds.
PeakHunt: Best: K=12, R=1.416, A=1.322, X=6.041, Y=5.159
Timer: PeakHunt took 4.740 seconds.
*T: [0,1,2,3,4,5] (strip-strip)
[0.999734,-0.023071,6.041424,0.023071,0.999734,5.159142]
Timer: Corr took 11.930 seconds.


---- Memory ----
Host name: h07u04.int.janelia.org
PID:       17126
User time:      56 seconds.
System time:     6 seconds.
VmPeak:	 1917968 kB
VmSize:	  565276 kB
VmLck:	       0 kB
VmHWM:	 1626064 kB
VmRSS:	  402484 kB
VmData:	  477496 kB
VmStk:	      96 kB
VmExe:	     724 kB
VmLib:	   61764 kB
VmPTE:	     952 kB
VmSwap:	       0 kB
voluntary_ctxt_switches:	669
nonvoluntary_ctxt_switches:	137

