
---- dmesh start ----
main: Start: Fri Aug  8 18:53:23 2014


---- Match parameters ----
PXBRO=2            <default 2>        "Max Legendre poly order for bkg removal"
PXLENS=N           <default N>        "Y=Apply IDB/lens.txt"
PXRESMSK=N         <default N>        "Y=Apply resin mask"
PXDOG=N            <default N>        "Y=Apply DoG filter"
PXDOG_R1=3         <default 3>        "DoG inner radius"
PXDOG_R2=6         <default 6>        "DoG outer radius"
FLD=N              <default X>        "Mask usage: Y=Use, N=None, X=XL only"
PRETWEAK=N         <default N>        "Y=Auto-distort before angle scan"
SCALE=1            <default 1.0>      "Image-B / image-A scale factor"
XSCALE=1           <default 1.0>      "Image-B / image-A x-axis scale factor"
YSCALE=1           <default 1.0>      "Image-B / image-A y-axis scale factor"
SKEW=0             <default 0.0>      "Transform elem[3] user-applied distortion"
MODE_SL=M          <default Z>        "Notes above"
MODE_XL=N          <default Y>        "Notes above"
TAB2DFM_SL=N       <default Y>        "Adopt Tdfm from Tab"
TAB2DFM_XL=Y       <default Y>        "Adopt Tdfm from Tab"
XYCONF_SL=1.0      <default 0.0>      "[0,1.0] confidence in Tab XY"
XYCONF_XL=0.8      <default 0.0>      "[0,1.0] confidence in Tab XY"
THMDEC_SL=8        <default 8>        "2^N thumb decimation factor"
THMDEC_XL=8        <default 8>        "2^N thumb decimation factor"
OLAP1D_SL=0        <default 0>        "Min 1D pix full-size overlap"
OLAP1D_XL=0        <default 0>        "Min 1D pix full-size overlap"
OLAP2D_SL=60000    <default 25000>    "Min 2D pix full-size overlap"
OLAP2D_XL=160000   <default 200000>   "Min 2D pix full-size overlap"
NBMXHT_SL=0.75     <default 0.75>     "Max F(neib)/F(pk) in guard zone"
NBMXHT_XL=0.75     <default 0.75>     "Max F(neib)/F(pk) in guard zone"
HFANGDN_SL=5       <default 5.0>      "Half angle search range denovo"
HFANGDN_XL=45      <default 45.0>     "Half angle search range denovo"
HFANGPR_SL=1       <default 1.0>      "Half angle search range prior angles"
HFANGPR_XL=4       <default 1.0>      "Half angle search range prior angles"
RTRSH_SL=0.3       <default 0.3>      "R corr thresh"
RTRSH_XL=0.3       <default 0.3>      "R corr thresh"
TWEAKS=N           <default N>        "Y=Try 8 near unity distortions"
LIMXY_SL=30        <default 0>        "0 or Max XY delta from Tab"
LIMXY_XL=80        <default 0>        "0 or Max XY delta from Tab"
OPT_SL=Y           <default Y(EM)>    "Y=Enable mesh optimizer"
RIT_SL=0.50        <default 0.20>     "Min mesh starting corr"
RIT_XL=0.1         <default 0.20>     "Min mesh starting corr"
RFA_SL=0.55        <default 0.3>      "Affine-only final corr"
RFA_XL=0.20        <default 0.3>      "Affine-only final corr"
RFT_SL=0.65        <default 0.5>      "Full mesh final corr"
RFT_XL=0.25        <default 0.5>      "Full mesh final corr"
TMC=5              <default 30.0%>    "Max single triangle area change"
TSC=9              <default 9.0%>     "Max summed triangle area change"
MNL=250            <default 300>      "Triangle edges between MNL and 2*MNL"
MTA=120000         <default 10000>    "Min triangle size (pixels)"
MMA=60000          <default 100000>   "Min 2D overlap for mesh"
ONE=N              <default N>        "Y=Use just one affine transform"
IFM=0.50           <default 0.50>     "Min Fourier Metric after affine-only"
FFM=0.65           <default 0.65>     "Min Fourier Metric after full mesh"
FYL=0.5            <default 0.50>     "Min fraction of yellow pixels"
CPD=0.5            <default 0.50>     "Min Correlation + DFM"
EMM=Y              <default Y>        "Y=Use Earth Mover's Metric, N=Use Fourier"
EMT=0.14           <default 0.2>      "Earth Movers Metric thresh"
WDI=N              <default N>        "Y=Write diff images (Fourier, EMM metrics)"
LDA=0.2            <default 0.2>      "Max radian delta between triangles"
LDR=0.1            <default 0.1>      "Max sine delta between triangles"
LDC=100            <default 100.0>    "Max XY delta between triangles"
DXY=100            <default 100.0>    "Max delta from user input XYs"
WMT=N              <default Y>        "Y=Write map.tif files"
WTT=N              <default Y>        "Y=Write tf.txt files"


---- Input images ----
Til2Img entry: A T=[ 1.0000  0.0000  1142.00  0.0000  1.0000  1714.00] path=[/groups/apig/tomo/DEMO/TIF/C1_2_2.tif].
Til2Img entry: B T=[ 1.0000  0.0000  1142.00  0.0000  1.0000   857.00] path=[/groups/apig/tomo/DEMO/TIF/B1_1_2.tif].


---- Command-line overrides ----
Tab=  1.0000 -0.0230    12.19    0.0228  0.9990   924.31
Tdfm= 1.0003 -0.0001     0.00   -0.0001  0.9993     0.00
FLD=N


---- Image loading ----
Raster8FromTif: Opening [/groups/apig/tomo/DEMO/TIF/C1_2_2.tif].
Raster8FromTif: Bits per sample 8, samples per pixel 1
Raster8FromTif: Picture is 1376 by 1040, 1431040 pixels total.
TIF(8): Last Encoded strip had 1376 bytes.
Raster8FromTif: Opening [/groups/apig/tomo/DEMO/TIF/B1_1_2.tif].
Raster8FromTif: Bits per sample 8, samples per pixel 1
Raster8FromTif: Picture is 1376 by 1040, 1431040 pixels total.
TIF(8): Last Encoded strip had 1376 bytes.
PixPair: Using image scale=1.
Timer: Image conditioning took 0.250 seconds.

---- Foldmaps ----

---- Connected regions ----
Forcing single connected region.

---- Begin A-1 to B-1 ----

---- Thumbnail matching ----
Subimage: Using intersection, w=1367, h=301, pix=411467
Thumbs: After decimation 6498 pts, reqArea 2501, thmscl 8
SetDisc( 0, 23, 10, 10 )
Initial: R= 0.310, A=   1.315, X=   -0.17, Y=   15.31
Peak-Disc: dR 61 dX -1 dY -61
Approx: LowRes  R=0.310, X=-1.332, Y=122.506
Approx: FullRes R=0.052, X=-8.181, Y=70.871, use=N.
Timer: FinishAtFullRes took 0.400 seconds.
Approx: Returning A=1.314766, R=0.310197, X=7.667987, Y=861.505866
Approx: Best transform  1.0000 -0.0230     7.67    0.0228  0.9990   861.51
Approx: Orig transform  1.0000 -0.0230    12.19    0.0228  0.9990   924.31
Approx: Idnt transform  1.0000 -0.0000    -5.97    0.0000  1.0000   -62.73
Approx: err = 63.0105, max = 80

---- Starting detailed region mapping ----
Roughly 224096 pixels map to B.
Region size is [0 1371] in x, [0 178] in y.

---- Building mesh - affine ----
Computed simple triangle.

---- ImproveMesh - affine ----
Tri: (0 0) (1371 0) (685 178).

---- Matlab Vertices ----
x=[0 1371 685 0]; y=[0 0 178 0]; plot(x,y); hold on;

---- ImproveControlPts ----
STAT: ImproveCpt: Initial affine correlation 0.140208 (224096 pixels).
corr=0.140208	step=10.000000
corr=0.145853	step=10.000000
corr=0.145853	step=5.000000
corr=0.145853	step=2.500000
corr=0.145900	step=2.500000
corr=0.145966	step=2.500000
corr=0.146916	step=2.500000
corr=0.148512	step=2.500000
corr=0.148769	step=2.500000
corr=0.149367	step=2.500000
corr=0.149367	step=1.250000
corr=0.149557	step=1.250000
corr=0.149689	step=1.250000
corr=0.149726	step=1.250000
corr=0.149726	step=0.625000
corr=0.149986	step=0.625000
corr=0.150029	step=0.625000
corr=0.150152	step=0.625000
corr=0.150152	step=0.312500
corr=0.150284	step=0.312500
corr=0.150284	step=0.156250
corr=0.150284	step=0.078125
corr=0.150288	step=0.078125
STAT: ImproveCpt: Final affine correlation 0.150288, (threshold 0.200000).
FAIL: ImproveMesh: corr=0.150288, below final thresh=0.200000
Pipe: Returning 0 total transforms.

---- Summary Region-region results ----
Pipe: Table Headers {Az t r Bz t r thmok ntri}
FOUND:     2    2   1      1    1   1   1   0
Timer: Alignment took 0.690 seconds.

main: Got 0 mapping regions.

main: Normal completion for dmesh run.
Timer: Total took 0.940 seconds.

---- Memory ----
Host name: h02u07.int.janelia.org
PID:       26510
User time:       0 seconds.
System time:     0 seconds.
VmPeak:	  417812 kB
VmSize:	  117088 kB
VmLck:	       0 kB
VmHWM:	  334344 kB
VmRSS:	   33744 kB
VmData:	   29228 kB
VmStk:	      96 kB
VmExe:	     800 kB
VmLib:	   61764 kB
VmPTE:	     228 kB
VmSwap:	       0 kB
voluntary_ctxt_switches:	17
nonvoluntary_ctxt_switches:	3

