
---- dmesh start ----
main: Start: Fri Aug  8 18:53:08 2014


---- Match parameters ----
PXBRO=2            <default 2>        "Max Legendre poly order for bkg removal"
PXLENS=N           <default N>        "Y=Apply IDB/lens.txt"
PXRESMSK=N         <default N>        "Y=Apply resin mask"
PXDOG=N            <default N>        "Y=Apply DoG filter"
PXDOG_R1=3         <default 3>        "DoG inner radius"
PXDOG_R2=6         <default 6>        "DoG outer radius"
FLD=N              <default X>        "Mask usage: Y=Use, N=None, X=XL only"
PRETWEAK=N         <default N>        "Y=Auto-distort before angle scan"
SCALE=1            <default 1.0>      "Image-B / image-A scale factor"
XSCALE=1           <default 1.0>      "Image-B / image-A x-axis scale factor"
YSCALE=1           <default 1.0>      "Image-B / image-A y-axis scale factor"
SKEW=0             <default 0.0>      "Transform elem[3] user-applied distortion"
MODE_SL=M          <default Z>        "Notes above"
MODE_XL=N          <default Y>        "Notes above"
TAB2DFM_SL=N       <default Y>        "Adopt Tdfm from Tab"
TAB2DFM_XL=Y       <default Y>        "Adopt Tdfm from Tab"
XYCONF_SL=1.0      <default 0.0>      "[0,1.0] confidence in Tab XY"
XYCONF_XL=0.8      <default 0.0>      "[0,1.0] confidence in Tab XY"
THMDEC_SL=8        <default 8>        "2^N thumb decimation factor"
THMDEC_XL=8        <default 8>        "2^N thumb decimation factor"
OLAP1D_SL=0        <default 0>        "Min 1D pix full-size overlap"
OLAP1D_XL=0        <default 0>        "Min 1D pix full-size overlap"
OLAP2D_SL=60000    <default 25000>    "Min 2D pix full-size overlap"
OLAP2D_XL=160000   <default 200000>   "Min 2D pix full-size overlap"
NBMXHT_SL=0.75     <default 0.75>     "Max F(neib)/F(pk) in guard zone"
NBMXHT_XL=0.75     <default 0.75>     "Max F(neib)/F(pk) in guard zone"
HFANGDN_SL=5       <default 5.0>      "Half angle search range denovo"
HFANGDN_XL=45      <default 45.0>     "Half angle search range denovo"
HFANGPR_SL=1       <default 1.0>      "Half angle search range prior angles"
HFANGPR_XL=4       <default 1.0>      "Half angle search range prior angles"
RTRSH_SL=0.3       <default 0.3>      "R corr thresh"
RTRSH_XL=0.3       <default 0.3>      "R corr thresh"
TWEAKS=N           <default N>        "Y=Try 8 near unity distortions"
LIMXY_SL=30        <default 0>        "0 or Max XY delta from Tab"
LIMXY_XL=80        <default 0>        "0 or Max XY delta from Tab"
OPT_SL=Y           <default Y(EM)>    "Y=Enable mesh optimizer"
RIT_SL=0.50        <default 0.20>     "Min mesh starting corr"
RIT_XL=0.1         <default 0.20>     "Min mesh starting corr"
RFA_SL=0.55        <default 0.3>      "Affine-only final corr"
RFA_XL=0.20        <default 0.3>      "Affine-only final corr"
RFT_SL=0.65        <default 0.5>      "Full mesh final corr"
RFT_XL=0.25        <default 0.5>      "Full mesh final corr"
TMC=5              <default 30.0%>    "Max single triangle area change"
TSC=9              <default 9.0%>     "Max summed triangle area change"
MNL=250            <default 300>      "Triangle edges between MNL and 2*MNL"
MTA=120000         <default 10000>    "Min triangle size (pixels)"
MMA=60000          <default 100000>   "Min 2D overlap for mesh"
ONE=N              <default N>        "Y=Use just one affine transform"
IFM=0.50           <default 0.50>     "Min Fourier Metric after affine-only"
FFM=0.65           <default 0.65>     "Min Fourier Metric after full mesh"
FYL=0.5            <default 0.50>     "Min fraction of yellow pixels"
CPD=0.5            <default 0.50>     "Min Correlation + DFM"
EMM=Y              <default Y>        "Y=Use Earth Mover's Metric, N=Use Fourier"
EMT=0.14           <default 0.2>      "Earth Movers Metric thresh"
WDI=N              <default N>        "Y=Write diff images (Fourier, EMM metrics)"
LDA=0.2            <default 0.2>      "Max radian delta between triangles"
LDR=0.1            <default 0.1>      "Max sine delta between triangles"
LDC=100            <default 100.0>    "Max XY delta between triangles"
DXY=100            <default 100.0>    "Max delta from user input XYs"
WMT=N              <default Y>        "Y=Write map.tif files"
WTT=N              <default Y>        "Y=Write tf.txt files"


---- Input images ----
Til2Img entry: A T=[ 1.0000  0.0000     0.00  0.0000  1.0000  2571.00] path=[/groups/apig/tomo/DEMO/TIF/C1_10_2.tif].
Til2Img entry: B T=[ 1.0000  0.0000     0.00  0.0000  1.0000  1714.00] path=[/groups/apig/tomo/DEMO/TIF/B1_11_2.tif].


---- Command-line overrides ----
Tab=  0.9992 -0.0227    -8.73    0.0226  0.9982   896.93
Tdfm= 0.9995 -0.0000     0.00   -0.0000  0.9984     0.00
FLD=N


---- Image loading ----
Raster8FromTif: Opening [/groups/apig/tomo/DEMO/TIF/C1_10_2.tif].
Raster8FromTif: Bits per sample 8, samples per pixel 1
Raster8FromTif: Picture is 1376 by 1040, 1431040 pixels total.
TIF(8): Last Encoded strip had 1376 bytes.
Raster8FromTif: Opening [/groups/apig/tomo/DEMO/TIF/B1_11_2.tif].
Raster8FromTif: Bits per sample 8, samples per pixel 1
Raster8FromTif: Picture is 1376 by 1040, 1431040 pixels total.
TIF(8): Last Encoded strip had 1376 bytes.
PixPair: Using image scale=1.
Timer: Image conditioning took 0.260 seconds.

---- Foldmaps ----

---- Connected regions ----
Forcing single connected region.

---- Begin A-1 to B-1 ----

---- Thumbnail matching ----
Subimage: Using intersection, w=1370, h=323, pix=442510
Thumbs: After decimation 7052 pts, reqArea 2501, thmscl 8
SetDisc( 0, 23, 10, 10 )
Initial: R= 0.632, A=   1.300, X=    0.08, Y=   22.88
Peak-Disc: dR 1 dX 0 dY 0
Approx: LowRes  R=0.632, X=0.652, Y=183.039
Approx: FullRes R=0.097, X=1.832, Y=185.145, use=Y.
Timer: FinishAtFullRes took 0.410 seconds.
Approx: Returning A=1.299600, R=0.631798, X=-4.163021, Y=902.009579
Approx: Best transform  0.9992 -0.0227    -4.16    0.0226  0.9982   902.01
Approx: Orig transform  0.9992 -0.0227    -8.73    0.0226  0.9982   896.93
Approx: Idnt transform  1.0000  0.0000     4.68    0.0000  1.0000     4.98
Approx: err = 6.83895, max = 80

---- Starting detailed region mapping ----
Roughly 168745 pixels map to B.
Region size is [4 1375] in x, [0 138] in y.

---- Building mesh - affine ----
Computed simple triangle.

---- ImproveMesh - affine ----
Tri: (4 0) (1375 0) (689 138).

---- Matlab Vertices ----
x=[4 1375 689 4]; y=[0 0 138 0]; plot(x,y); hold on;

---- ImproveControlPts ----
STAT: ImproveCpt: Initial affine correlation 0.357974 (168745 pixels).
corr=0.357974	step=10.000000
corr=0.357974	step=5.000000
corr=0.363293	step=5.000000
corr=0.367526	step=5.000000
corr=0.367526	step=2.500000
corr=0.367526	step=1.250000
corr=0.368060	step=1.250000
corr=0.368102	step=1.250000
corr=0.368102	step=0.625000
corr=0.368391	step=0.625000
corr=0.368391	step=0.312500
corr=0.368415	step=0.312500
corr=0.368415	step=0.156250
STAT: ImproveCpt: Final affine correlation 0.368415, (threshold 0.200000).

---- Matlab A-Sys Originals ----
x=[4.000000 1375.000000 689.000000 4.000000]; y=[0.000000 0.000000 138.000000 0.000000]; plot(x,y); hold on;

---- Matlab B-Sys Originals ----
x=[-0.166233 1369.732854 681.151802 -0.166233]; y=[902.100051 933.109329 1055.342911 902.100051]; plot(x,y); hold on;

---- Matlab B-Sys Optimized ----
x=[5.554155 1368.486375 678.460011 5.554155]; y=[903.778425 927.962577 1054.000491 903.778425]; plot(x,y); hold on;

---- Deltas ----
id=     0: dx=    5.72 dy=    1.68 d=    5.96
id=     1: dx=   -1.25 dy=   -5.15 d=    5.30
id=     2: dx=   -2.69 dy=   -1.34 d=    3.01

---- Areas ----
Triangle 0, area was    94599.0, is    94234.4,   -0.4%
Combined: area was    94599.0, is    94234.4,   -0.4%

---- Transforms ----
 0.9941 -0.0584     1.58    0.0176  1.0010   903.71
Best affine transform:  0.9941 -0.0584     1.58    0.0176  1.0010   903.71
    Inverse transform:  1.0049  0.0587   -54.59   -0.0177  0.9980  -901.84

---- QC - affine ----
Metrics: AFF: Mean square difference 1.268570
Metrics: AFF: Smallest footprint deg=0, area=185625
MetricImages: Range x 0 1375, y 0 135, use Nx=1376, Ny=136
Approximate EM metric 0.181624 for 187136 points.
%Yellow: Tol   1.05  red   45.4  yellow   11.5  green   43.1
%Yellow: Tol   1.10  red   40.0  yellow   22.0  green   38.0
%Yellow: Tol   1.15  red   35.0  yellow   30.9  green   34.1
%Yellow: Tol   1.20  red   30.2  yellow   40.3  green   29.6
%Yellow: Tol   1.25  red   25.9  yellow   50.1  green   24.0
Affine Triangle: 169596 points, corr 0.365709, fm 0.181624, yellow 0.50

---- Building mesh - deformable ----
Lx Dx Nx:  1371  1371.00   1
Ly Dy Ny:   138   138.00   1

STAT: From 168745 pts, got 2 triangles, 4 control points.
Timer: MeshCreate took 0.000 seconds.

---- ImproveMesh - deformable mesh ----
Tri: (4 0) (1375 0) (4 138).
Tri: (4 138) (1375 0) (1375 138).

---- Matlab Vertices ----
x=[4 1375 4 4]; y=[0 0 138 0]; plot(x,y); hold on;
x=[4 1375 1375 4]; y=[138 0 138 138]; plot(x,y); hold on;

---- ImproveControlPts ----
STAT: ImproveCpt: Initial deformable mesh correlation 0.368415 (168745 pixels).
corr=0.368415	step=10.000000
corr=0.368415	step=5.000000
corr=0.368415	step=2.500000
corr=0.368415	step=1.250000
corr=0.368502	step=1.250000
STAT: ImproveCpt: Final deformable mesh correlation 0.368502, (threshold 0.250000).

---- Matlab A-Sys Originals ----
x=[4.000000 1375.000000 4.000000 4.000000]; y=[0.000000 0.000000 138.000000 0.000000]; plot(x,y); hold on;
x=[4.000000 1375.000000 1375.000000 4.000000]; y=[138.000000 0.000000 138.000000 138.000000]; plot(x,y); hold on;

---- Matlab B-Sys Originals ----
x=[5.554155 1368.486375 -2.509041 5.554155]; y=[903.778425 927.962577 1041.917235 903.778425]; plot(x,y); hold on;
x=[-2.509041 1368.486375 1360.423179 -2.509041]; y=[1041.917235 927.962577 1066.101387 1041.917235]; plot(x,y); hold on;

---- Matlab B-Sys Optimized ----
x=[5.367337 1368.509785 -2.420850 5.367337]; y=[903.001892 928.483959 1041.574041 903.001892]; plot(x,y); hold on;
x=[-2.420850 1368.509785 1360.213614 -2.420850]; y=[1041.574041 928.483959 1065.406598 1041.574041]; plot(x,y); hold on;

---- Deltas ----
id=     0: dx=   -0.19 dy=   -0.78 d=    0.80
id=     1: dx=    0.02 dy=    0.52 d=    0.52
id=     2: dx=    0.09 dy=   -0.34 d=    0.35
id=     3: dx=   -0.21 dy=   -0.69 d=    0.73

---- Areas ----
Triangle 0, area was    94599.0, is    94546.0,   -0.1%
Triangle 1, area was    94599.0, is    93386.6,   -1.3%
Combined: area was   189198.0, is   187932.6,   -0.7%

---- Transforms ----
 0.9943 -0.0564     1.39    0.0186  1.0041   902.93
 0.9939 -0.0601     1.90    0.0174  0.9922   904.58

---- QC - deformable ----
Remapping 1431040 points.
Metrics: DEF: Mean square difference 1.268601
Metrics: DEF: Smallest footprint deg=0, area=185625
MetricImages: Range x 0 1375, y 0 135, use Nx=1376, Ny=136
Approximate EM metric 0.182163 for 187136 points.
All points, deformable, dfm 0.182163

Metrics: TRI: Mean square difference 1.294595
Metrics: TRI: Smallest footprint deg=0, area=185625
MetricImages: Range x 0 1375, y 0 135, use Nx=1376, Ny=136
Approximate EM metric 0.102244 for 187136 points.
%Yellow: Tol   1.05  red   44.4  yellow   12.3  green   43.4
%Yellow: Tol   1.10  red   39.1  yellow   22.8  green   38.2
%Yellow: Tol   1.15  red   34.2  yellow   32.4  green   33.4
%Yellow: Tol   1.20  red   29.7  yellow   44.4  green   25.9
%Yellow: Tol   1.25  red   25.5  yellow   52.5  green   22.0
Triangle 0: 95457 points, corr 0.352692, fm 0.102244, yellow 0.52

Metrics: TRI: Mean square difference 1.228066
Metrics: TRI: Smallest footprint deg=2, area=148296
MetricImages: Range x 39 1375, y 48 159, use Nx=1338, Ny=112
Approximate EM metric 0.064607 for 149856 points.
%Yellow: Tol   1.05  red   46.6  yellow   11.1  green   42.4
%Yellow: Tol   1.10  red   41.0  yellow   21.3  green   37.7
%Yellow: Tol   1.15  red   35.8  yellow   30.4  green   33.8
%Yellow: Tol   1.20  red   30.7  yellow   38.4  green   30.9
%Yellow: Tol   1.25  red   25.7  yellow   46.5  green   27.9
Triangle 1: 74666 points, corr 0.385953, fm 0.064607, yellow 0.46


---- Final reports ----
STAT: Overall 170123 points, corr 0.3685, EMM 0.1822, weighted EMM 0.0857, cor+dfm 0.5507, weighted yellow 0.4984
FAIL: Overall rejected: [Yellow=0.498369 < FYL=0.5] [EMM=0.182163 > 0.154 = (EMT=0.14 * 1.10)].
Pipe: Returning 0 total transforms.

---- Summary Region-region results ----
Pipe: Table Headers {Az t r Bz t r thmok ntri}
FOUND:     2   10   1      1   11   1   1   0
Timer: Alignment took 0.860 seconds.

main: Got 0 mapping regions.

main: Normal completion for dmesh run.
Timer: Total took 1.120 seconds.

---- Memory ----
Host name: h02u07.int.janelia.org
PID:       26464
User time:       1 seconds.
System time:     0 seconds.
VmPeak:	  424432 kB
VmSize:	  124264 kB
VmLck:	       0 kB
VmHWM:	  341024 kB
VmRSS:	   40940 kB
VmData:	   36404 kB
VmStk:	      96 kB
VmExe:	     800 kB
VmLib:	   61764 kB
VmPTE:	     228 kB
VmSwap:	       0 kB
voluntary_ctxt_switches:	21
nonvoluntary_ctxt_switches:	20

