
---- dmesh start ----
main: Start: Fri Aug  8 18:53:08 2014


---- Match parameters ----
PXBRO=2            <default 2>        "Max Legendre poly order for bkg removal"
PXLENS=N           <default N>        "Y=Apply IDB/lens.txt"
PXRESMSK=N         <default N>        "Y=Apply resin mask"
PXDOG=N            <default N>        "Y=Apply DoG filter"
PXDOG_R1=3         <default 3>        "DoG inner radius"
PXDOG_R2=6         <default 6>        "DoG outer radius"
FLD=N              <default X>        "Mask usage: Y=Use, N=None, X=XL only"
PRETWEAK=N         <default N>        "Y=Auto-distort before angle scan"
SCALE=1            <default 1.0>      "Image-B / image-A scale factor"
XSCALE=1           <default 1.0>      "Image-B / image-A x-axis scale factor"
YSCALE=1           <default 1.0>      "Image-B / image-A y-axis scale factor"
SKEW=0             <default 0.0>      "Transform elem[3] user-applied distortion"
MODE_SL=M          <default Z>        "Notes above"
MODE_XL=N          <default Y>        "Notes above"
TAB2DFM_SL=N       <default Y>        "Adopt Tdfm from Tab"
TAB2DFM_XL=Y       <default Y>        "Adopt Tdfm from Tab"
XYCONF_SL=1.0      <default 0.0>      "[0,1.0] confidence in Tab XY"
XYCONF_XL=0.8      <default 0.0>      "[0,1.0] confidence in Tab XY"
THMDEC_SL=8        <default 8>        "2^N thumb decimation factor"
THMDEC_XL=8        <default 8>        "2^N thumb decimation factor"
OLAP1D_SL=0        <default 0>        "Min 1D pix full-size overlap"
OLAP1D_XL=0        <default 0>        "Min 1D pix full-size overlap"
OLAP2D_SL=60000    <default 25000>    "Min 2D pix full-size overlap"
OLAP2D_XL=160000   <default 200000>   "Min 2D pix full-size overlap"
NBMXHT_SL=0.75     <default 0.75>     "Max F(neib)/F(pk) in guard zone"
NBMXHT_XL=0.75     <default 0.75>     "Max F(neib)/F(pk) in guard zone"
HFANGDN_SL=5       <default 5.0>      "Half angle search range denovo"
HFANGDN_XL=45      <default 45.0>     "Half angle search range denovo"
HFANGPR_SL=1       <default 1.0>      "Half angle search range prior angles"
HFANGPR_XL=4       <default 1.0>      "Half angle search range prior angles"
RTRSH_SL=0.3       <default 0.3>      "R corr thresh"
RTRSH_XL=0.3       <default 0.3>      "R corr thresh"
TWEAKS=N           <default N>        "Y=Try 8 near unity distortions"
LIMXY_SL=30        <default 0>        "0 or Max XY delta from Tab"
LIMXY_XL=80        <default 0>        "0 or Max XY delta from Tab"
OPT_SL=Y           <default Y(EM)>    "Y=Enable mesh optimizer"
RIT_SL=0.50        <default 0.20>     "Min mesh starting corr"
RIT_XL=0.1         <default 0.20>     "Min mesh starting corr"
RFA_SL=0.55        <default 0.3>      "Affine-only final corr"
RFA_XL=0.20        <default 0.3>      "Affine-only final corr"
RFT_SL=0.65        <default 0.5>      "Full mesh final corr"
RFT_XL=0.25        <default 0.5>      "Full mesh final corr"
TMC=5              <default 30.0%>    "Max single triangle area change"
TSC=9              <default 9.0%>     "Max summed triangle area change"
MNL=250            <default 300>      "Triangle edges between MNL and 2*MNL"
MTA=120000         <default 10000>    "Min triangle size (pixels)"
MMA=60000          <default 100000>   "Min 2D overlap for mesh"
ONE=N              <default N>        "Y=Use just one affine transform"
IFM=0.50           <default 0.50>     "Min Fourier Metric after affine-only"
FFM=0.65           <default 0.65>     "Min Fourier Metric after full mesh"
FYL=0.5            <default 0.50>     "Min fraction of yellow pixels"
CPD=0.5            <default 0.50>     "Min Correlation + DFM"
EMM=Y              <default Y>        "Y=Use Earth Mover's Metric, N=Use Fourier"
EMT=0.14           <default 0.2>      "Earth Movers Metric thresh"
WDI=N              <default N>        "Y=Write diff images (Fourier, EMM metrics)"
LDA=0.2            <default 0.2>      "Max radian delta between triangles"
LDR=0.1            <default 0.1>      "Max sine delta between triangles"
LDC=100            <default 100.0>    "Max XY delta between triangles"
DXY=100            <default 100.0>    "Max delta from user input XYs"
WMT=N              <default Y>        "Y=Write map.tif files"
WTT=N              <default Y>        "Y=Write tf.txt files"


---- Input images ----
Til2Img entry: A T=[ 1.0000  0.0000     0.00  0.0000  1.0000  2571.00] path=[/groups/apig/tomo/DEMO/TIF/C1_10_2.tif].
Til2Img entry: B T=[ 1.0000  0.0000     0.00  0.0000  1.0000  3428.00] path=[/groups/apig/tomo/DEMO/TIF/B1_9_2.tif].


---- Command-line overrides ----
Tab=  0.9995 -0.0237   -13.55    0.0231  0.9986  -822.59
Tdfm= 0.9997 -0.0003     0.00   -0.0003  0.9988     0.00
FLD=N


---- Image loading ----
Raster8FromTif: Opening [/groups/apig/tomo/DEMO/TIF/C1_10_2.tif].
Raster8FromTif: Bits per sample 8, samples per pixel 1
Raster8FromTif: Picture is 1376 by 1040, 1431040 pixels total.
TIF(8): Last Encoded strip had 1376 bytes.
Raster8FromTif: Opening [/groups/apig/tomo/DEMO/TIF/B1_9_2.tif].
Raster8FromTif: Bits per sample 8, samples per pixel 1
Raster8FromTif: Picture is 1376 by 1040, 1431040 pixels total.
TIF(8): Last Encoded strip had 1376 bytes.
PixPair: Using image scale=1.
Timer: Image conditioning took 0.260 seconds.

---- Foldmaps ----

---- Connected regions ----
Forcing single connected region.

---- Begin A-1 to B-1 ----

---- Thumbnail matching ----
Subimage: Using intersection, w=1366, h=382, pix=521812
Thumbs: After decimation 8208 pts, reqArea 2501, thmscl 8
SetDisc( -2, -21, 10, 10 )
Initial: R= 0.981, A=   1.344, X=   -1.93, Y=  -20.06
Peak-Disc: dR 7 dX 0 dY 7
Approx: LowRes  R=0.981, X=-15.407, Y=-160.441
Approx: FullRes R=0.140, X=-15.070, Y=-161.963, use=Y.
Timer: FinishAtFullRes took 0.410 seconds.
Approx: Returning A=1.343695, R=0.981143, X=-9.455146, Y=-819.241882
Approx: Best transform  0.9995 -0.0237    -9.46    0.0231  0.9986  -819.24
Approx: Orig transform  0.9995 -0.0237   -13.55    0.0231  0.9986  -822.59
Approx: Idnt transform  1.0000  0.0000     4.17    0.0000  1.0000     3.25
Approx: err = 5.28978, max = 80

---- Starting detailed region mapping ----
Roughly 317911 pixels map to B.
Region size is [28 1375] in x, [788 1039] in y.

---- Building mesh - affine ----
Computed simple triangle.

---- ImproveMesh - affine ----
Tri: (28 788) (1375 788) (701 1039).

---- Matlab Vertices ----
x=[28 1375 701 28]; y=[788 788 1039 788]; plot(x,y); hold on;

---- ImproveControlPts ----
STAT: ImproveCpt: Initial affine correlation 0.592367 (317911 pixels).
corr=0.592367	step=10.000000
corr=0.592367	step=5.000000
corr=0.592367	step=2.500000
corr=0.592367	step=1.250000
corr=0.592563	step=1.250000
corr=0.592981	step=1.250000
corr=0.593137	step=1.250000
corr=0.593137	step=0.625000
corr=0.593247	step=0.625000
corr=0.593294	step=0.625000
corr=0.593294	step=0.312500
STAT: ImproveCpt: Final affine correlation 0.593294, (threshold 0.200000).

---- Matlab A-Sys Originals ----
x=[28.000000 1375.000000 701.000000 28.000000]; y=[788.000000 788.000000 1039.000000 788.000000]; plot(x,y); hold on;

---- Matlab B-Sys Originals ----
x=[-0.162950 1346.121793 666.525465 -0.162950]; y=[-31.734086 -0.559118 234.478629 -31.734086]; plot(x,y); hold on;

---- Matlab B-Sys Optimized ----
x=[1.121823 1347.757710 665.357875 1.121823]; y=[-30.240818 -2.868679 233.632076 -30.240818]; plot(x,y); hold on;

---- Deltas ----
id=     0: dx=    1.28 dy=    1.49 d=    1.97
id=     1: dx=    1.64 dy=   -2.31 d=    2.83
id=     2: dx=   -1.17 dy=   -0.85 d=    1.44

---- Areas ----
Triangle 0, area was   169048.5, is   168579.6,   -0.3%
Combined: area was   169048.5, is   168579.6,   -0.3%

---- Transforms ----
 0.9997 -0.0342     0.07    0.0203  0.9968  -816.29
Best affine transform:  0.9997 -0.0342     0.07    0.0203  0.9968  -816.29
    Inverse transform:  0.9996  0.0343    27.92   -0.0204  1.0025   818.34

---- QC - affine ----
Metrics: AFF: Mean square difference 0.813407
Metrics: AFF: Smallest footprint deg=0, area=334056
MetricImages: Range x 28 1375, y 791 1039, use Nx=1348, Ny=250
Approximate EM metric 0.081997 for 337000 points.
%Yellow: Tol   1.05  red   39.1  yellow   21.0  green   39.9
%Yellow: Tol   1.10  red   30.4  yellow   38.5  green   31.1
%Yellow: Tol   1.15  red   24.1  yellow   51.3  green   24.6
%Yellow: Tol   1.20  red   19.3  yellow   60.8  green   19.8
%Yellow: Tol   1.25  red   15.9  yellow   67.6  green   16.5
Affine Triangle: 315704 points, corr 0.593293, fm 0.081997, yellow 0.68

---- Building mesh - deformable ----
Lx Dx Nx:  1347  1347.00   1
Ly Dy Ny:   251   251.00   1

STAT: From 317911 pts, got 2 triangles, 4 control points.
Timer: MeshCreate took 0.000 seconds.

---- ImproveMesh - deformable mesh ----
Tri: (28 788) (1375 788) (28 1039).
Tri: (28 1039) (1375 788) (1375 1039).

---- Matlab Vertices ----
x=[28 1375 28 28]; y=[788 788 1039 788]; plot(x,y); hold on;
x=[28 1375 1375 28]; y=[1039 788 1039 1039]; plot(x,y); hold on;

---- ImproveControlPts ----
STAT: ImproveCpt: Initial deformable mesh correlation 0.593294 (317911 pixels).
corr=0.593294	step=10.000000
corr=0.593294	step=5.000000
corr=0.593294	step=2.500000
corr=0.593294	step=1.250000
corr=0.593294	step=0.625000
STAT: ImproveCpt: Final deformable mesh correlation 0.593312, (threshold 0.250000).

---- Matlab A-Sys Originals ----
x=[28.000000 1375.000000 28.000000 28.000000]; y=[788.000000 788.000000 1039.000000 788.000000]; plot(x,y); hold on;
x=[28.000000 1375.000000 1375.000000 28.000000]; y=[1039.000000 788.000000 1039.000000 1039.000000]; plot(x,y); hold on;

---- Matlab B-Sys Originals ----
x=[1.121823 1347.757710 -7.460204 1.121823]; y=[-30.240818 -2.868679 219.956167 -30.240818]; plot(x,y); hold on;
x=[-7.460204 1347.757710 1339.175683 -7.460204]; y=[219.956167 -2.868679 247.328306 219.956167]; plot(x,y); hold on;

---- Matlab B-Sys Optimized ----
x=[1.052220 1347.594534 -7.578643 1.052220]; y=[-29.963836 -3.190409 220.290300 -29.963836]; plot(x,y); hold on;
x=[-7.578643 1347.594534 1339.002909 -7.578643]; y=[220.290300 -3.190409 247.175330 220.290300]; plot(x,y); hold on;

---- Deltas ----
id=     0: dx=   -0.07 dy=    0.28 d=    0.29
id=     1: dx=   -0.16 dy=   -0.32 d=    0.36
id=     2: dx=   -0.12 dy=    0.33 d=    0.35
id=     3: dx=   -0.17 dy=   -0.15 d=    0.23

---- Areas ----
Triangle 0, area was   169048.5, is   168604.4,   -0.3%
Triangle 1, area was   169048.5, is   168684.4,   -0.2%
Combined: area was   338097.0, is   337288.9,   -0.2%

---- Transforms ----
 0.9997 -0.0344     0.16    0.0199  0.9970  -816.18
 0.9997 -0.0342    -0.01    0.0200  0.9975  -816.64

---- QC - deformable ----
Remapping 1431040 points.
Metrics: DEF: Mean square difference 0.813113
Metrics: DEF: Smallest footprint deg=0, area=332462
MetricImages: Range x 29 1375, y 792 1039, use Nx=1348, Ny=248
Approximate EM metric 0.083116 for 334304 points.
All points, deformable, dfm 0.083116

Metrics: TRI: Mean square difference 0.654920
Metrics: TRI: Smallest footprint deg=2, area=291720
MetricImages: Range x -1 1325, y 818 1038, use Nx=1328, Ny=222
Approximate EM metric 0.045440 for 294816 points.
%Yellow: Tol   1.05  red   39.2  yellow   23.3  green   37.5
%Yellow: Tol   1.10  red   29.9  yellow   42.2  green   28.0
%Yellow: Tol   1.15  red   22.6  yellow   56.1  green   21.3
%Yellow: Tol   1.20  red   17.4  yellow   65.7  green   16.9
%Yellow: Tol   1.25  red   13.8  yellow   72.3  green   13.9
Triangle 0: 145855 points, corr 0.672533, fm 0.045440, yellow 0.72

Metrics: TRI: Mean square difference 0.966469
Metrics: TRI: Smallest footprint deg=0, area=330733
MetricImages: Range x 36 1375, y 792 1039, use Nx=1340, Ny=248
Approximate EM metric 0.043820 for 332320 points.
%Yellow: Tol   1.05  red   39.4  yellow   20.8  green   39.8
%Yellow: Tol   1.10  red   31.8  yellow   36.5  green   31.7
%Yellow: Tol   1.15  red   25.9  yellow   47.9  green   26.2
%Yellow: Tol   1.20  red   21.4  yellow   56.5  green   22.1
%Yellow: Tol   1.25  red   18.2  yellow   63.0  green   18.8
Triangle 1: 169804 points, corr 0.516759, fm 0.043820, yellow 0.63


---- Final reports ----
STAT: Overall 315659 points, corr 0.5933, EMM 0.0831, weighted EMM 0.0446, cor+dfm 0.6764, weighted yellow 0.6728

Angle span: min, max, delta = 0.027126 0.027169 0.000043
Mesh-Thm: 0.0002  0.0106     9.53    0.0032  0.0013     2.83 2x(LDR,LDC)=(0.20,200.00) -- OK.

Final remapping of 1431040 points.
Center 459.292207 868.366996:  0.9997 -0.0344     0.16    0.0199  0.9970  -816.18
Mapping region 1 xy= 459.292207 868.366996 to region 1 xy= 429.434389 58.736854
Center 855.677690 961.885264:  0.9997 -0.0342    -0.01    0.0200  0.9975  -816.64
Mapping region 1 xy= 855.677690 961.885264 to region 1 xy= 822.481532 159.890204

Pipe: Returning 2 total transforms.

---- Summary Region-region results ----
Pipe: Table Headers {Az t r Bz t r thmok ntri}
FOUND:     2   10   1      1    9   1   1   2

---- Tabulating point matches ----

Timer: Alignment took 1.140 seconds.

main: Got 2 mapping regions.
main: Transform   0:  0.9997 -0.0344     0.16    0.0199  0.9970  -816.18
main: Transform   1:  0.9997 -0.0342    -0.01    0.0200  0.9975  -816.64

main: Average:  0.9997 -0.0343     0.00    0.0199  0.9973     0.00
main: Degrees: 1.55546
main: Residue:  0.9998 -0.0072     0.00   -0.0072  0.9978     0.00

main: Inverse:  0.9996  0.0344    -0.00   -0.0200  1.0021    -0.00
main: Degrees: -1.55546
main: Residue:  0.9998  0.0072     0.00    0.0072  1.0026     0.00

main: Normal completion for dmesh run.
Timer: Total took 1.410 seconds.

---- Memory ----
Host name: h02u07.int.janelia.org
PID:       26466
User time:       1 seconds.
System time:     0 seconds.
VmPeak:	  441636 kB
VmSize:	  143656 kB
VmLck:	       0 kB
VmHWM:	  358236 kB
VmRSS:	   58168 kB
VmData:	   55796 kB
VmStk:	      96 kB
VmExe:	     800 kB
VmLib:	   61764 kB
VmPTE:	     264 kB
VmSwap:	       0 kB
voluntary_ctxt_switches:	24
nonvoluntary_ctxt_switches:	17

