
---- dmesh start ----
main: Start: Fri Aug  8 18:53:15 2014


---- Match parameters ----
PXBRO=2            <default 2>        "Max Legendre poly order for bkg removal"
PXLENS=N           <default N>        "Y=Apply IDB/lens.txt"
PXRESMSK=N         <default N>        "Y=Apply resin mask"
PXDOG=N            <default N>        "Y=Apply DoG filter"
PXDOG_R1=3         <default 3>        "DoG inner radius"
PXDOG_R2=6         <default 6>        "DoG outer radius"
FLD=N              <default X>        "Mask usage: Y=Use, N=None, X=XL only"
PRETWEAK=N         <default N>        "Y=Auto-distort before angle scan"
SCALE=1            <default 1.0>      "Image-B / image-A scale factor"
XSCALE=1           <default 1.0>      "Image-B / image-A x-axis scale factor"
YSCALE=1           <default 1.0>      "Image-B / image-A y-axis scale factor"
SKEW=0             <default 0.0>      "Transform elem[3] user-applied distortion"
MODE_SL=M          <default Z>        "Notes above"
MODE_XL=N          <default Y>        "Notes above"
TAB2DFM_SL=N       <default Y>        "Adopt Tdfm from Tab"
TAB2DFM_XL=Y       <default Y>        "Adopt Tdfm from Tab"
XYCONF_SL=1.0      <default 0.0>      "[0,1.0] confidence in Tab XY"
XYCONF_XL=0.8      <default 0.0>      "[0,1.0] confidence in Tab XY"
THMDEC_SL=8        <default 8>        "2^N thumb decimation factor"
THMDEC_XL=8        <default 8>        "2^N thumb decimation factor"
OLAP1D_SL=0        <default 0>        "Min 1D pix full-size overlap"
OLAP1D_XL=0        <default 0>        "Min 1D pix full-size overlap"
OLAP2D_SL=60000    <default 25000>    "Min 2D pix full-size overlap"
OLAP2D_XL=160000   <default 200000>   "Min 2D pix full-size overlap"
NBMXHT_SL=0.75     <default 0.75>     "Max F(neib)/F(pk) in guard zone"
NBMXHT_XL=0.75     <default 0.75>     "Max F(neib)/F(pk) in guard zone"
HFANGDN_SL=5       <default 5.0>      "Half angle search range denovo"
HFANGDN_XL=45      <default 45.0>     "Half angle search range denovo"
HFANGPR_SL=1       <default 1.0>      "Half angle search range prior angles"
HFANGPR_XL=4       <default 1.0>      "Half angle search range prior angles"
RTRSH_SL=0.3       <default 0.3>      "R corr thresh"
RTRSH_XL=0.3       <default 0.3>      "R corr thresh"
TWEAKS=N           <default N>        "Y=Try 8 near unity distortions"
LIMXY_SL=30        <default 0>        "0 or Max XY delta from Tab"
LIMXY_XL=80        <default 0>        "0 or Max XY delta from Tab"
OPT_SL=Y           <default Y(EM)>    "Y=Enable mesh optimizer"
RIT_SL=0.50        <default 0.20>     "Min mesh starting corr"
RIT_XL=0.1         <default 0.20>     "Min mesh starting corr"
RFA_SL=0.55        <default 0.3>      "Affine-only final corr"
RFA_XL=0.20        <default 0.3>      "Affine-only final corr"
RFT_SL=0.65        <default 0.5>      "Full mesh final corr"
RFT_XL=0.25        <default 0.5>      "Full mesh final corr"
TMC=5              <default 30.0%>    "Max single triangle area change"
TSC=9              <default 9.0%>     "Max summed triangle area change"
MNL=250            <default 300>      "Triangle edges between MNL and 2*MNL"
MTA=120000         <default 10000>    "Min triangle size (pixels)"
MMA=60000          <default 100000>   "Min 2D overlap for mesh"
ONE=N              <default N>        "Y=Use just one affine transform"
IFM=0.50           <default 0.50>     "Min Fourier Metric after affine-only"
FFM=0.65           <default 0.65>     "Min Fourier Metric after full mesh"
FYL=0.5            <default 0.50>     "Min fraction of yellow pixels"
CPD=0.5            <default 0.50>     "Min Correlation + DFM"
EMM=Y              <default Y>        "Y=Use Earth Mover's Metric, N=Use Fourier"
EMT=0.14           <default 0.2>      "Earth Movers Metric thresh"
WDI=N              <default N>        "Y=Write diff images (Fourier, EMM metrics)"
LDA=0.2            <default 0.2>      "Max radian delta between triangles"
LDR=0.1            <default 0.1>      "Max sine delta between triangles"
LDC=100            <default 100.0>    "Max XY delta between triangles"
DXY=100            <default 100.0>    "Max delta from user input XYs"
WMT=N              <default Y>        "Y=Write map.tif files"
WTT=N              <default Y>        "Y=Write tf.txt files"


---- Input images ----
Til2Img entry: A T=[ 1.0000  0.0000  1142.00  0.0000  1.0000  5142.00] path=[/groups/apig/tomo/DEMO/TIF/C1_6_2.tif].
Til2Img entry: B T=[ 1.0000  0.0000  1142.00  0.0000  1.0000  5142.00] path=[/groups/apig/tomo/DEMO/TIF/B1_6_2.tif].


---- Command-line overrides ----
Tab=  0.9984 -0.0212   -69.69    0.0235  0.9988    65.72
Tdfm= 0.9987  0.0012     0.00    0.0012  0.9990     0.00
FLD=N


---- Image loading ----
Raster8FromTif: Opening [/groups/apig/tomo/DEMO/TIF/C1_6_2.tif].
Raster8FromTif: Bits per sample 8, samples per pixel 1
Raster8FromTif: Picture is 1376 by 1040, 1431040 pixels total.
TIF(8): Last Encoded strip had 1376 bytes.
Raster8FromTif: Opening [/groups/apig/tomo/DEMO/TIF/B1_6_2.tif].
Raster8FromTif: Bits per sample 8, samples per pixel 1
Raster8FromTif: Picture is 1376 by 1040, 1431040 pixels total.
TIF(8): Last Encoded strip had 1376 bytes.
PixPair: Using image scale=1.
Timer: Image conditioning took 0.240 seconds.

---- Foldmaps ----

---- Connected regions ----
Forcing single connected region.

---- Begin A-1 to B-1 ----

---- Thumbnail matching ----
Subimage: Using intersection, w=1321, h=988, pix=1305148
Thumbs: After decimation 20584 pts, reqArea 2501, thmscl 8
SetDisc( -2, 2, 10, 10 )
Initial: R= 1.888, A=   1.282, X=   -2.24, Y=    1.93
Peak-Disc: dR 1 dX -1 dY 0
Approx: LowRes  R=1.888, X=-17.912, Y=15.441
Approx: FullRes R=0.287, X=-19.066, Y=14.906, use=Y.
Timer: FinishAtFullRes took 0.930 seconds.
Approx: Returning A=1.281560, R=1.888486, X=-73.978001, Y=65.612711
Approx: Best transform  0.9984 -0.0212   -73.98    0.0235  0.9988    65.61
Approx: Orig transform  0.9984 -0.0212   -69.69    0.0235  0.9988    65.72
Approx: Idnt transform  1.0000 -0.0000    -4.29    0.0000  1.0000    -0.01
Approx: err = 4.29125, max = 80

---- Starting detailed region mapping ----
Roughly 1238993 pixels map to B.
Region size is [74 1375] in x, [0 973] in y.

---- Building mesh - affine ----
Computed simple triangle.

---- ImproveMesh - affine ----
Tri: (74 0) (1375 0) (724 973).

---- Matlab Vertices ----
x=[74 1375 724 74]; y=[0 0 973 0]; plot(x,y); hold on;

---- ImproveControlPts ----
STAT: ImproveCpt: Initial affine correlation 0.517210 (1238993 pixels).
corr=0.517210	step=10.000000
corr=0.517210	step=5.000000
corr=0.520130	step=5.000000
corr=0.520130	step=2.500000
corr=0.520922	step=2.500000
corr=0.520922	step=1.250000
corr=0.521472	step=1.250000
corr=0.521472	step=0.625000
corr=0.521813	step=0.625000
corr=0.521813	step=0.312500
corr=0.521863	step=0.312500
corr=0.521863	step=0.156250
STAT: ImproveCpt: Final affine correlation 0.521879, (threshold 0.200000).

---- Matlab A-Sys Originals ----
x=[74.000000 1375.000000 724.000000 74.000000]; y=[0.000000 0.000000 973.000000 0.000000]; plot(x,y); hold on;

---- Matlab B-Sys Originals ----
x=[-0.097067 1298.809624 628.261592 -0.097067]; y=[67.352599 97.941711 1054.446393 67.352599]; plot(x,y); hold on;

---- Matlab B-Sys Optimized ----
x=[3.960066 1298.498970 628.010205 3.960066]; y=[68.420117 95.619216 1055.059887 68.420117]; plot(x,y); hold on;

---- Deltas ----
id=     0: dx=    4.06 dy=    1.07 d=    4.20
id=     1: dx=   -0.31 dy=   -2.32 d=    2.34
id=     2: dx=   -0.25 dy=    0.61 d=    0.66

---- Areas ----
Triangle 0, area was   632936.5, is   630135.0,   -0.4%
Combined: area was   632936.5, is   630135.0,   -0.4%

---- Transforms ----
 0.9950 -0.0234   -69.67    0.0209  1.0001    66.87
Best affine transform:  0.9950 -0.0234   -69.67    0.0209  1.0001    66.87
    Inverse transform:  1.0045  0.0235    68.42   -0.0210  0.9995   -68.30

---- QC - affine ----
Metrics: AFF: Mean square difference 0.955643
Metrics: AFF: Smallest footprint deg=0, area=1.26488e+06
MetricImages: Range x 71 1375, y 0 970, use Nx=1306, Ny=972
Approximate EM metric 0.113369 for 1269432 points.
%Yellow: Tol   1.05  red   40.3  yellow   21.5  green   38.2
%Yellow: Tol   1.10  red   31.5  yellow   39.0  green   29.5
%Yellow: Tol   1.15  red   24.8  yellow   52.1  green   23.1
%Yellow: Tol   1.20  red   19.6  yellow   61.9  green   18.5
%Yellow: Tol   1.25  red   15.8  yellow   69.0  green   15.2
Affine Triangle: 1238900 points, corr 0.522178, fm 0.113369, yellow 0.69

---- Building mesh - deformable ----
Lx Dx Nx:  1301   650.00   2
Ly Dy Ny:   973   486.00   2

STAT: From 1238993 pts, got 8 triangles, 9 control points.
Timer: MeshCreate took 0.040 seconds.

---- ImproveMesh - deformable mesh ----
Tri: (74 0) (724 0) (74 486).
Tri: (74 486) (724 0) (724 486).
Tri: (724 0) (1375 0) (724 486).
Tri: (724 486) (1375 0) (1375 486).
Tri: (74 486) (724 486) (74 973).
Tri: (74 973) (724 486) (724 973).
Tri: (724 486) (1375 486) (724 973).
Tri: (724 973) (1375 486) (1375 973).

---- Matlab Vertices ----
x=[74 724 74 74]; y=[0 0 486 0]; plot(x,y); hold on;
x=[74 724 724 74]; y=[486 0 486 486]; plot(x,y); hold on;
x=[724 1375 724 724]; y=[0 0 486 0]; plot(x,y); hold on;
x=[724 1375 1375 724]; y=[486 0 486 486]; plot(x,y); hold on;
x=[74 724 74 74]; y=[486 486 973 486]; plot(x,y); hold on;
x=[74 724 724 74]; y=[973 486 973 973]; plot(x,y); hold on;
x=[724 1375 724 724]; y=[486 486 973 486]; plot(x,y); hold on;
x=[724 1375 1375 724]; y=[973 486 973 973]; plot(x,y); hold on;

---- ImproveControlPts ----
STAT: ImproveCpt: Initial deformable mesh correlation 0.521879 (1238993 pixels).
corr=0.521879	step=10.000000
corr=0.521879	step=5.000000
corr=0.521879	step=2.500000
corr=0.522087	step=2.500000
corr=0.522087	step=1.250000
corr=0.522823	step=1.250000
corr=0.522823	step=0.625000
corr=0.522823	step=0.312500
corr=0.522823	step=0.156250
corr=0.522824	step=0.156250
corr=0.522824	step=0.078125
STAT: ImproveCpt: Final deformable mesh correlation 0.522825, (threshold 0.250000).

---- Matlab A-Sys Originals ----
x=[74.000000 724.000000 74.000000 74.000000]; y=[0.000000 0.000000 486.000000 0.000000]; plot(x,y); hold on;
x=[74.000000 724.000000 724.000000 74.000000]; y=[486.000000 0.000000 486.000000 486.000000]; plot(x,y); hold on;
x=[724.000000 1375.000000 724.000000 724.000000]; y=[0.000000 0.000000 486.000000 0.000000]; plot(x,y); hold on;
x=[724.000000 1375.000000 1375.000000 724.000000]; y=[486.000000 0.000000 486.000000 486.000000]; plot(x,y); hold on;
x=[74.000000 724.000000 74.000000 74.000000]; y=[486.000000 486.000000 973.000000 486.000000]; plot(x,y); hold on;
x=[74.000000 724.000000 724.000000 74.000000]; y=[973.000000 486.000000 973.000000 973.000000]; plot(x,y); hold on;
x=[724.000000 1375.000000 724.000000 724.000000]; y=[486.000000 486.000000 973.000000 486.000000]; plot(x,y); hold on;
x=[724.000000 1375.000000 1375.000000 724.000000]; y=[973.000000 486.000000 973.000000 973.000000]; plot(x,y); hold on;

---- Matlab B-Sys Originals ----
x=[3.960066 650.732001 -7.389156 3.960066]; y=[68.420117 82.009213 554.445428 68.420117]; plot(x,y); hold on;
x=[-7.389156 650.732001 639.382779 -7.389156]; y=[554.445428 82.009213 568.034524 554.445428]; plot(x,y); hold on;
x=[650.732001 1298.498970 639.382779 650.732001]; y=[82.009213 95.619216 568.034524 82.009213]; plot(x,y); hold on;
x=[639.382779 1298.498970 1287.149748 639.382779]; y=[568.034524 95.619216 581.644527 568.034524]; plot(x,y); hold on;
x=[-7.389156 639.382779 -18.761730 -7.389156]; y=[554.445428 568.034524 1041.470791 554.445428]; plot(x,y); hold on;
x=[-18.761730 639.382779 628.010205 -18.761730]; y=[1041.470791 568.034524 1055.059887 1041.470791]; plot(x,y); hold on;
x=[639.382779 1287.149748 628.010205 639.382779]; y=[568.034524 581.644527 1055.059887 568.034524]; plot(x,y); hold on;
x=[628.010205 1287.149748 1275.777174 628.010205]; y=[1055.059887 581.644527 1068.669889 1055.059887]; plot(x,y); hold on;

---- Matlab B-Sys Optimized ----
x=[3.797557 651.380851 -6.214680 3.797557]; y=[68.137167 81.739904 554.418911 68.137167]; plot(x,y); hold on;
x=[-6.214680 651.380851 638.387852 -6.214680]; y=[554.418911 81.739904 568.729785 554.418911]; plot(x,y); hold on;
x=[651.380851 1299.001436 638.387852 651.380851]; y=[81.739904 94.987499 568.729785 81.739904]; plot(x,y); hold on;
x=[638.387852 1299.001436 1288.032026 638.387852]; y=[568.729785 94.987499 581.492618 568.729785]; plot(x,y); hold on;
x=[-6.214680 638.387852 -18.367262 -6.214680]; y=[554.418911 568.729785 1040.622552 554.418911]; plot(x,y); hold on;
x=[-18.367262 638.387852 628.134440 -18.367262]; y=[1040.622552 568.729785 1054.901998 1040.622552]; plot(x,y); hold on;
x=[638.387852 1288.032026 628.134440 638.387852]; y=[568.729785 581.492618 1054.901998 568.729785]; plot(x,y); hold on;
x=[628.134440 1288.032026 1275.737280 628.134440]; y=[1054.901998 581.492618 1068.522323 1054.901998]; plot(x,y); hold on;

---- Deltas ----
id=     0: dx=   -0.16 dy=   -0.28 d=    0.33
id=     1: dx=    0.65 dy=   -0.27 d=    0.70
id=     2: dx=    0.50 dy=   -0.63 d=    0.81
id=     3: dx=    1.17 dy=   -0.03 d=    1.17
id=     4: dx=   -0.99 dy=    0.70 d=    1.21
id=     5: dx=    0.88 dy=   -0.15 d=    0.90
id=     6: dx=    0.39 dy=   -0.85 d=    0.94
id=     7: dx=    0.12 dy=   -0.16 d=    0.20
id=     8: dx=   -0.04 dy=   -0.15 d=    0.15

---- Areas ----
Triangle 0, area was   157950.0, is   157522.1,   -0.3%
Triangle 1, area was   157950.0, is   157050.4,   -0.6%
Triangle 2, area was   158193.0, is   157778.4,   -0.3%
Triangle 3, area was   158193.0, is   158097.6,   -0.1%
Triangle 4, area was   158275.0, is   156791.0,   -0.9%
Triangle 5, area was   158275.0, is   157228.8,   -0.7%
Triangle 6, area was   158518.5, is   157984.9,   -0.3%
Triangle 7, area was   158518.5, is   157784.6,   -0.5%
Combined: area was  1265873.0, is  1260237.8,   -0.4%

---- Transforms ----
 0.9963 -0.0206   -69.93    0.0209  1.0006    66.59
 0.9917 -0.0267   -66.61    0.0220  1.0020    65.80
 0.9948 -0.0267   -68.86    0.0203  1.0020    67.01
 0.9979 -0.0226   -73.13    0.0196  1.0010    68.03
 0.9917 -0.0250   -67.47    0.0220  0.9984    67.58
 0.9946 -0.0211   -71.48    0.0220  0.9983    67.65
 0.9979 -0.0211   -73.87    0.0196  0.9983    69.36
 0.9948 -0.0252   -67.52    0.0209  1.0001    66.70

---- QC - deformable ----
Remapping 1431040 points.
Metrics: DEF: Mean square difference 0.953681
Metrics: DEF: Smallest footprint deg=0, area=1.26488e+06
MetricImages: Range x 71 1375, y 0 970, use Nx=1306, Ny=972
Approximate EM metric 0.113215 for 1269432 points.
All points, deformable, dfm 0.113215

Metrics: TRI: Mean square difference 0.889766
Metrics: TRI: Smallest footprint deg=0, area=313440
MetricImages: Range x 71 724, y 0 480, use Nx=654, Ny=482
Approximate EM metric 0.090355 for 315228 points.
%Yellow: Tol   1.05  red   37.3  yellow   23.9  green   38.8
%Yellow: Tol   1.10  red   28.6  yellow   41.9  green   29.5
%Yellow: Tol   1.15  red   22.4  yellow   54.9  green   22.7
%Yellow: Tol   1.20  red   17.7  yellow   64.7  green   17.5
%Yellow: Tol   1.25  red   14.2  yellow   71.9  green   13.9
Triangle 0: 157703 points, corr 0.555111, fm 0.090355, yellow 0.72

Metrics: TRI: Mean square difference 1.166855
Metrics: TRI: Smallest footprint deg=0, area=311855
MetricImages: Range x 81 724, y 1 486, use Nx=644, Ny=486
Approximate EM metric 0.083874 for 312984 points.
%Yellow: Tol   1.05  red   44.4  yellow   18.1  green   37.4
%Yellow: Tol   1.10  red   35.7  yellow   33.8  green   30.6
%Yellow: Tol   1.15  red   28.5  yellow   46.3  green   25.2
%Yellow: Tol   1.20  red   22.7  yellow   56.3  green   21.0
%Yellow: Tol   1.25  red   18.3  yellow   63.8  green   17.9
Triangle 1: 158499 points, corr 0.416566, fm 0.083874, yellow 0.64

Metrics: TRI: Mean square difference 0.926555
Metrics: TRI: Smallest footprint deg=0, area=315250
MetricImages: Range x 725 1375, y 0 485, use Nx=652, Ny=486
Approximate EM metric 0.077314 for 316872 points.
%Yellow: Tol   1.05  red   38.4  yellow   20.1  green   41.5
%Yellow: Tol   1.10  red   30.4  yellow   37.2  green   32.4
%Yellow: Tol   1.15  red   24.3  yellow   50.7  green   25.0
%Yellow: Tol   1.20  red   19.6  yellow   61.1  green   19.3
%Yellow: Tol   1.25  red   16.1  yellow   68.9  green   15.1
Triangle 2: 158277 points, corr 0.536716, fm 0.077314, yellow 0.69

Metrics: TRI: Mean square difference 0.790926
Metrics: TRI: Smallest footprint deg=0, area=315250
MetricImages: Range x 725 1375, y 1 486, use Nx=652, Ny=486
Approximate EM metric 0.106173 for 316872 points.
%Yellow: Tol   1.05  red   38.2  yellow   20.9  green   40.9
%Yellow: Tol   1.10  red   29.9  yellow   38.5  green   31.6
%Yellow: Tol   1.15  red   23.4  yellow   52.0  green   24.6
%Yellow: Tol   1.20  red   18.5  yellow   62.4  green   19.1
%Yellow: Tol   1.25  red   14.8  yellow   70.1  green   15.2
Triangle 3: 158760 points, corr 0.604530, fm 0.106173, yellow 0.70

Metrics: TRI: Mean square difference 0.678318
Metrics: TRI: Smallest footprint deg=0, area=301911
MetricImages: Range x 81 722, y 487 958, use Nx=642, Ny=472
Approximate EM metric 0.078409 for 303024 points.
%Yellow: Tol   1.05  red   39.2  yellow   24.8  green   36.0
%Yellow: Tol   1.10  red   29.4  yellow   43.8  green   26.8
%Yellow: Tol   1.15  red   22.1  yellow   57.8  green   20.2
%Yellow: Tol   1.20  red   16.6  yellow   68.1  green   15.4
%Yellow: Tol   1.25  red   12.6  yellow   75.4  green   12.1
Triangle 4: 152043 points, corr 0.660834, fm 0.078409, yellow 0.75

Metrics: TRI: Mean square difference 1.180215
Metrics: TRI: Smallest footprint deg=37, area=302480
MetricImages: Range x -510 286, y 821 1201, use Nx=798, Ny=382
Approximate EM metric 0.092097 for 304836 points.
%Yellow: Tol   1.05  red   44.1  yellow   17.4  green   38.5
%Yellow: Tol   1.10  red   35.8  yellow   32.5  green   31.7
%Yellow: Tol   1.15  red   28.8  yellow   44.8  green   26.4
%Yellow: Tol   1.20  red   23.2  yellow   54.5  green   22.4
%Yellow: Tol   1.25  red   18.9  yellow   61.9  green   19.3
Triangle 5: 152712 points, corr 0.409886, fm 0.092097, yellow 0.62

Metrics: TRI: Mean square difference 0.958269
Metrics: TRI: Smallest footprint deg=0, area=304560
MetricImages: Range x 725 1373, y 487 957, use Nx=650, Ny=472
Approximate EM metric 0.093899 for 306800 points.
%Yellow: Tol   1.05  red   40.8  yellow   22.2  green   37.0
%Yellow: Tol   1.10  red   31.3  yellow   40.0  green   28.7
%Yellow: Tol   1.15  red   24.3  yellow   52.8  green   22.8
%Yellow: Tol   1.20  red   19.5  yellow   61.9  green   18.6
%Yellow: Tol   1.25  red   16.1  yellow   68.3  green   15.7
Triangle 6: 157777 points, corr 0.520859, fm 0.093899, yellow 0.68

Metrics: TRI: Mean square difference 1.069293
Metrics: TRI: Smallest footprint deg=37, area=288880
MetricImages: Range x 21 806, y 1213 1581, use Nx=786, Ny=370
Approximate EM metric 0.076105 for 290820 points.
%Yellow: Tol   1.05  red   42.4  yellow   17.3  green   40.4
%Yellow: Tol   1.10  red   34.4  yellow   32.2  green   33.4
%Yellow: Tol   1.15  red   27.9  yellow   44.4  green   27.7
%Yellow: Tol   1.20  red   22.8  yellow   54.2  green   23.0
%Yellow: Tol   1.25  red   18.9  yellow   61.9  green   19.2
Triangle 7: 144138 points, corr 0.465347, fm 0.076105, yellow 0.62


---- Final reports ----
STAT: Overall 1239909 points, corr 0.5228, EMM 0.1132, weighted EMM 0.0874, cor+dfm 0.6360, weighted yellow 0.6781

Angle span: min, max, delta = 0.020365 0.024447 0.004082
Mesh-Thm: 0.0034  0.0025     4.12    0.0026  0.0013     1.73 2x(LDR,LDC)=(0.20,200.00) -- OK.

Final remapping of 1431040 points.
Center 282.121703 155.610997:  0.9963 -0.0206   -69.93    0.0209  1.0006    66.59
Mapping region 1 xy= 282.121703 155.610997 to region 1 xy= 207.939671 228.193797
Center 473.399034 336.686207:  0.9917 -0.0267   -66.61    0.0220  1.0020    65.80
Mapping region 1 xy= 473.399034 336.686207 to region 1 xy= 393.859665 413.594458
Center 923.673851 149.065271:  0.9948 -0.0267   -68.86    0.0203  1.0020    67.01
Mapping region 1 xy= 923.673851 149.065271 to region 1 xy= 846.032977 235.172075
Center 1118.434505 338.768687:  0.9979 -0.0226   -73.13    0.0196  1.0010    68.03
Mapping region 1 xy= 1118.434505 338.768687 to region 1 xy= 1035.324004 429.078324
Center 286.386387 645.126416:  0.9917 -0.0250   -67.47    0.0220  0.9984    67.58
Mapping region 1 xy= 286.386387 645.126416 to region 1 xy= 200.437258 717.961172
Center 492.807014 816.108449:  0.9946 -0.0211   -71.48    0.0220  0.9983    67.65
Mapping region 1 xy= 492.807014 816.108449 to region 1 xy= 401.488966 893.198192
Center 924.329418 635.862406:  0.9979 -0.0211   -73.87    0.0196  0.9983    69.36
Mapping region 1 xy= 924.329418 635.862406 to region 1 xy= 835.144809 722.264912
Center 1145.944578 815.175876:  0.9948 -0.0252   -67.52    0.0209  1.0001    66.70
Mapping region 1 xy= 1145.944578 815.175876 to region 1 xy= 1051.861564 905.896239

Pipe: Returning 8 total transforms.

---- Summary Region-region results ----
Pipe: Table Headers {Az t r Bz t r thmok ntri}
FOUND:     2    6   1      1    6   1   1   8

---- Tabulating point matches ----

Timer: Alignment took 3.650 seconds.

main: Got 8 mapping regions.
main: Transform   0:  0.9963 -0.0206   -69.93    0.0209  1.0006    66.59
main: Transform   1:  0.9917 -0.0267   -66.61    0.0220  1.0020    65.80
main: Transform   2:  0.9948 -0.0267   -68.86    0.0203  1.0020    67.01
main: Transform   3:  0.9979 -0.0226   -73.13    0.0196  1.0010    68.03
main: Transform   4:  0.9917 -0.0250   -67.47    0.0220  0.9984    67.58
main: Transform   5:  0.9946 -0.0211   -71.48    0.0220  0.9983    67.65
main: Transform   6:  0.9979 -0.0211   -73.87    0.0196  0.9983    69.36
main: Transform   7:  0.9948 -0.0252   -67.52    0.0209  1.0001    66.70

main: Average:  0.9950 -0.0236     0.00    0.0209  1.0001     0.00
main: Degrees: 1.27907
main: Residue:  0.9952 -0.0013     0.00   -0.0013  1.0004     0.00

main: Inverse:  1.0046  0.0237    -0.00   -0.0210  0.9994    -0.00
main: Degrees: -1.27907
main: Residue:  1.0048  0.0014     0.00    0.0014  0.9997     0.00

main: Normal completion for dmesh run.
Timer: Total took 3.890 seconds.

---- Memory ----
Host name: h02u07.int.janelia.org
PID:       26486
User time:       3 seconds.
System time:     0 seconds.
VmPeak:	  776252 kB
VmSize:	  149232 kB
VmLck:	       0 kB
VmHWM:	  692860 kB
VmRSS:	   65908 kB
VmData:	   61372 kB
VmStk:	      96 kB
VmExe:	     800 kB
VmLib:	   61764 kB
VmPTE:	     284 kB
VmSwap:	       0 kB
voluntary_ctxt_switches:	19
nonvoluntary_ctxt_switches:	6

