
---- dmesh start ----
main: Start: Fri Aug  8 18:53:20 2014


---- Match parameters ----
PXBRO=2            <default 2>        "Max Legendre poly order for bkg removal"
PXLENS=N           <default N>        "Y=Apply IDB/lens.txt"
PXRESMSK=N         <default N>        "Y=Apply resin mask"
PXDOG=N            <default N>        "Y=Apply DoG filter"
PXDOG_R1=3         <default 3>        "DoG inner radius"
PXDOG_R2=6         <default 6>        "DoG outer radius"
FLD=N              <default X>        "Mask usage: Y=Use, N=None, X=XL only"
PRETWEAK=N         <default N>        "Y=Auto-distort before angle scan"
SCALE=1            <default 1.0>      "Image-B / image-A scale factor"
XSCALE=1           <default 1.0>      "Image-B / image-A x-axis scale factor"
YSCALE=1           <default 1.0>      "Image-B / image-A y-axis scale factor"
SKEW=0             <default 0.0>      "Transform elem[3] user-applied distortion"
MODE_SL=M          <default Z>        "Notes above"
MODE_XL=N          <default Y>        "Notes above"
TAB2DFM_SL=N       <default Y>        "Adopt Tdfm from Tab"
TAB2DFM_XL=Y       <default Y>        "Adopt Tdfm from Tab"
XYCONF_SL=1.0      <default 0.0>      "[0,1.0] confidence in Tab XY"
XYCONF_XL=0.8      <default 0.0>      "[0,1.0] confidence in Tab XY"
THMDEC_SL=8        <default 8>        "2^N thumb decimation factor"
THMDEC_XL=8        <default 8>        "2^N thumb decimation factor"
OLAP1D_SL=0        <default 0>        "Min 1D pix full-size overlap"
OLAP1D_XL=0        <default 0>        "Min 1D pix full-size overlap"
OLAP2D_SL=60000    <default 25000>    "Min 2D pix full-size overlap"
OLAP2D_XL=160000   <default 200000>   "Min 2D pix full-size overlap"
NBMXHT_SL=0.75     <default 0.75>     "Max F(neib)/F(pk) in guard zone"
NBMXHT_XL=0.75     <default 0.75>     "Max F(neib)/F(pk) in guard zone"
HFANGDN_SL=5       <default 5.0>      "Half angle search range denovo"
HFANGDN_XL=45      <default 45.0>     "Half angle search range denovo"
HFANGPR_SL=1       <default 1.0>      "Half angle search range prior angles"
HFANGPR_XL=4       <default 1.0>      "Half angle search range prior angles"
RTRSH_SL=0.3       <default 0.3>      "R corr thresh"
RTRSH_XL=0.3       <default 0.3>      "R corr thresh"
TWEAKS=N           <default N>        "Y=Try 8 near unity distortions"
LIMXY_SL=30        <default 0>        "0 or Max XY delta from Tab"
LIMXY_XL=80        <default 0>        "0 or Max XY delta from Tab"
OPT_SL=Y           <default Y(EM)>    "Y=Enable mesh optimizer"
RIT_SL=0.50        <default 0.20>     "Min mesh starting corr"
RIT_XL=0.1         <default 0.20>     "Min mesh starting corr"
RFA_SL=0.55        <default 0.3>      "Affine-only final corr"
RFA_XL=0.20        <default 0.3>      "Affine-only final corr"
RFT_SL=0.65        <default 0.5>      "Full mesh final corr"
RFT_XL=0.25        <default 0.5>      "Full mesh final corr"
TMC=5              <default 30.0%>    "Max single triangle area change"
TSC=9              <default 9.0%>     "Max summed triangle area change"
MNL=250            <default 300>      "Triangle edges between MNL and 2*MNL"
MTA=120000         <default 10000>    "Min triangle size (pixels)"
MMA=60000          <default 100000>   "Min 2D overlap for mesh"
ONE=N              <default N>        "Y=Use just one affine transform"
IFM=0.50           <default 0.50>     "Min Fourier Metric after affine-only"
FFM=0.65           <default 0.65>     "Min Fourier Metric after full mesh"
FYL=0.5            <default 0.50>     "Min fraction of yellow pixels"
CPD=0.5            <default 0.50>     "Min Correlation + DFM"
EMM=Y              <default Y>        "Y=Use Earth Mover's Metric, N=Use Fourier"
EMT=0.14           <default 0.2>      "Earth Movers Metric thresh"
WDI=N              <default N>        "Y=Write diff images (Fourier, EMM metrics)"
LDA=0.2            <default 0.2>      "Max radian delta between triangles"
LDR=0.1            <default 0.1>      "Max sine delta between triangles"
LDC=100            <default 100.0>    "Max XY delta between triangles"
DXY=100            <default 100.0>    "Max delta from user input XYs"
WMT=N              <default Y>        "Y=Write map.tif files"
WTT=N              <default Y>        "Y=Write tf.txt files"


---- Input images ----
Til2Img entry: A T=[ 1.0000  0.0000  1142.00  0.0000  1.0000  3428.00] path=[/groups/apig/tomo/DEMO/TIF/C1_4_2.tif].
Til2Img entry: B T=[ 1.0000  0.0000  1142.00  0.0000  1.0000  2571.00] path=[/groups/apig/tomo/DEMO/TIF/B1_3_2.tif].


---- Command-line overrides ----
Tab=  0.9995 -0.0227   -26.34    0.0236  1.0002   929.26
Tdfm= 0.9998  0.0005     0.00    0.0005  1.0004     0.00
FLD=N


---- Image loading ----
Raster8FromTif: Opening [/groups/apig/tomo/DEMO/TIF/C1_4_2.tif].
Raster8FromTif: Bits per sample 8, samples per pixel 1
Raster8FromTif: Picture is 1376 by 1040, 1431040 pixels total.
TIF(8): Last Encoded strip had 1376 bytes.
Raster8FromTif: Opening [/groups/apig/tomo/DEMO/TIF/B1_3_2.tif].
Raster8FromTif: Bits per sample 8, samples per pixel 1
Raster8FromTif: Picture is 1376 by 1040, 1431040 pixels total.
TIF(8): Last Encoded strip had 1376 bytes.
PixPair: Using image scale=1.
Timer: Image conditioning took 0.240 seconds.

---- Foldmaps ----

---- Connected regions ----
Forcing single connected region.

---- Begin A-1 to B-1 ----

---- Thumbnail matching ----
Subimage: Using intersection, w=1355, h=297, pix=402435
Thumbs: After decimation 6460 pts, reqArea 2501, thmscl 8
SetDisc( -1, 23, 10, 10 )
Initial: R= 0.530, A=   1.328, X=   -0.02, Y=   18.76
Peak-Disc: dR 34 dX 7 dY -33
Approx: LowRes  R=0.530, X=-0.174, Y=150.068
Approx: FullRes R=0.076, X=1.996, Y=122.125, use=N.
Timer: FinishAtFullRes took 0.390 seconds.
Approx: Returning A=1.328398, R=0.529745, X=-21.163938, Y=892.571688
Approx: Best transform  0.9995 -0.0227   -21.16    0.0236  1.0002   892.57
Approx: Orig transform  0.9995 -0.0227   -26.34    0.0236  1.0002   929.26
Approx: Idnt transform  1.0000  0.0000     4.34    0.0000  1.0000   -36.79
Approx: err = 37.0399, max = 80

---- Starting detailed region mapping ----
Roughly 177862 pixels map to B.
Region size is [21 1375] in x, [0 146] in y.

---- Building mesh - affine ----
Computed simple triangle.

---- ImproveMesh - affine ----
Tri: (21 0) (1375 0) (698 146).

---- Matlab Vertices ----
x=[21 1375 698 21]; y=[0 0 146 0]; plot(x,y); hold on;

---- ImproveControlPts ----
STAT: ImproveCpt: Initial affine correlation 0.754980 (177862 pixels).
corr=0.754980	step=10.000000
corr=0.766905	step=10.000000
corr=0.774128	step=10.000000
corr=0.783213	step=10.000000
corr=0.792423	step=10.000000
corr=0.804588	step=10.000000
corr=0.804588	step=5.000000
corr=0.807685	step=5.000000
corr=0.809078	step=5.000000
corr=0.810290	step=5.000000
corr=0.814689	step=5.000000
corr=0.819592	step=5.000000
corr=0.822257	step=5.000000
corr=0.822257	step=2.500000
corr=0.822257	step=1.250000
corr=0.822257	step=0.625000
corr=0.822257	step=0.312500
corr=0.822257	step=0.156250
corr=0.822257	step=0.078125
STAT: ImproveCpt: Final affine correlation 0.822257, (threshold 0.200000).

---- Matlab A-Sys Originals ----
x=[21.000000 1375.000000 698.000000 21.000000]; y=[0.000000 0.000000 146.000000 0.000000]; plot(x,y); hold on;

---- Matlab B-Sys Originals ----
x=[-0.174312 1353.156812 673.171064 -0.174312]; y=[893.067918 925.062938 1055.092584 893.067918]; plot(x,y); hold on;

---- Matlab B-Sys Optimized ----
x=[-11.542604 1347.196451 672.300805 -11.542604]; y=[864.140744 978.920971 1081.243627 864.140744]; plot(x,y); hold on;

---- Deltas ----
id=     0: dx=  -11.37 dy=  -28.93 d=   31.08
id=     1: dx=   -5.96 dy=   53.86 d=   54.19
id=     2: dx=   -0.87 dy=   26.15 d=   26.17

---- Areas ----
Triangle 0, area was    98842.0, is   108247.2,    9.5%
Combined: area was    98842.0, is   108247.2,    9.5%
FAIL: Area change too big (max, sum) = (    9.52%     9.52%), (TMC TSC)=(5.000000 9.000000).
Pipe: Returning 0 total transforms.

---- Summary Region-region results ----
Pipe: Table Headers {Az t r Bz t r thmok ntri}
FOUND:     2    4   1      1    3   1   1   0
Timer: Alignment took 0.620 seconds.

main: Got 0 mapping regions.

main: Normal completion for dmesh run.
Timer: Total took 0.870 seconds.

---- Memory ----
Host name: h02u07.int.janelia.org
PID:       26500
User time:       0 seconds.
System time:     0 seconds.
VmPeak:	  416032 kB
VmSize:	  117088 kB
VmLck:	       0 kB
VmHWM:	  332532 kB
VmRSS:	   33752 kB
VmData:	   29228 kB
VmStk:	      96 kB
VmExe:	     800 kB
VmLib:	   61764 kB
VmPTE:	     228 kB
VmSwap:	       0 kB
voluntary_ctxt_switches:	17
nonvoluntary_ctxt_switches:	4

