
---- dmesh start ----
main: Start: Fri Aug  8 18:53:25 2014


---- Match parameters ----
PXBRO=2            <default 2>        "Max Legendre poly order for bkg removal"
PXLENS=N           <default N>        "Y=Apply IDB/lens.txt"
PXRESMSK=N         <default N>        "Y=Apply resin mask"
PXDOG=N            <default N>        "Y=Apply DoG filter"
PXDOG_R1=3         <default 3>        "DoG inner radius"
PXDOG_R2=6         <default 6>        "DoG outer radius"
FLD=N              <default X>        "Mask usage: Y=Use, N=None, X=XL only"
PRETWEAK=N         <default N>        "Y=Auto-distort before angle scan"
SCALE=1            <default 1.0>      "Image-B / image-A scale factor"
XSCALE=1           <default 1.0>      "Image-B / image-A x-axis scale factor"
YSCALE=1           <default 1.0>      "Image-B / image-A y-axis scale factor"
SKEW=0             <default 0.0>      "Transform elem[3] user-applied distortion"
MODE_SL=M          <default Z>        "Notes above"
MODE_XL=N          <default Y>        "Notes above"
TAB2DFM_SL=N       <default Y>        "Adopt Tdfm from Tab"
TAB2DFM_XL=Y       <default Y>        "Adopt Tdfm from Tab"
XYCONF_SL=1.0      <default 0.0>      "[0,1.0] confidence in Tab XY"
XYCONF_XL=0.8      <default 0.0>      "[0,1.0] confidence in Tab XY"
THMDEC_SL=8        <default 8>        "2^N thumb decimation factor"
THMDEC_XL=8        <default 8>        "2^N thumb decimation factor"
OLAP1D_SL=0        <default 0>        "Min 1D pix full-size overlap"
OLAP1D_XL=0        <default 0>        "Min 1D pix full-size overlap"
OLAP2D_SL=60000    <default 25000>    "Min 2D pix full-size overlap"
OLAP2D_XL=160000   <default 200000>   "Min 2D pix full-size overlap"
NBMXHT_SL=0.75     <default 0.75>     "Max F(neib)/F(pk) in guard zone"
NBMXHT_XL=0.75     <default 0.75>     "Max F(neib)/F(pk) in guard zone"
HFANGDN_SL=5       <default 5.0>      "Half angle search range denovo"
HFANGDN_XL=45      <default 45.0>     "Half angle search range denovo"
HFANGPR_SL=1       <default 1.0>      "Half angle search range prior angles"
HFANGPR_XL=4       <default 1.0>      "Half angle search range prior angles"
RTRSH_SL=0.3       <default 0.3>      "R corr thresh"
RTRSH_XL=0.3       <default 0.3>      "R corr thresh"
TWEAKS=N           <default N>        "Y=Try 8 near unity distortions"
LIMXY_SL=30        <default 0>        "0 or Max XY delta from Tab"
LIMXY_XL=80        <default 0>        "0 or Max XY delta from Tab"
OPT_SL=Y           <default Y(EM)>    "Y=Enable mesh optimizer"
RIT_SL=0.50        <default 0.20>     "Min mesh starting corr"
RIT_XL=0.1         <default 0.20>     "Min mesh starting corr"
RFA_SL=0.55        <default 0.3>      "Affine-only final corr"
RFA_XL=0.20        <default 0.3>      "Affine-only final corr"
RFT_SL=0.65        <default 0.5>      "Full mesh final corr"
RFT_XL=0.25        <default 0.5>      "Full mesh final corr"
TMC=5              <default 30.0%>    "Max single triangle area change"
TSC=9              <default 9.0%>     "Max summed triangle area change"
MNL=250            <default 300>      "Triangle edges between MNL and 2*MNL"
MTA=120000         <default 10000>    "Min triangle size (pixels)"
MMA=60000          <default 100000>   "Min 2D overlap for mesh"
ONE=N              <default N>        "Y=Use just one affine transform"
IFM=0.50           <default 0.50>     "Min Fourier Metric after affine-only"
FFM=0.65           <default 0.65>     "Min Fourier Metric after full mesh"
FYL=0.5            <default 0.50>     "Min fraction of yellow pixels"
CPD=0.5            <default 0.50>     "Min Correlation + DFM"
EMM=Y              <default Y>        "Y=Use Earth Mover's Metric, N=Use Fourier"
EMT=0.14           <default 0.2>      "Earth Movers Metric thresh"
WDI=N              <default N>        "Y=Write diff images (Fourier, EMM metrics)"
LDA=0.2            <default 0.2>      "Max radian delta between triangles"
LDR=0.1            <default 0.1>      "Max sine delta between triangles"
LDC=100            <default 100.0>    "Max XY delta between triangles"
DXY=100            <default 100.0>    "Max delta from user input XYs"
WMT=N              <default Y>        "Y=Write map.tif files"
WTT=N              <default Y>        "Y=Write tf.txt files"


---- Input images ----
Til2Img entry: A T=[ 1.0000  0.0000  1142.00  0.0000  1.0000   857.00] path=[/groups/apig/tomo/DEMO/TIF/C1_1_2.tif].
Til2Img entry: B T=[ 1.0000  0.0000  1142.00  0.0000  1.0000     0.00] path=[/groups/apig/tomo/DEMO/TIF/B1_0_2.tif].


---- Command-line overrides ----
Tab=  1.0005 -0.0220    32.04    0.0230  0.9993   915.12
Tdfm= 1.0008  0.0005     0.00    0.0005  0.9996     0.00
FLD=N


---- Image loading ----
Raster8FromTif: Opening [/groups/apig/tomo/DEMO/TIF/C1_1_2.tif].
Raster8FromTif: Bits per sample 8, samples per pixel 1
Raster8FromTif: Picture is 1376 by 1040, 1431040 pixels total.
TIF(8): Last Encoded strip had 1376 bytes.
Raster8FromTif: Opening [/groups/apig/tomo/DEMO/TIF/B1_0_2.tif].
Raster8FromTif: Bits per sample 8, samples per pixel 1
Raster8FromTif: Picture is 1376 by 1040, 1431040 pixels total.
TIF(8): Last Encoded strip had 1376 bytes.
PixPair: Using image scale=1.
Timer: Image conditioning took 0.250 seconds.

---- Foldmaps ----

---- Connected regions ----
Forcing single connected region.

---- Begin A-1 to B-1 ----

---- Thumbnail matching ----
Subimage: Using intersection, w=1351, h=308, pix=416108
Thumbs: After decimation 6591 pts, reqArea 2501, thmscl 8
SetDisc( 1, 23, 10, 10 )
Initial: R= 0.507, A=   1.290, X=    0.81, Y=   22.42
Peak-Disc: dR 4 dX -1 dY -4
Approx: LowRes  R=0.507, X=6.456, Y=179.369
Approx: FullRes R=0.059, X=4.977, Y=174.264, use=Y.
Timer: FinishAtFullRes took 0.380 seconds.
Approx: Returning A=1.290389, R=0.507035, X=29.976913, Y=906.263953
Approx: Best transform  1.0005 -0.0220    29.98    0.0230  0.9993   906.26
Approx: Orig transform  1.0005 -0.0220    32.04    0.0230  0.9993   915.12
Approx: Idnt transform  1.0000 -0.0000    -2.25    0.0000  1.0000    -8.81
Approx: err = 9.09077, max = 80

---- Starting detailed region mapping ----
Roughly 160044 pixels map to B.
Region size is [0 1347] in x, [0 133] in y.

---- Building mesh - affine ----
Computed simple triangle.

---- ImproveMesh - affine ----
Tri: (0 0) (1347 0) (673 133).

---- Matlab Vertices ----
x=[0 1347 673 0]; y=[0 0 133 0]; plot(x,y); hold on;

---- ImproveControlPts ----
STAT: ImproveCpt: Initial affine correlation 0.346301 (160044 pixels).
corr=0.346301	step=10.000000
corr=0.363739	step=10.000000
corr=0.363739	step=5.000000
corr=0.367562	step=5.000000
corr=0.368419	step=5.000000
corr=0.368419	step=2.500000
corr=0.371180	step=2.500000
corr=0.371180	step=1.250000
corr=0.371307	step=1.250000
corr=0.371307	step=0.625000
corr=0.371428	step=0.625000
corr=0.371727	step=0.625000
corr=0.371727	step=0.312500
corr=0.371810	step=0.312500
corr=0.371810	step=0.156250
STAT: ImproveCpt: Final affine correlation 0.371810, (threshold 0.200000).

---- Matlab A-Sys Originals ----
x=[0.000000 1347.000000 673.000000 0.000000]; y=[0.000000 0.000000 133.000000 0.000000]; plot(x,y); hold on;

---- Matlab B-Sys Originals ----
x=[29.976913 1377.686782 700.402791 29.976913]; y=[906.263953 937.279975 1054.668548 906.263953]; plot(x,y); hold on;

---- Matlab B-Sys Optimized ----
x=[35.257848 1378.322744 701.447708 35.257848]; y=[916.725161 937.596521 1058.624981 916.725161]; plot(x,y); hold on;

---- Deltas ----
id=     0: dx=    5.28 dy=   10.46 d=   11.72
id=     1: dx=    0.64 dy=    0.32 d=    0.71
id=     2: dx=    1.04 dy=    3.96 d=    4.09

---- Areas ----
Triangle 0, area was    89575.5, is    88338.2,   -1.4%
Combined: area was    89575.5, is    88338.2,   -1.4%

---- Transforms ----
 0.9971 -0.0364    35.26    0.0155  0.9885   916.73
Best affine transform:  0.9971 -0.0364    35.26    0.0155  0.9885   916.73
    Inverse transform:  1.0024  0.0369   -69.20   -0.0157  1.0110  -926.30

---- QC - affine ----
Metrics: AFF: Mean square difference 1.258076
Metrics: AFF: Smallest footprint deg=0, area=165681
MetricImages: Range x 0 1347, y 0 123, use Nx=1348, Ny=124
Approximate EM metric 0.087973 for 167152 points.
%Yellow: Tol   1.05  red   42.2  yellow   14.4  green   43.4
%Yellow: Tol   1.10  red   36.0  yellow   27.0  green   37.0
%Yellow: Tol   1.15  red   31.1  yellow   37.5  green   31.4
%Yellow: Tol   1.20  red   26.8  yellow   47.3  green   25.9
%Yellow: Tol   1.25  red   23.3  yellow   55.8  green   20.9
Affine Triangle: 152980 points, corr 0.370956, fm 0.087973, yellow 0.56

---- Building mesh - deformable ----
Lx Dx Nx:  1347  1347.00   1
Ly Dy Ny:   133   133.00   1

STAT: From 160044 pts, got 2 triangles, 4 control points.
Timer: MeshCreate took 0.000 seconds.

---- ImproveMesh - deformable mesh ----
Tri: (0 0) (1347 0) (0 133).
Tri: (0 133) (1347 0) (1347 133).

---- Matlab Vertices ----
x=[0 1347 0 0]; y=[0 0 133 0]; plot(x,y); hold on;
x=[0 1347 1347 0]; y=[133 0 133 133]; plot(x,y); hold on;

---- ImproveControlPts ----
STAT: ImproveCpt: Initial deformable mesh correlation 0.371810 (160044 pixels).
corr=0.371810	step=10.000000
corr=0.371810	step=5.000000
corr=0.371810	step=2.500000
corr=0.371810	step=1.250000
corr=0.372095	step=1.250000
corr=0.372345	step=1.250000
corr=0.372345	step=0.625000
corr=0.372469	step=0.625000
corr=0.372807	step=0.625000
corr=0.372897	step=0.625000
corr=0.373165	step=0.625000
corr=0.373913	step=0.625000
corr=0.373913	step=0.312500
corr=0.373913	step=0.156250
corr=0.373913	step=0.078125
STAT: ImproveCpt: Final deformable mesh correlation 0.373913, (threshold 0.250000).

---- Matlab A-Sys Originals ----
x=[0.000000 1347.000000 0.000000 0.000000]; y=[0.000000 0.000000 133.000000 0.000000]; plot(x,y); hold on;
x=[0.000000 1347.000000 1347.000000 0.000000]; y=[133.000000 0.000000 133.000000 133.000000]; plot(x,y); hold on;

---- Matlab B-Sys Originals ----
x=[35.257848 1378.322744 30.413798 35.257848]; y=[916.725161 937.596521 1048.197048 916.725161]; plot(x,y); hold on;
x=[30.413798 1378.322744 1373.478695 30.413798]; y=[1048.197048 937.596521 1069.068409 1048.197048]; plot(x,y); hold on;

---- Matlab B-Sys Optimized ----
x=[32.978080 1379.454337 31.611797 32.978080]; y=[916.299205 937.780116 1048.207803 916.299205]; plot(x,y); hold on;
x=[31.611797 1379.454337 1371.828466 31.611797]; y=[1048.207803 937.780116 1069.133685 1048.207803]; plot(x,y); hold on;

---- Deltas ----
id=     0: dx=   -2.28 dy=   -0.43 d=    2.32
id=     1: dx=    1.13 dy=    0.18 d=    1.15
id=     2: dx=    1.20 dy=    0.01 d=    1.20
id=     3: dx=   -1.65 dy=    0.07 d=    1.65

---- Areas ----
Triangle 0, area was    89575.5, is    88820.6,   -0.8%
Triangle 1, area was    89575.5, is    88100.9,   -1.6%
Combined: area was   179151.0, is   176921.5,   -1.2%

---- Transforms ----
 0.9996 -0.0103    32.98    0.0159  0.9918   916.30
 0.9950 -0.0573    39.24    0.0155  0.9876   916.85

---- QC - deformable ----
Remapping 1431040 points.
Metrics: DEF: Mean square difference 1.254009
Metrics: DEF: Smallest footprint deg=0, area=165804
MetricImages: Range x 0 1348, y 0 123, use Nx=1350, Ny=124
Approximate EM metric 0.087351 for 167400 points.
All points, deformable, dfm 0.087351

Metrics: TRI: Mean square difference 1.330579
Metrics: TRI: Smallest footprint deg=0, area=165066
MetricImages: Range x 0 1342, y 0 123, use Nx=1344, Ny=124
Approximate EM metric 0.065167 for 166656 points.
%Yellow: Tol   1.05  red   43.0  yellow   14.9  green   42.2
%Yellow: Tol   1.10  red   36.6  yellow   27.7  green   35.7
%Yellow: Tol   1.15  red   31.6  yellow   37.7  green   30.7
%Yellow: Tol   1.20  red   27.3  yellow   47.0  green   25.7
%Yellow: Tol   1.25  red   23.4  yellow   55.7  green   20.9
Triangle 0: 89788 points, corr 0.334700, fm 0.065167, yellow 0.56

Metrics: TRI: Mean square difference 1.163947
Metrics: TRI: Smallest footprint deg=2, area=125154
MetricImages: Range x 117 1344, y 47 149, use Nx=1228, Ny=104
Approximate EM metric 0.062982 for 127712 points.
%Yellow: Tol   1.05  red   41.2  yellow   13.8  green   44.9
%Yellow: Tol   1.10  red   35.7  yellow   26.0  green   38.3
%Yellow: Tol   1.15  red   30.9  yellow   36.7  green   32.3
%Yellow: Tol   1.20  red   26.7  yellow   47.6  green   25.7
%Yellow: Tol   1.25  red   23.4  yellow   55.7  green   20.9
Triangle 1: 63112 points, corr 0.418011, fm 0.062982, yellow 0.56


---- Final reports ----
STAT: Overall 152900 points, corr 0.3739, EMM 0.0874, weighted EMM 0.0643, cor+dfm 0.4613, weighted yellow 0.5568

Angle span: min, max, delta = 0.013166 0.036740 0.023574
Mesh-Thm: 0.0032  0.0118     6.13    0.0073  0.0096    10.31 2x(LDR,LDC)=(0.20,200.00) -- OK.

Final remapping of 1431040 points.
Center 431.292207 42.584902:  0.9996 -0.0103    32.98    0.0159  0.9918   916.30
Mapping region 1 xy= 431.292207 42.584902 to region 1 xy= 463.665124 965.412568
Center 827.677690 92.138407:  0.9950 -0.0573    39.24    0.0155  0.9876   916.85
Mapping region 1 xy= 827.677690 92.138407 to region 1 xy= 857.464297 1020.710161

Pipe: Returning 2 total transforms.

---- Summary Region-region results ----
Pipe: Table Headers {Az t r Bz t r thmok ntri}
FOUND:     2    1   1      1    0   1   1   2

---- Tabulating point matches ----

Timer: Alignment took 0.980 seconds.

main: Got 2 mapping regions.
main: Transform   0:  0.9996 -0.0103    32.98    0.0159  0.9918   916.30
main: Transform   1:  0.9950 -0.0573    39.24    0.0155  0.9876   916.85

main: Average:  0.9973 -0.0338     0.00    0.0157  0.9897     0.00
main: Degrees: 1.42839
main: Residue:  0.9974 -0.0091     0.00   -0.0091  0.9902     0.00

main: Inverse:  1.0022  0.0342    -0.00   -0.0159  1.0099    -0.00
main: Degrees: -1.42839
main: Residue:  1.0023  0.0090     0.00    0.0090  1.0104     0.00

main: Normal completion for dmesh run.
Timer: Total took 1.230 seconds.

---- Memory ----
Host name: h02u07.int.janelia.org
PID:       26515
User time:       1 seconds.
System time:     0 seconds.
VmPeak:	  418784 kB
VmSize:	  124260 kB
VmLck:	       0 kB
VmHWM:	  335308 kB
VmRSS:	   39572 kB
VmData:	   36400 kB
VmStk:	      96 kB
VmExe:	     800 kB
VmLib:	   61764 kB
VmPTE:	     240 kB
VmSwap:	       0 kB
voluntary_ctxt_switches:	22
nonvoluntary_ctxt_switches:	4

