
---- dmesh start ----
main: Start: Fri Aug  8 18:53:14 2014


---- Match parameters ----
PXBRO=2            <default 2>        "Max Legendre poly order for bkg removal"
PXLENS=N           <default N>        "Y=Apply IDB/lens.txt"
PXRESMSK=N         <default N>        "Y=Apply resin mask"
PXDOG=N            <default N>        "Y=Apply DoG filter"
PXDOG_R1=3         <default 3>        "DoG inner radius"
PXDOG_R2=6         <default 6>        "DoG outer radius"
FLD=N              <default X>        "Mask usage: Y=Use, N=None, X=XL only"
PRETWEAK=N         <default N>        "Y=Auto-distort before angle scan"
SCALE=1            <default 1.0>      "Image-B / image-A scale factor"
XSCALE=1           <default 1.0>      "Image-B / image-A x-axis scale factor"
YSCALE=1           <default 1.0>      "Image-B / image-A y-axis scale factor"
SKEW=0             <default 0.0>      "Transform elem[3] user-applied distortion"
MODE_SL=M          <default Z>        "Notes above"
MODE_XL=N          <default Y>        "Notes above"
TAB2DFM_SL=N       <default Y>        "Adopt Tdfm from Tab"
TAB2DFM_XL=Y       <default Y>        "Adopt Tdfm from Tab"
XYCONF_SL=1.0      <default 0.0>      "[0,1.0] confidence in Tab XY"
XYCONF_XL=0.8      <default 0.0>      "[0,1.0] confidence in Tab XY"
THMDEC_SL=8        <default 8>        "2^N thumb decimation factor"
THMDEC_XL=8        <default 8>        "2^N thumb decimation factor"
OLAP1D_SL=0        <default 0>        "Min 1D pix full-size overlap"
OLAP1D_XL=0        <default 0>        "Min 1D pix full-size overlap"
OLAP2D_SL=60000    <default 25000>    "Min 2D pix full-size overlap"
OLAP2D_XL=160000   <default 200000>   "Min 2D pix full-size overlap"
NBMXHT_SL=0.75     <default 0.75>     "Max F(neib)/F(pk) in guard zone"
NBMXHT_XL=0.75     <default 0.75>     "Max F(neib)/F(pk) in guard zone"
HFANGDN_SL=5       <default 5.0>      "Half angle search range denovo"
HFANGDN_XL=45      <default 45.0>     "Half angle search range denovo"
HFANGPR_SL=1       <default 1.0>      "Half angle search range prior angles"
HFANGPR_XL=4       <default 1.0>      "Half angle search range prior angles"
RTRSH_SL=0.3       <default 0.3>      "R corr thresh"
RTRSH_XL=0.3       <default 0.3>      "R corr thresh"
TWEAKS=N           <default N>        "Y=Try 8 near unity distortions"
LIMXY_SL=30        <default 0>        "0 or Max XY delta from Tab"
LIMXY_XL=80        <default 0>        "0 or Max XY delta from Tab"
OPT_SL=Y           <default Y(EM)>    "Y=Enable mesh optimizer"
RIT_SL=0.50        <default 0.20>     "Min mesh starting corr"
RIT_XL=0.1         <default 0.20>     "Min mesh starting corr"
RFA_SL=0.55        <default 0.3>      "Affine-only final corr"
RFA_XL=0.20        <default 0.3>      "Affine-only final corr"
RFT_SL=0.65        <default 0.5>      "Full mesh final corr"
RFT_XL=0.25        <default 0.5>      "Full mesh final corr"
TMC=5              <default 30.0%>    "Max single triangle area change"
TSC=9              <default 9.0%>     "Max summed triangle area change"
MNL=250            <default 300>      "Triangle edges between MNL and 2*MNL"
MTA=120000         <default 10000>    "Min triangle size (pixels)"
MMA=60000          <default 100000>   "Min 2D overlap for mesh"
ONE=N              <default N>        "Y=Use just one affine transform"
IFM=0.50           <default 0.50>     "Min Fourier Metric after affine-only"
FFM=0.65           <default 0.65>     "Min Fourier Metric after full mesh"
FYL=0.5            <default 0.50>     "Min fraction of yellow pixels"
CPD=0.5            <default 0.50>     "Min Correlation + DFM"
EMM=Y              <default Y>        "Y=Use Earth Mover's Metric, N=Use Fourier"
EMT=0.14           <default 0.2>      "Earth Movers Metric thresh"
WDI=N              <default N>        "Y=Write diff images (Fourier, EMM metrics)"
LDA=0.2            <default 0.2>      "Max radian delta between triangles"
LDR=0.1            <default 0.1>      "Max sine delta between triangles"
LDC=100            <default 100.0>    "Max XY delta between triangles"
DXY=100            <default 100.0>    "Max delta from user input XYs"
WMT=N              <default Y>        "Y=Write map.tif files"
WTT=N              <default Y>        "Y=Write tf.txt files"


---- Input images ----
Til2Img entry: A T=[ 1.0000  0.0000     0.00  0.0000  1.0000  5142.00] path=[/groups/apig/tomo/DEMO/TIF/C1_7_2.tif].
Til2Img entry: B T=[ 1.0000  0.0000     0.00  0.0000  1.0000  4285.00] path=[/groups/apig/tomo/DEMO/TIF/B1_8_2.tif].


---- Command-line overrides ----
Tab=  0.9994 -0.0223   -68.52    0.0230  0.9999   896.66
Tdfm= 0.9997  0.0003     0.00    0.0003  1.0002     0.00
FLD=N


---- Image loading ----
Raster8FromTif: Opening [/groups/apig/tomo/DEMO/TIF/C1_7_2.tif].
Raster8FromTif: Bits per sample 8, samples per pixel 1
Raster8FromTif: Picture is 1376 by 1040, 1431040 pixels total.
TIF(8): Last Encoded strip had 1376 bytes.
Raster8FromTif: Opening [/groups/apig/tomo/DEMO/TIF/B1_8_2.tif].
Raster8FromTif: Bits per sample 8, samples per pixel 1
Raster8FromTif: Picture is 1376 by 1040, 1431040 pixels total.
TIF(8): Last Encoded strip had 1376 bytes.
PixPair: Using image scale=1.
Timer: Image conditioning took 0.250 seconds.

---- Foldmaps ----

---- Connected regions ----
Forcing single connected region.

---- Begin A-1 to B-1 ----

---- Thumbnail matching ----
Subimage: Using intersection, w=1322, h=323, pix=427006
Thumbs: After decimation 6806 pts, reqArea 2501, thmscl 8
SetDisc( -2, 23, 10, 10 )
Initial: R= 0.766, A=   1.298, X=   -1.70, Y=   22.86
Peak-Disc: dR 2 dX 2 dY -1
Approx: LowRes  R=0.766, X=-13.590, Y=182.914
Approx: FullRes R=0.125, X=-13.004, Y=183.266, use=Y.
Timer: FinishAtFullRes took 0.400 seconds.
Approx: Returning A=1.298170, R=0.765931, X=-66.973729, Y=899.025622
Approx: Best transform  0.9994 -0.0223   -66.97    0.0230  0.9999   899.03
Approx: Orig transform  0.9994 -0.0223   -68.52    0.0230  0.9999   896.66
Approx: Idnt transform  1.0000  0.0000     1.60    0.0000  1.0000     2.33
Approx: err = 2.82309, max = 80

---- Starting detailed region mapping ----
Roughly 163367 pixels map to B.
Region size is [67 1375] in x, [0 139] in y.

---- Building mesh - affine ----
Computed simple triangle.

---- ImproveMesh - affine ----
Tri: (67 0) (1375 0) (721 139).

---- Matlab Vertices ----
x=[67 1375 721 67]; y=[0 0 139 0]; plot(x,y); hold on;

---- ImproveControlPts ----
STAT: ImproveCpt: Initial affine correlation 0.608323 (163367 pixels).
corr=0.608323	step=10.000000
corr=0.608323	step=5.000000
corr=0.608323	step=2.500000
corr=0.608323	step=1.250000
corr=0.608835	step=1.250000
corr=0.609290	step=1.250000
corr=0.609290	step=0.625000
corr=0.609290	step=0.312500
corr=0.609290	step=0.156250
corr=0.609290	step=0.078125
STAT: ImproveCpt: Final affine correlation 0.609290, (threshold 0.200000).

---- Matlab A-Sys Originals ----
x=[67.000000 1375.000000 721.000000 67.000000]; y=[0.000000 0.000000 139.000000 0.000000]; plot(x,y); hold on;

---- Matlab B-Sys Originals ----
x=[-0.010780 1307.265896 650.523827 -0.010780]; y=[900.565215 930.621747 1054.581805 900.565215]; plot(x,y); hold on;

---- Matlab B-Sys Optimized ----
x=[0.935497 1306.170418 650.848676 0.935497]; y=[901.482261 929.907630 1056.181880 901.482261]; plot(x,y); hold on;

---- Deltas ----
id=     0: dx=    0.95 dy=    0.92 d=    1.32
id=     1: dx=   -1.10 dy=   -0.71 d=    1.31
id=     2: dx=    0.32 dy=    1.60 d=    1.63

---- Areas ----
Triangle 0, area was    90906.0, is    91722.7,    0.9%
Combined: area was    90906.0, is    91722.7,    0.9%

---- Transforms ----
 0.9979 -0.0195   -65.92    0.0217  1.0107   900.03
Best affine transform:  0.9979 -0.0195   -65.92    0.0217  1.0107   900.03
    Inverse transform:  1.0017  0.0193    48.68   -0.0215  0.9890  -891.55

---- QC - affine ----
Metrics: AFF: Mean square difference 0.775051
Metrics: AFF: Smallest footprint deg=0, area=177888
MetricImages: Range x 67 1375, y 0 136, use Nx=1310, Ny=138
Approximate EM metric 0.140039 for 180780 points.
%Yellow: Tol   1.05  red   39.7  yellow   21.8  green   38.6
%Yellow: Tol   1.10  red   30.6  yellow   39.7  green   29.7
%Yellow: Tol   1.15  red   23.7  yellow   53.4  green   22.9
%Yellow: Tol   1.20  red   18.4  yellow   63.8  green   17.8
%Yellow: Tol   1.25  red   14.5  yellow   71.4  green   14.1
Affine Triangle: 160227 points, corr 0.612468, fm 0.140039, yellow 0.71

---- Building mesh - deformable ----
Lx Dx Nx:  1308  1308.00   1
Ly Dy Ny:   139   139.00   1

STAT: From 163367 pts, got 2 triangles, 4 control points.
Timer: MeshCreate took 0.000 seconds.

---- ImproveMesh - deformable mesh ----
Tri: (67 0) (1375 0) (67 139).
Tri: (67 139) (1375 0) (1375 139).

---- Matlab Vertices ----
x=[67 1375 67 67]; y=[0 0 139 0]; plot(x,y); hold on;
x=[67 1375 1375 67]; y=[139 0 139 139]; plot(x,y); hold on;

---- ImproveControlPts ----
STAT: ImproveCpt: Initial deformable mesh correlation 0.609290 (163367 pixels).
corr=0.609290	step=10.000000
corr=0.609290	step=5.000000
corr=0.609290	step=2.500000
corr=0.609290	step=1.250000
corr=0.609290	step=0.625000
STAT: ImproveCpt: Final deformable mesh correlation 0.609290, (threshold 0.250000).

---- Matlab A-Sys Originals ----
x=[67.000000 1375.000000 67.000000 67.000000]; y=[0.000000 0.000000 139.000000 0.000000]; plot(x,y); hold on;
x=[67.000000 1375.000000 1375.000000 67.000000]; y=[139.000000 0.000000 139.000000 139.000000]; plot(x,y); hold on;

---- Matlab B-Sys Originals ----
x=[0.935497 1306.170418 -1.768785 0.935497]; y=[901.482261 929.907630 1041.969196 901.482261]; plot(x,y); hold on;
x=[-1.768785 1306.170418 1303.466136 -1.768785]; y=[1041.969196 929.907630 1070.394564 1041.969196]; plot(x,y); hold on;

---- Matlab B-Sys Optimized ----
x=[0.935497 1306.170418 -1.768785 0.935497]; y=[901.482261 929.907630 1041.969196 901.482261]; plot(x,y); hold on;
x=[-1.768785 1306.170418 1303.466136 -1.768785]; y=[1041.969196 929.907630 1070.394564 1041.969196]; plot(x,y); hold on;

---- Deltas ----
id=     0: dx=    0.00 dy=    0.00 d=    0.00
id=     1: dx=    0.00 dy=    0.00 d=    0.00
id=     2: dx=    0.00 dy=    0.00 d=    0.00
id=     3: dx=    0.00 dy=    0.00 d=    0.00

---- Areas ----
Triangle 0, area was    90906.0, is    91722.7,    0.9%
Triangle 1, area was    90906.0, is    91722.7,    0.9%
Combined: area was   181812.0, is   183445.3,    0.9%

---- Transforms ----
 0.9979 -0.0195   -65.92    0.0217  1.0107   900.03
 0.9979 -0.0195   -65.92    0.0217  1.0107   900.03

---- QC - deformable ----
Remapping 1431040 points.
Metrics: DEF: Mean square difference 0.775051
Metrics: DEF: Smallest footprint deg=0, area=177888
MetricImages: Range x 67 1375, y 0 136, use Nx=1310, Ny=138
Approximate EM metric 0.140039 for 180780 points.
All points, deformable, dfm 0.140039

Metrics: TRI: Mean square difference 0.860398
Metrics: TRI: Smallest footprint deg=0, area=177888
MetricImages: Range x 67 1375, y 0 136, use Nx=1310, Ny=138
Approximate EM metric 0.064261 for 180780 points.
%Yellow: Tol   1.05  red   39.3  yellow   22.3  green   38.4
%Yellow: Tol   1.10  red   30.6  yellow   39.9  green   29.6
%Yellow: Tol   1.15  red   23.8  yellow   53.2  green   23.0
%Yellow: Tol   1.20  red   18.9  yellow   63.0  green   18.1
%Yellow: Tol   1.25  red   15.2  yellow   70.3  green   14.5
Triangle 0: 91450 points, corr 0.569790, fm 0.064261, yellow 0.70

Metrics: TRI: Mean square difference 0.647901
Metrics: TRI: Smallest footprint deg=2, area=137700
MetricImages: Range x 100 1375, y 48 156, use Nx=1276, Ny=110
Approximate EM metric 0.056209 for 140360 points.
%Yellow: Tol   1.05  red   38.7  yellow   23.9  green   37.4
%Yellow: Tol   1.10  red   29.2  yellow   42.7  green   28.1
%Yellow: Tol   1.15  red   22.1  yellow   56.7  green   21.2
%Yellow: Tol   1.20  red   16.9  yellow   66.7  green   16.4
%Yellow: Tol   1.25  red   13.0  yellow   73.9  green   13.1
Triangle 1: 68777 points, corr 0.676035, fm 0.056209, yellow 0.74


---- Final reports ----
STAT: Overall 160227 points, corr 0.6093, EMM 0.1400, weighted EMM 0.0608, cor+dfm 0.7493, weighted yellow 0.7186

Angle span: min, max, delta = 0.020503 0.020503 0.000000
Mesh-Thm: 0.0016  0.0029     1.05    0.0012  0.0108     1.00 2x(LDR,LDC)=(0.20,200.00) -- OK.

Final remapping of 1431040 points.
Center 485.804904 44.506026:  0.9979 -0.0195   -65.92    0.0217  1.0107   900.03
Mapping region 1 xy= 485.804904 44.506026 to region 1 xy= 417.989182 955.565825
Center 870.713748 96.295026:  0.9979 -0.0195   -65.92    0.0217  1.0107   900.03
Mapping region 1 xy= 870.713748 96.295026 to region 1 xy= 801.076769 1016.273645

Pipe: Returning 2 total transforms.

---- Summary Region-region results ----
Pipe: Table Headers {Az t r Bz t r thmok ntri}
FOUND:     2    7   1      1    8   1   1   2

---- Tabulating point matches ----

Timer: Alignment took 0.980 seconds.

main: Got 2 mapping regions.
main: Transform   0:  0.9979 -0.0195   -65.92    0.0217  1.0107   900.03
main: Transform   1:  0.9979 -0.0195   -65.92    0.0217  1.0107   900.03

main: Average:  0.9979 -0.0195     0.00    0.0217  1.0107     0.00
main: Degrees: 1.17472
main: Residue:  0.9981  0.0013     0.00    0.0013  1.0109     0.00

main: Inverse:  1.0017  0.0193    -0.00   -0.0215  0.9890    -0.00
main: Degrees: -1.17472
main: Residue:  1.0019 -0.0010     0.00   -0.0010  0.9892     0.00

main: Normal completion for dmesh run.
Timer: Total took 1.240 seconds.

---- Memory ----
Host name: h02u07.int.janelia.org
PID:       26481
User time:       1 seconds.
System time:     0 seconds.
VmPeak:	  421076 kB
VmSize:	  124260 kB
VmLck:	       0 kB
VmHWM:	  337604 kB
VmRSS:	   40764 kB
VmData:	   36400 kB
VmStk:	      96 kB
VmExe:	     800 kB
VmLib:	   61764 kB
VmPTE:	     236 kB
VmSwap:	       0 kB
voluntary_ctxt_switches:	25
nonvoluntary_ctxt_switches:	43

