
---- dmesh start ----
main: Start: Fri Aug  8 18:53:25 2014


---- Match parameters ----
PXBRO=2            <default 2>        "Max Legendre poly order for bkg removal"
PXLENS=N           <default N>        "Y=Apply IDB/lens.txt"
PXRESMSK=N         <default N>        "Y=Apply resin mask"
PXDOG=N            <default N>        "Y=Apply DoG filter"
PXDOG_R1=3         <default 3>        "DoG inner radius"
PXDOG_R2=6         <default 6>        "DoG outer radius"
FLD=N              <default X>        "Mask usage: Y=Use, N=None, X=XL only"
PRETWEAK=N         <default N>        "Y=Auto-distort before angle scan"
SCALE=1            <default 1.0>      "Image-B / image-A scale factor"
XSCALE=1           <default 1.0>      "Image-B / image-A x-axis scale factor"
YSCALE=1           <default 1.0>      "Image-B / image-A y-axis scale factor"
SKEW=0             <default 0.0>      "Transform elem[3] user-applied distortion"
MODE_SL=M          <default Z>        "Notes above"
MODE_XL=N          <default Y>        "Notes above"
TAB2DFM_SL=N       <default Y>        "Adopt Tdfm from Tab"
TAB2DFM_XL=Y       <default Y>        "Adopt Tdfm from Tab"
XYCONF_SL=1.0      <default 0.0>      "[0,1.0] confidence in Tab XY"
XYCONF_XL=0.8      <default 0.0>      "[0,1.0] confidence in Tab XY"
THMDEC_SL=8        <default 8>        "2^N thumb decimation factor"
THMDEC_XL=8        <default 8>        "2^N thumb decimation factor"
OLAP1D_SL=0        <default 0>        "Min 1D pix full-size overlap"
OLAP1D_XL=0        <default 0>        "Min 1D pix full-size overlap"
OLAP2D_SL=60000    <default 25000>    "Min 2D pix full-size overlap"
OLAP2D_XL=160000   <default 200000>   "Min 2D pix full-size overlap"
NBMXHT_SL=0.75     <default 0.75>     "Max F(neib)/F(pk) in guard zone"
NBMXHT_XL=0.75     <default 0.75>     "Max F(neib)/F(pk) in guard zone"
HFANGDN_SL=5       <default 5.0>      "Half angle search range denovo"
HFANGDN_XL=45      <default 45.0>     "Half angle search range denovo"
HFANGPR_SL=1       <default 1.0>      "Half angle search range prior angles"
HFANGPR_XL=4       <default 1.0>      "Half angle search range prior angles"
RTRSH_SL=0.3       <default 0.3>      "R corr thresh"
RTRSH_XL=0.3       <default 0.3>      "R corr thresh"
TWEAKS=N           <default N>        "Y=Try 8 near unity distortions"
LIMXY_SL=30        <default 0>        "0 or Max XY delta from Tab"
LIMXY_XL=80        <default 0>        "0 or Max XY delta from Tab"
OPT_SL=Y           <default Y(EM)>    "Y=Enable mesh optimizer"
RIT_SL=0.50        <default 0.20>     "Min mesh starting corr"
RIT_XL=0.1         <default 0.20>     "Min mesh starting corr"
RFA_SL=0.55        <default 0.3>      "Affine-only final corr"
RFA_XL=0.20        <default 0.3>      "Affine-only final corr"
RFT_SL=0.65        <default 0.5>      "Full mesh final corr"
RFT_XL=0.25        <default 0.5>      "Full mesh final corr"
TMC=5              <default 30.0%>    "Max single triangle area change"
TSC=9              <default 9.0%>     "Max summed triangle area change"
MNL=250            <default 300>      "Triangle edges between MNL and 2*MNL"
MTA=120000         <default 10000>    "Min triangle size (pixels)"
MMA=60000          <default 100000>   "Min 2D overlap for mesh"
ONE=N              <default N>        "Y=Use just one affine transform"
IFM=0.50           <default 0.50>     "Min Fourier Metric after affine-only"
FFM=0.65           <default 0.65>     "Min Fourier Metric after full mesh"
FYL=0.5            <default 0.50>     "Min fraction of yellow pixels"
CPD=0.5            <default 0.50>     "Min Correlation + DFM"
EMM=Y              <default Y>        "Y=Use Earth Mover's Metric, N=Use Fourier"
EMT=0.14           <default 0.2>      "Earth Movers Metric thresh"
WDI=N              <default N>        "Y=Write diff images (Fourier, EMM metrics)"
LDA=0.2            <default 0.2>      "Max radian delta between triangles"
LDR=0.1            <default 0.1>      "Max sine delta between triangles"
LDC=100            <default 100.0>    "Max XY delta between triangles"
DXY=100            <default 100.0>    "Max delta from user input XYs"
WMT=N              <default Y>        "Y=Write map.tif files"
WTT=N              <default Y>        "Y=Write tf.txt files"


---- Input images ----
Til2Img entry: A T=[ 1.0000  0.0000  1142.00  0.0000  1.0000   857.00] path=[/groups/apig/tomo/DEMO/TIF/C1_1_2.tif].
Til2Img entry: B T=[ 1.0000  0.0000  1142.00  0.0000  1.0000  1714.00] path=[/groups/apig/tomo/DEMO/TIF/B1_2_2.tif].


---- Command-line overrides ----
Tab=  1.0000 -0.0218    25.25    0.0231  0.9995  -799.73
Tdfm= 1.0003  0.0006     0.00    0.0006  0.9997     0.00
FLD=N


---- Image loading ----
Raster8FromTif: Opening [/groups/apig/tomo/DEMO/TIF/C1_1_2.tif].
Raster8FromTif: Bits per sample 8, samples per pixel 1
Raster8FromTif: Picture is 1376 by 1040, 1431040 pixels total.
TIF(8): Last Encoded strip had 1376 bytes.
Raster8FromTif: Opening [/groups/apig/tomo/DEMO/TIF/B1_2_2.tif].
Raster8FromTif: Bits per sample 8, samples per pixel 1
Raster8FromTif: Picture is 1376 by 1040, 1431040 pixels total.
TIF(8): Last Encoded strip had 1376 bytes.
PixPair: Using image scale=1.
Timer: Image conditioning took 0.250 seconds.

---- Foldmaps ----

---- Connected regions ----
Forcing single connected region.

---- Begin A-1 to B-1 ----

---- Thumbnail matching ----
Subimage: Using intersection, w=1356, h=401, pix=543756
Thumbs: After decimation 8670 pts, reqArea 2501, thmscl 8
SetDisc( -1, -20, 10, 10 )
Initial: R= 0.784, A=   1.285, X=   -1.27, Y=  -20.75
Peak-Disc: dR 6 dX -2 dY -5
Approx: LowRes  R=0.784, X=-10.143, Y=-165.970
Approx: FullRes R=0.103, X=-9.322, Y=-165.224, use=Y.
Timer: FinishAtFullRes took 0.430 seconds.
Approx: Returning A=1.284978, R=0.783882, X=24.591627, Y=-803.889836
Approx: Best transform  1.0000 -0.0218    24.59    0.0231  0.9995  -803.89
Approx: Orig transform  1.0000 -0.0218    25.25    0.0231  0.9995  -799.73
Approx: Idnt transform  1.0000  0.0000    -0.75    0.0000  1.0000    -4.15
Approx: err = 4.21455, max = 80

---- Starting detailed region mapping ----
Roughly 345649 pixels map to B.
Region size is [0 1373] in x, [772 1039] in y.

---- Building mesh - affine ----
Computed simple triangle.

---- ImproveMesh - affine ----
Tri: (0 772) (1373 772) (686 1039).

---- Matlab Vertices ----
x=[0 1373 686 0]; y=[772 772 1039 772]; plot(x,y); hold on;

---- ImproveControlPts ----
STAT: ImproveCpt: Initial affine correlation 0.223133 (345649 pixels).
corr=0.223133	step=10.000000
corr=0.232109	step=10.000000
corr=0.232109	step=5.000000
corr=0.233786	step=5.000000
corr=0.233786	step=2.500000
corr=0.236166	step=2.500000
corr=0.236166	step=1.250000
corr=0.236166	step=0.625000
corr=0.236545	step=0.625000
corr=0.236545	step=0.312500
corr=0.236573	step=0.312500
corr=0.236690	step=0.312500
corr=0.236711	step=0.312500
corr=0.236738	step=0.312500
STAT: ImproveCpt: Final affine correlation 0.236758, (threshold 0.200000).

---- Matlab A-Sys Originals ----
x=[0.000000 1373.000000 686.000000 0.000000]; y=[772.000000 772.000000 1039.000000 772.000000]; plot(x,y); hold on;

---- Matlab B-Sys Originals ----
x=[7.782099 1380.845257 687.999997 7.782099]; y=[-32.293592 -0.608871 250.397589 -32.293592]; plot(x,y); hold on;

---- Matlab B-Sys Optimized ----
x=[12.737009 1375.271576 686.690998 12.737009]; y=[-28.074919 -4.477028 249.975580 -28.074919]; plot(x,y); hold on;

---- Deltas ----
id=     0: dx=    4.95 dy=    4.22 d=    6.51
id=     1: dx=   -5.57 dy=   -3.87 d=    6.78
id=     2: dx=   -1.31 dy=   -0.42 d=    1.38

---- Areas ----
Triangle 0, area was   183295.5, is   181474.8,   -1.0%
Combined: area was   183295.5, is   181474.8,   -1.0%

---- Transforms ----
 0.9924 -0.0255    32.45    0.0172  0.9972  -797.94
Best affine transform:  0.9924 -0.0255    32.45    0.0172  0.9972  -797.94
    Inverse transform:  1.0072  0.0258   -12.11   -0.0174  1.0023   800.36

---- QC - affine ----
Metrics: AFF: Mean square difference 1.527627
Metrics: AFF: Smallest footprint deg=0, area=360250
MetricImages: Range x 0 1375, y 777 1039, use Nx=1376, Ny=264
Approximate EM metric 0.192387 for 363264 points.
%Yellow: Tol   1.05  red   45.1  yellow   11.2  green   43.7
%Yellow: Tol   1.10  red   39.8  yellow   21.6  green   38.7
%Yellow: Tol   1.15  red   34.9  yellow   30.8  green   34.3
%Yellow: Tol   1.20  red   30.3  yellow   39.3  green   30.4
%Yellow: Tol   1.25  red   26.1  yellow   47.4  green   26.5
Affine Triangle: 345511 points, corr 0.236184, fm 0.192387, yellow 0.47

---- Building mesh - deformable ----
Lx Dx Nx:  1373  1373.00   1
Ly Dy Ny:   267   267.00   1

STAT: From 345649 pts, got 2 triangles, 4 control points.
Timer: MeshCreate took 0.000 seconds.

---- ImproveMesh - deformable mesh ----
Tri: (0 772) (1373 772) (0 1039).
Tri: (0 1039) (1373 772) (1373 1039).

---- Matlab Vertices ----
x=[0 1373 0 0]; y=[772 772 1039 772]; plot(x,y); hold on;
x=[0 1373 1373 0]; y=[1039 772 1039 1039]; plot(x,y); hold on;

---- ImproveControlPts ----
STAT: ImproveCpt: Initial deformable mesh correlation 0.236758 (345649 pixels).
corr=0.236758	step=10.000000
corr=0.236758	step=5.000000
corr=0.236758	step=2.500000
corr=0.236758	step=1.250000
corr=0.236758	step=0.625000
STAT: ImproveCpt: Final deformable mesh correlation 0.236826, (threshold 0.250000).
FAIL: ImproveMesh: corr=0.236826, below final thresh=0.250000
Pipe: Returning 0 total transforms.

---- Summary Region-region results ----
Pipe: Table Headers {Az t r Bz t r thmok ntri}
FOUND:     2    1   1      1    2   1   1   0
Timer: Alignment took 0.950 seconds.

main: Got 0 mapping regions.

main: Normal completion for dmesh run.
Timer: Total took 1.210 seconds.

---- Memory ----
Host name: h02u07.int.janelia.org
PID:       26513
User time:       1 seconds.
System time:     0 seconds.
VmPeak:	  448448 kB
VmSize:	  132484 kB
VmLck:	       0 kB
VmHWM:	  364936 kB
VmRSS:	   47672 kB
VmData:	   44624 kB
VmStk:	      96 kB
VmExe:	     800 kB
VmLib:	   61764 kB
VmPTE:	     244 kB
VmSwap:	       0 kB
voluntary_ctxt_switches:	17
nonvoluntary_ctxt_switches:	12

