
---- dmesh start ----
main: Start: Fri Aug  8 18:53:18 2014


---- Match parameters ----
PXBRO=2            <default 2>        "Max Legendre poly order for bkg removal"
PXLENS=N           <default N>        "Y=Apply IDB/lens.txt"
PXRESMSK=N         <default N>        "Y=Apply resin mask"
PXDOG=N            <default N>        "Y=Apply DoG filter"
PXDOG_R1=3         <default 3>        "DoG inner radius"
PXDOG_R2=6         <default 6>        "DoG outer radius"
FLD=N              <default X>        "Mask usage: Y=Use, N=None, X=XL only"
PRETWEAK=N         <default N>        "Y=Auto-distort before angle scan"
SCALE=1            <default 1.0>      "Image-B / image-A scale factor"
XSCALE=1           <default 1.0>      "Image-B / image-A x-axis scale factor"
YSCALE=1           <default 1.0>      "Image-B / image-A y-axis scale factor"
SKEW=0             <default 0.0>      "Transform elem[3] user-applied distortion"
MODE_SL=M          <default Z>        "Notes above"
MODE_XL=N          <default Y>        "Notes above"
TAB2DFM_SL=N       <default Y>        "Adopt Tdfm from Tab"
TAB2DFM_XL=Y       <default Y>        "Adopt Tdfm from Tab"
XYCONF_SL=1.0      <default 0.0>      "[0,1.0] confidence in Tab XY"
XYCONF_XL=0.8      <default 0.0>      "[0,1.0] confidence in Tab XY"
THMDEC_SL=8        <default 8>        "2^N thumb decimation factor"
THMDEC_XL=8        <default 8>        "2^N thumb decimation factor"
OLAP1D_SL=0        <default 0>        "Min 1D pix full-size overlap"
OLAP1D_XL=0        <default 0>        "Min 1D pix full-size overlap"
OLAP2D_SL=60000    <default 25000>    "Min 2D pix full-size overlap"
OLAP2D_XL=160000   <default 200000>   "Min 2D pix full-size overlap"
NBMXHT_SL=0.75     <default 0.75>     "Max F(neib)/F(pk) in guard zone"
NBMXHT_XL=0.75     <default 0.75>     "Max F(neib)/F(pk) in guard zone"
HFANGDN_SL=5       <default 5.0>      "Half angle search range denovo"
HFANGDN_XL=45      <default 45.0>     "Half angle search range denovo"
HFANGPR_SL=1       <default 1.0>      "Half angle search range prior angles"
HFANGPR_XL=4       <default 1.0>      "Half angle search range prior angles"
RTRSH_SL=0.3       <default 0.3>      "R corr thresh"
RTRSH_XL=0.3       <default 0.3>      "R corr thresh"
TWEAKS=N           <default N>        "Y=Try 8 near unity distortions"
LIMXY_SL=30        <default 0>        "0 or Max XY delta from Tab"
LIMXY_XL=80        <default 0>        "0 or Max XY delta from Tab"
OPT_SL=Y           <default Y(EM)>    "Y=Enable mesh optimizer"
RIT_SL=0.50        <default 0.20>     "Min mesh starting corr"
RIT_XL=0.1         <default 0.20>     "Min mesh starting corr"
RFA_SL=0.55        <default 0.3>      "Affine-only final corr"
RFA_XL=0.20        <default 0.3>      "Affine-only final corr"
RFT_SL=0.65        <default 0.5>      "Full mesh final corr"
RFT_XL=0.25        <default 0.5>      "Full mesh final corr"
TMC=5              <default 30.0%>    "Max single triangle area change"
TSC=9              <default 9.0%>     "Max summed triangle area change"
MNL=250            <default 300>      "Triangle edges between MNL and 2*MNL"
MTA=120000         <default 10000>    "Min triangle size (pixels)"
MMA=60000          <default 100000>   "Min 2D overlap for mesh"
ONE=N              <default N>        "Y=Use just one affine transform"
IFM=0.50           <default 0.50>     "Min Fourier Metric after affine-only"
FFM=0.65           <default 0.65>     "Min Fourier Metric after full mesh"
FYL=0.5            <default 0.50>     "Min fraction of yellow pixels"
CPD=0.5            <default 0.50>     "Min Correlation + DFM"
EMM=Y              <default Y>        "Y=Use Earth Mover's Metric, N=Use Fourier"
EMT=0.14           <default 0.2>      "Earth Movers Metric thresh"
WDI=N              <default N>        "Y=Write diff images (Fourier, EMM metrics)"
LDA=0.2            <default 0.2>      "Max radian delta between triangles"
LDR=0.1            <default 0.1>      "Max sine delta between triangles"
LDC=100            <default 100.0>    "Max XY delta between triangles"
DXY=100            <default 100.0>    "Max delta from user input XYs"
WMT=N              <default Y>        "Y=Write map.tif files"
WTT=N              <default Y>        "Y=Write tf.txt files"


---- Input images ----
Til2Img entry: A T=[ 1.0000  0.0000  1142.00  0.0000  1.0000  4285.00] path=[/groups/apig/tomo/DEMO/TIF/C1_5_2.tif].
Til2Img entry: B T=[ 1.0000  0.0000  1142.00  0.0000  1.0000  4285.00] path=[/groups/apig/tomo/DEMO/TIF/B1_5_2.tif].


---- Command-line overrides ----
Tab=  0.9983 -0.0229   -49.93    0.0232  0.9990    60.73
Tdfm= 0.9985  0.0002     0.00    0.0002  0.9993     0.00
FLD=N


---- Image loading ----
Raster8FromTif: Opening [/groups/apig/tomo/DEMO/TIF/C1_5_2.tif].
Raster8FromTif: Bits per sample 8, samples per pixel 1
Raster8FromTif: Picture is 1376 by 1040, 1431040 pixels total.
TIF(8): Last Encoded strip had 1376 bytes.
Raster8FromTif: Opening [/groups/apig/tomo/DEMO/TIF/B1_5_2.tif].
Raster8FromTif: Bits per sample 8, samples per pixel 1
Raster8FromTif: Picture is 1376 by 1040, 1431040 pixels total.
TIF(8): Last Encoded strip had 1376 bytes.
PixPair: Using image scale=1.
Timer: Image conditioning took 0.260 seconds.

---- Foldmaps ----

---- Connected regions ----
Forcing single connected region.

---- Begin A-1 to B-1 ----

---- Thumbnail matching ----
Subimage: Using intersection, w=1337, h=992, pix=1326304
Thumbs: After decimation 20832 pts, reqArea 2501, thmscl 8
SetDisc( -1, 2, 10, 10 )
Initial: R= 1.603, A=   1.323, X=   -1.52, Y=    1.54
Peak-Disc: dR 5 dX -4 dY -3
Approx: LowRes  R=1.603, X=-12.159, Y=12.341
Approx: FullRes R=0.291, X=-12.919, Y=12.101, use=Y.
Timer: FinishAtFullRes took 0.930 seconds.
Approx: Returning A=1.322580, R=1.602721, X=-51.851846, Y=59.194790
Approx: Best transform  0.9983 -0.0229   -51.85    0.0232  0.9990    59.19
Approx: Orig transform  0.9983 -0.0229   -49.93    0.0232  0.9990    60.73
Approx: Idnt transform  1.0000  0.0000    -1.96   -0.0000  1.0000    -1.50
Approx: err = 2.46524, max = 80

---- Starting detailed region mapping ----
Roughly 1268101 pixels map to B.
Region size is [51 1375] in x, [0 980] in y.

---- Building mesh - affine ----
Computed simple triangle.

---- ImproveMesh - affine ----
Tri: (51 0) (1375 0) (713 980).

---- Matlab Vertices ----
x=[51 1375 713 51]; y=[0 0 980 0]; plot(x,y); hold on;

---- ImproveControlPts ----
STAT: ImproveCpt: Initial affine correlation 0.748661 (1268101 pixels).
corr=0.748661	step=10.000000
corr=0.748661	step=5.000000
corr=0.753429	step=5.000000
corr=0.753429	step=2.500000
corr=0.753429	step=1.250000
corr=0.753548	step=1.250000
corr=0.753548	step=0.625000
corr=0.753610	step=0.625000
corr=0.753610	step=0.312500
STAT: ImproveCpt: Final affine correlation 0.753635, (threshold 0.200000).

---- Matlab A-Sys Originals ----
x=[51.000000 1375.000000 713.000000 51.000000]; y=[0.000000 0.000000 980.000000 0.000000]; plot(x,y); hold on;

---- Matlab B-Sys Originals ----
x=[-0.939719 1320.779029 637.499215 -0.939719]; y=[60.379724 91.141540 1054.776712 60.379724]; plot(x,y); hold on;

---- Matlab B-Sys Optimized ----
x=[2.641611 1320.224001 637.195241 2.641611]; y=[62.318135 88.754151 1055.751098 62.318135]; plot(x,y); hold on;

---- Deltas ----
id=     0: dx=    3.58 dy=    1.94 d=    4.07
id=     1: dx=   -0.56 dy=   -2.39 d=    2.45
id=     2: dx=   -0.30 dy=    0.97 d=    1.02

---- Areas ----
Triangle 0, area was   648760.0, is   646077.4,   -0.4%
Combined: area was   648760.0, is   646077.4,   -0.4%

---- Transforms ----
 0.9952 -0.0247   -48.11    0.0200  1.0002    61.30
Best affine transform:  0.9952 -0.0247   -48.11    0.0200  1.0002    61.30
    Inverse transform:  1.0044  0.0248    46.80   -0.0200  0.9993   -62.22

---- QC - affine ----
Metrics: AFF: Mean square difference 0.493198
Metrics: AFF: Smallest footprint deg=0, area=1.29418e+06
MetricImages: Range x 49 1375, y 0 976, use Nx=1328, Ny=978
Approximate EM metric 0.062464 for 1298784 points.
%Yellow: Tol   1.05  red   34.9  yellow   29.8  green   35.4
%Yellow: Tol   1.10  red   24.4  yellow   51.4  green   24.2
%Yellow: Tol   1.15  red   17.6  yellow   65.3  green   17.2
%Yellow: Tol   1.20  red   12.9  yellow   74.5  green   12.6
%Yellow: Tol   1.25  red    9.8  yellow   80.6  green    9.6
Affine Triangle: 1267232 points, corr 0.753400, fm 0.062464, yellow 0.81

---- Building mesh - deformable ----
Lx Dx Nx:  1324   662.00   2
Ly Dy Ny:   980   490.00   2

STAT: From 1268101 pts, got 8 triangles, 9 control points.
Timer: MeshCreate took 0.040 seconds.

---- ImproveMesh - deformable mesh ----
Tri: (51 0) (713 0) (51 490).
Tri: (51 490) (713 0) (713 490).
Tri: (713 0) (1375 0) (713 490).
Tri: (713 490) (1375 0) (1375 490).
Tri: (51 490) (713 490) (51 980).
Tri: (51 980) (713 490) (713 980).
Tri: (713 490) (1375 490) (713 980).
Tri: (713 980) (1375 490) (1375 980).

---- Matlab Vertices ----
x=[51 713 51 51]; y=[0 0 490 0]; plot(x,y); hold on;
x=[51 713 713 51]; y=[490 0 490 490]; plot(x,y); hold on;
x=[713 1375 713 713]; y=[0 0 490 0]; plot(x,y); hold on;
x=[713 1375 1375 713]; y=[490 0 490 490]; plot(x,y); hold on;
x=[51 713 51 51]; y=[490 490 980 490]; plot(x,y); hold on;
x=[51 713 713 51]; y=[980 490 980 980]; plot(x,y); hold on;
x=[713 1375 713 713]; y=[490 490 980 490]; plot(x,y); hold on;
x=[713 1375 1375 713]; y=[980 490 980 980]; plot(x,y); hold on;

---- ImproveControlPts ----
STAT: ImproveCpt: Initial deformable mesh correlation 0.753635 (1268101 pixels).
corr=0.753635	step=10.000000
corr=0.753635	step=5.000000
corr=0.753635	step=2.500000
corr=0.753635	step=1.250000
corr=0.753635	step=0.625000
STAT: ImproveCpt: Final deformable mesh correlation 0.753635, (threshold 0.250000).

---- Matlab A-Sys Originals ----
x=[51.000000 713.000000 51.000000 51.000000]; y=[0.000000 0.000000 490.000000 0.000000]; plot(x,y); hold on;
x=[51.000000 713.000000 713.000000 51.000000]; y=[490.000000 0.000000 490.000000 490.000000]; plot(x,y); hold on;
x=[713.000000 1375.000000 713.000000 713.000000]; y=[0.000000 0.000000 490.000000 0.000000]; plot(x,y); hold on;
x=[713.000000 1375.000000 1375.000000 713.000000]; y=[490.000000 0.000000 490.000000 490.000000]; plot(x,y); hold on;
x=[51.000000 713.000000 51.000000 51.000000]; y=[490.000000 490.000000 980.000000 490.000000]; plot(x,y); hold on;
x=[51.000000 713.000000 713.000000 51.000000]; y=[980.000000 490.000000 980.000000 980.000000]; plot(x,y); hold on;
x=[713.000000 1375.000000 713.000000 713.000000]; y=[490.000000 490.000000 980.000000 490.000000]; plot(x,y); hold on;
x=[713.000000 1375.000000 1375.000000 713.000000]; y=[980.000000 490.000000 980.000000 980.000000]; plot(x,y); hold on;

---- Matlab B-Sys Originals ----
x=[2.641611 661.432806 -9.477172 2.641611]; y=[62.318135 75.536143 552.425612 62.318135]; plot(x,y); hold on;
x=[-9.477172 661.432806 649.314023 -9.477172]; y=[552.425612 75.536143 565.643621 552.425612]; plot(x,y); hold on;
x=[661.432806 1320.224001 649.314023 661.432806]; y=[75.536143 88.754151 565.643621 75.536143]; plot(x,y); hold on;
x=[649.314023 1320.224001 1308.105219 649.314023]; y=[565.643621 88.754151 578.861629 565.643621]; plot(x,y); hold on;
x=[-9.477172 649.314023 -21.595954 -9.477172]; y=[552.425612 565.643621 1042.533090 552.425612]; plot(x,y); hold on;
x=[-21.595954 649.314023 637.195241 -21.595954]; y=[1042.533090 565.643621 1055.751098 1042.533090]; plot(x,y); hold on;
x=[649.314023 1308.105219 637.195241 649.314023]; y=[565.643621 578.861629 1055.751098 565.643621]; plot(x,y); hold on;
x=[637.195241 1308.105219 1295.986436 637.195241]; y=[1055.751098 578.861629 1068.969107 1055.751098]; plot(x,y); hold on;

---- Matlab B-Sys Optimized ----
x=[2.641611 661.432806 -9.477172 2.641611]; y=[62.318135 75.536143 552.425612 62.318135]; plot(x,y); hold on;
x=[-9.477172 661.432806 649.314023 -9.477172]; y=[552.425612 75.536143 565.643621 552.425612]; plot(x,y); hold on;
x=[661.432806 1320.224001 649.314023 661.432806]; y=[75.536143 88.754151 565.643621 75.536143]; plot(x,y); hold on;
x=[649.314023 1320.224001 1308.105219 649.314023]; y=[565.643621 88.754151 578.861629 565.643621]; plot(x,y); hold on;
x=[-9.477172 649.314023 -21.595954 -9.477172]; y=[552.425612 565.643621 1042.533090 552.425612]; plot(x,y); hold on;
x=[-21.595954 649.314023 637.195241 -21.595954]; y=[1042.533090 565.643621 1055.751098 1042.533090]; plot(x,y); hold on;
x=[649.314023 1308.105219 637.195241 649.314023]; y=[565.643621 578.861629 1055.751098 565.643621]; plot(x,y); hold on;
x=[637.195241 1308.105219 1295.986436 637.195241]; y=[1055.751098 578.861629 1068.969107 1055.751098]; plot(x,y); hold on;

---- Deltas ----
id=     0: dx=    0.00 dy=    0.00 d=    0.00
id=     1: dx=    0.00 dy=    0.00 d=    0.00
id=     2: dx=    0.00 dy=    0.00 d=    0.00
id=     3: dx=    0.00 dy=    0.00 d=    0.00
id=     4: dx=    0.00 dy=    0.00 d=    0.00
id=     5: dx=    0.00 dy=    0.00 d=    0.00
id=     6: dx=    0.00 dy=    0.00 d=    0.00
id=     7: dx=    0.00 dy=    0.00 d=    0.00
id=     8: dx=    0.00 dy=    0.00 d=    0.00

---- Areas ----
Triangle 0, area was   162190.0, is   161519.3,   -0.4%
Triangle 1, area was   162190.0, is   161519.3,   -0.4%
Triangle 2, area was   162190.0, is   161519.3,   -0.4%
Triangle 3, area was   162190.0, is   161519.3,   -0.4%
Triangle 4, area was   162190.0, is   161519.3,   -0.4%
Triangle 5, area was   162190.0, is   161519.3,   -0.4%
Triangle 6, area was   162190.0, is   161519.3,   -0.4%
Triangle 7, area was   162190.0, is   161519.3,   -0.4%
Combined: area was  1297520.0, is  1292154.7,   -0.4%

---- Transforms ----
 0.9952 -0.0247   -48.11    0.0200  1.0002    61.30
 0.9952 -0.0247   -48.11    0.0200  1.0002    61.30
 0.9952 -0.0247   -48.11    0.0200  1.0002    61.30
 0.9952 -0.0247   -48.11    0.0200  1.0002    61.30
 0.9952 -0.0247   -48.11    0.0200  1.0002    61.30
 0.9952 -0.0247   -48.11    0.0200  1.0002    61.30
 0.9952 -0.0247   -48.11    0.0200  1.0002    61.30
 0.9952 -0.0247   -48.11    0.0200  1.0002    61.30

---- QC - deformable ----
Remapping 1431040 points.
Metrics: DEF: Mean square difference 0.493198
Metrics: DEF: Smallest footprint deg=0, area=1.29418e+06
MetricImages: Range x 49 1375, y 0 976, use Nx=1328, Ny=978
Approximate EM metric 0.062464 for 1298784 points.
All points, deformable, dfm 0.062464

Metrics: TRI: Mean square difference 0.768382
Metrics: TRI: Smallest footprint deg=0, area=320048
MetricImages: Range x 49 713, y 0 482, use Nx=666, Ny=484
Approximate EM metric 0.060445 for 322344 points.
%Yellow: Tol   1.05  red   39.1  yellow   21.9  green   39.0
%Yellow: Tol   1.10  red   30.0  yellow   40.0  green   29.9
%Yellow: Tol   1.15  red   23.0  yellow   54.1  green   22.9
%Yellow: Tol   1.20  red   17.7  yellow   64.7  green   17.6
%Yellow: Tol   1.25  red   13.6  yellow   72.6  green   13.7
Triangle 0: 160872 points, corr 0.615803, fm 0.060445, yellow 0.73

Metrics: TRI: Mean square difference 0.621078
Metrics: TRI: Smallest footprint deg=0, area=318828
MetricImages: Range x 61 713, y 1 490, use Nx=654, Ny=490
Approximate EM metric 0.062246 for 320460 points.
%Yellow: Tol   1.05  red   37.1  yellow   26.0  green   36.8
%Yellow: Tol   1.10  red   27.7  yellow   45.9  green   26.4
%Yellow: Tol   1.15  red   21.0  yellow   59.6  green   19.4
%Yellow: Tol   1.20  red   15.9  yellow   69.3  green   14.7
%Yellow: Tol   1.25  red   12.1  yellow   76.3  green   11.5
Triangle 1: 162728 points, corr 0.689455, fm 0.062246, yellow 0.76

Metrics: TRI: Mean square difference 0.623205
Metrics: TRI: Smallest footprint deg=0, area=323229
MetricImages: Range x 714 1375, y 0 489, use Nx=662, Ny=490
Approximate EM metric 0.050413 for 324380 points.
%Yellow: Tol   1.05  red   36.4  yellow   25.7  green   37.9
%Yellow: Tol   1.10  red   26.6  yellow   46.0  green   27.3
%Yellow: Tol   1.15  red   19.8  yellow   60.2  green   20.0
%Yellow: Tol   1.20  red   14.8  yellow   70.5  green   14.7
%Yellow: Tol   1.25  red   11.3  yellow   77.6  green   11.0
Triangle 2: 162277 points, corr 0.688391, fm 0.050413, yellow 0.78

Metrics: TRI: Mean square difference 0.675672
Metrics: TRI: Smallest footprint deg=0, area=323229
MetricImages: Range x 714 1375, y 1 490, use Nx=662, Ny=490
Approximate EM metric 0.067238 for 324380 points.
%Yellow: Tol   1.05  red   38.1  yellow   23.3  green   38.5
%Yellow: Tol   1.10  red   28.5  yellow   42.6  green   29.0
%Yellow: Tol   1.15  red   21.2  yellow   57.1  green   21.7
%Yellow: Tol   1.20  red   15.7  yellow   68.0  green   16.2
%Yellow: Tol   1.25  red   12.0  yellow   75.7  green   12.3
Triangle 3: 162765 points, corr 0.662158, fm 0.067238, yellow 0.76

Metrics: TRI: Mean square difference 0.527856
Metrics: TRI: Smallest footprint deg=0, area=306800
MetricImages: Range x 61 711, y 491 963, use Nx=652, Ny=474
Approximate EM metric 0.062170 for 309048 points.
%Yellow: Tol   1.05  red   36.5  yellow   27.3  green   36.2
%Yellow: Tol   1.10  red   26.3  yellow   48.1  green   25.6
%Yellow: Tol   1.15  red   19.0  yellow   62.6  green   18.4
%Yellow: Tol   1.20  red   13.9  yellow   72.7  green   13.5
%Yellow: Tol   1.25  red   10.2  yellow   79.8  green   10.0
Triangle 4: 154386 points, corr 0.736065, fm 0.062170, yellow 0.80

Metrics: TRI: Mean square difference 0.763775
Metrics: TRI: Smallest footprint deg=36, area=308736
MetricImages: Range x -515 289, y 815 1199, use Nx=806, Ny=386
Approximate EM metric 0.071477 for 311116 points.
%Yellow: Tol   1.05  red   36.3  yellow   24.9  green   38.8
%Yellow: Tol   1.10  red   27.5  yellow   44.1  green   28.4
%Yellow: Tol   1.15  red   21.4  yellow   57.5  green   21.2
%Yellow: Tol   1.20  red   17.0  yellow   67.0  green   16.0
%Yellow: Tol   1.25  red   13.8  yellow   73.7  green   12.5
Triangle 5: 155619 points, corr 0.618106, fm 0.071477, yellow 0.74

Metrics: TRI: Mean square difference 0.264341
Metrics: TRI: Smallest footprint deg=0, area=311048
MetricImages: Range x 714 1373, y 491 963, use Nx=660, Ny=474
Approximate EM metric 0.025888 for 312840 points.
%Yellow: Tol   1.05  red   27.4  yellow   42.9  green   29.7
%Yellow: Tol   1.10  red   18.7  yellow   63.1  green   18.3
%Yellow: Tol   1.15  red   13.7  yellow   73.5  green   12.9
%Yellow: Tol   1.20  red   10.3  yellow   80.3  green    9.5
%Yellow: Tol   1.25  red    8.0  yellow   84.5  green    7.5
Triangle 6: 161429 points, corr 0.867823, fm 0.025888, yellow 0.85

Metrics: TRI: Mean square difference 0.520409
Metrics: TRI: Smallest footprint deg=36, area=295789
MetricImages: Range x 31 824, y 1204 1577, use Nx=794, Ny=374
Approximate EM metric 0.051716 for 296956 points.
%Yellow: Tol   1.05  red   33.7  yellow   30.6  green   35.7
%Yellow: Tol   1.10  red   25.1  yellow   50.3  green   24.7
%Yellow: Tol   1.15  red   19.5  yellow   62.5  green   18.0
%Yellow: Tol   1.20  red   15.4  yellow   71.1  green   13.6
%Yellow: Tol   1.25  red   12.3  yellow   77.2  green   10.4
Triangle 7: 147156 points, corr 0.739789, fm 0.051716, yellow 0.77


---- Final reports ----
STAT: Overall 1267232 points, corr 0.7536, EMM 0.0625, weighted EMM 0.0564, cor+dfm 0.8161, weighted yellow 0.7719

Angle span: min, max, delta = 0.022398 0.022398 0.000000
Mesh-Thm: 0.0031  0.0019     3.74    0.0033  0.0012     2.11 2x(LDR,LDC)=(0.20,200.00) -- OK.

Final remapping of 1431040 points.
Center 262.963950 156.891746:  0.9952 -0.0247   -48.11    0.0200  1.0002    61.30
Mapping region 1 xy= 262.963950 156.891746 to region 1 xy= 209.697863 223.476531
Center 457.772554 339.457287:  0.9952 -0.0247   -48.11    0.0200  1.0002    61.30
Mapping region 1 xy= 457.772554 339.457287 to region 1 xy= 399.046954 409.971817
Center 916.047757 150.292146:  0.9952 -0.0247   -48.11    0.0200  1.0002    61.30
Mapping region 1 xy= 916.047757 150.292146 to region 1 xy= 859.779305 229.915464
Center 1114.099297 341.556907:  0.9952 -0.0247   -48.11    0.0200  1.0002    61.30
Mapping region 1 xy= 1114.099297 341.556907 to region 1 xy= 1052.140462 425.176629
Center 267.307366 650.106661:  0.9952 -0.0247   -48.11    0.0200  1.0002    61.30
Mapping region 1 xy= 267.307366 650.106661 to region 1 xy= 201.821932 716.886353
Center 477.538836 822.141972:  0.9952 -0.0247   -48.11    0.0200  1.0002    61.30
Mapping region 1 xy= 477.538836 822.141972 to region 1 xy= 406.779567 893.157044
Center 916.714400 640.785583:  0.9952 -0.0247   -48.11    0.0200  1.0002    61.30
Mapping region 1 xy= 916.714400 640.785583 to region 1 xy= 848.311732 720.529798
Center 1142.074209 821.203654:  0.9952 -0.0247   -48.11    0.0200  1.0002    61.30
Mapping region 1 xy= 1142.074209 821.203654 to region 1 xy= 1068.117053 905.487151

Pipe: Returning 8 total transforms.

---- Summary Region-region results ----
Pipe: Table Headers {Az t r Bz t r thmok ntri}
FOUND:     2    5   1      1    5   1   1   8

---- Tabulating point matches ----

Timer: Alignment took 3.130 seconds.

main: Got 8 mapping regions.
main: Transform   0:  0.9952 -0.0247   -48.11    0.0200  1.0002    61.30
main: Transform   1:  0.9952 -0.0247   -48.11    0.0200  1.0002    61.30
main: Transform   2:  0.9952 -0.0247   -48.11    0.0200  1.0002    61.30
main: Transform   3:  0.9952 -0.0247   -48.11    0.0200  1.0002    61.30
main: Transform   4:  0.9952 -0.0247   -48.11    0.0200  1.0002    61.30
main: Transform   5:  0.9952 -0.0247   -48.11    0.0200  1.0002    61.30
main: Transform   6:  0.9952 -0.0247   -48.11    0.0200  1.0002    61.30
main: Transform   7:  0.9952 -0.0247   -48.11    0.0200  1.0002    61.30

main: Average:  0.9952 -0.0247     0.00    0.0200  1.0002     0.00
main: Degrees: 1.28329
main: Residue:  0.9954 -0.0023     0.00   -0.0023  1.0005     0.00

main: Inverse:  1.0044  0.0248    -0.00   -0.0200  0.9993    -0.00
main: Degrees: -1.28329
main: Residue:  1.0046  0.0024     0.00    0.0024  0.9996     0.00

main: Normal completion for dmesh run.
Timer: Total took 3.390 seconds.

---- Memory ----
Host name: h02u07.int.janelia.org
PID:       26493
User time:       3 seconds.
System time:     0 seconds.
VmPeak:	  780988 kB
VmSize:	  149236 kB
VmLck:	       0 kB
VmHWM:	  697596 kB
VmRSS:	   65912 kB
VmData:	   61376 kB
VmStk:	      96 kB
VmExe:	     800 kB
VmLib:	   61764 kB
VmPTE:	     280 kB
VmSwap:	       0 kB
voluntary_ctxt_switches:	20
nonvoluntary_ctxt_switches:	37

