
---- dmesh start ----
main: Start: Fri Aug  8 18:53:22 2014


---- Match parameters ----
PXBRO=2            <default 2>        "Max Legendre poly order for bkg removal"
PXLENS=N           <default N>        "Y=Apply IDB/lens.txt"
PXRESMSK=N         <default N>        "Y=Apply resin mask"
PXDOG=N            <default N>        "Y=Apply DoG filter"
PXDOG_R1=3         <default 3>        "DoG inner radius"
PXDOG_R2=6         <default 6>        "DoG outer radius"
FLD=N              <default X>        "Mask usage: Y=Use, N=None, X=XL only"
PRETWEAK=N         <default N>        "Y=Auto-distort before angle scan"
SCALE=1            <default 1.0>      "Image-B / image-A scale factor"
XSCALE=1           <default 1.0>      "Image-B / image-A x-axis scale factor"
YSCALE=1           <default 1.0>      "Image-B / image-A y-axis scale factor"
SKEW=0             <default 0.0>      "Transform elem[3] user-applied distortion"
MODE_SL=M          <default Z>        "Notes above"
MODE_XL=N          <default Y>        "Notes above"
TAB2DFM_SL=N       <default Y>        "Adopt Tdfm from Tab"
TAB2DFM_XL=Y       <default Y>        "Adopt Tdfm from Tab"
XYCONF_SL=1.0      <default 0.0>      "[0,1.0] confidence in Tab XY"
XYCONF_XL=0.8      <default 0.0>      "[0,1.0] confidence in Tab XY"
THMDEC_SL=8        <default 8>        "2^N thumb decimation factor"
THMDEC_XL=8        <default 8>        "2^N thumb decimation factor"
OLAP1D_SL=0        <default 0>        "Min 1D pix full-size overlap"
OLAP1D_XL=0        <default 0>        "Min 1D pix full-size overlap"
OLAP2D_SL=60000    <default 25000>    "Min 2D pix full-size overlap"
OLAP2D_XL=160000   <default 200000>   "Min 2D pix full-size overlap"
NBMXHT_SL=0.75     <default 0.75>     "Max F(neib)/F(pk) in guard zone"
NBMXHT_XL=0.75     <default 0.75>     "Max F(neib)/F(pk) in guard zone"
HFANGDN_SL=5       <default 5.0>      "Half angle search range denovo"
HFANGDN_XL=45      <default 45.0>     "Half angle search range denovo"
HFANGPR_SL=1       <default 1.0>      "Half angle search range prior angles"
HFANGPR_XL=4       <default 1.0>      "Half angle search range prior angles"
RTRSH_SL=0.3       <default 0.3>      "R corr thresh"
RTRSH_XL=0.3       <default 0.3>      "R corr thresh"
TWEAKS=N           <default N>        "Y=Try 8 near unity distortions"
LIMXY_SL=30        <default 0>        "0 or Max XY delta from Tab"
LIMXY_XL=80        <default 0>        "0 or Max XY delta from Tab"
OPT_SL=Y           <default Y(EM)>    "Y=Enable mesh optimizer"
RIT_SL=0.50        <default 0.20>     "Min mesh starting corr"
RIT_XL=0.1         <default 0.20>     "Min mesh starting corr"
RFA_SL=0.55        <default 0.3>      "Affine-only final corr"
RFA_XL=0.20        <default 0.3>      "Affine-only final corr"
RFT_SL=0.65        <default 0.5>      "Full mesh final corr"
RFT_XL=0.25        <default 0.5>      "Full mesh final corr"
TMC=5              <default 30.0%>    "Max single triangle area change"
TSC=9              <default 9.0%>     "Max summed triangle area change"
MNL=250            <default 300>      "Triangle edges between MNL and 2*MNL"
MTA=120000         <default 10000>    "Min triangle size (pixels)"
MMA=60000          <default 100000>   "Min 2D overlap for mesh"
ONE=N              <default N>        "Y=Use just one affine transform"
IFM=0.50           <default 0.50>     "Min Fourier Metric after affine-only"
FFM=0.65           <default 0.65>     "Min Fourier Metric after full mesh"
FYL=0.5            <default 0.50>     "Min fraction of yellow pixels"
CPD=0.5            <default 0.50>     "Min Correlation + DFM"
EMM=Y              <default Y>        "Y=Use Earth Mover's Metric, N=Use Fourier"
EMT=0.14           <default 0.2>      "Earth Movers Metric thresh"
WDI=N              <default N>        "Y=Write diff images (Fourier, EMM metrics)"
LDA=0.2            <default 0.2>      "Max radian delta between triangles"
LDR=0.1            <default 0.1>      "Max sine delta between triangles"
LDC=100            <default 100.0>    "Max XY delta between triangles"
DXY=100            <default 100.0>    "Max delta from user input XYs"
WMT=N              <default Y>        "Y=Write map.tif files"
WTT=N              <default Y>        "Y=Write tf.txt files"


---- Input images ----
Til2Img entry: A T=[ 1.0000  0.0000  1142.00  0.0000  1.0000  1714.00] path=[/groups/apig/tomo/DEMO/TIF/C1_2_2.tif].
Til2Img entry: B T=[ 1.0000  0.0000     0.00  0.0000  1.0000  1714.00] path=[/groups/apig/tomo/DEMO/TIF/B1_11_2.tif].


---- Command-line overrides ----
Tab=  1.0002 -0.0230  1153.52    0.0223  0.9991    62.16
Tdfm= 1.0004 -0.0004     0.00   -0.0004  0.9994     0.00
FLD=N


---- Image loading ----
Raster8FromTif: Opening [/groups/apig/tomo/DEMO/TIF/C1_2_2.tif].
Raster8FromTif: Bits per sample 8, samples per pixel 1
Raster8FromTif: Picture is 1376 by 1040, 1431040 pixels total.
TIF(8): Last Encoded strip had 1376 bytes.
Raster8FromTif: Opening [/groups/apig/tomo/DEMO/TIF/B1_11_2.tif].
Raster8FromTif: Bits per sample 8, samples per pixel 1
Raster8FromTif: Picture is 1376 by 1040, 1431040 pixels total.
TIF(8): Last Encoded strip had 1376 bytes.
PixPair: Using image scale=1.
Timer: Image conditioning took 0.250 seconds.

---- Foldmaps ----

---- Connected regions ----
Forcing single connected region.

---- Begin A-1 to B-1 ----

---- Thumbnail matching ----
Subimage: Using intersection, w=454, h=991, pix=449914
Thumbs: After decimation 7068 pts, reqArea 2501, thmscl 8
SetDisc( 29, 2, 10, 10 )
Initial: R= 0.627, A=   1.296, X=   29.08, Y=    1.79
Peak-Disc: dR 1 dX 0 dY -1
Approx: LowRes  R=0.627, X=232.650, Y=14.318
Approx: FullRes R=0.101, X=233.045, Y=15.811, use=Y.
Timer: FinishAtFullRes took 0.270 seconds.
Approx: Returning A=1.296382, R=0.627130, X=1155.045241, Y=64.810784
Approx: Best transform  1.0002 -0.0230  1155.05    0.0223  0.9991    64.81
Approx: Orig transform  1.0002 -0.0230  1153.52    0.0223  0.9991    62.16
Approx: Idnt transform  1.0000  0.0000     1.58    0.0000  1.0000     2.62
Approx: err = 3.06065, max = 80

---- Starting detailed region mapping ----
Roughly 226505 pixels map to B.
Region size is [0 243] in x, [0 976] in y.

---- Building mesh - affine ----
Computed simple triangle.

---- ImproveMesh - affine ----
Tri: (0 0) (243 488) (0 976).

---- Matlab Vertices ----
x=[0 243 0 0]; y=[0 488 976 0]; plot(x,y); hold on;

---- ImproveControlPts ----
STAT: ImproveCpt: Initial affine correlation 0.317461 (226505 pixels).
corr=0.317461	step=10.000000
corr=0.317461	step=5.000000
corr=0.317461	step=2.500000
corr=0.317461	step=1.250000
corr=0.317461	step=0.625000
STAT: ImproveCpt: Final affine correlation 0.317544, (threshold 0.200000).

---- Matlab A-Sys Originals ----
x=[0.000000 243.000000 0.000000 0.000000]; y=[0.000000 488.000000 976.000000 0.000000]; plot(x,y); hold on;

---- Matlab B-Sys Originals ----
x=[1155.045241 1386.869397 1132.617737 1155.045241]; y=[64.810784 557.800523 1039.969472 64.810784]; plot(x,y); hold on;

---- Matlab B-Sys Optimized ----
x=[1155.183142 1387.204332 1132.665719 1155.183142]; y=[64.814024 557.399037 1039.659758 64.814024]; plot(x,y); hold on;

---- Deltas ----
id=     0: dx=    0.14 dy=    0.00 d=    0.14
id=     1: dx=    0.33 dy=   -0.40 d=    0.52
id=     2: dx=    0.05 dy=   -0.31 d=    0.31

---- Areas ----
Triangle 0, area was   118584.0, is   118638.3,    0.0%
Combined: area was   118584.0, is   118638.3,    0.0%

---- Transforms ----
 1.0012 -0.0231  1155.18    0.0212  0.9988    64.81
Best affine transform:  1.0012 -0.0231  1155.18    0.0212  0.9988    64.81
    Inverse transform:  0.9984  0.0231 -1154.78   -0.0212  1.0007   -40.33

---- QC - affine ----
Metrics: AFF: Mean square difference 1.364196
Metrics: AFF: Smallest footprint deg=0, area=234975
MetricImages: Range x 0 241, y 0 975, use Nx=242, Ny=976
Approximate EM metric 0.130165 for 236192 points.
%Yellow: Tol   1.05  red   48.9  yellow   12.5  green   38.6
%Yellow: Tol   1.10  red   42.8  yellow   24.3  green   32.9
%Yellow: Tol   1.15  red   36.8  yellow   35.1  green   28.1
%Yellow: Tol   1.20  red   30.9  yellow   45.0  green   24.2
%Yellow: Tol   1.25  red   25.1  yellow   53.7  green   21.2
Affine Triangle: 225082 points, corr 0.317898, fm 0.130165, yellow 0.54

---- Building mesh - deformable ----
Lx Dx Nx:   243   243.00   1
Ly Dy Ny:   976   976.00   1

STAT: From 226505 pts, got 2 triangles, 4 control points.
Timer: MeshCreate took 0.000 seconds.

---- ImproveMesh - deformable mesh ----
Tri: (0 0) (243 0) (0 976).
Tri: (0 976) (243 0) (243 976).

---- Matlab Vertices ----
x=[0 243 0 0]; y=[0 0 976 0]; plot(x,y); hold on;
x=[0 243 243 0]; y=[976 0 976 976]; plot(x,y); hold on;

---- ImproveControlPts ----
STAT: ImproveCpt: Initial deformable mesh correlation 0.317544 (226505 pixels).
corr=0.317544	step=10.000000
corr=0.317544	step=5.000000
corr=0.317544	step=2.500000
corr=0.317544	step=1.250000
corr=0.317544	step=0.625000
STAT: ImproveCpt: Final deformable mesh correlation 0.317544, (threshold 0.250000).

---- Matlab A-Sys Originals ----
x=[0.000000 243.000000 0.000000 0.000000]; y=[0.000000 0.000000 976.000000 0.000000]; plot(x,y); hold on;
x=[0.000000 243.000000 243.000000 0.000000]; y=[976.000000 0.000000 976.000000 976.000000]; plot(x,y); hold on;

---- Matlab B-Sys Originals ----
x=[1155.183142 1398.463043 1132.665719 1155.183142]; y=[64.814024 69.976170 1039.659758 64.814024]; plot(x,y); hold on;
x=[1132.665719 1398.463043 1375.945620 1132.665719]; y=[1039.659758 69.976170 1044.821904 1039.659758]; plot(x,y); hold on;

---- Matlab B-Sys Optimized ----
x=[1155.183142 1398.463043 1132.665719 1155.183142]; y=[64.814024 69.976170 1039.659758 64.814024]; plot(x,y); hold on;
x=[1132.665719 1398.463043 1375.945620 1132.665719]; y=[1039.659758 69.976170 1044.821904 1039.659758]; plot(x,y); hold on;

---- Deltas ----
id=     0: dx=    0.00 dy=    0.00 d=    0.00
id=     1: dx=    0.00 dy=    0.00 d=    0.00
id=     2: dx=    0.00 dy=    0.00 d=    0.00
id=     3: dx=    0.00 dy=    0.00 d=    0.00

---- Areas ----
Triangle 0, area was   118584.0, is   118638.3,    0.0%
Triangle 1, area was   118584.0, is   118638.3,    0.0%
Combined: area was   237168.0, is   237276.6,    0.0%

---- Transforms ----
 1.0012 -0.0231  1155.18    0.0212  0.9988    64.81
 1.0012 -0.0231  1155.18    0.0212  0.9988    64.81

---- QC - deformable ----
Remapping 1431040 points.
Metrics: DEF: Mean square difference 1.364196
Metrics: DEF: Smallest footprint deg=0, area=234975
MetricImages: Range x 0 241, y 0 975, use Nx=242, Ny=976
Approximate EM metric 0.130165 for 236192 points.
All points, deformable, dfm 0.130165

Metrics: TRI: Mean square difference 1.556513
Metrics: TRI: Smallest footprint deg=0, area=215475
MetricImages: Range x 0 221, y 0 975, use Nx=222, Ny=976
Approximate EM metric 0.103269 for 216672 points.
%Yellow: Tol   1.05  red   50.7  yellow   11.1  green   38.2
%Yellow: Tol   1.10  red   44.9  yellow   21.6  green   33.5
%Yellow: Tol   1.15  red   38.9  yellow   31.5  green   29.6
%Yellow: Tol   1.20  red   33.0  yellow   40.8  green   26.3
%Yellow: Tol   1.25  red   27.1  yellow   49.4  green   23.5
Triangle 0: 118166 points, corr 0.221735, fm 0.103269, yellow 0.49

Metrics: TRI: Mean square difference 1.136093
Metrics: TRI: Smallest footprint deg=0, area=212640
MetricImages: Range x 1 241, y 89 975, use Nx=242, Ny=888
Approximate EM metric 0.071491 for 214896 points.
%Yellow: Tol   1.05  red   46.9  yellow   13.7  green   39.4
%Yellow: Tol   1.10  red   40.5  yellow   27.0  green   32.5
%Yellow: Tol   1.15  red   34.2  yellow   39.1  green   26.7
%Yellow: Tol   1.20  red   28.0  yellow   50.1  green   21.9
%Yellow: Tol   1.25  red   22.3  yellow   59.3  green   18.4
Triangle 1: 106916 points, corr 0.431944, fm 0.071491, yellow 0.59


---- Final reports ----
STAT: Overall 225082 points, corr 0.3175, EMM 0.1302, weighted EMM 0.0882, cor+dfm 0.4477, weighted yellow 0.5409

Angle span: min, max, delta = 0.022154 0.022154 0.000000
Mesh-Thm: 0.0010  0.0001     0.14    0.0010  0.0003     0.00 2x(LDR,LDC)=(0.20,200.00) -- OK.

Final remapping of 1431040 points.
Center 77.805498 312.502742:  1.0012 -0.0231  1155.18    0.0212  0.9988    64.81
Mapping region 1 xy= 77.805498 312.502742 to region 1 xy= 1225.868470 378.600038
Center 149.313793 676.143495:  1.0012 -0.0231  1155.18    0.0212  0.9988    64.81
Mapping region 1 xy= 149.313793 676.143495 to region 1 xy= 1289.069528 743.329810

Pipe: Returning 2 total transforms.

---- Summary Region-region results ----
Pipe: Table Headers {Az t r Bz t r thmok ntri}
FOUND:     2    2   1      1   11   1   1   2

---- Tabulating point matches ----

Timer: Alignment took 0.850 seconds.

main: Got 2 mapping regions.
main: Transform   0:  1.0012 -0.0231  1155.18    0.0212  0.9988    64.81
main: Transform   1:  1.0012 -0.0231  1155.18    0.0212  0.9988    64.81

main: Average:  1.0012 -0.0231     0.00    0.0212  0.9988     0.00
main: Degrees: 1.26933
main: Residue:  1.0014 -0.0009     0.00   -0.0009  0.9991     0.00

main: Inverse:  0.9984  0.0231    -0.00   -0.0212  1.0007    -0.00
main: Degrees: -1.26933
main: Residue:  0.9986  0.0009     0.00    0.0009  1.0010     0.00

main: Normal completion for dmesh run.
Timer: Total took 1.100 seconds.

---- Memory ----
Host name: h02u07.int.janelia.org
PID:       26506
User time:       1 seconds.
System time:     0 seconds.
VmPeak:	  343924 kB
VmSize:	  116360 kB
VmLck:	       0 kB
VmHWM:	  260416 kB
VmRSS:	   33040 kB
VmData:	   28500 kB
VmStk:	      96 kB
VmExe:	     800 kB
VmLib:	   61764 kB
VmPTE:	     220 kB
VmSwap:	       0 kB
voluntary_ctxt_switches:	26
nonvoluntary_ctxt_switches:	26

