
---- dmesh start ----
main: Start: Fri Aug  8 18:53:19 2014


---- Match parameters ----
PXBRO=2            <default 2>        "Max Legendre poly order for bkg removal"
PXLENS=N           <default N>        "Y=Apply IDB/lens.txt"
PXRESMSK=N         <default N>        "Y=Apply resin mask"
PXDOG=N            <default N>        "Y=Apply DoG filter"
PXDOG_R1=3         <default 3>        "DoG inner radius"
PXDOG_R2=6         <default 6>        "DoG outer radius"
FLD=N              <default X>        "Mask usage: Y=Use, N=None, X=XL only"
PRETWEAK=N         <default N>        "Y=Auto-distort before angle scan"
SCALE=1            <default 1.0>      "Image-B / image-A scale factor"
XSCALE=1           <default 1.0>      "Image-B / image-A x-axis scale factor"
YSCALE=1           <default 1.0>      "Image-B / image-A y-axis scale factor"
SKEW=0             <default 0.0>      "Transform elem[3] user-applied distortion"
MODE_SL=M          <default Z>        "Notes above"
MODE_XL=N          <default Y>        "Notes above"
TAB2DFM_SL=N       <default Y>        "Adopt Tdfm from Tab"
TAB2DFM_XL=Y       <default Y>        "Adopt Tdfm from Tab"
XYCONF_SL=1.0      <default 0.0>      "[0,1.0] confidence in Tab XY"
XYCONF_XL=0.8      <default 0.0>      "[0,1.0] confidence in Tab XY"
THMDEC_SL=8        <default 8>        "2^N thumb decimation factor"
THMDEC_XL=8        <default 8>        "2^N thumb decimation factor"
OLAP1D_SL=0        <default 0>        "Min 1D pix full-size overlap"
OLAP1D_XL=0        <default 0>        "Min 1D pix full-size overlap"
OLAP2D_SL=60000    <default 25000>    "Min 2D pix full-size overlap"
OLAP2D_XL=160000   <default 200000>   "Min 2D pix full-size overlap"
NBMXHT_SL=0.75     <default 0.75>     "Max F(neib)/F(pk) in guard zone"
NBMXHT_XL=0.75     <default 0.75>     "Max F(neib)/F(pk) in guard zone"
HFANGDN_SL=5       <default 5.0>      "Half angle search range denovo"
HFANGDN_XL=45      <default 45.0>     "Half angle search range denovo"
HFANGPR_SL=1       <default 1.0>      "Half angle search range prior angles"
HFANGPR_XL=4       <default 1.0>      "Half angle search range prior angles"
RTRSH_SL=0.3       <default 0.3>      "R corr thresh"
RTRSH_XL=0.3       <default 0.3>      "R corr thresh"
TWEAKS=N           <default N>        "Y=Try 8 near unity distortions"
LIMXY_SL=30        <default 0>        "0 or Max XY delta from Tab"
LIMXY_XL=80        <default 0>        "0 or Max XY delta from Tab"
OPT_SL=Y           <default Y(EM)>    "Y=Enable mesh optimizer"
RIT_SL=0.50        <default 0.20>     "Min mesh starting corr"
RIT_XL=0.1         <default 0.20>     "Min mesh starting corr"
RFA_SL=0.55        <default 0.3>      "Affine-only final corr"
RFA_XL=0.20        <default 0.3>      "Affine-only final corr"
RFT_SL=0.65        <default 0.5>      "Full mesh final corr"
RFT_XL=0.25        <default 0.5>      "Full mesh final corr"
TMC=5              <default 30.0%>    "Max single triangle area change"
TSC=9              <default 9.0%>     "Max summed triangle area change"
MNL=250            <default 300>      "Triangle edges between MNL and 2*MNL"
MTA=120000         <default 10000>    "Min triangle size (pixels)"
MMA=60000          <default 100000>   "Min 2D overlap for mesh"
ONE=N              <default N>        "Y=Use just one affine transform"
IFM=0.50           <default 0.50>     "Min Fourier Metric after affine-only"
FFM=0.65           <default 0.65>     "Min Fourier Metric after full mesh"
FYL=0.5            <default 0.50>     "Min fraction of yellow pixels"
CPD=0.5            <default 0.50>     "Min Correlation + DFM"
EMM=Y              <default Y>        "Y=Use Earth Mover's Metric, N=Use Fourier"
EMT=0.14           <default 0.2>      "Earth Movers Metric thresh"
WDI=N              <default N>        "Y=Write diff images (Fourier, EMM metrics)"
LDA=0.2            <default 0.2>      "Max radian delta between triangles"
LDR=0.1            <default 0.1>      "Max sine delta between triangles"
LDC=100            <default 100.0>    "Max XY delta between triangles"
DXY=100            <default 100.0>    "Max delta from user input XYs"
WMT=N              <default Y>        "Y=Write map.tif files"
WTT=N              <default Y>        "Y=Write tf.txt files"


---- Input images ----
Til2Img entry: A T=[ 1.0000  0.0000  1142.00  0.0000  1.0000  3428.00] path=[/groups/apig/tomo/DEMO/TIF/C1_4_2.tif].
Til2Img entry: B T=[ 1.0000  0.0000  1142.00  0.0000  1.0000  3428.00] path=[/groups/apig/tomo/DEMO/TIF/B1_4_2.tif].


---- Command-line overrides ----
Tab=  0.9989 -0.0248   -28.98    0.0231  0.9997    65.28
Tdfm= 0.9992 -0.0008     0.00   -0.0008  1.0001     0.00
FLD=N


---- Image loading ----
Raster8FromTif: Opening [/groups/apig/tomo/DEMO/TIF/C1_4_2.tif].
Raster8FromTif: Bits per sample 8, samples per pixel 1
Raster8FromTif: Picture is 1376 by 1040, 1431040 pixels total.
TIF(8): Last Encoded strip had 1376 bytes.
Raster8FromTif: Opening [/groups/apig/tomo/DEMO/TIF/B1_4_2.tif].
Raster8FromTif: Bits per sample 8, samples per pixel 1
Raster8FromTif: Picture is 1376 by 1040, 1431040 pixels total.
TIF(8): Last Encoded strip had 1376 bytes.
PixPair: Using image scale=1.
Timer: Image conditioning took 0.240 seconds.

---- Foldmaps ----

---- Connected regions ----
Forcing single connected region.

---- Begin A-1 to B-1 ----

---- Thumbnail matching ----
Subimage: Using intersection, w=1353, h=988, pix=1336764
Thumbs: After decimation 21080 pts, reqArea 2501, thmscl 8
SetDisc( -1, 2, 10, 10 )
Initial: R= 1.612, A=   1.374, X=   -0.92, Y=    1.42
Peak-Disc: dR 4 dX 0 dY -4
Approx: LowRes  R=1.612, X=-7.334, Y=11.364
Approx: FullRes R=0.262, X=-6.946, Y=12.177, use=Y.
Timer: FinishAtFullRes took 0.940 seconds.
Approx: Returning A=1.373626, R=1.612134, X=-29.920596, Y=63.644897
Approx: Best transform  0.9989 -0.0248   -29.92    0.0231  0.9997    63.64
Approx: Orig transform  0.9989 -0.0248   -28.98    0.0231  0.9997    65.28
Approx: Idnt transform  1.0000 -0.0000    -0.99    0.0000  1.0000    -1.61
Approx: err = 1.887, max = 80

---- Starting detailed region mapping ----
Roughly 1282013 pixels map to B.
Region size is [29 1375] in x, [0 975] in y.

---- Building mesh - affine ----
Computed simple triangle.

---- ImproveMesh - affine ----
Tri: (29 0) (1375 0) (702 975).

---- Matlab Vertices ----
x=[29 1375 702 29]; y=[0 0 975 0]; plot(x,y); hold on;

---- ImproveControlPts ----
STAT: ImproveCpt: Initial affine correlation 0.708511 (1282013 pixels).
corr=0.708511	step=10.000000
corr=0.708511	step=5.000000
corr=0.710930	step=5.000000
corr=0.710930	step=2.500000
corr=0.713885	step=2.500000
corr=0.713885	step=1.250000
corr=0.713885	step=0.625000
corr=0.713885	step=0.312500
corr=0.713885	step=0.156250
corr=0.713906	step=0.156250
corr=0.713906	step=0.078125
STAT: ImproveCpt: Final affine correlation 0.713906, (threshold 0.200000).

---- Matlab A-Sys Originals ----
x=[29.000000 1375.000000 702.000000 29.000000]; y=[0.000000 0.000000 975.000000 0.000000]; plot(x,y); hold on;

---- Matlab B-Sys Originals ----
x=[-0.952931 1343.546279 647.138124 -0.952931]; y=[64.316160 95.472022 1054.648391 64.316160]; plot(x,y); hold on;

---- Matlab B-Sys Optimized ----
x=[1.026769 1340.173800 647.453735 1.026769]; y=[65.278617 93.001650 1054.919480 65.278617]; plot(x,y); hold on;

---- Deltas ----
id=     0: dx=    1.98 dy=    0.96 d=    2.20
id=     1: dx=   -3.37 dy=   -2.47 d=    4.18
id=     2: dx=    0.32 dy=    0.27 d=    0.42

---- Areas ----
Triangle 0, area was   656175.0, is   653676.9,   -0.4%
Combined: area was   656175.0, is   653676.9,   -0.4%

---- Transforms ----
 0.9949 -0.0237   -27.83    0.0206  1.0008    64.68
Best affine transform:  0.9949 -0.0237   -27.83    0.0206  1.0008    64.68
    Inverse transform:  1.0046  0.0238    26.41   -0.0207  0.9987   -65.17

---- QC - affine ----
Metrics: AFF: Mean square difference 0.572820
Metrics: AFF: Smallest footprint deg=0, area=1.30928e+06
MetricImages: Range x 28 1375, y 0 972, use Nx=1348, Ny=974
Approximate EM metric 0.079148 for 1312952 points.
%Yellow: Tol   1.05  red   35.7  yellow   28.2  green   36.1
%Yellow: Tol   1.10  red   25.3  yellow   48.7  green   26.0
%Yellow: Tol   1.15  red   18.9  yellow   62.0  green   19.2
%Yellow: Tol   1.20  red   14.5  yellow   71.0  green   14.5
%Yellow: Tol   1.25  red   11.4  yellow   77.3  green   11.3
Affine Triangle: 1281801 points, corr 0.713589, fm 0.079148, yellow 0.77

---- Building mesh - deformable ----
Lx Dx Nx:  1346   673.00   2
Ly Dy Ny:   975   487.00   2

STAT: From 1282013 pts, got 8 triangles, 9 control points.
Timer: MeshCreate took 0.040 seconds.

---- ImproveMesh - deformable mesh ----
Tri: (29 0) (702 0) (29 487).
Tri: (29 487) (702 0) (702 487).
Tri: (702 0) (1375 0) (702 487).
Tri: (702 487) (1375 0) (1375 487).
Tri: (29 487) (702 487) (29 975).
Tri: (29 975) (702 487) (702 975).
Tri: (702 487) (1375 487) (702 975).
Tri: (702 975) (1375 487) (1375 975).

---- Matlab Vertices ----
x=[29 702 29 29]; y=[0 0 487 0]; plot(x,y); hold on;
x=[29 702 702 29]; y=[487 0 487 487]; plot(x,y); hold on;
x=[702 1375 702 702]; y=[0 0 487 0]; plot(x,y); hold on;
x=[702 1375 1375 702]; y=[487 0 487 487]; plot(x,y); hold on;
x=[29 702 29 29]; y=[487 487 975 487]; plot(x,y); hold on;
x=[29 702 702 29]; y=[975 487 975 975]; plot(x,y); hold on;
x=[702 1375 702 702]; y=[487 487 975 487]; plot(x,y); hold on;
x=[702 1375 1375 702]; y=[975 487 975 975]; plot(x,y); hold on;

---- ImproveControlPts ----
STAT: ImproveCpt: Initial deformable mesh correlation 0.713906 (1282013 pixels).
corr=0.713906	step=10.000000
corr=0.713906	step=5.000000
corr=0.713906	step=2.500000
corr=0.713986	step=2.500000
corr=0.713986	step=1.250000
corr=0.714002	step=1.250000
STAT: ImproveCpt: Final deformable mesh correlation 0.714078, (threshold 0.250000).

---- Matlab A-Sys Originals ----
x=[29.000000 702.000000 29.000000 29.000000]; y=[0.000000 0.000000 487.000000 0.000000]; plot(x,y); hold on;
x=[29.000000 702.000000 702.000000 29.000000]; y=[487.000000 0.000000 487.000000 487.000000]; plot(x,y); hold on;
x=[702.000000 1375.000000 702.000000 702.000000]; y=[0.000000 0.000000 487.000000 0.000000]; plot(x,y); hold on;
x=[702.000000 1375.000000 1375.000000 702.000000]; y=[487.000000 0.000000 487.000000 487.000000]; plot(x,y); hold on;
x=[29.000000 702.000000 29.000000 29.000000]; y=[487.000000 487.000000 975.000000 487.000000]; plot(x,y); hold on;
x=[29.000000 702.000000 702.000000 29.000000]; y=[975.000000 487.000000 975.000000 975.000000]; plot(x,y); hold on;
x=[702.000000 1375.000000 702.000000 702.000000]; y=[487.000000 487.000000 975.000000 487.000000]; plot(x,y); hold on;
x=[702.000000 1375.000000 1375.000000 702.000000]; y=[975.000000 487.000000 975.000000 975.000000]; plot(x,y); hold on;

---- Matlab B-Sys Originals ----
x=[1.026769 670.600284 -10.534636 1.026769]; y=[65.278617 79.140133 552.667890 65.278617]; plot(x,y); hold on;
x=[-10.534636 670.600284 659.038880 -10.534636]; y=[552.667890 79.140133 566.529407 552.667890]; plot(x,y); hold on;
x=[670.600284 1340.173800 659.038880 670.600284]; y=[79.140133 93.001650 566.529407 79.140133]; plot(x,y); hold on;
x=[659.038880 1340.173800 1328.612395 659.038880]; y=[566.529407 93.001650 580.390923 566.529407]; plot(x,y); hold on;
x=[-10.534636 659.038880 -22.119781 -10.534636]; y=[552.667890 566.529407 1041.057963 552.667890]; plot(x,y); hold on;
x=[-22.119781 659.038880 647.453735 -22.119781]; y=[1041.057963 566.529407 1054.919480 1041.057963]; plot(x,y); hold on;
x=[659.038880 1328.612395 647.453735 659.038880]; y=[566.529407 580.390923 1054.919480 566.529407]; plot(x,y); hold on;
x=[647.453735 1328.612395 1317.027250 647.453735]; y=[1054.919480 580.390923 1068.780996 1054.919480]; plot(x,y); hold on;

---- Matlab B-Sys Optimized ----
x=[0.264137 669.040236 -9.992990 0.264137]; y=[62.672835 78.894577 552.490313 62.672835]; plot(x,y); hold on;
x=[-9.992990 669.040236 658.615245 -9.992990]; y=[552.490313 78.894577 567.150748 552.490313]; plot(x,y); hold on;
x=[669.040236 1339.463183 658.615245 669.040236]; y=[78.894577 92.210771 567.150748 78.894577]; plot(x,y); hold on;
x=[658.615245 1339.463183 1329.015835 658.615245]; y=[567.150748 92.210771 579.048437 567.150748]; plot(x,y); hold on;
x=[-9.992990 658.615245 -21.000129 -9.992990]; y=[552.490313 567.150748 1041.138200 552.490313]; plot(x,y); hold on;
x=[-21.000129 658.615245 646.643809 -21.000129]; y=[1041.138200 567.150748 1053.895504 1041.138200]; plot(x,y); hold on;
x=[658.615245 1329.015835 646.643809 658.615245]; y=[567.150748 579.048437 1053.895504 567.150748]; plot(x,y); hold on;
x=[646.643809 1329.015835 1316.626018 646.643809]; y=[1053.895504 579.048437 1068.387324 1053.895504]; plot(x,y); hold on;

---- Deltas ----
id=     0: dx=   -0.76 dy=   -2.61 d=    2.72
id=     1: dx=   -1.56 dy=   -0.25 d=    1.58
id=     2: dx=   -0.71 dy=   -0.79 d=    1.06
id=     3: dx=    0.54 dy=   -0.18 d=    0.57
id=     4: dx=   -0.42 dy=    0.62 d=    0.75
id=     5: dx=    0.40 dy=   -1.34 d=    1.40
id=     6: dx=    1.12 dy=    0.08 d=    1.12
id=     7: dx=   -0.81 dy=   -1.02 d=    1.31
id=     8: dx=   -0.40 dy=   -0.39 d=    0.56

---- Areas ----
Triangle 0, area was   163875.5, is   163872.3,   -0.0%
Triangle 1, area was   163875.5, is   163302.5,   -0.3%
Triangle 2, area was   163875.5, is   163738.5,   -0.1%
Triangle 3, area was   163875.5, is   163250.3,   -0.4%
Triangle 4, area was   164212.0, is   163437.7,   -0.5%
Triangle 5, area was   164212.0, is   162562.5,   -1.0%
Triangle 6, area was   164212.0, is   163228.2,   -0.6%
Triangle 7, area was   164212.0, is   164014.0,   -0.1%
Combined: area was  1312350.0, is  1307405.8,   -0.4%

---- Transforms ----
 0.9937 -0.0211   -28.55    0.0241  1.0058    61.97
 0.9935 -0.0214   -28.38    0.0218  1.0026    63.60
 0.9962 -0.0214   -30.27    0.0198  1.0026    65.00
 0.9961 -0.0215   -30.23    0.0177  0.9997    67.90
 0.9935 -0.0226   -27.82    0.0218  1.0013    64.21
 0.9920 -0.0245   -25.85    0.0190  0.9974    68.10
 0.9961 -0.0245   -28.73    0.0177  0.9974    68.99
 0.9955 -0.0254   -27.45    0.0215  1.0027    61.10

---- QC - deformable ----
Remapping 1431040 points.
Metrics: DEF: Mean square difference 0.572625
Metrics: DEF: Smallest footprint deg=0, area=1.30831e+06
MetricImages: Range x 29 1375, y 0 972, use Nx=1348, Ny=974
Approximate EM metric 0.079579 for 1312952 points.
All points, deformable, dfm 0.079579

Metrics: TRI: Mean square difference 0.203743
Metrics: TRI: Smallest footprint deg=0, area=322367
MetricImages: Range x 29 702, y 0 479, use Nx=674, Ny=480
Approximate EM metric 0.035654 for 323520 points.
%Yellow: Tol   1.05  red   24.7  yellow   51.1  green   24.2
%Yellow: Tol   1.10  red   15.1  yellow   69.6  green   15.3
%Yellow: Tol   1.15  red   10.4  yellow   79.1  green   10.5
%Yellow: Tol   1.20  red    7.4  yellow   85.3  green    7.3
%Yellow: Tol   1.25  red    5.6  yellow   89.3  green    5.2
Triangle 0: 161867 points, corr 0.898122, fm 0.035654, yellow 0.89

Metrics: TRI: Mean square difference 0.668357
Metrics: TRI: Smallest footprint deg=0, area=322218
MetricImages: Range x 39 702, y 1 487, use Nx=664, Ny=488
Approximate EM metric 0.071276 for 324032 points.
%Yellow: Tol   1.05  red   36.4  yellow   25.2  green   38.4
%Yellow: Tol   1.10  red   26.7  yellow   45.1  green   28.2
%Yellow: Tol   1.15  red   20.2  yellow   59.0  green   20.8
%Yellow: Tol   1.20  red   15.8  yellow   68.3  green   16.0
%Yellow: Tol   1.25  red   12.7  yellow   74.7  green   12.6
Triangle 1: 164415 points, corr 0.665816, fm 0.071276, yellow 0.75

Metrics: TRI: Mean square difference 0.630145
Metrics: TRI: Smallest footprint deg=0, area=326592
MetricImages: Range x 703 1375, y 0 486, use Nx=674, Ny=488
Approximate EM metric 0.060268 for 328912 points.
%Yellow: Tol   1.05  red   35.9  yellow   24.7  green   39.3
%Yellow: Tol   1.10  red   27.2  yellow   43.4  green   29.3
%Yellow: Tol   1.15  red   21.2  yellow   56.5  green   22.4
%Yellow: Tol   1.20  red   16.9  yellow   65.5  green   17.6
%Yellow: Tol   1.25  red   14.0  yellow   71.6  green   14.4
Triangle 2: 163969 points, corr 0.684922, fm 0.060268, yellow 0.72

Metrics: TRI: Mean square difference 0.635828
Metrics: TRI: Smallest footprint deg=0, area=326592
MetricImages: Range x 703 1375, y 1 487, use Nx=674, Ny=488
Approximate EM metric 0.059341 for 328912 points.
%Yellow: Tol   1.05  red   35.5  yellow   26.7  green   37.8
%Yellow: Tol   1.10  red   26.7  yellow   45.7  green   27.6
%Yellow: Tol   1.15  red   20.7  yellow   59.0  green   20.4
%Yellow: Tol   1.20  red   16.1  yellow   68.6  green   15.3
%Yellow: Tol   1.25  red   12.8  yellow   75.5  green   11.7
Triangle 3: 164455 points, corr 0.682080, fm 0.059341, yellow 0.76

Metrics: TRI: Mean square difference 1.020600
Metrics: TRI: Smallest footprint deg=0, area=310860
MetricImages: Range x 40 700, y 488 959, use Nx=662, Ny=472
Approximate EM metric 0.069786 for 312464 points.
%Yellow: Tol   1.05  red   41.3  yellow   20.5  green   38.2
%Yellow: Tol   1.10  red   32.4  yellow   37.6  green   30.0
%Yellow: Tol   1.15  red   25.4  yellow   50.6  green   24.0
%Yellow: Tol   1.20  red   20.1  yellow   60.4  green   19.4
%Yellow: Tol   1.25  red   16.2  yellow   67.9  green   15.9
Triangle 4: 156424 points, corr 0.489694, fm 0.069786, yellow 0.68

Metrics: TRI: Mean square difference 0.516272
Metrics: TRI: Smallest footprint deg=36, area=313005
MetricImages: Range x -531 282, y 805 1190, use Nx=814, Ny=386
Approximate EM metric 0.064327 for 314204 points.
%Yellow: Tol   1.05  red   35.5  yellow   27.5  green   37.0
%Yellow: Tol   1.10  red   25.4  yellow   49.0  green   25.6
%Yellow: Tol   1.15  red   18.7  yellow   63.4  green   17.9
%Yellow: Tol   1.20  red   13.9  yellow   73.3  green   12.7
%Yellow: Tol   1.25  red   10.6  yellow   80.0  green    9.4
Triangle 5: 158599 points, corr 0.741858, fm 0.064327, yellow 0.80

Metrics: TRI: Mean square difference 1.053037
Metrics: TRI: Smallest footprint deg=0, area=316240
MetricImages: Range x 703 1373, y 488 960, use Nx=672, Ny=474
Approximate EM metric 0.105713 for 318528 points.
%Yellow: Tol   1.05  red   40.8  yellow   19.0  green   40.2
%Yellow: Tol   1.10  red   32.6  yellow   35.3  green   32.2
%Yellow: Tol   1.15  red   26.1  yellow   48.1  green   25.8
%Yellow: Tol   1.20  red   21.1  yellow   58.2  green   20.7
%Yellow: Tol   1.25  red   17.4  yellow   65.8  green   16.8
Triangle 6: 163477 points, corr 0.473475, fm 0.105713, yellow 0.66

Metrics: TRI: Mean square difference 0.582080
Metrics: TRI: Smallest footprint deg=36, area=299088
MetricImages: Range x 22 826, y 1201 1573, use Nx=806, Ny=374
Approximate EM metric 0.064131 for 301444 points.
%Yellow: Tol   1.05  red   35.6  yellow   27.0  green   37.4
%Yellow: Tol   1.10  red   25.7  yellow   47.7  green   26.7
%Yellow: Tol   1.15  red   19.1  yellow   61.7  green   19.2
%Yellow: Tol   1.20  red   14.6  yellow   71.2  green   14.2
%Yellow: Tol   1.25  red   11.5  yellow   77.7  green   10.8
Triangle 7: 149738 points, corr 0.708953, fm 0.064131, yellow 0.78


---- Final reports ----
STAT: Overall 1282944 points, corr 0.7141, EMM 0.0796, weighted EMM 0.0664, cor+dfm 0.7937, weighted yellow 0.7530

Angle span: min, max, delta = 0.019604 0.023477 0.003873
Mesh-Thm: 0.0043  0.0020     1.51    0.0027  0.0014     1.47 2x(LDR,LDC)=(0.20,200.00) -- OK.

Final remapping of 1431040 points.
Center 244.486010 155.931184:  0.9937 -0.0211   -28.55    0.0241  1.0058    61.97
Mapping region 1 xy= 244.486010 155.931184 to region 1 xy= 211.113506 224.700134
Center 442.531615 337.378977:  0.9935 -0.0214   -28.38    0.0218  1.0026    63.60
Mapping region 1 xy= 442.531615 337.378977 to region 1 xy= 404.042931 411.491609
Center 908.421662 149.371990:  0.9962 -0.0214   -30.27    0.0198  1.0026    65.00
Mapping region 1 xy= 908.421662 149.371990 to region 1 xy= 871.473928 232.736184
Center 1109.764089 339.465742:  0.9961 -0.0215   -30.23    0.0177  0.9997    67.90
Mapping region 1 xy= 1109.764089 339.465742 to region 1 xy= 1067.969349 426.874361
Center 248.901598 646.453164:  0.9935 -0.0226   -27.82    0.0218  1.0013    64.21
Mapping region 1 xy= 248.901598 646.453164 to region 1 xy= 204.877042 716.945446
Center 462.626339 817.786290:  0.9920 -0.0245   -25.85    0.0190  0.9974    68.10
Mapping region 1 xy= 462.626339 817.786290 to region 1 xy= 413.031909 892.548646
Center 909.099383 637.170132:  0.9961 -0.0245   -28.73    0.0177  0.9974    68.99
Mapping region 1 xy= 909.099383 637.170132 to region 1 xy= 861.230804 720.595834
Center 1138.203841 816.851802:  0.9955 -0.0254   -27.45    0.0215  1.0027    61.10
Mapping region 1 xy= 1138.203841 816.851802 to region 1 xy= 1084.906894 904.706256

Pipe: Returning 8 total transforms.

---- Summary Region-region results ----
Pipe: Table Headers {Az t r Bz t r thmok ntri}
FOUND:     2    4   1      1    4   1   1   8

---- Tabulating point matches ----

Timer: Alignment took 3.300 seconds.

main: Got 8 mapping regions.
main: Transform   0:  0.9937 -0.0211   -28.55    0.0241  1.0058    61.97
main: Transform   1:  0.9935 -0.0214   -28.38    0.0218  1.0026    63.60
main: Transform   2:  0.9962 -0.0214   -30.27    0.0198  1.0026    65.00
main: Transform   3:  0.9961 -0.0215   -30.23    0.0177  0.9997    67.90
main: Transform   4:  0.9935 -0.0226   -27.82    0.0218  1.0013    64.21
main: Transform   5:  0.9920 -0.0245   -25.85    0.0190  0.9974    68.10
main: Transform   6:  0.9961 -0.0245   -28.73    0.0177  0.9974    68.99
main: Transform   7:  0.9955 -0.0254   -27.45    0.0215  1.0027    61.10

main: Average:  0.9946 -0.0228     0.00    0.0204  1.0012     0.00
main: Degrees: 1.24015
main: Residue:  0.9948 -0.0011     0.00   -0.0011  1.0015     0.00

main: Inverse:  1.0050  0.0229    -0.00   -0.0205  0.9983    -0.00
main: Degrees: -1.24015
main: Residue:  1.0052  0.0013     0.00    0.0013  0.9986     0.00

main: Normal completion for dmesh run.
Timer: Total took 3.550 seconds.

---- Memory ----
Host name: h02u07.int.janelia.org
PID:       26499
User time:       3 seconds.
System time:     0 seconds.
VmPeak:	  783484 kB
VmSize:	  149240 kB
VmLck:	       0 kB
VmHWM:	  700092 kB
VmRSS:	   65924 kB
VmData:	   61380 kB
VmStk:	      96 kB
VmExe:	     800 kB
VmLib:	   61764 kB
VmPTE:	     284 kB
VmSwap:	       0 kB
voluntary_ctxt_switches:	19
nonvoluntary_ctxt_switches:	32

