
---- dmesh start ----
main: Start: Fri Aug  8 18:53:03 2014


---- Match parameters ----
PXBRO=2            <default 2>        "Max Legendre poly order for bkg removal"
PXLENS=N           <default N>        "Y=Apply IDB/lens.txt"
PXRESMSK=N         <default N>        "Y=Apply resin mask"
PXDOG=N            <default N>        "Y=Apply DoG filter"
PXDOG_R1=3         <default 3>        "DoG inner radius"
PXDOG_R2=6         <default 6>        "DoG outer radius"
FLD=N              <default X>        "Mask usage: Y=Use, N=None, X=XL only"
PRETWEAK=N         <default N>        "Y=Auto-distort before angle scan"
SCALE=1            <default 1.0>      "Image-B / image-A scale factor"
XSCALE=1           <default 1.0>      "Image-B / image-A x-axis scale factor"
YSCALE=1           <default 1.0>      "Image-B / image-A y-axis scale factor"
SKEW=0             <default 0.0>      "Transform elem[3] user-applied distortion"
MODE_SL=M          <default Z>        "Notes above"
MODE_XL=N          <default Y>        "Notes above"
TAB2DFM_SL=N       <default Y>        "Adopt Tdfm from Tab"
TAB2DFM_XL=Y       <default Y>        "Adopt Tdfm from Tab"
XYCONF_SL=1.0      <default 0.0>      "[0,1.0] confidence in Tab XY"
XYCONF_XL=0.8      <default 0.0>      "[0,1.0] confidence in Tab XY"
THMDEC_SL=8        <default 8>        "2^N thumb decimation factor"
THMDEC_XL=8        <default 8>        "2^N thumb decimation factor"
OLAP1D_SL=0        <default 0>        "Min 1D pix full-size overlap"
OLAP1D_XL=0        <default 0>        "Min 1D pix full-size overlap"
OLAP2D_SL=60000    <default 25000>    "Min 2D pix full-size overlap"
OLAP2D_XL=160000   <default 200000>   "Min 2D pix full-size overlap"
NBMXHT_SL=0.75     <default 0.75>     "Max F(neib)/F(pk) in guard zone"
NBMXHT_XL=0.75     <default 0.75>     "Max F(neib)/F(pk) in guard zone"
HFANGDN_SL=5       <default 5.0>      "Half angle search range denovo"
HFANGDN_XL=45      <default 45.0>     "Half angle search range denovo"
HFANGPR_SL=1       <default 1.0>      "Half angle search range prior angles"
HFANGPR_XL=4       <default 1.0>      "Half angle search range prior angles"
RTRSH_SL=0.3       <default 0.3>      "R corr thresh"
RTRSH_XL=0.3       <default 0.3>      "R corr thresh"
TWEAKS=N           <default N>        "Y=Try 8 near unity distortions"
LIMXY_SL=30        <default 0>        "0 or Max XY delta from Tab"
LIMXY_XL=80        <default 0>        "0 or Max XY delta from Tab"
OPT_SL=Y           <default Y(EM)>    "Y=Enable mesh optimizer"
RIT_SL=0.50        <default 0.20>     "Min mesh starting corr"
RIT_XL=0.1         <default 0.20>     "Min mesh starting corr"
RFA_SL=0.55        <default 0.3>      "Affine-only final corr"
RFA_XL=0.20        <default 0.3>      "Affine-only final corr"
RFT_SL=0.65        <default 0.5>      "Full mesh final corr"
RFT_XL=0.25        <default 0.5>      "Full mesh final corr"
TMC=5              <default 30.0%>    "Max single triangle area change"
TSC=9              <default 9.0%>     "Max summed triangle area change"
MNL=250            <default 300>      "Triangle edges between MNL and 2*MNL"
MTA=120000         <default 10000>    "Min triangle size (pixels)"
MMA=60000          <default 100000>   "Min 2D overlap for mesh"
ONE=N              <default N>        "Y=Use just one affine transform"
IFM=0.50           <default 0.50>     "Min Fourier Metric after affine-only"
FFM=0.65           <default 0.65>     "Min Fourier Metric after full mesh"
FYL=0.5            <default 0.50>     "Min fraction of yellow pixels"
CPD=0.5            <default 0.50>     "Min Correlation + DFM"
EMM=Y              <default Y>        "Y=Use Earth Mover's Metric, N=Use Fourier"
EMT=0.14           <default 0.2>      "Earth Movers Metric thresh"
WDI=N              <default N>        "Y=Write diff images (Fourier, EMM metrics)"
LDA=0.2            <default 0.2>      "Max radian delta between triangles"
LDR=0.1            <default 0.1>      "Max sine delta between triangles"
LDC=100            <default 100.0>    "Max XY delta between triangles"
DXY=100            <default 100.0>    "Max delta from user input XYs"
WMT=N              <default Y>        "Y=Write map.tif files"
WTT=N              <default Y>        "Y=Write tf.txt files"


---- Input images ----
Til2Img entry: A T=[ 1.0000  0.0000     0.00  0.0000  1.0000     0.00] path=[/groups/apig/tomo/DEMO/TIF/C1_13_2.tif].
Til2Img entry: B T=[ 1.0000  0.0000  1142.00  0.0000  1.0000     0.00] path=[/groups/apig/tomo/DEMO/TIF/B1_0_2.tif].


---- Command-line overrides ----
Tab=  0.9991 -0.0219 -1097.61    0.0232  1.0007    41.55
Tdfm= 0.9994  0.0007     0.00    0.0007  1.0009     0.00
FLD=N


---- Image loading ----
Raster8FromTif: Opening [/groups/apig/tomo/DEMO/TIF/C1_13_2.tif].
Raster8FromTif: Bits per sample 8, samples per pixel 1
Raster8FromTif: Picture is 1376 by 1040, 1431040 pixels total.
TIF(8): Last Encoded strip had 1376 bytes.
Raster8FromTif: Opening [/groups/apig/tomo/DEMO/TIF/B1_0_2.tif].
Raster8FromTif: Bits per sample 8, samples per pixel 1
Raster8FromTif: Picture is 1376 by 1040, 1431040 pixels total.
TIF(8): Last Encoded strip had 1376 bytes.
PixPair: Using image scale=1.
Timer: Image conditioning took 0.280 seconds.

---- Foldmaps ----

---- Connected regions ----
Forcing single connected region.

---- Begin A-1 to B-1 ----

---- Thumbnail matching ----
Subimage: Using intersection, w=498, h=1007, pix=501486
Thumbs: After decimation 7938 pts, reqArea 2501, thmscl 8
SetDisc( -28, 4, 10, 10 )
Initial: R= 0.715, A=   1.294, X=  -27.22, Y=    3.95
Peak-Disc: dR 6 dX 6 dY 0
Approx: LowRes  R=0.715, X=-217.768, Y=31.607
Approx: FullRes R=0.103, X=-217.023, Y=30.026, use=Y.
Timer: FinishAtFullRes took 0.280 seconds.
Approx: Returning A=1.294262, R=0.714620, X=-1094.235474, Y=42.615347
Approx: Best transform  0.9991 -0.0219 -1094.24    0.0232  1.0007    42.62
Approx: Orig transform  0.9991 -0.0219 -1097.61    0.0232  1.0007    41.55
Approx: Idnt transform  1.0000  0.0000     3.40    0.0000  1.0000     0.99
Approx: err = 3.54239, max = 80

---- Starting detailed region mapping ----
Roughly 262074 pixels map to B.
Region size is [1095 1375] in x, [0 970] in y.

---- Building mesh - affine ----
Computed simple triangle.

---- ImproveMesh - affine ----
Tri: (1095 0) (1375 485) (1095 970).

---- Matlab Vertices ----
x=[1095 1375 1095 1095]; y=[0 485 970 0]; plot(x,y); hold on;

---- ImproveControlPts ----
STAT: ImproveCpt: Initial affine correlation 0.219015 (262074 pixels).
corr=0.219015	step=10.000000
corr=0.219015	step=5.000000
corr=0.219015	step=2.500000
corr=0.220378	step=2.500000
corr=0.221096	step=2.500000
corr=0.221096	step=1.250000
corr=0.221758	step=1.250000
corr=0.221758	step=0.625000
corr=0.221827	step=0.625000
corr=0.221827	step=0.312500
STAT: ImproveCpt: Final affine correlation 0.221827, (threshold 0.200000).

---- Matlab A-Sys Originals ----
x=[1095.000000 1375.000000 1095.000000 1095.000000]; y=[0.000000 485.000000 970.000000 0.000000]; plot(x,y); hold on;

---- Matlab B-Sys Originals ----
x=[-0.217689 268.893161 -21.493669 -0.217689]; y=[68.070812 559.908802 1038.728472 68.070812]; plot(x,y); hold on;

---- Matlab B-Sys Optimized ----
x=[0.902890 267.953305 -22.915608 0.902890]; y=[70.144082 559.074554 1040.282974 70.144082]; plot(x,y); hold on;

---- Deltas ----
id=     0: dx=    1.12 dy=    2.07 d=    2.36
id=     1: dx=   -0.94 dy=   -0.83 d=    1.26
id=     2: dx=   -1.42 dy=    1.55 d=    2.11

---- Areas ----
Triangle 0, area was   135800.0, is   135360.8,   -0.3%
Combined: area was   135800.0, is   135360.8,   -0.3%

---- Transforms ----
 0.9963 -0.0246 -1090.03    0.0138  1.0001    55.04
Best affine transform:  0.9963 -0.0246 -1090.03    0.0138  1.0001    55.04
    Inverse transform:  1.0034  0.0246  1092.37   -0.0138  0.9995   -70.10

---- QC - affine ----
Metrics: AFF: Mean square difference 1.556403
Metrics: AFF: Smallest footprint deg=0, area=271040
MetricImages: Range x 1095 1375, y 0 968, use Nx=282, Ny=970
Approximate EM metric 0.143523 for 273540 points.
%Yellow: Tol   1.05  red   44.1  yellow   11.4  green   44.5
%Yellow: Tol   1.10  red   38.8  yellow   21.8  green   39.4
%Yellow: Tol   1.15  red   33.8  yellow   31.5  green   34.7
%Yellow: Tol   1.20  red   29.3  yellow   40.6  green   30.1
%Yellow: Tol   1.25  red   25.3  yellow   48.7  green   26.0
Affine Triangle: 260646 points, corr 0.221795, fm 0.143523, yellow 0.49

---- Building mesh - deformable ----
Lx Dx Nx:   280   280.00   1
Ly Dy Ny:   970   970.00   1

STAT: From 262074 pts, got 2 triangles, 4 control points.
Timer: MeshCreate took 0.010 seconds.

---- ImproveMesh - deformable mesh ----
Tri: (1095 0) (1375 0) (1095 970).
Tri: (1095 970) (1375 0) (1375 970).

---- Matlab Vertices ----
x=[1095 1375 1095 1095]; y=[0 0 970 0]; plot(x,y); hold on;
x=[1095 1375 1375 1095]; y=[970 0 970 970]; plot(x,y); hold on;

---- ImproveControlPts ----
STAT: ImproveCpt: Initial deformable mesh correlation 0.221827 (262074 pixels).
corr=0.221827	step=10.000000
corr=0.221827	step=5.000000
corr=0.221827	step=2.500000
corr=0.221827	step=1.250000
corr=0.221827	step=0.625000
STAT: ImproveCpt: Final deformable mesh correlation 0.221827, (threshold 0.250000).
FAIL: ImproveMesh: corr=0.221827, below final thresh=0.250000
Pipe: Returning 0 total transforms.

---- Summary Region-region results ----
Pipe: Table Headers {Az t r Bz t r thmok ntri}
FOUND:     2   13   1      1    0   1   1   0
Timer: Alignment took 0.690 seconds.

main: Got 0 mapping regions.

main: Normal completion for dmesh run.
Timer: Total took 0.980 seconds.

---- Memory ----
Host name: h02u07.int.janelia.org
PID:       26450
User time:       0 seconds.
System time:     0 seconds.
VmPeak:	  355164 kB
VmSize:	  116376 kB
VmLck:	       0 kB
VmHWM:	  271656 kB
VmRSS:	   33048 kB
VmData:	   28516 kB
VmStk:	      96 kB
VmExe:	     800 kB
VmLib:	   61764 kB
VmPTE:	     216 kB
VmSwap:	       0 kB
voluntary_ctxt_switches:	109
nonvoluntary_ctxt_switches:	203

