
---- dmesh start ----
main: Start: Fri Aug  8 18:53:27 2014


---- Match parameters ----
PXBRO=2            <default 2>        "Max Legendre poly order for bkg removal"
PXLENS=N           <default N>        "Y=Apply IDB/lens.txt"
PXRESMSK=N         <default N>        "Y=Apply resin mask"
PXDOG=N            <default N>        "Y=Apply DoG filter"
PXDOG_R1=3         <default 3>        "DoG inner radius"
PXDOG_R2=6         <default 6>        "DoG outer radius"
FLD=N              <default X>        "Mask usage: Y=Use, N=None, X=XL only"
PRETWEAK=N         <default N>        "Y=Auto-distort before angle scan"
SCALE=1            <default 1.0>      "Image-B / image-A scale factor"
XSCALE=1           <default 1.0>      "Image-B / image-A x-axis scale factor"
YSCALE=1           <default 1.0>      "Image-B / image-A y-axis scale factor"
SKEW=0             <default 0.0>      "Transform elem[3] user-applied distortion"
MODE_SL=M          <default Z>        "Notes above"
MODE_XL=N          <default Y>        "Notes above"
TAB2DFM_SL=N       <default Y>        "Adopt Tdfm from Tab"
TAB2DFM_XL=Y       <default Y>        "Adopt Tdfm from Tab"
XYCONF_SL=1.0      <default 0.0>      "[0,1.0] confidence in Tab XY"
XYCONF_XL=0.8      <default 0.0>      "[0,1.0] confidence in Tab XY"
THMDEC_SL=8        <default 8>        "2^N thumb decimation factor"
THMDEC_XL=8        <default 8>        "2^N thumb decimation factor"
OLAP1D_SL=0        <default 0>        "Min 1D pix full-size overlap"
OLAP1D_XL=0        <default 0>        "Min 1D pix full-size overlap"
OLAP2D_SL=60000    <default 25000>    "Min 2D pix full-size overlap"
OLAP2D_XL=160000   <default 200000>   "Min 2D pix full-size overlap"
NBMXHT_SL=0.75     <default 0.75>     "Max F(neib)/F(pk) in guard zone"
NBMXHT_XL=0.75     <default 0.75>     "Max F(neib)/F(pk) in guard zone"
HFANGDN_SL=5       <default 5.0>      "Half angle search range denovo"
HFANGDN_XL=45      <default 45.0>     "Half angle search range denovo"
HFANGPR_SL=1       <default 1.0>      "Half angle search range prior angles"
HFANGPR_XL=4       <default 1.0>      "Half angle search range prior angles"
RTRSH_SL=0.3       <default 0.3>      "R corr thresh"
RTRSH_XL=0.3       <default 0.3>      "R corr thresh"
TWEAKS=N           <default N>        "Y=Try 8 near unity distortions"
LIMXY_SL=30        <default 0>        "0 or Max XY delta from Tab"
LIMXY_XL=80        <default 0>        "0 or Max XY delta from Tab"
OPT_SL=Y           <default Y(EM)>    "Y=Enable mesh optimizer"
RIT_SL=0.50        <default 0.20>     "Min mesh starting corr"
RIT_XL=0.1         <default 0.20>     "Min mesh starting corr"
RFA_SL=0.55        <default 0.3>      "Affine-only final corr"
RFA_XL=0.20        <default 0.3>      "Affine-only final corr"
RFT_SL=0.65        <default 0.5>      "Full mesh final corr"
RFT_XL=0.25        <default 0.5>      "Full mesh final corr"
TMC=5              <default 30.0%>    "Max single triangle area change"
TSC=9              <default 9.0%>     "Max summed triangle area change"
MNL=250            <default 300>      "Triangle edges between MNL and 2*MNL"
MTA=120000         <default 10000>    "Min triangle size (pixels)"
MMA=60000          <default 100000>   "Min 2D overlap for mesh"
ONE=N              <default N>        "Y=Use just one affine transform"
IFM=0.50           <default 0.50>     "Min Fourier Metric after affine-only"
FFM=0.65           <default 0.65>     "Min Fourier Metric after full mesh"
FYL=0.5            <default 0.50>     "Min fraction of yellow pixels"
CPD=0.5            <default 0.50>     "Min Correlation + DFM"
EMM=Y              <default Y>        "Y=Use Earth Mover's Metric, N=Use Fourier"
EMT=0.14           <default 0.2>      "Earth Movers Metric thresh"
WDI=N              <default N>        "Y=Write diff images (Fourier, EMM metrics)"
LDA=0.2            <default 0.2>      "Max radian delta between triangles"
LDR=0.1            <default 0.1>      "Max sine delta between triangles"
LDC=100            <default 100.0>    "Max XY delta between triangles"
DXY=100            <default 100.0>    "Max delta from user input XYs"
WMT=N              <default Y>        "Y=Write map.tif files"
WTT=N              <default Y>        "Y=Write tf.txt files"


---- Input images ----
Til2Img entry: A T=[ 1.0000  0.0000  1142.00  0.0000  1.0000     0.00] path=[/groups/apig/tomo/DEMO/TIF/C1_0_2.tif].
Til2Img entry: B T=[ 1.0000  0.0000  1142.00  0.0000  1.0000   857.00] path=[/groups/apig/tomo/DEMO/TIF/B1_1_2.tif].


---- Command-line overrides ----
Tab=  0.9999 -0.0227    45.12    0.0227  1.0008  -794.09
Tdfm= 1.0002  0.0000     0.00    0.0000  1.0011     0.00
FLD=N


---- Image loading ----
Raster8FromTif: Opening [/groups/apig/tomo/DEMO/TIF/C1_0_2.tif].
Raster8FromTif: Bits per sample 8, samples per pixel 1
Raster8FromTif: Picture is 1376 by 1040, 1431040 pixels total.
TIF(8): Last Encoded strip had 1376 bytes.
Raster8FromTif: Opening [/groups/apig/tomo/DEMO/TIF/B1_1_2.tif].
Raster8FromTif: Bits per sample 8, samples per pixel 1
Raster8FromTif: Picture is 1376 by 1040, 1431040 pixels total.
TIF(8): Last Encoded strip had 1376 bytes.
PixPair: Using image scale=1.
Timer: Image conditioning took 0.250 seconds.

---- Foldmaps ----

---- Connected regions ----
Forcing single connected region.

---- Begin A-1 to B-1 ----

---- Thumbnail matching ----
Subimage: Using intersection, w=1340, h=405, pix=542700
Thumbs: After decimation 8568 pts, reqArea 2501, thmscl 8
SetDisc( -1, -20, 10, 10 )
Initial: R= 0.867, A=   1.300, X=   -0.82, Y=  -20.63
Peak-Disc: dR 5 dX 1 dY -5
Approx: LowRes  R=0.867, X=-6.578, Y=-165.049
Approx: FullRes R=0.128, X=-5.179, Y=-162.200, use=Y.
Timer: FinishAtFullRes took 0.420 seconds.
Approx: Returning A=1.300460, R=0.866548, X=45.244639, Y=-797.720865
Approx: Best transform  0.9999 -0.0227    45.24    0.0227  1.0008  -797.72
Approx: Orig transform  0.9999 -0.0227    45.12    0.0227  1.0008  -794.09
Approx: Idnt transform  1.0000 -0.0000     0.04   -0.0000  1.0000    -3.63
Approx: err = 3.63328, max = 80

---- Starting detailed region mapping ----
Roughly 349809 pixels map to B.
Region size is [0 1354] in x, [766 1039] in y.

---- Building mesh - affine ----
Computed simple triangle.

---- ImproveMesh - affine ----
Tri: (0 766) (1354 766) (677 1039).

---- Matlab Vertices ----
x=[0 1354 677 0]; y=[766 766 1039 766]; plot(x,y); hold on;

---- ImproveControlPts ----
STAT: ImproveCpt: Initial affine correlation 0.354937 (349809 pixels).
corr=0.354937	step=10.000000
corr=0.364778	step=10.000000
corr=0.364778	step=5.000000
corr=0.364778	step=2.500000
corr=0.367380	step=2.500000
corr=0.367425	step=2.500000
corr=0.367425	step=1.250000
corr=0.367873	step=1.250000
corr=0.367873	step=0.625000
corr=0.367959	step=0.625000
corr=0.367959	step=0.312500
STAT: ImproveCpt: Final affine correlation 0.367996, (threshold 0.200000).

---- Matlab A-Sys Originals ----
x=[0.000000 1354.000000 677.000000 0.000000]; y=[766.000000 766.000000 1039.000000 766.000000]; plot(x,y); hold on;

---- Matlab B-Sys Originals ----
x=[27.844949 1381.724443 698.583501 27.844949]; y=[-31.092745 -0.351529 257.501723 -31.092745]; plot(x,y); hold on;

---- Matlab B-Sys Optimized ----
x=[30.867228 1378.396242 698.087166 30.867228]; y=[-24.886371 -4.623895 255.284383 -24.886371]; plot(x,y); hold on;

---- Deltas ----
id=     0: dx=    3.02 dy=    6.21 d=    6.90
id=     1: dx=   -3.33 dy=   -4.27 d=    5.42
id=     2: dx=   -0.50 dy=   -2.22 d=    2.27

---- Areas ----
Triangle 0, area was   184821.0, is   182009.3,   -1.5%
Combined: area was   184821.0, is   182009.3,   -1.5%

---- Transforms ----
 0.9952 -0.0240    49.23    0.0150  0.9892  -782.58
Best affine transform:  0.9952 -0.0240    49.23    0.0150  0.9892  -782.58
    Inverse transform:  1.0044  0.0243   -30.40   -0.0152  1.0106   791.62

---- QC - affine ----
Metrics: AFF: Mean square difference 1.264757
Metrics: AFF: Smallest footprint deg=0, area=363676
MetricImages: Range x 0 1357, y 771 1039, use Nx=1358, Ny=270
Approximate EM metric 0.174362 for 366660 points.
%Yellow: Tol   1.05  red   41.9  yellow   11.9  green   46.3
%Yellow: Tol   1.10  red   36.7  yellow   23.5  green   39.8
%Yellow: Tol   1.15  red   32.1  yellow   36.0  green   31.9
%Yellow: Tol   1.20  red   27.9  yellow   46.6  green   25.6
%Yellow: Tol   1.25  red   24.1  yellow   54.7  green   21.2
Affine Triangle: 350229 points, corr 0.367619, fm 0.174362, yellow 0.55

---- Building mesh - deformable ----
Lx Dx Nx:  1354  1354.00   1
Ly Dy Ny:   273   273.00   1

STAT: From 349809 pts, got 2 triangles, 4 control points.
Timer: MeshCreate took 0.010 seconds.

---- ImproveMesh - deformable mesh ----
Tri: (0 766) (1354 766) (0 1039).
Tri: (0 1039) (1354 766) (1354 1039).

---- Matlab Vertices ----
x=[0 1354 0 0]; y=[766 766 1039 766]; plot(x,y); hold on;
x=[0 1354 1354 0]; y=[1039 766 1039 1039]; plot(x,y); hold on;

---- ImproveControlPts ----
STAT: ImproveCpt: Initial deformable mesh correlation 0.367996 (349809 pixels).
corr=0.367996	step=10.000000
corr=0.367996	step=5.000000
corr=0.367996	step=2.500000
corr=0.367996	step=1.250000
corr=0.367996	step=0.625000
STAT: ImproveCpt: Final deformable mesh correlation 0.367996, (threshold 0.250000).

---- Matlab A-Sys Originals ----
x=[0.000000 1354.000000 0.000000 0.000000]; y=[766.000000 766.000000 1039.000000 766.000000]; plot(x,y); hold on;
x=[0.000000 1354.000000 1354.000000 0.000000]; y=[1039.000000 766.000000 1039.000000 1039.000000]; plot(x,y); hold on;

---- Matlab B-Sys Originals ----
x=[30.867228 1378.396242 24.322659 30.867228]; y=[-24.886371 -4.623895 245.153145 -24.886371]; plot(x,y); hold on;
x=[24.322659 1378.396242 1371.851673 24.322659]; y=[245.153145 -4.623895 265.415621 245.153145]; plot(x,y); hold on;

---- Matlab B-Sys Optimized ----
x=[30.867228 1378.396242 24.322659 30.867228]; y=[-24.886371 -4.623895 245.153145 -24.886371]; plot(x,y); hold on;
x=[24.322659 1378.396242 1371.851673 24.322659]; y=[245.153145 -4.623895 265.415621 245.153145]; plot(x,y); hold on;

---- Deltas ----
id=     0: dx=    0.00 dy=    0.00 d=    0.00
id=     1: dx=    0.00 dy=    0.00 d=    0.00
id=     2: dx=    0.00 dy=    0.00 d=    0.00
id=     3: dx=    0.00 dy=    0.00 d=    0.00

---- Areas ----
Triangle 0, area was   184821.0, is   182009.3,   -1.5%
Triangle 1, area was   184821.0, is   182009.3,   -1.5%
Combined: area was   369642.0, is   364018.7,   -1.5%

---- Transforms ----
 0.9952 -0.0240    49.23    0.0150  0.9892  -782.58
 0.9952 -0.0240    49.23    0.0150  0.9892  -782.58

---- QC - deformable ----
Remapping 1431040 points.
Metrics: DEF: Mean square difference 1.264757
Metrics: DEF: Smallest footprint deg=0, area=363676
MetricImages: Range x 0 1357, y 771 1039, use Nx=1358, Ny=270
Approximate EM metric 0.174362 for 366660 points.
All points, deformable, dfm 0.174362

Metrics: TRI: Mean square difference 1.377608
Metrics: TRI: Smallest footprint deg=11, area=328536
MetricImages: Range x -199 1153, y 777 1020, use Nx=1354, Ny=244
Approximate EM metric 0.062260 for 330376 points.
%Yellow: Tol   1.05  red   44.1  yellow   11.9  green   44.0
%Yellow: Tol   1.10  red   38.9  yellow   22.6  green   38.5
%Yellow: Tol   1.15  red   34.0  yellow   32.4  green   33.6
%Yellow: Tol   1.20  red   29.5  yellow   42.2  green   28.3
%Yellow: Tol   1.25  red   25.5  yellow   51.1  green   23.5
Triangle 0: 164802 points, corr 0.311190, fm 0.062260, yellow 0.51

Metrics: TRI: Mean square difference 1.154064
Metrics: TRI: Smallest footprint deg=0, area=363408
MetricImages: Range x 1 1357, y 771 1039, use Nx=1358, Ny=270
Approximate EM metric 0.107238 for 366660 points.
%Yellow: Tol   1.05  red   39.3  yellow   13.4  green   47.3
%Yellow: Tol   1.10  red   34.1  yellow   29.3  green   36.6
%Yellow: Tol   1.15  red   29.6  yellow   41.9  green   28.5
%Yellow: Tol   1.20  red   25.7  yellow   51.4  green   22.9
%Yellow: Tol   1.25  red   22.3  yellow   58.6  green   19.1
Triangle 1: 185427 points, corr 0.422963, fm 0.107238, yellow 0.59


---- Final reports ----
STAT: Overall 350229 points, corr 0.3680, EMM 0.1744, weighted EMM 0.0861, cor+dfm 0.5424, weighted yellow 0.5505
FAIL: Overall rejected: [EMM=0.174362 > 0.154 = (EMT=0.14 * 1.10)].
Pipe: Returning 0 total transforms.

---- Summary Region-region results ----
Pipe: Table Headers {Az t r Bz t r thmok ntri}
FOUND:     2    0   1      1    1   1   1   0
Timer: Alignment took 1.100 seconds.

main: Got 0 mapping regions.

main: Normal completion for dmesh run.
Timer: Total took 1.350 seconds.

---- Memory ----
Host name: h02u07.int.janelia.org
PID:       26519
User time:       1 seconds.
System time:     0 seconds.
VmPeak:	  448064 kB
VmSize:	  143660 kB
VmLck:	       0 kB
VmHWM:	  364552 kB
VmRSS:	   57872 kB
VmData:	   55800 kB
VmStk:	      96 kB
VmExe:	     800 kB
VmLib:	   61764 kB
VmPTE:	     276 kB
VmSwap:	       0 kB
voluntary_ctxt_switches:	16
nonvoluntary_ctxt_switches:	5

