
---- dmesh start ----
main: Start: Fri Aug  8 18:53:24 2014


---- Match parameters ----
PXBRO=2            <default 2>        "Max Legendre poly order for bkg removal"
PXLENS=N           <default N>        "Y=Apply IDB/lens.txt"
PXRESMSK=N         <default N>        "Y=Apply resin mask"
PXDOG=N            <default N>        "Y=Apply DoG filter"
PXDOG_R1=3         <default 3>        "DoG inner radius"
PXDOG_R2=6         <default 6>        "DoG outer radius"
FLD=N              <default X>        "Mask usage: Y=Use, N=None, X=XL only"
PRETWEAK=N         <default N>        "Y=Auto-distort before angle scan"
SCALE=1            <default 1.0>      "Image-B / image-A scale factor"
XSCALE=1           <default 1.0>      "Image-B / image-A x-axis scale factor"
YSCALE=1           <default 1.0>      "Image-B / image-A y-axis scale factor"
SKEW=0             <default 0.0>      "Transform elem[3] user-applied distortion"
MODE_SL=M          <default Z>        "Notes above"
MODE_XL=N          <default Y>        "Notes above"
TAB2DFM_SL=N       <default Y>        "Adopt Tdfm from Tab"
TAB2DFM_XL=Y       <default Y>        "Adopt Tdfm from Tab"
XYCONF_SL=1.0      <default 0.0>      "[0,1.0] confidence in Tab XY"
XYCONF_XL=0.8      <default 0.0>      "[0,1.0] confidence in Tab XY"
THMDEC_SL=8        <default 8>        "2^N thumb decimation factor"
THMDEC_XL=8        <default 8>        "2^N thumb decimation factor"
OLAP1D_SL=0        <default 0>        "Min 1D pix full-size overlap"
OLAP1D_XL=0        <default 0>        "Min 1D pix full-size overlap"
OLAP2D_SL=60000    <default 25000>    "Min 2D pix full-size overlap"
OLAP2D_XL=160000   <default 200000>   "Min 2D pix full-size overlap"
NBMXHT_SL=0.75     <default 0.75>     "Max F(neib)/F(pk) in guard zone"
NBMXHT_XL=0.75     <default 0.75>     "Max F(neib)/F(pk) in guard zone"
HFANGDN_SL=5       <default 5.0>      "Half angle search range denovo"
HFANGDN_XL=45      <default 45.0>     "Half angle search range denovo"
HFANGPR_SL=1       <default 1.0>      "Half angle search range prior angles"
HFANGPR_XL=4       <default 1.0>      "Half angle search range prior angles"
RTRSH_SL=0.3       <default 0.3>      "R corr thresh"
RTRSH_XL=0.3       <default 0.3>      "R corr thresh"
TWEAKS=N           <default N>        "Y=Try 8 near unity distortions"
LIMXY_SL=30        <default 0>        "0 or Max XY delta from Tab"
LIMXY_XL=80        <default 0>        "0 or Max XY delta from Tab"
OPT_SL=Y           <default Y(EM)>    "Y=Enable mesh optimizer"
RIT_SL=0.50        <default 0.20>     "Min mesh starting corr"
RIT_XL=0.1         <default 0.20>     "Min mesh starting corr"
RFA_SL=0.55        <default 0.3>      "Affine-only final corr"
RFA_XL=0.20        <default 0.3>      "Affine-only final corr"
RFT_SL=0.65        <default 0.5>      "Full mesh final corr"
RFT_XL=0.25        <default 0.5>      "Full mesh final corr"
TMC=5              <default 30.0%>    "Max single triangle area change"
TSC=9              <default 9.0%>     "Max summed triangle area change"
MNL=250            <default 300>      "Triangle edges between MNL and 2*MNL"
MTA=120000         <default 10000>    "Min triangle size (pixels)"
MMA=60000          <default 100000>   "Min 2D overlap for mesh"
ONE=N              <default N>        "Y=Use just one affine transform"
IFM=0.50           <default 0.50>     "Min Fourier Metric after affine-only"
FFM=0.65           <default 0.65>     "Min Fourier Metric after full mesh"
FYL=0.5            <default 0.50>     "Min fraction of yellow pixels"
CPD=0.5            <default 0.50>     "Min Correlation + DFM"
EMM=Y              <default Y>        "Y=Use Earth Mover's Metric, N=Use Fourier"
EMT=0.14           <default 0.2>      "Earth Movers Metric thresh"
WDI=N              <default N>        "Y=Write diff images (Fourier, EMM metrics)"
LDA=0.2            <default 0.2>      "Max radian delta between triangles"
LDR=0.1            <default 0.1>      "Max sine delta between triangles"
LDC=100            <default 100.0>    "Max XY delta between triangles"
DXY=100            <default 100.0>    "Max delta from user input XYs"
WMT=N              <default Y>        "Y=Write map.tif files"
WTT=N              <default Y>        "Y=Write tf.txt files"


---- Input images ----
Til2Img entry: A T=[ 1.0000  0.0000  1142.00  0.0000  1.0000   857.00] path=[/groups/apig/tomo/DEMO/TIF/C1_1_2.tif].
Til2Img entry: B T=[ 1.0000  0.0000     0.00  0.0000  1.0000   857.00] path=[/groups/apig/tomo/DEMO/TIF/B1_12_2.tif].


---- Command-line overrides ----
Tab=  1.0005 -0.0227  1173.23    0.0224  0.9993    53.49
Tdfm= 1.0007 -0.0001     0.00   -0.0001  0.9996     0.00
FLD=N


---- Image loading ----
Raster8FromTif: Opening [/groups/apig/tomo/DEMO/TIF/C1_1_2.tif].
Raster8FromTif: Bits per sample 8, samples per pixel 1
Raster8FromTif: Picture is 1376 by 1040, 1431040 pixels total.
TIF(8): Last Encoded strip had 1376 bytes.
Raster8FromTif: Opening [/groups/apig/tomo/DEMO/TIF/B1_12_2.tif].
Raster8FromTif: Bits per sample 8, samples per pixel 1
Raster8FromTif: Picture is 1376 by 1040, 1431040 pixels total.
TIF(8): Last Encoded strip had 1376 bytes.
PixPair: Using image scale=1.
Timer: Image conditioning took 0.250 seconds.

---- Foldmaps ----

---- Connected regions ----
Forcing single connected region.

---- Begin A-1 to B-1 ----

---- Thumbnail matching ----
Subimage: Using intersection, w=438, h=998, pix=437124
Thumbs: After decimation 6875 pts, reqArea 2501, thmscl 8
SetDisc( 29, 1, 10, 10 )
Initial: R= 0.626, A=   1.292, X=   29.81, Y=    1.45
Peak-Disc: dR 7 dX 6 dY 3
Approx: LowRes  R=0.626, X=238.451, Y=11.633
Approx: FullRes R=0.102, X=237.986, Y=12.785, use=Y.
Timer: FinishAtFullRes took 0.260 seconds.
Approx: Returning A=1.291584, R=0.625504, X=1175.985568, Y=54.785426
Approx: Best transform  1.0005 -0.0227  1175.99    0.0224  0.9993    54.79
Approx: Orig transform  1.0005 -0.0227  1173.23    0.0224  0.9993    53.49
Approx: Idnt transform  1.0000  0.0000     2.78    0.0000  1.0000     1.23
Approx: err = 3.03918, max = 80

---- Starting detailed region mapping ----
Roughly 208151 pixels map to B.
Region size is [0 222] in x, [0 985] in y.

---- Building mesh - affine ----
Computed simple triangle.

---- ImproveMesh - affine ----
Tri: (0 0) (222 492) (0 985).

---- Matlab Vertices ----
x=[0 222 0 0]; y=[0 492 985 0]; plot(x,y); hold on;

---- ImproveControlPts ----
STAT: ImproveCpt: Initial affine correlation 0.276023 (208151 pixels).
corr=0.276023	step=10.000000
corr=0.276023	step=5.000000
corr=0.276023	step=2.500000
corr=0.276435	step=2.500000
corr=0.277448	step=2.500000
corr=0.277448	step=1.250000
corr=0.277448	step=0.625000
corr=0.277448	step=0.312500
corr=0.277448	step=0.156250
corr=0.277448	step=0.078125
corr=0.277486	step=0.078125
corr=0.277505	step=0.078125
STAT: ImproveCpt: Final affine correlation 0.277505, (threshold 0.200000).

---- Matlab A-Sys Originals ----
x=[0.000000 222.000000 0.000000 0.000000]; y=[0.000000 492.000000 985.000000 0.000000]; plot(x,y); hold on;

---- Matlab B-Sys Originals ----
x=[1175.985568 1386.936868 1153.649708 1175.985568]; y=[54.785426 551.424854 1039.112671 54.785426]; plot(x,y); hold on;

---- Matlab B-Sys Optimized ----
x=[1177.338033 1386.444789 1153.841004 1177.338033]; y=[52.533101 550.602390 1039.052957 52.533101]; plot(x,y); hold on;

---- Deltas ----
id=     0: dx=    1.35 dy=   -2.25 d=    2.63
id=     1: dx=   -0.49 dy=   -0.82 d=    0.96
id=     2: dx=    0.19 dy=   -0.06 d=    0.20

---- Areas ----
Triangle 0, area was   109335.0, is   108995.6,   -0.3%
Combined: area was   109335.0, is   108995.6,   -0.3%

---- Transforms ----
 0.9948 -0.0239  1177.34    0.0239  1.0015    52.53
Best affine transform:  0.9948 -0.0239  1177.34    0.0239  1.0015    52.53
    Inverse transform:  1.0047  0.0239 -1184.08   -0.0240  0.9979   -24.17

---- QC - affine ----
Metrics: AFF: Mean square difference 1.444816
Metrics: AFF: Smallest footprint deg=0, area=218448
MetricImages: Range x 0 222, y 0 984, use Nx=224, Ny=986
Approximate EM metric 0.132264 for 220864 points.
%Yellow: Tol   1.05  red   47.4  yellow   12.5  green   40.1
%Yellow: Tol   1.10  red   41.8  yellow   23.7  green   34.4
%Yellow: Tol   1.15  red   36.5  yellow   34.0  green   29.5
%Yellow: Tol   1.20  red   31.4  yellow   43.2  green   25.4
%Yellow: Tol   1.25  red   26.7  yellow   51.2  green   22.1
Affine Triangle: 207335 points, corr 0.277587, fm 0.132264, yellow 0.51

---- Building mesh - deformable ----
Lx Dx Nx:   222   222.00   1
Ly Dy Ny:   985   985.00   1

STAT: From 208151 pts, got 2 triangles, 4 control points.
Timer: MeshCreate took 0.000 seconds.

---- ImproveMesh - deformable mesh ----
Tri: (0 0) (222 0) (0 985).
Tri: (0 985) (222 0) (222 985).

---- Matlab Vertices ----
x=[0 222 0 0]; y=[0 0 985 0]; plot(x,y); hold on;
x=[0 222 222 0]; y=[985 0 985 985]; plot(x,y); hold on;

---- ImproveControlPts ----
STAT: ImproveCpt: Initial deformable mesh correlation 0.277505 (208151 pixels).
corr=0.277505	step=10.000000
corr=0.277505	step=5.000000
corr=0.277505	step=2.500000
corr=0.277852	step=2.500000
corr=0.278482	step=2.500000
corr=0.278482	step=1.250000
corr=0.278715	step=1.250000
corr=0.278715	step=0.625000
corr=0.278751	step=0.625000
corr=0.278751	step=0.312500
STAT: ImproveCpt: Final deformable mesh correlation 0.278751, (threshold 0.250000).

---- Matlab A-Sys Originals ----
x=[0.000000 222.000000 0.000000 0.000000]; y=[0.000000 0.000000 985.000000 0.000000]; plot(x,y); hold on;
x=[0.000000 222.000000 222.000000 0.000000]; y=[985.000000 0.000000 985.000000 985.000000]; plot(x,y); hold on;

---- Matlab B-Sys Originals ----
x=[1177.338033 1398.181376 1153.841004 1177.338033]; y=[52.533101 57.843234 1039.052957 52.533101]; plot(x,y); hold on;
x=[1153.841004 1398.181376 1374.684347 1153.841004]; y=[1039.052957 57.843234 1044.363090 1039.052957]; plot(x,y); hold on;

---- Matlab B-Sys Optimized ----
x=[1178.924377 1397.515207 1153.038447 1178.924377]; y=[52.061099 60.488195 1038.272135 52.061099]; plot(x,y); hold on;
x=[1153.038447 1397.515207 1376.670693 1153.038447]; y=[1038.272135 60.488195 1042.751534 1038.272135]; plot(x,y); hold on;

---- Deltas ----
id=     0: dx=    1.59 dy=   -0.47 d=    1.66
id=     1: dx=   -0.67 dy=    2.64 d=    2.73
id=     2: dx=   -0.80 dy=   -0.78 d=    1.12
id=     3: dx=    1.99 dy=   -1.61 d=    2.56

---- Areas ----
Triangle 0, area was   109335.0, is   107897.4,   -1.3%
Triangle 1, area was   109335.0, is   109879.6,    0.5%
Combined: area was   218670.0, is   217777.0,   -0.4%

---- Transforms ----
 0.9846 -0.0263  1178.92    0.0380  1.0012    52.06
 1.0074 -0.0212  1173.88    0.0202  0.9972    56.01

---- QC - deformable ----
Remapping 1431040 points.
Metrics: DEF: Mean square difference 1.442174
Metrics: DEF: Smallest footprint deg=0, area=216700
MetricImages: Range x 0 220, y 0 985, use Nx=222, Ny=986
Approximate EM metric 0.133558 for 218892 points.
All points, deformable, dfm 0.133558

Metrics: TRI: Mean square difference 1.269680
Metrics: TRI: Smallest footprint deg=0, area=197985
MetricImages: Range x 0 201, y 0 985, use Nx=202, Ny=986
Approximate EM metric 0.077062 for 199172 points.
%Yellow: Tol   1.05  red   46.3  yellow   14.8  green   38.9
%Yellow: Tol   1.10  red   39.8  yellow   27.8  green   32.4
%Yellow: Tol   1.15  red   34.1  yellow   38.6  green   27.3
%Yellow: Tol   1.20  red   29.0  yellow   47.7  green   23.2
%Yellow: Tol   1.25  red   24.4  yellow   55.7  green   19.9
Triangle 0: 108895 points, corr 0.365151, fm 0.077062, yellow 0.56

Metrics: TRI: Mean square difference 1.669974
Metrics: TRI: Smallest footprint deg=0, area=195129
MetricImages: Range x 1 220, y 94 985, use Nx=220, Ny=892
Approximate EM metric 0.113179 for 196240 points.
%Yellow: Tol   1.05  red   51.0  yellow   10.4  green   38.6
%Yellow: Tol   1.10  red   45.3  yellow   20.4  green   34.3
%Yellow: Tol   1.15  red   39.7  yellow   29.9  green   30.4
%Yellow: Tol   1.20  red   34.0  yellow   38.9  green   27.1
%Yellow: Tol   1.25  red   28.6  yellow   47.2  green   24.2
Triangle 1: 98192 points, corr 0.165003, fm 0.113179, yellow 0.47


---- Final reports ----
STAT: Overall 207087 points, corr 0.2788, EMM 0.1336, weighted EMM 0.0942, cor+dfm 0.4123, weighted yellow 0.5166

Angle span: min, max, delta = 0.020620 0.032337 0.011718
Mesh-Thm: 0.0045  0.0010     0.42    0.0067  0.0001     0.75 2x(LDR,LDC)=(0.20,200.00) -- OK.

Final remapping of 1431040 points.
Center 71.081566 315.384427:  0.9846 -0.0263  1178.92    0.0380  1.0012    52.06
Mapping region 1 xy= 71.081566 315.384427 to region 1 xy= 1240.626026 370.531533
Center 136.410131 682.378425:  1.0074 -0.0212  1173.88    0.0202  0.9972    56.01
Mapping region 1 xy= 136.410131 682.378425 to region 1 xy= 1296.855589 739.243756

Pipe: Returning 2 total transforms.

---- Summary Region-region results ----
Pipe: Table Headers {Az t r Bz t r thmok ntri}
FOUND:     2    1   1      1   12   1   1   2

---- Tabulating point matches ----

Timer: Alignment took 0.920 seconds.

main: Got 2 mapping regions.
main: Transform   0:  0.9846 -0.0263  1178.92    0.0380  1.0012    52.06
main: Transform   1:  1.0074 -0.0212  1173.88    0.0202  0.9972    56.01

main: Average:  0.9960 -0.0237     0.00    0.0291  0.9992     0.00
main: Degrees: 1.51558
main: Residue:  0.9964  0.0027     0.00    0.0027  0.9995     0.00

main: Inverse:  1.0033  0.0238    -0.00   -0.0292  1.0001    -0.00
main: Degrees: -1.51558
main: Residue:  1.0037 -0.0026     0.00   -0.0026  1.0004     0.00

main: Normal completion for dmesh run.
Timer: Total took 1.180 seconds.

---- Memory ----
Host name: h02u07.int.janelia.org
PID:       26511
User time:       1 seconds.
System time:     0 seconds.
VmPeak:	  341148 kB
VmSize:	  116360 kB
VmLck:	       0 kB
VmHWM:	  257640 kB
VmRSS:	   33040 kB
VmData:	   28500 kB
VmStk:	      96 kB
VmExe:	     800 kB
VmLib:	   61764 kB
VmPTE:	     220 kB
VmSwap:	       0 kB
voluntary_ctxt_switches:	25
nonvoluntary_ctxt_switches:	16

