
---- dmesh start ----
main: Start: Fri Aug  8 18:53:14 2014


---- Match parameters ----
PXBRO=2            <default 2>        "Max Legendre poly order for bkg removal"
PXLENS=N           <default N>        "Y=Apply IDB/lens.txt"
PXRESMSK=N         <default N>        "Y=Apply resin mask"
PXDOG=N            <default N>        "Y=Apply DoG filter"
PXDOG_R1=3         <default 3>        "DoG inner radius"
PXDOG_R2=6         <default 6>        "DoG outer radius"
FLD=N              <default X>        "Mask usage: Y=Use, N=None, X=XL only"
PRETWEAK=N         <default N>        "Y=Auto-distort before angle scan"
SCALE=1            <default 1.0>      "Image-B / image-A scale factor"
XSCALE=1           <default 1.0>      "Image-B / image-A x-axis scale factor"
YSCALE=1           <default 1.0>      "Image-B / image-A y-axis scale factor"
SKEW=0             <default 0.0>      "Transform elem[3] user-applied distortion"
MODE_SL=M          <default Z>        "Notes above"
MODE_XL=N          <default Y>        "Notes above"
TAB2DFM_SL=N       <default Y>        "Adopt Tdfm from Tab"
TAB2DFM_XL=Y       <default Y>        "Adopt Tdfm from Tab"
XYCONF_SL=1.0      <default 0.0>      "[0,1.0] confidence in Tab XY"
XYCONF_XL=0.8      <default 0.0>      "[0,1.0] confidence in Tab XY"
THMDEC_SL=8        <default 8>        "2^N thumb decimation factor"
THMDEC_XL=8        <default 8>        "2^N thumb decimation factor"
OLAP1D_SL=0        <default 0>        "Min 1D pix full-size overlap"
OLAP1D_XL=0        <default 0>        "Min 1D pix full-size overlap"
OLAP2D_SL=60000    <default 25000>    "Min 2D pix full-size overlap"
OLAP2D_XL=160000   <default 200000>   "Min 2D pix full-size overlap"
NBMXHT_SL=0.75     <default 0.75>     "Max F(neib)/F(pk) in guard zone"
NBMXHT_XL=0.75     <default 0.75>     "Max F(neib)/F(pk) in guard zone"
HFANGDN_SL=5       <default 5.0>      "Half angle search range denovo"
HFANGDN_XL=45      <default 45.0>     "Half angle search range denovo"
HFANGPR_SL=1       <default 1.0>      "Half angle search range prior angles"
HFANGPR_XL=4       <default 1.0>      "Half angle search range prior angles"
RTRSH_SL=0.3       <default 0.3>      "R corr thresh"
RTRSH_XL=0.3       <default 0.3>      "R corr thresh"
TWEAKS=N           <default N>        "Y=Try 8 near unity distortions"
LIMXY_SL=30        <default 0>        "0 or Max XY delta from Tab"
LIMXY_XL=80        <default 0>        "0 or Max XY delta from Tab"
OPT_SL=Y           <default Y(EM)>    "Y=Enable mesh optimizer"
RIT_SL=0.50        <default 0.20>     "Min mesh starting corr"
RIT_XL=0.1         <default 0.20>     "Min mesh starting corr"
RFA_SL=0.55        <default 0.3>      "Affine-only final corr"
RFA_XL=0.20        <default 0.3>      "Affine-only final corr"
RFT_SL=0.65        <default 0.5>      "Full mesh final corr"
RFT_XL=0.25        <default 0.5>      "Full mesh final corr"
TMC=5              <default 30.0%>    "Max single triangle area change"
TSC=9              <default 9.0%>     "Max summed triangle area change"
MNL=250            <default 300>      "Triangle edges between MNL and 2*MNL"
MTA=120000         <default 10000>    "Min triangle size (pixels)"
MMA=60000          <default 100000>   "Min 2D overlap for mesh"
ONE=N              <default N>        "Y=Use just one affine transform"
IFM=0.50           <default 0.50>     "Min Fourier Metric after affine-only"
FFM=0.65           <default 0.65>     "Min Fourier Metric after full mesh"
FYL=0.5            <default 0.50>     "Min fraction of yellow pixels"
CPD=0.5            <default 0.50>     "Min Correlation + DFM"
EMM=Y              <default Y>        "Y=Use Earth Mover's Metric, N=Use Fourier"
EMT=0.14           <default 0.2>      "Earth Movers Metric thresh"
WDI=N              <default N>        "Y=Write diff images (Fourier, EMM metrics)"
LDA=0.2            <default 0.2>      "Max radian delta between triangles"
LDR=0.1            <default 0.1>      "Max sine delta between triangles"
LDC=100            <default 100.0>    "Max XY delta between triangles"
DXY=100            <default 100.0>    "Max delta from user input XYs"
WMT=N              <default Y>        "Y=Write map.tif files"
WTT=N              <default Y>        "Y=Write tf.txt files"


---- Input images ----
Til2Img entry: A T=[ 1.0000  0.0000     0.00  0.0000  1.0000  5142.00] path=[/groups/apig/tomo/DEMO/TIF/C1_7_2.tif].
Til2Img entry: B T=[ 1.0000  0.0000     0.00  0.0000  1.0000  5142.00] path=[/groups/apig/tomo/DEMO/TIF/B1_7_2.tif].


---- Command-line overrides ----
Tab=  0.9992 -0.0215   -71.19    0.0232  0.9991    39.12
Tdfm= 0.9995  0.0009     0.00    0.0009  0.9994     0.00
FLD=N


---- Image loading ----
Raster8FromTif: Opening [/groups/apig/tomo/DEMO/TIF/C1_7_2.tif].
Raster8FromTif: Bits per sample 8, samples per pixel 1
Raster8FromTif: Picture is 1376 by 1040, 1431040 pixels total.
TIF(8): Last Encoded strip had 1376 bytes.
Raster8FromTif: Opening [/groups/apig/tomo/DEMO/TIF/B1_7_2.tif].
Raster8FromTif: Bits per sample 8, samples per pixel 1
Raster8FromTif: Picture is 1376 by 1040, 1431040 pixels total.
TIF(8): Last Encoded strip had 1376 bytes.
PixPair: Using image scale=1.
Timer: Image conditioning took 0.240 seconds.

---- Foldmaps ----

---- Connected regions ----
Forcing single connected region.

---- Begin A-1 to B-1 ----

---- Thumbnail matching ----
Subimage: Using intersection, w=1320, h=1009, pix=1331880
Thumbs: After decimation 20955 pts, reqArea 2501, thmscl 8
SetDisc( -2, 1, 10, 10 )
Initial: R= 1.614, A=   1.283, X=   -1.77, Y=    1.52
Peak-Disc: dR 4 dX 1 dY 4
Approx: LowRes  R=1.614, X=-14.122, Y=12.161
Approx: FullRes R=0.281, X=-13.699, Y=11.855, use=Y.
Timer: FinishAtFullRes took 0.910 seconds.
Approx: Returning A=1.282650, R=1.613939, X=-69.657293, Y=41.554271
Approx: Best transform  0.9992 -0.0215   -69.66    0.0232  0.9991    41.55
Approx: Orig transform  0.9992 -0.0215   -71.19    0.0232  0.9991    39.12
Approx: Idnt transform  1.0000 -0.0000     1.58    0.0000  1.0000     2.40
Approx: err = 2.87393, max = 80

---- Starting detailed region mapping ----
Roughly 1273896 pixels map to B.
Region size is [69 1375] in x, [0 997] in y.

---- Building mesh - affine ----
Computed simple triangle.

---- ImproveMesh - affine ----
Tri: (69 0) (1375 0) (722 997).

---- Matlab Vertices ----
x=[69 1375 722 69]; y=[0 0 997 0]; plot(x,y); hold on;

---- ImproveControlPts ----
STAT: ImproveCpt: Initial affine correlation 0.639320 (1273896 pixels).
corr=0.639320	step=10.000000
corr=0.639320	step=5.000000
corr=0.641641	step=5.000000
corr=0.641641	step=2.500000
corr=0.643561	step=2.500000
corr=0.643561	step=1.250000
corr=0.644154	step=1.250000
corr=0.644154	step=0.625000
corr=0.644154	step=0.312500
corr=0.644154	step=0.156250
corr=0.644176	step=0.156250
corr=0.644176	step=0.078125
STAT: ImproveCpt: Final affine correlation 0.644176, (threshold 0.200000).

---- Matlab A-Sys Originals ----
x=[69.000000 1375.000000 722.000000 69.000000]; y=[0.000000 0.000000 997.000000 0.000000]; plot(x,y); hold on;

---- Matlab B-Sys Originals ----
x=[-0.709250 1304.307332 630.348586 -0.709250]; y=[43.157072 73.494146 1054.455228 43.157072]; plot(x,y); hold on;

---- Matlab B-Sys Optimized ----
x=[1.395599 1301.992604 629.171026 1.395599]; y=[45.961841 72.197838 1054.779525 45.961841]; plot(x,y); hold on;

---- Deltas ----
id=     0: dx=    2.10 dy=    2.80 d=    3.51
id=     1: dx=   -2.31 dy=   -1.30 d=    2.65
id=     2: dx=   -1.18 dy=    0.32 d=    1.22

---- Areas ----
Triangle 0, area was   651041.0, is   647797.5,   -0.5%
Combined: area was   651041.0, is   647797.5,   -0.5%

---- Transforms ----
 0.9959 -0.0226   -67.32    0.0201  0.9987    44.58
Best affine transform:  0.9959 -0.0226   -67.32    0.0201  0.9987    44.58
    Inverse transform:  1.0037  0.0227    66.56   -0.0202  1.0008   -45.97

---- QC - affine ----
Metrics: AFF: Mean square difference 0.711904
Metrics: AFF: Smallest footprint deg=0, area=1.29785e+06
MetricImages: Range x 68 1375, y 0 993, use Nx=1308, Ny=994
Approximate EM metric 0.078045 for 1300152 points.
%Yellow: Tol   1.05  red   36.7  yellow   25.8  green   37.5
%Yellow: Tol   1.10  red   27.7  yellow   44.7  green   27.6
%Yellow: Tol   1.15  red   21.3  yellow   58.0  green   20.7
%Yellow: Tol   1.20  red   16.7  yellow   67.4  green   16.0
%Yellow: Tol   1.25  red   13.4  yellow   74.0  green   12.6
Affine Triangle: 1272773 points, corr 0.644047, fm 0.078045, yellow 0.74

---- Building mesh - deformable ----
Lx Dx Nx:  1306   653.00   2
Ly Dy Ny:   997   498.00   2

STAT: From 1273896 pts, got 8 triangles, 9 control points.
Timer: MeshCreate took 0.050 seconds.

---- ImproveMesh - deformable mesh ----
Tri: (69 0) (722 0) (69 498).
Tri: (69 498) (722 0) (722 498).
Tri: (722 0) (1375 0) (722 498).
Tri: (722 498) (1375 0) (1375 498).
Tri: (69 498) (722 498) (69 997).
Tri: (69 997) (722 498) (722 997).
Tri: (722 498) (1375 498) (722 997).
Tri: (722 997) (1375 498) (1375 997).

---- Matlab Vertices ----
x=[69 722 69 69]; y=[0 0 498 0]; plot(x,y); hold on;
x=[69 722 722 69]; y=[498 0 498 498]; plot(x,y); hold on;
x=[722 1375 722 722]; y=[0 0 498 0]; plot(x,y); hold on;
x=[722 1375 1375 722]; y=[498 0 498 498]; plot(x,y); hold on;
x=[69 722 69 69]; y=[498 498 997 498]; plot(x,y); hold on;
x=[69 722 722 69]; y=[997 498 997 997]; plot(x,y); hold on;
x=[722 1375 722 722]; y=[498 498 997 498]; plot(x,y); hold on;
x=[722 1375 1375 722]; y=[997 498 997 997]; plot(x,y); hold on;

---- ImproveControlPts ----
STAT: ImproveCpt: Initial deformable mesh correlation 0.644176 (1273896 pixels).
corr=0.644176	step=10.000000
corr=0.644176	step=5.000000
corr=0.644176	step=2.500000
corr=0.644176	step=1.250000
corr=0.644269	step=1.250000
STAT: ImproveCpt: Final deformable mesh correlation 0.644325, (threshold 0.250000).

---- Matlab A-Sys Originals ----
x=[69.000000 722.000000 69.000000 69.000000]; y=[0.000000 0.000000 498.000000 0.000000]; plot(x,y); hold on;
x=[69.000000 722.000000 722.000000 69.000000]; y=[498.000000 0.000000 498.000000 498.000000]; plot(x,y); hold on;
x=[722.000000 1375.000000 722.000000 722.000000]; y=[0.000000 0.000000 498.000000 0.000000]; plot(x,y); hold on;
x=[722.000000 1375.000000 1375.000000 722.000000]; y=[498.000000 0.000000 498.000000 498.000000]; plot(x,y); hold on;
x=[69.000000 722.000000 69.000000 69.000000]; y=[498.000000 498.000000 997.000000 498.000000]; plot(x,y); hold on;
x=[69.000000 722.000000 722.000000 69.000000]; y=[997.000000 498.000000 997.000000 997.000000]; plot(x,y); hold on;
x=[722.000000 1375.000000 722.000000 722.000000]; y=[498.000000 498.000000 997.000000 498.000000]; plot(x,y); hold on;
x=[722.000000 1375.000000 1375.000000 722.000000]; y=[997.000000 498.000000 997.000000 997.000000]; plot(x,y); hold on;

---- Matlab B-Sys Originals ----
x=[1.395599 651.694102 -9.854644 1.395599]; y=[45.961841 59.079840 543.312336 45.961841]; plot(x,y); hold on;
x=[-9.854644 651.694102 640.443859 -9.854644]; y=[543.312336 59.079840 556.430334 543.312336]; plot(x,y); hold on;
x=[651.694102 1301.992604 640.443859 651.694102]; y=[59.079840 72.197838 556.430334 59.079840]; plot(x,y); hold on;
x=[640.443859 1301.992604 1290.742362 640.443859]; y=[556.430334 72.197838 569.548333 556.430334]; plot(x,y); hold on;
x=[-9.854644 640.443859 -21.127477 -9.854644]; y=[543.312336 556.430334 1041.661527 543.312336]; plot(x,y); hold on;
x=[-21.127477 640.443859 629.171026 -21.127477]; y=[1041.661527 556.430334 1054.779525 1041.661527]; plot(x,y); hold on;
x=[640.443859 1290.742362 629.171026 640.443859]; y=[556.430334 569.548333 1054.779525 556.430334]; plot(x,y); hold on;
x=[629.171026 1290.742362 1279.469528 629.171026]; y=[1054.779525 569.548333 1067.897524 1054.779525]; plot(x,y); hold on;

---- Matlab B-Sys Optimized ----
x=[1.595780 651.688449 -9.859705 1.595780]; y=[45.682834 59.229077 543.592819 45.682834]; plot(x,y); hold on;
x=[-9.859705 651.688449 640.826353 -9.859705]; y=[543.592819 59.229077 556.071896 543.592819]; plot(x,y); hold on;
x=[651.688449 1301.594039 640.826353 651.688449]; y=[59.229077 71.889682 556.071896 59.229077]; plot(x,y); hold on;
x=[640.826353 1301.594039 1290.233185 640.826353]; y=[556.071896 71.889682 569.702320 556.071896]; plot(x,y); hold on;
x=[-9.859705 640.826353 -20.856325 -9.859705]; y=[543.592819 556.071896 1040.749750 543.592819]; plot(x,y); hold on;
x=[-20.856325 640.826353 628.713657 -20.856325]; y=[1040.749750 556.071896 1054.958088 1040.749750]; plot(x,y); hold on;
x=[640.826353 1290.233185 628.713657 640.826353]; y=[556.071896 569.702320 1054.958088 556.071896]; plot(x,y); hold on;
x=[628.713657 1290.233185 1279.538311 628.713657]; y=[1054.958088 569.702320 1067.252951 1054.958088]; plot(x,y); hold on;

---- Deltas ----
id=     0: dx=    0.20 dy=   -0.28 d=    0.34
id=     1: dx=   -0.01 dy=    0.15 d=    0.15
id=     2: dx=   -0.40 dy=   -0.31 d=    0.50
id=     3: dx=   -0.01 dy=    0.28 d=    0.28
id=     4: dx=    0.38 dy=   -0.36 d=    0.52
id=     5: dx=   -0.51 dy=    0.15 d=    0.53
id=     6: dx=    0.27 dy=   -0.91 d=    0.95
id=     7: dx=   -0.46 dy=    0.18 d=    0.49
id=     8: dx=    0.07 dy=   -0.64 d=    0.65

---- Areas ----
Triangle 0, area was   162597.0, is   161921.4,   -0.4%
Triangle 1, area was   162597.0, is   161712.1,   -0.5%
Triangle 2, area was   162597.0, is   161519.2,   -0.7%
Triangle 3, area was   162597.0, is   161718.9,   -0.5%
Triangle 4, area was   162923.5, is   161815.2,   -0.7%
Triangle 5, area was   162923.5, is   162116.8,   -0.5%
Triangle 6, area was   162923.5, is   162072.6,   -0.5%
Triangle 7, area was   162923.5, is   161974.9,   -0.6%
Combined: area was  1302082.0, is  1294851.1,   -0.6%

---- Transforms ----
 0.9955 -0.0230   -67.10    0.0207  0.9998    44.25
 0.9965 -0.0218   -67.75    0.0191  0.9977    45.43
 0.9953 -0.0218   -66.89    0.0194  0.9977    45.23
 0.9945 -0.0228   -65.84    0.0209  0.9996    43.19
 0.9965 -0.0220   -67.64    0.0191  0.9963    46.11
 0.9947 -0.0243   -65.29    0.0218  0.9998    42.48
 0.9945 -0.0243   -65.11    0.0209  0.9998    43.11
 0.9967 -0.0214   -69.51    0.0188  0.9971    47.26

---- QC - deformable ----
Remapping 1431040 points.
Metrics: DEF: Mean square difference 0.711572
Metrics: DEF: Smallest footprint deg=0, area=1.29916e+06
MetricImages: Range x 68 1375, y 0 994, use Nx=1308, Ny=996
Approximate EM metric 0.077667 for 1302768 points.
All points, deformable, dfm 0.077667

Metrics: TRI: Mean square difference 0.755208
Metrics: TRI: Smallest footprint deg=0, area=320460
MetricImages: Range x 68 722, y 0 490, use Nx=656, Ny=492
Approximate EM metric 0.051599 for 322752 points.
%Yellow: Tol   1.05  red   39.0  yellow   22.8  green   38.2
%Yellow: Tol   1.10  red   29.8  yellow   41.3  green   28.8
%Yellow: Tol   1.15  red   22.7  yellow   55.5  green   21.8
%Yellow: Tol   1.20  red   17.4  yellow   66.0  green   16.6
%Yellow: Tol   1.25  red   13.4  yellow   73.5  green   13.0
Triangle 0: 160896 points, corr 0.622390, fm 0.051599, yellow 0.74

Metrics: TRI: Mean square difference 0.807986
Metrics: TRI: Smallest footprint deg=0, area=319571
MetricImages: Range x 79 722, y 1 498, use Nx=644, Ny=498
Approximate EM metric 0.067793 for 320712 points.
%Yellow: Tol   1.05  red   38.2  yellow   23.6  green   38.2
%Yellow: Tol   1.10  red   28.7  yellow   42.4  green   29.0
%Yellow: Tol   1.15  red   22.0  yellow   55.8  green   22.1
%Yellow: Tol   1.20  red   17.5  yellow   65.4  green   17.2
%Yellow: Tol   1.25  red   14.1  yellow   72.1  green   13.7
Triangle 1: 163133 points, corr 0.596001, fm 0.067793, yellow 0.72

Metrics: TRI: Mean square difference 0.527913
Metrics: TRI: Smallest footprint deg=0, area=324044
MetricImages: Range x 723 1375, y 0 497, use Nx=654, Ny=498
Approximate EM metric 0.061024 for 325692 points.
%Yellow: Tol   1.05  red   32.5  yellow   32.4  green   35.1
%Yellow: Tol   1.10  red   22.4  yellow   52.8  green   24.8
%Yellow: Tol   1.15  red   16.3  yellow   65.9  green   17.8
%Yellow: Tol   1.20  red   12.4  yellow   74.4  green   13.2
%Yellow: Tol   1.25  red    9.7  yellow   80.2  green   10.0
Triangle 2: 162675 points, corr 0.736037, fm 0.061024, yellow 0.80

Metrics: TRI: Mean square difference 0.381904
Metrics: TRI: Smallest footprint deg=0, area=324044
MetricImages: Range x 723 1375, y 1 498, use Nx=654, Ny=498
Approximate EM metric 0.049772 for 325692 points.
%Yellow: Tol   1.05  red   29.4  yellow   38.9  green   31.7
%Yellow: Tol   1.10  red   20.8  yellow   57.6  green   21.6
%Yellow: Tol   1.15  red   15.8  yellow   68.6  green   15.7
%Yellow: Tol   1.20  red   12.2  yellow   76.3  green   11.5
%Yellow: Tol   1.25  red    9.5  yellow   81.9  green    8.6
Triangle 3: 163172 points, corr 0.809042, fm 0.049772, yellow 0.82

Metrics: TRI: Mean square difference 0.881793
Metrics: TRI: Smallest footprint deg=0, area=308321
MetricImages: Range x 79 720, y 499 980, use Nx=642, Ny=482
Approximate EM metric 0.085280 for 309444 points.
%Yellow: Tol   1.05  red   39.4  yellow   21.7  green   38.9
%Yellow: Tol   1.10  red   30.8  yellow   39.5  green   29.7
%Yellow: Tol   1.15  red   24.4  yellow   52.7  green   22.9
%Yellow: Tol   1.20  red   19.3  yellow   62.8  green   17.9
%Yellow: Tol   1.25  red   15.5  yellow   70.1  green   14.4
Triangle 4: 155071 points, corr 0.559097, fm 0.085280, yellow 0.70

Metrics: TRI: Mean square difference 0.789561
Metrics: TRI: Smallest footprint deg=37, area=310344
MetricImages: Range x -527 277, y 832 1218, use Nx=806, Ny=388
Approximate EM metric 0.066126 for 312728 points.
%Yellow: Tol   1.05  red   38.9  yellow   25.0  green   36.1
%Yellow: Tol   1.10  red   29.9  yellow   43.1  green   27.0
%Yellow: Tol   1.15  red   23.5  yellow   55.5  green   21.0
%Yellow: Tol   1.20  red   18.6  yellow   64.6  green   16.8
%Yellow: Tol   1.25  red   15.0  yellow   71.2  green   13.8
Triangle 5: 157266 points, corr 0.605213, fm 0.066126, yellow 0.71

Metrics: TRI: Mean square difference 0.927375
Metrics: TRI: Smallest footprint deg=0, area=313300
MetricImages: Range x 723 1373, y 499 981, use Nx=652, Ny=484
Approximate EM metric 0.071875 for 315568 points.
%Yellow: Tol   1.05  red   39.1  yellow   20.9  green   40.0
%Yellow: Tol   1.10  red   30.7  yellow   38.3  green   30.9
%Yellow: Tol   1.15  red   24.4  yellow   51.6  green   24.0
%Yellow: Tol   1.20  red   19.7  yellow   61.5  green   18.8
%Yellow: Tol   1.25  red   16.1  yellow   68.9  green   15.0
Triangle 6: 162179 points, corr 0.536306, fm 0.071875, yellow 0.69

Metrics: TRI: Mean square difference 0.797584
Metrics: TRI: Smallest footprint deg=37, area=298168
MetricImages: Range x 5 798, y 1225 1601, use Nx=794, Ny=378
Approximate EM metric 0.077217 for 300132 points.
%Yellow: Tol   1.05  red   36.4  yellow   23.6  green   39.9
%Yellow: Tol   1.10  red   28.8  yellow   41.8  green   29.4
%Yellow: Tol   1.15  red   23.3  yellow   54.6  green   22.1
%Yellow: Tol   1.20  red   19.1  yellow   63.4  green   17.4
%Yellow: Tol   1.25  red   16.0  yellow   69.9  green   14.1
Triangle 7: 148854 points, corr 0.601201, fm 0.077217, yellow 0.70


---- Final reports ----
STAT: Overall 1273246 points, corr 0.6443, EMM 0.0777, weighted EMM 0.0661, cor+dfm 0.7220, weighted yellow 0.7357

Angle span: min, max, delta = 0.020191 0.023075 0.002885
Mesh-Thm: 0.0037  0.0012     2.76    0.0031  0.0007     3.08 2x(LDR,LDC)=(0.20,200.00) -- OK.

Final remapping of 1431040 points.
Center 278.082265 159.453243:  0.9955 -0.0230   -67.10    0.0207  0.9998    44.25
Mapping region 1 xy= 278.082265 159.453243 to region 1 xy= 206.079254 209.444590
Center 470.242414 344.999447:  0.9965 -0.0218   -67.75    0.0191  0.9977    45.43
Mapping region 1 xy= 470.242414 344.999447 to region 1 xy= 393.298046 398.615681
Center 922.287289 152.745895:  0.9953 -0.0218   -66.89    0.0194  0.9977    45.23
Mapping region 1 xy= 922.287289 152.745895 to region 1 xy= 847.695017 215.503287
Center 1117.646285 347.133346:  0.9945 -0.0228   -65.84    0.0209  0.9996    43.19
Mapping region 1 xy= 1117.646285 347.133346 to region 1 xy= 1037.737288 413.520542
Center 282.366632 661.047396:  0.9965 -0.0220   -67.64    0.0191  0.9963    46.11
Mapping region 1 xy= 282.366632 661.047396 to region 1 xy= 199.157723 710.115512
Center 489.739969 836.242539:  0.9947 -0.0243   -65.29    0.0218  0.9998    42.48
Mapping region 1 xy= 489.739969 836.242539 to region 1 xy= 401.575837 889.183648
Center 922.944869 651.555114:  0.9945 -0.0243   -65.11    0.0209  0.9998    43.11
Mapping region 1 xy= 922.944869 651.555114 to region 1 xy= 836.938124 713.786420
Center 1145.240874 835.286986:  0.9967 -0.0214   -69.51    0.0188  0.9971    47.26
Mapping region 1 xy= 1145.240874 835.286986 to region 1 xy= 1054.010517 901.683672

Pipe: Returning 8 total transforms.

---- Summary Region-region results ----
Pipe: Table Headers {Az t r Bz t r thmok ntri}
FOUND:     2    7   1      1    7   1   1   8

---- Tabulating point matches ----

Timer: Alignment took 3.280 seconds.

main: Got 8 mapping regions.
main: Transform   0:  0.9955 -0.0230   -67.10    0.0207  0.9998    44.25
main: Transform   1:  0.9965 -0.0218   -67.75    0.0191  0.9977    45.43
main: Transform   2:  0.9953 -0.0218   -66.89    0.0194  0.9977    45.23
main: Transform   3:  0.9945 -0.0228   -65.84    0.0209  0.9996    43.19
main: Transform   4:  0.9965 -0.0220   -67.64    0.0191  0.9963    46.11
main: Transform   5:  0.9947 -0.0243   -65.29    0.0218  0.9998    42.48
main: Transform   6:  0.9945 -0.0243   -65.11    0.0209  0.9998    43.11
main: Transform   7:  0.9967 -0.0214   -69.51    0.0188  0.9971    47.26

main: Average:  0.9955 -0.0227     0.00    0.0201  0.9985     0.00
main: Degrees: 1.22872
main: Residue:  0.9957 -0.0013     0.00   -0.0013  0.9987     0.00

main: Inverse:  1.0040  0.0228    -0.00   -0.0202  1.0011    -0.00
main: Degrees: -1.22872
main: Residue:  1.0042  0.0013     0.00    0.0013  1.0013     0.00

main: Normal completion for dmesh run.
Timer: Total took 3.520 seconds.

---- Memory ----
Host name: h02u07.int.janelia.org
PID:       26482
User time:       3 seconds.
System time:     0 seconds.
VmPeak:	  781416 kB
VmSize:	  148924 kB
VmLck:	       0 kB
VmHWM:	  697896 kB
VmRSS:	   65600 kB
VmData:	   61064 kB
VmStk:	      96 kB
VmExe:	     800 kB
VmLib:	   61764 kB
VmPTE:	     280 kB
VmSwap:	       0 kB
voluntary_ctxt_switches:	19
nonvoluntary_ctxt_switches:	6

