
---- dmesh start ----
main: Start: Fri Aug  8 18:53:03 2014


---- Match parameters ----
PXBRO=2            <default 2>        "Max Legendre poly order for bkg removal"
PXLENS=N           <default N>        "Y=Apply IDB/lens.txt"
PXRESMSK=N         <default N>        "Y=Apply resin mask"
PXDOG=N            <default N>        "Y=Apply DoG filter"
PXDOG_R1=3         <default 3>        "DoG inner radius"
PXDOG_R2=6         <default 6>        "DoG outer radius"
FLD=N              <default X>        "Mask usage: Y=Use, N=None, X=XL only"
PRETWEAK=N         <default N>        "Y=Auto-distort before angle scan"
SCALE=1            <default 1.0>      "Image-B / image-A scale factor"
XSCALE=1           <default 1.0>      "Image-B / image-A x-axis scale factor"
YSCALE=1           <default 1.0>      "Image-B / image-A y-axis scale factor"
SKEW=0             <default 0.0>      "Transform elem[3] user-applied distortion"
MODE_SL=M          <default Z>        "Notes above"
MODE_XL=N          <default Y>        "Notes above"
TAB2DFM_SL=N       <default Y>        "Adopt Tdfm from Tab"
TAB2DFM_XL=Y       <default Y>        "Adopt Tdfm from Tab"
XYCONF_SL=1.0      <default 0.0>      "[0,1.0] confidence in Tab XY"
XYCONF_XL=0.8      <default 0.0>      "[0,1.0] confidence in Tab XY"
THMDEC_SL=8        <default 8>        "2^N thumb decimation factor"
THMDEC_XL=8        <default 8>        "2^N thumb decimation factor"
OLAP1D_SL=0        <default 0>        "Min 1D pix full-size overlap"
OLAP1D_XL=0        <default 0>        "Min 1D pix full-size overlap"
OLAP2D_SL=60000    <default 25000>    "Min 2D pix full-size overlap"
OLAP2D_XL=160000   <default 200000>   "Min 2D pix full-size overlap"
NBMXHT_SL=0.75     <default 0.75>     "Max F(neib)/F(pk) in guard zone"
NBMXHT_XL=0.75     <default 0.75>     "Max F(neib)/F(pk) in guard zone"
HFANGDN_SL=5       <default 5.0>      "Half angle search range denovo"
HFANGDN_XL=45      <default 45.0>     "Half angle search range denovo"
HFANGPR_SL=1       <default 1.0>      "Half angle search range prior angles"
HFANGPR_XL=4       <default 1.0>      "Half angle search range prior angles"
RTRSH_SL=0.3       <default 0.3>      "R corr thresh"
RTRSH_XL=0.3       <default 0.3>      "R corr thresh"
TWEAKS=N           <default N>        "Y=Try 8 near unity distortions"
LIMXY_SL=30        <default 0>        "0 or Max XY delta from Tab"
LIMXY_XL=80        <default 0>        "0 or Max XY delta from Tab"
OPT_SL=Y           <default Y(EM)>    "Y=Enable mesh optimizer"
RIT_SL=0.50        <default 0.20>     "Min mesh starting corr"
RIT_XL=0.1         <default 0.20>     "Min mesh starting corr"
RFA_SL=0.55        <default 0.3>      "Affine-only final corr"
RFA_XL=0.20        <default 0.3>      "Affine-only final corr"
RFT_SL=0.65        <default 0.5>      "Full mesh final corr"
RFT_XL=0.25        <default 0.5>      "Full mesh final corr"
TMC=5              <default 30.0%>    "Max single triangle area change"
TSC=9              <default 9.0%>     "Max summed triangle area change"
MNL=250            <default 300>      "Triangle edges between MNL and 2*MNL"
MTA=120000         <default 10000>    "Min triangle size (pixels)"
MMA=60000          <default 100000>   "Min 2D overlap for mesh"
ONE=N              <default N>        "Y=Use just one affine transform"
IFM=0.50           <default 0.50>     "Min Fourier Metric after affine-only"
FFM=0.65           <default 0.65>     "Min Fourier Metric after full mesh"
FYL=0.5            <default 0.50>     "Min fraction of yellow pixels"
CPD=0.5            <default 0.50>     "Min Correlation + DFM"
EMM=Y              <default Y>        "Y=Use Earth Mover's Metric, N=Use Fourier"
EMT=0.14           <default 0.2>      "Earth Movers Metric thresh"
WDI=N              <default N>        "Y=Write diff images (Fourier, EMM metrics)"
LDA=0.2            <default 0.2>      "Max radian delta between triangles"
LDR=0.1            <default 0.1>      "Max sine delta between triangles"
LDC=100            <default 100.0>    "Max XY delta between triangles"
DXY=100            <default 100.0>    "Max delta from user input XYs"
WMT=N              <default Y>        "Y=Write map.tif files"
WTT=N              <default Y>        "Y=Write tf.txt files"


---- Input images ----
Til2Img entry: A T=[ 1.0000  0.0000     0.00  0.0000  1.0000     0.00] path=[/groups/apig/tomo/DEMO/TIF/C1_13_2.tif].
Til2Img entry: B T=[ 1.0000  0.0000     0.00  0.0000  1.0000   857.00] path=[/groups/apig/tomo/DEMO/TIF/B1_12_2.tif].


---- Command-line overrides ----
Tab=  0.9991 -0.0226    44.18    0.0226  1.0007  -819.38
Tdfm= 0.9993  0.0000     0.00    0.0000  1.0009     0.00
FLD=N


---- Image loading ----
Raster8FromTif: Opening [/groups/apig/tomo/DEMO/TIF/C1_13_2.tif].
Raster8FromTif: Bits per sample 8, samples per pixel 1
Raster8FromTif: Picture is 1376 by 1040, 1431040 pixels total.
TIF(8): Last Encoded strip had 1376 bytes.
Raster8FromTif: Opening [/groups/apig/tomo/DEMO/TIF/B1_12_2.tif].
Raster8FromTif: Bits per sample 8, samples per pixel 1
Raster8FromTif: Picture is 1376 by 1040, 1431040 pixels total.
TIF(8): Last Encoded strip had 1376 bytes.
PixPair: Using image scale=1.
Timer: Image conditioning took 0.270 seconds.

---- Foldmaps ----

---- Connected regions ----
Forcing single connected region.

---- Begin A-1 to B-1 ----

---- Thumbnail matching ----
Subimage: Using intersection, w=1341, h=385, pix=516285
Thumbs: After decimation 8232 pts, reqArea 2501, thmscl 8
SetDisc( -1, -20, 10, 10 )
Initial: R= 0.795, A=   1.296, X=    0.00, Y=  -20.09
Peak-Disc: dR 8 dX 8 dY 0
Approx: LowRes  R=0.795, X=0.037, Y=-160.726
Approx: FullRes R=0.118, X=-1.790, Y=-160.204, use=Y.
Timer: FinishAtFullRes took 0.420 seconds.
Approx: Returning A=1.295545, R=0.795283, X=48.006688, Y=-815.652927
Approx: Best transform  0.9991 -0.0226    48.01    0.0226  1.0007  -815.65
Approx: Orig transform  0.9991 -0.0226    44.18    0.0226  1.0007  -819.38
Approx: Idnt transform  1.0000  0.0000     3.91    0.0000  1.0000     3.63
Approx: err = 5.33668, max = 80

---- Starting detailed region mapping ----
Roughly 324989 pixels map to B.
Region size is [0 1352] in x, [784 1039] in y.

---- Building mesh - affine ----
Computed simple triangle.

---- ImproveMesh - affine ----
Tri: (0 784) (1352 784) (676 1039).

---- Matlab Vertices ----
x=[0 1352 676 0]; y=[784 784 1039 784]; plot(x,y); hold on;

---- ImproveControlPts ----
STAT: ImproveCpt: Initial affine correlation 0.576975 (324989 pixels).
corr=0.576975	step=10.000000
corr=0.580143	step=10.000000
corr=0.580143	step=5.000000
corr=0.583173	step=5.000000
corr=0.583173	step=2.500000
corr=0.583524	step=2.500000
corr=0.583524	step=1.250000
corr=0.584099	step=1.250000
corr=0.584099	step=0.625000
corr=0.584099	step=0.312500
corr=0.584099	step=0.156250
corr=0.584099	step=0.078125
STAT: ImproveCpt: Final affine correlation 0.584099, (threshold 0.200000).

---- Matlab A-Sys Originals ----
x=[0.000000 1352.000000 676.000000 0.000000]; y=[784.000000 784.000000 1039.000000 784.000000]; plot(x,y); hold on;

---- Matlab B-Sys Originals ----
x=[30.296128 1381.026600 699.900914 30.296128]; y=[-31.115887 -0.513367 239.360048 -31.115887]; plot(x,y); hold on;

---- Matlab B-Sys Optimized ----
x=[34.075319 1378.354207 702.079982 34.075319]; y=[-27.772751 -3.856149 238.747632 -27.772751]; plot(x,y); hold on;

---- Deltas ----
id=     0: dx=    3.78 dy=    3.34 d=    5.05
id=     1: dx=   -2.67 dy=   -3.34 d=    4.28
id=     2: dx=    2.18 dy=   -0.61 d=    2.26

---- Areas ----
Triangle 0, area was   172380.0, is   171150.7,   -0.7%
Combined: area was   172380.0, is   171150.7,   -0.7%

---- Transforms ----
 0.9943 -0.0162    46.79    0.0177  0.9983  -810.43
Best affine transform:  0.9943 -0.0162    46.79    0.0177  0.9983  -810.43
    Inverse transform:  1.0055  0.0163   -33.81   -0.0178  1.0014   812.42

---- QC - affine ----
Metrics: AFF: Mean square difference 0.834372
Metrics: AFF: Smallest footprint deg=0, area=339352
MetricImages: Range x 0 1352, y 788 1039, use Nx=1354, Ny=252
Approximate EM metric 0.100793 for 341208 points.
%Yellow: Tol   1.05  red   38.2  yellow   20.3  green   41.5
%Yellow: Tol   1.10  red   30.9  yellow   36.6  green   32.5
%Yellow: Tol   1.15  red   25.4  yellow   48.8  green   25.8
%Yellow: Tol   1.20  red   21.3  yellow   58.2  green   20.6
%Yellow: Tol   1.25  red   17.9  yellow   65.7  green   16.4
Affine Triangle: 323812 points, corr 0.582811, fm 0.100793, yellow 0.66

---- Building mesh - deformable ----
Lx Dx Nx:  1352  1352.00   1
Ly Dy Ny:   255   255.00   1

STAT: From 324989 pts, got 2 triangles, 4 control points.
Timer: MeshCreate took 0.010 seconds.

---- ImproveMesh - deformable mesh ----
Tri: (0 784) (1352 784) (0 1039).
Tri: (0 1039) (1352 784) (1352 1039).

---- Matlab Vertices ----
x=[0 1352 0 0]; y=[784 784 1039 784]; plot(x,y); hold on;
x=[0 1352 1352 0]; y=[1039 784 1039 1039]; plot(x,y); hold on;

---- ImproveControlPts ----
STAT: ImproveCpt: Initial deformable mesh correlation 0.584099 (324989 pixels).
corr=0.584099	step=10.000000
corr=0.584099	step=5.000000
corr=0.584099	step=2.500000
corr=0.584099	step=1.250000
corr=0.584099	step=0.625000
STAT: ImproveCpt: Final deformable mesh correlation 0.584099, (threshold 0.250000).

---- Matlab A-Sys Originals ----
x=[0.000000 1352.000000 0.000000 0.000000]; y=[784.000000 784.000000 1039.000000 784.000000]; plot(x,y); hold on;
x=[0.000000 1352.000000 1352.000000 0.000000]; y=[1039.000000 784.000000 1039.000000 1039.000000]; plot(x,y); hold on;

---- Matlab B-Sys Originals ----
x=[34.075319 1378.354207 29.940538 34.075319]; y=[-27.772751 -3.856149 226.789331 -27.772751]; plot(x,y); hold on;
x=[29.940538 1378.354207 1374.219426 29.940538]; y=[226.789331 -3.856149 250.705933 226.789331]; plot(x,y); hold on;

---- Matlab B-Sys Optimized ----
x=[34.075319 1378.354207 29.940538 34.075319]; y=[-27.772751 -3.856149 226.789331 -27.772751]; plot(x,y); hold on;
x=[29.940538 1378.354207 1374.219426 29.940538]; y=[226.789331 -3.856149 250.705933 226.789331]; plot(x,y); hold on;

---- Deltas ----
id=     0: dx=    0.00 dy=    0.00 d=    0.00
id=     1: dx=    0.00 dy=    0.00 d=    0.00
id=     2: dx=    0.00 dy=    0.00 d=    0.00
id=     3: dx=    0.00 dy=    0.00 d=    0.00

---- Areas ----
Triangle 0, area was   172380.0, is   171150.7,   -0.7%
Triangle 1, area was   172380.0, is   171150.7,   -0.7%
Combined: area was   344760.0, is   342301.3,   -0.7%

---- Transforms ----
 0.9943 -0.0162    46.79    0.0177  0.9983  -810.43
 0.9943 -0.0162    46.79    0.0177  0.9983  -810.43

---- QC - deformable ----
Remapping 1431040 points.
Metrics: DEF: Mean square difference 0.834372
Metrics: DEF: Smallest footprint deg=0, area=339352
MetricImages: Range x 0 1352, y 788 1039, use Nx=1354, Ny=252
Approximate EM metric 0.100793 for 341208 points.
All points, deformable, dfm 0.100793

Metrics: TRI: Mean square difference 0.660062
Metrics: TRI: Smallest footprint deg=8, area=303300
MetricImages: Range x -145 1203, y 804 1029, use Nx=1350, Ny=226
Approximate EM metric 0.057180 for 305100 points.
%Yellow: Tol   1.05  red   35.2  yellow   26.5  green   38.3
%Yellow: Tol   1.10  red   27.1  yellow   44.8  green   28.1
%Yellow: Tol   1.15  red   22.0  yellow   56.4  green   21.6
%Yellow: Tol   1.20  red   18.4  yellow   64.4  green   17.2
%Yellow: Tol   1.25  red   15.6  yellow   70.3  green   14.1
Triangle 0: 151121 points, corr 0.669962, fm 0.057180, yellow 0.70

Metrics: TRI: Mean square difference 0.968865
Metrics: TRI: Smallest footprint deg=0, area=339101
MetricImages: Range x 1 1352, y 788 1039, use Nx=1352, Ny=252
Approximate EM metric 0.061004 for 340704 points.
%Yellow: Tol   1.05  red   37.5  yellow   19.0  green   43.5
%Yellow: Tol   1.10  red   31.1  yellow   34.2  green   34.6
%Yellow: Tol   1.15  red   27.0  yellow   45.6  green   27.5
%Yellow: Tol   1.20  red   23.3  yellow   55.5  green   21.1
%Yellow: Tol   1.25  red   20.1  yellow   63.1  green   16.9
Triangle 1: 172691 points, corr 0.515562, fm 0.061004, yellow 0.63


---- Final reports ----
STAT: Overall 323812 points, corr 0.5841, EMM 0.1008, weighted EMM 0.0592, cor+dfm 0.6849, weighted yellow 0.6641

Angle span: min, max, delta = 0.017014 0.017014 0.000000
Mesh-Thm: 0.0048  0.0064     1.22    0.0049  0.0024     5.23 2x(LDR,LDC)=(0.20,200.00) -- OK.

Final remapping of 1431040 points.
Center 432.893143 865.647745:  0.9943 -0.0162    46.79    0.0177  0.9983  -810.43
Mapping region 1 xy= 432.893143 865.647745 to region 1 xy= 463.172356 61.392569
Center 830.749990 960.656343:  0.9943 -0.0162    46.79    0.0177  0.9983  -810.43
Mapping region 1 xy= 830.749990 960.656343 to region 1 xy= 857.216542 163.276012

Pipe: Returning 2 total transforms.

---- Summary Region-region results ----
Pipe: Table Headers {Az t r Bz t r thmok ntri}
FOUND:     2   13   1      1   12   1   1   2

---- Tabulating point matches ----

Timer: Alignment took 1.240 seconds.

main: Got 2 mapping regions.
main: Transform   0:  0.9943 -0.0162    46.79    0.0177  0.9983  -810.43
main: Transform   1:  0.9943 -0.0162    46.79    0.0177  0.9983  -810.43

main: Average:  0.9943 -0.0162     0.00    0.0177  0.9983     0.00
main: Degrees: 0.974823
main: Residue:  0.9944  0.0008     0.00    0.0008  0.9984     0.00

main: Inverse:  1.0055  0.0163    -0.00   -0.0178  1.0014    -0.00
main: Degrees: -0.974823
main: Residue:  1.0056 -0.0007     0.00   -0.0007  1.0016     0.00

main: Normal completion for dmesh run.
Timer: Total took 1.530 seconds.

---- Memory ----
Host name: h02u07.int.janelia.org
PID:       26448
User time:       1 seconds.
System time:     0 seconds.
VmPeak:	  440308 kB
VmSize:	  117116 kB
VmLck:	       0 kB
VmHWM:	  356884 kB
VmRSS:	   33792 kB
VmData:	   29256 kB
VmStk:	      96 kB
VmExe:	     800 kB
VmLib:	   61764 kB
VmPTE:	     220 kB
VmSwap:	       0 kB
voluntary_ctxt_switches:	107
nonvoluntary_ctxt_switches:	287

