
---- dmesh start ----
main: Start: Fri Aug  8 18:53:17 2014


---- Match parameters ----
PXBRO=2            <default 2>        "Max Legendre poly order for bkg removal"
PXLENS=N           <default N>        "Y=Apply IDB/lens.txt"
PXRESMSK=N         <default N>        "Y=Apply resin mask"
PXDOG=N            <default N>        "Y=Apply DoG filter"
PXDOG_R1=3         <default 3>        "DoG inner radius"
PXDOG_R2=6         <default 6>        "DoG outer radius"
FLD=N              <default X>        "Mask usage: Y=Use, N=None, X=XL only"
PRETWEAK=N         <default N>        "Y=Auto-distort before angle scan"
SCALE=1            <default 1.0>      "Image-B / image-A scale factor"
XSCALE=1           <default 1.0>      "Image-B / image-A x-axis scale factor"
YSCALE=1           <default 1.0>      "Image-B / image-A y-axis scale factor"
SKEW=0             <default 0.0>      "Transform elem[3] user-applied distortion"
MODE_SL=M          <default Z>        "Notes above"
MODE_XL=N          <default Y>        "Notes above"
TAB2DFM_SL=N       <default Y>        "Adopt Tdfm from Tab"
TAB2DFM_XL=Y       <default Y>        "Adopt Tdfm from Tab"
XYCONF_SL=1.0      <default 0.0>      "[0,1.0] confidence in Tab XY"
XYCONF_XL=0.8      <default 0.0>      "[0,1.0] confidence in Tab XY"
THMDEC_SL=8        <default 8>        "2^N thumb decimation factor"
THMDEC_XL=8        <default 8>        "2^N thumb decimation factor"
OLAP1D_SL=0        <default 0>        "Min 1D pix full-size overlap"
OLAP1D_XL=0        <default 0>        "Min 1D pix full-size overlap"
OLAP2D_SL=60000    <default 25000>    "Min 2D pix full-size overlap"
OLAP2D_XL=160000   <default 200000>   "Min 2D pix full-size overlap"
NBMXHT_SL=0.75     <default 0.75>     "Max F(neib)/F(pk) in guard zone"
NBMXHT_XL=0.75     <default 0.75>     "Max F(neib)/F(pk) in guard zone"
HFANGDN_SL=5       <default 5.0>      "Half angle search range denovo"
HFANGDN_XL=45      <default 45.0>     "Half angle search range denovo"
HFANGPR_SL=1       <default 1.0>      "Half angle search range prior angles"
HFANGPR_XL=4       <default 1.0>      "Half angle search range prior angles"
RTRSH_SL=0.3       <default 0.3>      "R corr thresh"
RTRSH_XL=0.3       <default 0.3>      "R corr thresh"
TWEAKS=N           <default N>        "Y=Try 8 near unity distortions"
LIMXY_SL=30        <default 0>        "0 or Max XY delta from Tab"
LIMXY_XL=80        <default 0>        "0 or Max XY delta from Tab"
OPT_SL=Y           <default Y(EM)>    "Y=Enable mesh optimizer"
RIT_SL=0.50        <default 0.20>     "Min mesh starting corr"
RIT_XL=0.1         <default 0.20>     "Min mesh starting corr"
RFA_SL=0.55        <default 0.3>      "Affine-only final corr"
RFA_XL=0.20        <default 0.3>      "Affine-only final corr"
RFT_SL=0.65        <default 0.5>      "Full mesh final corr"
RFT_XL=0.25        <default 0.5>      "Full mesh final corr"
TMC=5              <default 30.0%>    "Max single triangle area change"
TSC=9              <default 9.0%>     "Max summed triangle area change"
MNL=250            <default 300>      "Triangle edges between MNL and 2*MNL"
MTA=120000         <default 10000>    "Min triangle size (pixels)"
MMA=60000          <default 100000>   "Min 2D overlap for mesh"
ONE=N              <default N>        "Y=Use just one affine transform"
IFM=0.50           <default 0.50>     "Min Fourier Metric after affine-only"
FFM=0.65           <default 0.65>     "Min Fourier Metric after full mesh"
FYL=0.5            <default 0.50>     "Min fraction of yellow pixels"
CPD=0.5            <default 0.50>     "Min Correlation + DFM"
EMM=Y              <default Y>        "Y=Use Earth Mover's Metric, N=Use Fourier"
EMT=0.14           <default 0.2>      "Earth Movers Metric thresh"
WDI=N              <default N>        "Y=Write diff images (Fourier, EMM metrics)"
LDA=0.2            <default 0.2>      "Max radian delta between triangles"
LDR=0.1            <default 0.1>      "Max sine delta between triangles"
LDC=100            <default 100.0>    "Max XY delta between triangles"
DXY=100            <default 100.0>    "Max delta from user input XYs"
WMT=N              <default Y>        "Y=Write map.tif files"
WTT=N              <default Y>        "Y=Write tf.txt files"


---- Input images ----
Til2Img entry: A T=[ 1.0000  0.0000  1142.00  0.0000  1.0000  4285.00] path=[/groups/apig/tomo/DEMO/TIF/C1_5_2.tif].
Til2Img entry: B T=[ 1.0000  0.0000     0.00  0.0000  1.0000  4285.00] path=[/groups/apig/tomo/DEMO/TIF/B1_8_2.tif].


---- Command-line overrides ----
Tab=  1.0003 -0.0234  1094.28    0.0235  0.9994    55.79
Tdfm= 1.0006  0.0000     0.00    0.0000  0.9997     0.00
FLD=N


---- Image loading ----
Raster8FromTif: Opening [/groups/apig/tomo/DEMO/TIF/C1_5_2.tif].
Raster8FromTif: Bits per sample 8, samples per pixel 1
Raster8FromTif: Picture is 1376 by 1040, 1431040 pixels total.
TIF(8): Last Encoded strip had 1376 bytes.
Raster8FromTif: Opening [/groups/apig/tomo/DEMO/TIF/B1_8_2.tif].
Raster8FromTif: Bits per sample 8, samples per pixel 1
Raster8FromTif: Picture is 1376 by 1040, 1431040 pixels total.
TIF(8): Last Encoded strip had 1376 bytes.
PixPair: Using image scale=1.
Timer: Image conditioning took 0.230 seconds.

---- Foldmaps ----

---- Connected regions ----
Forcing single connected region.

---- Begin A-1 to B-1 ----

---- Thumbnail matching ----
Subimage: Using intersection, w=501, h=996, pix=498996
Thumbs: After decimation 7875 pts, reqArea 2501, thmscl 8
SetDisc( 27, 1, 10, 10 )
Initial: R= 1.212, A=   1.343, X=   27.51, Y=    1.79
Peak-Disc: dR 7 dX 4 dY 6
Approx: LowRes  R=1.212, X=220.083, Y=14.336
Approx: FullRes R=0.229, X=219.864, Y=13.584, use=Y.
Timer: FinishAtFullRes took 0.400 seconds.
Approx: Returning A=1.343224, R=1.211977, X=1094.863982, Y=57.583761
Approx: Best transform  1.0003 -0.0234  1094.86    0.0235  0.9994    57.58
Approx: Orig transform  1.0003 -0.0234  1094.28    0.0235  0.9994    55.79
Approx: Idnt transform  1.0000 -0.0000     0.62    0.0000  1.0000     1.78
Approx: err = 1.88409, max = 80

---- Starting detailed region mapping ----
Roughly 287132 pixels map to B.
Region size is [0 303] in x, [0 983] in y.

---- Building mesh - affine ----
Computed simple triangle.

---- ImproveMesh - affine ----
Tri: (0 0) (303 491) (0 983).

---- Matlab Vertices ----
x=[0 303 0 0]; y=[0 491 983 0]; plot(x,y); hold on;

---- ImproveControlPts ----
STAT: ImproveCpt: Initial affine correlation 0.608045 (287132 pixels).
corr=0.608045	step=10.000000
corr=0.608045	step=5.000000
corr=0.608045	step=2.500000
corr=0.608045	step=1.250000
corr=0.608189	step=1.250000
corr=0.608189	step=0.625000
corr=0.608425	step=0.625000
corr=0.608425	step=0.312500
corr=0.608425	step=0.156250
corr=0.608425	step=0.078125
corr=0.608429	step=0.078125
STAT: ImproveCpt: Final affine correlation 0.608429, (threshold 0.200000).

---- Matlab A-Sys Originals ----
x=[0.000000 303.000000 0.000000 0.000000]; y=[0.000000 491.000000 983.000000 0.000000]; plot(x,y); hold on;

---- Matlab B-Sys Originals ----
x=[1094.863982 1386.461074 1071.845071 1094.863982]; y=[57.583761 555.396758 1039.985114 57.583761]; plot(x,y); hold on;

---- Matlab B-Sys Optimized ----
x=[1095.539286 1387.129440 1071.785698 1095.539286]; y=[58.028348 554.627386 1039.130121 58.028348]; plot(x,y); hold on;

---- Deltas ----
id=     0: dx=    0.68 dy=    0.44 d=    0.81
id=     1: dx=    0.67 dy=   -0.77 d=    1.02
id=     2: dx=   -0.06 dy=   -0.85 d=    0.86

---- Areas ----
Triangle 0, area was   148924.5, is   148937.8,    0.0%
Combined: area was   148924.5, is   148937.8,    0.0%

---- Transforms ----
 1.0015 -0.0242  1095.54    0.0216  0.9981    58.03
Best affine transform:  1.0015 -0.0242  1095.54    0.0216  0.9981    58.03
    Inverse transform:  0.9980  0.0242 -1094.73   -0.0216  1.0014   -34.44

---- QC - affine ----
Metrics: AFF: Mean square difference 0.782032
Metrics: AFF: Smallest footprint deg=0, area=296564
MetricImages: Range x 0 302, y 0 982, use Nx=304, Ny=984
Approximate EM metric 0.119456 for 299136 points.
%Yellow: Tol   1.05  red   38.2  yellow   21.8  green   40.0
%Yellow: Tol   1.10  red   29.6  yellow   40.1  green   30.4
%Yellow: Tol   1.15  red   23.1  yellow   54.0  green   22.9
%Yellow: Tol   1.20  red   18.2  yellow   64.3  green   17.5
%Yellow: Tol   1.25  red   14.5  yellow   71.9  green   13.6
Affine Triangle: 285557 points, corr 0.608980, fm 0.119456, yellow 0.72

---- Building mesh - deformable ----
Lx Dx Nx:   303   303.00   1
Ly Dy Ny:   983   983.00   1

STAT: From 287132 pts, got 2 triangles, 4 control points.
Timer: MeshCreate took 0.000 seconds.

---- ImproveMesh - deformable mesh ----
Tri: (0 0) (303 0) (0 983).
Tri: (0 983) (303 0) (303 983).

---- Matlab Vertices ----
x=[0 303 0 0]; y=[0 0 983 0]; plot(x,y); hold on;
x=[0 303 303 0]; y=[983 0 983 983]; plot(x,y); hold on;

---- ImproveControlPts ----
STAT: ImproveCpt: Initial deformable mesh correlation 0.608429 (287132 pixels).
corr=0.608429	step=10.000000
corr=0.608429	step=5.000000
corr=0.608429	step=2.500000
corr=0.608914	step=2.500000
corr=0.608914	step=1.250000
corr=0.609326	step=1.250000
corr=0.609326	step=0.625000
corr=0.609326	step=0.312500
corr=0.609391	step=0.312500
corr=0.609412	step=0.312500
corr=0.609554	step=0.312500
corr=0.609856	step=0.312500
corr=0.609977	step=0.312500
corr=0.610076	step=0.312500
corr=0.610076	step=0.156250
STAT: ImproveCpt: Final deformable mesh correlation 0.610125, (threshold 0.250000).

---- Matlab A-Sys Originals ----
x=[0.000000 303.000000 0.000000 0.000000]; y=[0.000000 0.000000 983.000000 0.000000]; plot(x,y); hold on;
x=[0.000000 303.000000 303.000000 0.000000]; y=[983.000000 0.000000 983.000000 983.000000]; plot(x,y); hold on;

---- Matlab B-Sys Originals ----
x=[1095.539286 1398.994152 1071.785698 1095.539286]; y=[58.028348 64.575534 1039.130121 58.028348]; plot(x,y); hold on;
x=[1071.785698 1398.994152 1375.240564 1071.785698]; y=[1039.130121 64.575534 1045.677307 1039.130121]; plot(x,y); hold on;

---- Matlab B-Sys Optimized ----
x=[1097.405695 1397.391814 1071.385992 1097.405695]; y=[59.142467 63.690249 1038.605229 59.142467]; plot(x,y); hold on;
x=[1071.385992 1397.391814 1377.152060 1071.385992]; y=[1038.605229 63.690249 1046.986384 1038.605229]; plot(x,y); hold on;

---- Deltas ----
id=     0: dx=    1.87 dy=    1.11 d=    2.17
id=     1: dx=   -1.60 dy=   -0.89 d=    1.83
id=     2: dx=   -0.40 dy=   -0.52 d=    0.66
id=     3: dx=    1.91 dy=    1.31 d=    2.32

---- Areas ----
Triangle 0, area was   148924.5, is   146971.8,   -1.3%
Triangle 1, area was   148924.5, is   150414.1,    1.0%
Combined: area was   297849.0, is   297385.9,   -0.2%

---- Transforms ----
 0.9901 -0.0265  1097.41    0.0150  0.9964    59.14
 1.0091 -0.0206  1091.63    0.0277  1.0003    55.31

---- QC - deformable ----
Remapping 1431040 points.
Metrics: DEF: Mean square difference 0.779055
Metrics: DEF: Smallest footprint deg=0, area=294900
MetricImages: Range x 0 300, y 0 983, use Nx=302, Ny=984
Approximate EM metric 0.120004 for 297168 points.
All points, deformable, dfm 0.120004

Metrics: TRI: Mean square difference 0.710490
Metrics: TRI: Smallest footprint deg=0, area=277206
MetricImages: Range x 0 282, y 0 983, use Nx=284, Ny=984
Approximate EM metric 0.068740 for 279456 points.
%Yellow: Tol   1.05  red   36.8  yellow   23.1  green   40.0
%Yellow: Tol   1.10  red   28.2  yellow   42.1  green   29.7
%Yellow: Tol   1.15  red   22.0  yellow   56.1  green   21.9
%Yellow: Tol   1.20  red   17.3  yellow   66.2  green   16.4
%Yellow: Tol   1.25  red   13.9  yellow   73.6  green   12.6
Triangle 0: 148793 points, corr 0.644748, fm 0.068740, yellow 0.74

Metrics: TRI: Mean square difference 0.863216
Metrics: TRI: Smallest footprint deg=-17, area=272745
MetricImages: Range x 287 572, y -17 940, use Nx=286, Ny=958
Approximate EM metric 0.082332 for 273988 points.
%Yellow: Tol   1.05  red   40.0  yellow   20.3  green   39.7
%Yellow: Tol   1.10  red   31.5  yellow   37.5  green   31.1
%Yellow: Tol   1.15  red   24.7  yellow   51.2  green   24.0
%Yellow: Tol   1.20  red   19.4  yellow   61.9  green   18.7
%Yellow: Tol   1.25  red   15.3  yellow   69.8  green   14.9
Triangle 1: 136588 points, corr 0.568385, fm 0.082332, yellow 0.70


---- Final reports ----
STAT: Overall 285381 points, corr 0.6101, EMM 0.1200, weighted EMM 0.0752, cor+dfm 0.7301, weighted yellow 0.7178

Angle span: min, max, delta = 0.020878 0.024007 0.003130
Mesh-Thm: 0.0007  0.0001     0.35    0.0021  0.0010     0.36 2x(LDR,LDC)=(0.20,200.00) -- OK.

Final remapping of 1431040 points.
Center 97.016732 314.744053:  0.9901 -0.0265  1097.41    0.0150  0.9964    59.14
Mapping region 1 xy= 97.016732 314.744053 to region 1 xy= 1185.126245 374.210083
Center 186.181396 680.992885:  1.0091 -0.0206  1091.63    0.0277  1.0003    55.31
Mapping region 1 xy= 186.181396 680.992885 to region 1 xy= 1265.485286 741.657017

Pipe: Returning 2 total transforms.

---- Summary Region-region results ----
Pipe: Table Headers {Az t r Bz t r thmok ntri}
FOUND:     2    5   1      1    8   1   1   2

---- Tabulating point matches ----

Timer: Alignment took 1.210 seconds.

main: Got 2 mapping regions.
main: Transform   0:  0.9901 -0.0265  1097.41    0.0150  0.9964    59.14
main: Transform   1:  1.0091 -0.0206  1091.63    0.0277  1.0003    55.31

main: Average:  0.9996 -0.0235     0.00    0.0213  0.9984     0.00
main: Degrees: 1.28638
main: Residue:  0.9998 -0.0011     0.00   -0.0011  0.9986     0.00

main: Inverse:  0.9999  0.0236    -0.00   -0.0214  1.0011    -0.00
main: Degrees: -1.28638
main: Residue:  1.0001  0.0011     0.00    0.0011  1.0014     0.00

main: Normal completion for dmesh run.
Timer: Total took 1.450 seconds.

---- Memory ----
Host name: h02u07.int.janelia.org
PID:       26489
User time:       1 seconds.
System time:     0 seconds.
VmPeak:	  435956 kB
VmSize:	  132504 kB
VmLck:	       0 kB
VmHWM:	  352500 kB
VmRSS:	   45684 kB
VmData:	   44644 kB
VmStk:	      96 kB
VmExe:	     800 kB
VmLib:	   61764 kB
VmPTE:	     240 kB
VmSwap:	       0 kB
voluntary_ctxt_switches:	20
nonvoluntary_ctxt_switches:	12

