
---- dmesh start ----
main: Start: Fri Aug  8 18:53:13 2014


---- Match parameters ----
PXBRO=2            <default 2>        "Max Legendre poly order for bkg removal"
PXLENS=N           <default N>        "Y=Apply IDB/lens.txt"
PXRESMSK=N         <default N>        "Y=Apply resin mask"
PXDOG=N            <default N>        "Y=Apply DoG filter"
PXDOG_R1=3         <default 3>        "DoG inner radius"
PXDOG_R2=6         <default 6>        "DoG outer radius"
FLD=N              <default X>        "Mask usage: Y=Use, N=None, X=XL only"
PRETWEAK=N         <default N>        "Y=Auto-distort before angle scan"
SCALE=1            <default 1.0>      "Image-B / image-A scale factor"
XSCALE=1           <default 1.0>      "Image-B / image-A x-axis scale factor"
YSCALE=1           <default 1.0>      "Image-B / image-A y-axis scale factor"
SKEW=0             <default 0.0>      "Transform elem[3] user-applied distortion"
MODE_SL=M          <default Z>        "Notes above"
MODE_XL=N          <default Y>        "Notes above"
TAB2DFM_SL=N       <default Y>        "Adopt Tdfm from Tab"
TAB2DFM_XL=Y       <default Y>        "Adopt Tdfm from Tab"
XYCONF_SL=1.0      <default 0.0>      "[0,1.0] confidence in Tab XY"
XYCONF_XL=0.8      <default 0.0>      "[0,1.0] confidence in Tab XY"
THMDEC_SL=8        <default 8>        "2^N thumb decimation factor"
THMDEC_XL=8        <default 8>        "2^N thumb decimation factor"
OLAP1D_SL=0        <default 0>        "Min 1D pix full-size overlap"
OLAP1D_XL=0        <default 0>        "Min 1D pix full-size overlap"
OLAP2D_SL=60000    <default 25000>    "Min 2D pix full-size overlap"
OLAP2D_XL=160000   <default 200000>   "Min 2D pix full-size overlap"
NBMXHT_SL=0.75     <default 0.75>     "Max F(neib)/F(pk) in guard zone"
NBMXHT_XL=0.75     <default 0.75>     "Max F(neib)/F(pk) in guard zone"
HFANGDN_SL=5       <default 5.0>      "Half angle search range denovo"
HFANGDN_XL=45      <default 45.0>     "Half angle search range denovo"
HFANGPR_SL=1       <default 1.0>      "Half angle search range prior angles"
HFANGPR_XL=4       <default 1.0>      "Half angle search range prior angles"
RTRSH_SL=0.3       <default 0.3>      "R corr thresh"
RTRSH_XL=0.3       <default 0.3>      "R corr thresh"
TWEAKS=N           <default N>        "Y=Try 8 near unity distortions"
LIMXY_SL=30        <default 0>        "0 or Max XY delta from Tab"
LIMXY_XL=80        <default 0>        "0 or Max XY delta from Tab"
OPT_SL=Y           <default Y(EM)>    "Y=Enable mesh optimizer"
RIT_SL=0.50        <default 0.20>     "Min mesh starting corr"
RIT_XL=0.1         <default 0.20>     "Min mesh starting corr"
RFA_SL=0.55        <default 0.3>      "Affine-only final corr"
RFA_XL=0.20        <default 0.3>      "Affine-only final corr"
RFT_SL=0.65        <default 0.5>      "Full mesh final corr"
RFT_XL=0.25        <default 0.5>      "Full mesh final corr"
TMC=5              <default 30.0%>    "Max single triangle area change"
TSC=9              <default 9.0%>     "Max summed triangle area change"
MNL=250            <default 300>      "Triangle edges between MNL and 2*MNL"
MTA=120000         <default 10000>    "Min triangle size (pixels)"
MMA=60000          <default 100000>   "Min 2D overlap for mesh"
ONE=N              <default N>        "Y=Use just one affine transform"
IFM=0.50           <default 0.50>     "Min Fourier Metric after affine-only"
FFM=0.65           <default 0.65>     "Min Fourier Metric after full mesh"
FYL=0.5            <default 0.50>     "Min fraction of yellow pixels"
CPD=0.5            <default 0.50>     "Min Correlation + DFM"
EMM=Y              <default Y>        "Y=Use Earth Mover's Metric, N=Use Fourier"
EMT=0.14           <default 0.2>      "Earth Movers Metric thresh"
WDI=N              <default N>        "Y=Write diff images (Fourier, EMM metrics)"
LDA=0.2            <default 0.2>      "Max radian delta between triangles"
LDR=0.1            <default 0.1>      "Max sine delta between triangles"
LDC=100            <default 100.0>    "Max XY delta between triangles"
DXY=100            <default 100.0>    "Max delta from user input XYs"
WMT=N              <default Y>        "Y=Write map.tif files"
WTT=N              <default Y>        "Y=Write tf.txt files"


---- Input images ----
Til2Img entry: A T=[ 1.0000  0.0000     0.00  0.0000  1.0000  4285.00] path=[/groups/apig/tomo/DEMO/TIF/C1_8_2.tif].
Til2Img entry: B T=[ 1.0000  0.0000     0.00  0.0000  1.0000  5142.00] path=[/groups/apig/tomo/DEMO/TIF/B1_7_2.tif].


---- Command-line overrides ----
Tab=  0.9991 -0.0226   -54.89    0.0233  0.9989  -823.10
Tdfm= 0.9993  0.0004     0.00    0.0004  0.9991     0.00
FLD=N


---- Image loading ----
Raster8FromTif: Opening [/groups/apig/tomo/DEMO/TIF/C1_8_2.tif].
Raster8FromTif: Bits per sample 8, samples per pixel 1
Raster8FromTif: Picture is 1376 by 1040, 1431040 pixels total.
TIF(8): Last Encoded strip had 1376 bytes.
Raster8FromTif: Opening [/groups/apig/tomo/DEMO/TIF/B1_7_2.tif].
Raster8FromTif: Bits per sample 8, samples per pixel 1
Raster8FromTif: Picture is 1376 by 1040, 1431040 pixels total.
TIF(8): Last Encoded strip had 1376 bytes.
PixPair: Using image scale=1.
Timer: Image conditioning took 0.250 seconds.

---- Foldmaps ----

---- Connected regions ----
Forcing single connected region.

---- Begin A-1 to B-1 ----

---- Thumbnail matching ----
Subimage: Using intersection, w=1333, h=382, pix=509206
Thumbs: After decimation 8016 pts, reqArea 2501, thmscl 8
SetDisc( -3, -21, 10, 10 )
Initial: R= 1.167, A=   1.313, X=   -3.04, Y=  -20.19
Peak-Disc: dR 6 dX 0 dY 6
Approx: LowRes  R=1.167, X=-24.320, Y=-161.486
Approx: FullRes R=0.184, X=-25.184, Y=-162.098, use=Y.
Timer: FinishAtFullRes took 0.420 seconds.
Approx: Returning A=1.313465, R=1.167226, X=-53.305441, Y=-820.348976
Approx: Best transform  0.9991 -0.0226   -53.31    0.0233  0.9989  -820.35
Approx: Orig transform  0.9991 -0.0226   -54.89    0.0233  0.9989  -823.10
Approx: Idnt transform  1.0000  0.0000     1.65   -0.0000  1.0000     2.72
Approx: err = 3.18112, max = 80

---- Starting detailed region mapping ----
Roughly 307424 pixels map to B.
Region size is [71 1375] in x, [789 1039] in y.

---- Building mesh - affine ----
Computed simple triangle.

---- ImproveMesh - affine ----
Tri: (71 789) (1375 789) (723 1039).

---- Matlab Vertices ----
x=[71 1375 723 71]; y=[789 789 1039 789]; plot(x,y); hold on;

---- ImproveControlPts ----
STAT: ImproveCpt: Initial affine correlation 0.637953 (307424 pixels).
corr=0.637953	step=10.000000
corr=0.637953	step=5.000000
corr=0.641703	step=5.000000
corr=0.641703	step=2.500000
corr=0.643020	step=2.500000
corr=0.643020	step=1.250000
corr=0.643496	step=1.250000
corr=0.643496	step=0.625000
corr=0.643496	step=0.312500
corr=0.643496	step=0.156250
corr=0.643496	step=0.078125
corr=0.643507	step=0.078125
STAT: ImproveCpt: Final affine correlation 0.643507, (threshold 0.200000).

---- Matlab A-Sys Originals ----
x=[71.000000 1375.000000 723.000000 71.000000]; y=[789.000000 789.000000 1039.000000 789.000000]; plot(x,y); hold on;

---- Matlab B-Sys Originals ----
x=[-0.164707 1302.613445 645.586619 -0.164707]; y=[-30.596329 -0.267897 234.283137 -30.596329]; plot(x,y); hold on;

---- Matlab B-Sys Optimized ----
x=[2.578070 1300.275512 645.498688 2.578070]; y=[-30.834675 -2.747849 235.340173 -30.834675]; plot(x,y); hold on;

---- Deltas ----
id=     0: dx=    2.74 dy=   -0.24 d=    2.75
id=     1: dx=   -2.34 dy=   -2.48 d=    3.41
id=     2: dx=   -0.09 dy=    1.06 d=    1.06

---- Areas ----
Triangle 0, area was   163000.0, is   163678.4,    0.4%
Combined: area was   163000.0, is   163678.4,    0.4%

---- Transforms ----
 0.9952 -0.0237   -49.37    0.0215  1.0085  -828.09
Best affine transform:  0.9952 -0.0237   -49.37    0.0215  1.0085  -828.09
    Inverse transform:  1.0043  0.0236    69.14   -0.0214  0.9910   819.61

---- QC - affine ----
Metrics: AFF: Mean square difference 0.711210
Metrics: AFF: Smallest footprint deg=0, area=322335
MetricImages: Range x 70 1375, y 792 1039, use Nx=1306, Ny=248
Approximate EM metric 0.083246 for 323888 points.
%Yellow: Tol   1.05  red   42.0  yellow   22.8  green   35.3
%Yellow: Tol   1.10  red   31.7  yellow   41.8  green   26.5
%Yellow: Tol   1.15  red   23.8  yellow   55.9  green   20.3
%Yellow: Tol   1.20  red   17.8  yellow   66.4  green   15.8
%Yellow: Tol   1.25  red   13.4  yellow   73.9  green   12.7
Affine Triangle: 304895 points, corr 0.644392, fm 0.083246, yellow 0.74

---- Building mesh - deformable ----
Lx Dx Nx:  1304  1304.00   1
Ly Dy Ny:   250   250.00   1

STAT: From 307424 pts, got 2 triangles, 4 control points.
Timer: MeshCreate took 0.000 seconds.

---- ImproveMesh - deformable mesh ----
Tri: (71 789) (1375 789) (71 1039).
Tri: (71 1039) (1375 789) (1375 1039).

---- Matlab Vertices ----
x=[71 1375 71 71]; y=[789 789 1039 789]; plot(x,y); hold on;
x=[71 1375 1375 71]; y=[1039 789 1039 1039]; plot(x,y); hold on;

---- ImproveControlPts ----
STAT: ImproveCpt: Initial deformable mesh correlation 0.643507 (307424 pixels).
corr=0.643507	step=10.000000
corr=0.643507	step=5.000000
corr=0.643507	step=2.500000
corr=0.643507	step=1.250000
corr=0.643773	step=1.250000
corr=0.643773	step=0.625000
corr=0.643807	step=0.625000
corr=0.643836	step=0.625000
STAT: ImproveCpt: Final deformable mesh correlation 0.643836, (threshold 0.250000).

---- Matlab A-Sys Originals ----
x=[71.000000 1375.000000 71.000000 71.000000]; y=[789.000000 789.000000 1039.000000 789.000000]; plot(x,y); hold on;
x=[71.000000 1375.000000 1375.000000 71.000000]; y=[1039.000000 789.000000 1039.000000 1039.000000]; plot(x,y); hold on;

---- Matlab B-Sys Originals ----
x=[2.578070 1300.275512 -3.350033 2.578070]; y=[-30.834675 -2.747849 221.296760 -30.834675]; plot(x,y); hold on;
x=[-3.350033 1300.275512 1294.347409 -3.350033]; y=[221.296760 -2.747849 249.383585 221.296760]; plot(x,y); hold on;

---- Matlab B-Sys Optimized ----
x=[2.799555 1300.438060 -3.385863 2.799555]; y=[-29.849989 -3.348312 220.872980 -29.849989]; plot(x,y); hold on;
x=[-3.385863 1300.438060 1294.520295 -3.385863]; y=[220.872980 -3.348312 250.862271 220.872980]; plot(x,y); hold on;

---- Deltas ----
id=     0: dx=    0.22 dy=    0.98 d=    1.01
id=     1: dx=    0.16 dy=   -0.60 d=    0.62
id=     2: dx=   -0.04 dy=   -0.42 d=    0.43
id=     3: dx=    0.17 dy=    1.48 d=    1.49

---- Areas ----
Triangle 0, area was   163000.0, is   162755.9,   -0.1%
Triangle 1, area was   163000.0, is   165059.5,    1.3%
Combined: area was   326000.0, is   327815.3,    0.6%

---- Transforms ----
 0.9951 -0.0247   -48.33    0.0203  1.0029  -822.57
 0.9953 -0.0237   -49.46    0.0230  1.0168  -837.26

---- QC - deformable ----
Remapping 1431040 points.
Metrics: DEF: Mean square difference 0.710479
Metrics: DEF: Smallest footprint deg=0, area=321276
MetricImages: Range x 69 1375, y 793 1039, use Nx=1308, Ny=248
Approximate EM metric 0.082762 for 324384 points.
All points, deformable, dfm 0.082762

Metrics: TRI: Mean square difference 0.896069
Metrics: TRI: Smallest footprint deg=3, area=284020
MetricImages: Range x 20 1311, y 821 1041, use Nx=1292, Ny=222
Approximate EM metric 0.070863 for 286824 points.
%Yellow: Tol   1.05  red   43.0  yellow   19.9  green   37.1
%Yellow: Tol   1.10  red   34.1  yellow   37.2  green   28.6
%Yellow: Tol   1.15  red   26.6  yellow   51.0  green   22.4
%Yellow: Tol   1.20  red   20.6  yellow   61.5  green   17.9
%Yellow: Tol   1.25  red   16.0  yellow   69.4  green   14.6
Triangle 0: 141302 points, corr 0.551958, fm 0.070863, yellow 0.69

Metrics: TRI: Mean square difference 0.602007
Metrics: TRI: Smallest footprint deg=0, area=319800
MetricImages: Range x 75 1375, y 793 1039, use Nx=1302, Ny=248
Approximate EM metric 0.041693 for 322896 points.
%Yellow: Tol   1.05  red   41.0  yellow   25.1  green   33.9
%Yellow: Tol   1.10  red   30.0  yellow   45.0  green   25.1
%Yellow: Tol   1.15  red   22.0  yellow   59.2  green   18.8
%Yellow: Tol   1.20  red   16.0  yellow   69.7  green   14.3
%Yellow: Tol   1.25  red   11.9  yellow   76.8  green   11.4
Triangle 1: 163740 points, corr 0.698990, fm 0.041693, yellow 0.77


---- Final reports ----
STAT: Overall 305042 points, corr 0.6438, EMM 0.0828, weighted EMM 0.0552, cor+dfm 0.7266, weighted yellow 0.7333

Angle span: min, max, delta = 0.022551 0.023189 0.000638
Mesh-Thm: 0.0038  0.0017     4.41    0.0016  0.0110     9.57 2x(LDR,LDC)=(0.20,200.00) -- OK.

Final remapping of 1431040 points.
Center 488.524155 869.046809:  0.9951 -0.0247   -48.33    0.0203  1.0029  -822.57
Mapping region 1 xy= 488.524155 869.046809 to region 1 xy= 416.306349 58.913804
Center 872.255907 962.192494:  0.9953 -0.0237   -49.46    0.0230  1.0168  -837.26
Mapping region 1 xy= 872.255907 962.192494 to region 1 xy= 795.943737 161.199077

Pipe: Returning 2 total transforms.

---- Summary Region-region results ----
Pipe: Table Headers {Az t r Bz t r thmok ntri}
FOUND:     2    8   1      1    7   1   1   2

---- Tabulating point matches ----

Timer: Alignment took 1.190 seconds.

main: Got 2 mapping regions.
main: Transform   0:  0.9951 -0.0247   -48.33    0.0203  1.0029  -822.57
main: Transform   1:  0.9953 -0.0237   -49.46    0.0230  1.0168  -837.26

main: Average:  0.9952 -0.0242     0.00    0.0217  1.0099     0.00
main: Degrees: 1.31043
main: Residue:  0.9955 -0.0011     0.00   -0.0011  1.0102     0.00

main: Inverse:  1.0043  0.0241    -0.00   -0.0215  0.9897    -0.00
main: Degrees: -1.31043
main: Residue:  1.0045  0.0014     0.00    0.0014  0.9900     0.00

main: Normal completion for dmesh run.
Timer: Total took 1.450 seconds.

---- Memory ----
Host name: h02u07.int.janelia.org
PID:       26478
User time:       1 seconds.
System time:     0 seconds.
VmPeak:	  438776 kB
VmSize:	  143652 kB
VmLck:	       0 kB
VmHWM:	  355348 kB
VmRSS:	   57116 kB
VmData:	   55792 kB
VmStk:	      96 kB
VmExe:	     800 kB
VmLib:	   61764 kB
VmPTE:	     260 kB
VmSwap:	       0 kB
voluntary_ctxt_switches:	24
nonvoluntary_ctxt_switches:	16

