
---- dmesh start ----
main: Start: Fri Aug  8 18:53:07 2014


---- Match parameters ----
PXBRO=2            <default 2>        "Max Legendre poly order for bkg removal"
PXLENS=N           <default N>        "Y=Apply IDB/lens.txt"
PXRESMSK=N         <default N>        "Y=Apply resin mask"
PXDOG=N            <default N>        "Y=Apply DoG filter"
PXDOG_R1=3         <default 3>        "DoG inner radius"
PXDOG_R2=6         <default 6>        "DoG outer radius"
FLD=N              <default X>        "Mask usage: Y=Use, N=None, X=XL only"
PRETWEAK=N         <default N>        "Y=Auto-distort before angle scan"
SCALE=1            <default 1.0>      "Image-B / image-A scale factor"
XSCALE=1           <default 1.0>      "Image-B / image-A x-axis scale factor"
YSCALE=1           <default 1.0>      "Image-B / image-A y-axis scale factor"
SKEW=0             <default 0.0>      "Transform elem[3] user-applied distortion"
MODE_SL=M          <default Z>        "Notes above"
MODE_XL=N          <default Y>        "Notes above"
TAB2DFM_SL=N       <default Y>        "Adopt Tdfm from Tab"
TAB2DFM_XL=Y       <default Y>        "Adopt Tdfm from Tab"
XYCONF_SL=1.0      <default 0.0>      "[0,1.0] confidence in Tab XY"
XYCONF_XL=0.8      <default 0.0>      "[0,1.0] confidence in Tab XY"
THMDEC_SL=8        <default 8>        "2^N thumb decimation factor"
THMDEC_XL=8        <default 8>        "2^N thumb decimation factor"
OLAP1D_SL=0        <default 0>        "Min 1D pix full-size overlap"
OLAP1D_XL=0        <default 0>        "Min 1D pix full-size overlap"
OLAP2D_SL=60000    <default 25000>    "Min 2D pix full-size overlap"
OLAP2D_XL=160000   <default 200000>   "Min 2D pix full-size overlap"
NBMXHT_SL=0.75     <default 0.75>     "Max F(neib)/F(pk) in guard zone"
NBMXHT_XL=0.75     <default 0.75>     "Max F(neib)/F(pk) in guard zone"
HFANGDN_SL=5       <default 5.0>      "Half angle search range denovo"
HFANGDN_XL=45      <default 45.0>     "Half angle search range denovo"
HFANGPR_SL=1       <default 1.0>      "Half angle search range prior angles"
HFANGPR_XL=4       <default 1.0>      "Half angle search range prior angles"
RTRSH_SL=0.3       <default 0.3>      "R corr thresh"
RTRSH_XL=0.3       <default 0.3>      "R corr thresh"
TWEAKS=N           <default N>        "Y=Try 8 near unity distortions"
LIMXY_SL=30        <default 0>        "0 or Max XY delta from Tab"
LIMXY_XL=80        <default 0>        "0 or Max XY delta from Tab"
OPT_SL=Y           <default Y(EM)>    "Y=Enable mesh optimizer"
RIT_SL=0.50        <default 0.20>     "Min mesh starting corr"
RIT_XL=0.1         <default 0.20>     "Min mesh starting corr"
RFA_SL=0.55        <default 0.3>      "Affine-only final corr"
RFA_XL=0.20        <default 0.3>      "Affine-only final corr"
RFT_SL=0.65        <default 0.5>      "Full mesh final corr"
RFT_XL=0.25        <default 0.5>      "Full mesh final corr"
TMC=5              <default 30.0%>    "Max single triangle area change"
TSC=9              <default 9.0%>     "Max summed triangle area change"
MNL=250            <default 300>      "Triangle edges between MNL and 2*MNL"
MTA=120000         <default 10000>    "Min triangle size (pixels)"
MMA=60000          <default 100000>   "Min 2D overlap for mesh"
ONE=N              <default N>        "Y=Use just one affine transform"
IFM=0.50           <default 0.50>     "Min Fourier Metric after affine-only"
FFM=0.65           <default 0.65>     "Min Fourier Metric after full mesh"
FYL=0.5            <default 0.50>     "Min fraction of yellow pixels"
CPD=0.5            <default 0.50>     "Min Correlation + DFM"
EMM=Y              <default Y>        "Y=Use Earth Mover's Metric, N=Use Fourier"
EMT=0.14           <default 0.2>      "Earth Movers Metric thresh"
WDI=N              <default N>        "Y=Write diff images (Fourier, EMM metrics)"
LDA=0.2            <default 0.2>      "Max radian delta between triangles"
LDR=0.1            <default 0.1>      "Max sine delta between triangles"
LDC=100            <default 100.0>    "Max XY delta between triangles"
DXY=100            <default 100.0>    "Max delta from user input XYs"
WMT=N              <default Y>        "Y=Write map.tif files"
WTT=N              <default Y>        "Y=Write tf.txt files"


---- Input images ----
Til2Img entry: A T=[ 1.0000  0.0000     0.00  0.0000  1.0000  1714.00] path=[/groups/apig/tomo/DEMO/TIF/C1_11_2.tif].
Til2Img entry: B T=[ 1.0000  0.0000     0.00  0.0000  1.0000  2571.00] path=[/groups/apig/tomo/DEMO/TIF/B1_10_2.tif].


---- Command-line overrides ----
Tab=  0.9991 -0.0229     4.40    0.0229  1.0004  -821.71
Tdfm= 0.9993  0.0000     0.00    0.0000  1.0006     0.00
FLD=N


---- Image loading ----
Raster8FromTif: Opening [/groups/apig/tomo/DEMO/TIF/C1_11_2.tif].
Raster8FromTif: Bits per sample 8, samples per pixel 1
Raster8FromTif: Picture is 1376 by 1040, 1431040 pixels total.
TIF(8): Last Encoded strip had 1376 bytes.
Raster8FromTif: Opening [/groups/apig/tomo/DEMO/TIF/B1_10_2.tif].
Raster8FromTif: Bits per sample 8, samples per pixel 1
Raster8FromTif: Picture is 1376 by 1040, 1431040 pixels total.
TIF(8): Last Encoded strip had 1376 bytes.
PixPair: Using image scale=1.
Timer: Image conditioning took 0.240 seconds.

---- Foldmaps ----

---- Connected regions ----
Forcing single connected region.

---- Begin A-1 to B-1 ----

---- Thumbnail matching ----
Subimage: Using intersection, w=1373, h=383, pix=525859
Thumbs: After decimation 8256 pts, reqArea 2501, thmscl 8
SetDisc( -2, -21, 10, 10 )
Initial: R= 1.084, A=   1.310, X=   -1.11, Y=  -20.28
Peak-Disc: dR 9 dX 7 dY 5
Approx: LowRes  R=1.084, X=-8.906, Y=-162.279
Approx: FullRes R=0.152, X=-10.304, Y=-162.904, use=Y.
Timer: FinishAtFullRes took 0.430 seconds.
Approx: Returning A=1.310266, R=1.084259, X=7.728401, Y=-820.153383
Approx: Best transform  0.9991 -0.0229     7.73    0.0229  1.0004  -820.15
Approx: Orig transform  0.9991 -0.0229     4.40    0.0229  1.0004  -821.71
Approx: Idnt transform  1.0000  0.0000     3.37    0.0000  1.0000     1.48
Approx: err = 3.68047, max = 80

---- Starting detailed region mapping ----
Roughly 322355 pixels map to B.
Region size is [11 1375] in x, [788 1039] in y.

---- Building mesh - affine ----
Computed simple triangle.

---- ImproveMesh - affine ----
Tri: (11 788) (1375 788) (693 1039).

---- Matlab Vertices ----
x=[11 1375 693 11]; y=[788 788 1039 788]; plot(x,y); hold on;

---- ImproveControlPts ----
STAT: ImproveCpt: Initial affine correlation 0.403105 (322355 pixels).
corr=0.403105	step=10.000000
corr=0.403105	step=5.000000
corr=0.406514	step=5.000000
corr=0.406559	step=5.000000
corr=0.408489	step=5.000000
corr=0.408489	step=2.500000
corr=0.411530	step=2.500000
corr=0.411530	step=1.250000
corr=0.411530	step=0.625000
corr=0.411547	step=0.625000
corr=0.411593	step=0.625000
STAT: ImproveCpt: Final affine correlation 0.411601, (threshold 0.200000).

---- Matlab A-Sys Originals ----
x=[11.000000 1375.000000 693.000000 11.000000]; y=[788.000000 788.000000 1039.000000 788.000000]; plot(x,y); hold on;

---- Matlab B-Sys Originals ----
x=[0.688577 1363.400961 676.301889 0.688577]; y=[-31.602571 -0.432443 235.077873 -31.602571]; plot(x,y); hold on;

---- Matlab B-Sys Optimized ----
x=[5.839973 1362.299273 676.971974 5.839973]; y=[-27.863229 -1.793246 234.276828 -27.863229]; plot(x,y); hold on;

---- Deltas ----
id=     0: dx=    5.15 dy=    3.74 d=    6.37
id=     1: dx=   -1.10 dy=   -1.36 d=    1.75
id=     2: dx=    0.67 dy=   -0.80 d=    1.04

---- Areas ----
Triangle 0, area was   171182.0, is   169043.0,   -1.2%
Combined: area was   171182.0, is   169043.0,   -1.2%

---- Transforms ----
 0.9945 -0.0283    17.18    0.0191  0.9925  -810.12
Best affine transform:  0.9945 -0.0283    17.18    0.0191  0.9925  -810.12
    Inverse transform:  1.0050  0.0286     5.93   -0.0194  1.0071   816.17

---- QC - affine ----
Metrics: AFF: Mean square difference 1.177643
Metrics: AFF: Smallest footprint deg=0, area=340881
MetricImages: Range x 6 1375, y 790 1039, use Nx=1370, Ny=250
Approximate EM metric 0.087110 for 342500 points.
%Yellow: Tol   1.05  red   41.8  yellow   15.9  green   42.3
%Yellow: Tol   1.10  red   34.3  yellow   30.5  green   35.3
%Yellow: Tol   1.15  red   29.0  yellow   41.7  green   29.3
%Yellow: Tol   1.20  red   25.1  yellow   50.2  green   24.7
%Yellow: Tol   1.25  red   21.6  yellow   57.3  green   21.0
Affine Triangle: 323213 points, corr 0.411175, fm 0.087110, yellow 0.57

---- Building mesh - deformable ----
Lx Dx Nx:  1364  1364.00   1
Ly Dy Ny:   251   251.00   1

STAT: From 322355 pts, got 2 triangles, 4 control points.
Timer: MeshCreate took 0.000 seconds.

---- ImproveMesh - deformable mesh ----
Tri: (11 788) (1375 788) (11 1039).
Tri: (11 1039) (1375 788) (1375 1039).

---- Matlab Vertices ----
x=[11 1375 11 11]; y=[788 788 1039 788]; plot(x,y); hold on;
x=[11 1375 1375 11]; y=[1039 788 1039 1039]; plot(x,y); hold on;

---- ImproveControlPts ----
STAT: ImproveCpt: Initial deformable mesh correlation 0.411601 (322355 pixels).
corr=0.411601	step=10.000000
corr=0.411601	step=5.000000
corr=0.411601	step=2.500000
corr=0.411601	step=1.250000
corr=0.411601	step=0.625000
corr=0.411716	step=0.625000
corr=0.411716	step=0.312500
corr=0.411748	step=0.312500
corr=0.411791	step=0.312500
STAT: ImproveCpt: Final deformable mesh correlation 0.411812, (threshold 0.250000).

---- Matlab A-Sys Originals ----
x=[11.000000 1375.000000 11.000000 11.000000]; y=[788.000000 788.000000 1039.000000 788.000000]; plot(x,y); hold on;
x=[11.000000 1375.000000 1375.000000 11.000000]; y=[1039.000000 788.000000 1039.000000 1039.000000]; plot(x,y); hold on;

---- Matlab B-Sys Originals ----
x=[5.839973 1362.299273 -1.257676 5.839973]; y=[-27.863229 -1.793246 221.241836 -27.863229]; plot(x,y); hold on;
x=[-1.257676 1362.299273 1355.201623 -1.257676]; y=[221.241836 -1.793246 247.311820 221.241836]; plot(x,y); hold on;

---- Matlab B-Sys Optimized ----
x=[5.544838 1362.713831 -1.163563 5.544838]; y=[-28.271093 -1.081948 221.781990 -28.271093]; plot(x,y); hold on;
x=[-1.163563 1362.713831 1354.858857 -1.163563]; y=[221.781990 -1.081948 246.769341 221.781990]; plot(x,y); hold on;

---- Deltas ----
id=     0: dx=   -0.30 dy=   -0.41 d=    0.50
id=     1: dx=    0.41 dy=    0.71 d=    0.82
id=     2: dx=    0.09 dy=    0.54 d=    0.55
id=     3: dx=   -0.34 dy=   -0.54 d=    0.64

---- Areas ----
Triangle 0, area was   171182.0, is   169773.3,   -0.8%
Triangle 1, area was   171182.0, is   168144.1,   -1.8%
Combined: area was   342364.0, is   337917.4,   -1.3%

---- Transforms ----
 0.9950 -0.0267    15.66    0.0199  0.9962  -813.52
 0.9942 -0.0313    20.42    0.0183  0.9875  -804.39

---- QC - deformable ----
Remapping 1431040 points.
Metrics: DEF: Mean square difference 1.177134
Metrics: DEF: Smallest footprint deg=0, area=340632
MetricImages: Range x 7 1375, y 790 1039, use Nx=1370, Ny=250
Approximate EM metric 0.087011 for 342500 points.
All points, deformable, dfm 0.087011

Metrics: TRI: Mean square difference 1.172180
Metrics: TRI: Smallest footprint deg=2, area=302142
MetricImages: Range x -25 1336, y 816 1038, use Nx=1362, Ny=224
Approximate EM metric 0.052953 for 305088 points.
%Yellow: Tol   1.05  red   42.9  yellow   16.2  green   40.9
%Yellow: Tol   1.10  red   34.8  yellow   31.0  green   34.2
%Yellow: Tol   1.15  red   29.8  yellow   41.3  green   28.9
%Yellow: Tol   1.20  red   25.6  yellow   49.8  green   24.7
%Yellow: Tol   1.25  red   21.9  yellow   56.8  green   21.3
Triangle 0: 151498 points, corr 0.413903, fm 0.052953, yellow 0.57

Metrics: TRI: Mean square difference 1.207819
Metrics: TRI: Smallest footprint deg=0, area=339138
MetricImages: Range x 13 1375, y 790 1039, use Nx=1364, Ny=250
Approximate EM metric 0.062438 for 341000 points.
%Yellow: Tol   1.05  red   41.1  yellow   15.4  green   43.5
%Yellow: Tol   1.10  red   33.4  yellow   30.8  green   35.8
%Yellow: Tol   1.15  red   28.6  yellow   42.0  green   29.4
%Yellow: Tol   1.20  red   24.9  yellow   50.5  green   24.6
%Yellow: Tol   1.25  red   21.7  yellow   57.4  green   20.9
Triangle 1: 171982 points, corr 0.396085, fm 0.062438, yellow 0.57


---- Final reports ----
STAT: Overall 323480 points, corr 0.4118, EMM 0.0870, weighted EMM 0.0580, cor+dfm 0.4988, weighted yellow 0.5715

Angle span: min, max, delta = 0.023429 0.025032 0.001603
Mesh-Thm: 0.0045  0.0061    10.31    0.0037  0.0085    11.20 2x(LDR,LDC)=(0.20,200.00) -- OK.

Final remapping of 1431040 points.
Center 447.735390 868.366996:  0.9950 -0.0267    15.66    0.0199  0.9962  -813.52
Mapping region 1 xy= 447.735390 868.366996 to region 1 xy= 437.945082 60.498330
Center 849.123511 961.885264:  0.9942 -0.0313    20.42    0.0183  0.9875  -804.39
Mapping region 1 xy= 849.123511 961.885264 to region 1 xy= 834.471327 160.988361

Pipe: Returning 2 total transforms.

---- Summary Region-region results ----
Pipe: Table Headers {Az t r Bz t r thmok ntri}
FOUND:     2   11   1      1   10   1   1   2

---- Tabulating point matches ----

Timer: Alignment took 1.210 seconds.

main: Got 2 mapping regions.
main: Transform   0:  0.9950 -0.0267    15.66    0.0199  0.9962  -813.52
main: Transform   1:  0.9942 -0.0313    20.42    0.0183  0.9875  -804.39

main: Average:  0.9946 -0.0290     0.00    0.0191  0.9918     0.00
main: Degrees: 1.38818
main: Residue:  0.9947 -0.0050     0.00   -0.0050  0.9923     0.00

main: Inverse:  1.0049  0.0294    -0.00   -0.0194  1.0077    -0.00
main: Degrees: -1.38818
main: Residue:  1.0051  0.0050     0.00    0.0050  1.0081     0.00

main: Normal completion for dmesh run.
Timer: Total took 1.460 seconds.

---- Memory ----
Host name: h02u07.int.janelia.org
PID:       26461
User time:       1 seconds.
System time:     0 seconds.
VmPeak:	  442468 kB
VmSize:	  117116 kB
VmLck:	       0 kB
VmHWM:	  359076 kB
VmRSS:	   33792 kB
VmData:	   29256 kB
VmStk:	      96 kB
VmExe:	     800 kB
VmLib:	   61764 kB
VmPTE:	     220 kB
VmSwap:	       0 kB
voluntary_ctxt_switches:	25
nonvoluntary_ctxt_switches:	17

