
---- dmesh start ----
main: Start: Fri Aug  8 18:53:13 2014


---- Match parameters ----
PXBRO=2            <default 2>        "Max Legendre poly order for bkg removal"
PXLENS=N           <default N>        "Y=Apply IDB/lens.txt"
PXRESMSK=N         <default N>        "Y=Apply resin mask"
PXDOG=N            <default N>        "Y=Apply DoG filter"
PXDOG_R1=3         <default 3>        "DoG inner radius"
PXDOG_R2=6         <default 6>        "DoG outer radius"
FLD=N              <default X>        "Mask usage: Y=Use, N=None, X=XL only"
PRETWEAK=N         <default N>        "Y=Auto-distort before angle scan"
SCALE=1            <default 1.0>      "Image-B / image-A scale factor"
XSCALE=1           <default 1.0>      "Image-B / image-A x-axis scale factor"
YSCALE=1           <default 1.0>      "Image-B / image-A y-axis scale factor"
SKEW=0             <default 0.0>      "Transform elem[3] user-applied distortion"
MODE_SL=M          <default Z>        "Notes above"
MODE_XL=N          <default Y>        "Notes above"
TAB2DFM_SL=N       <default Y>        "Adopt Tdfm from Tab"
TAB2DFM_XL=Y       <default Y>        "Adopt Tdfm from Tab"
XYCONF_SL=1.0      <default 0.0>      "[0,1.0] confidence in Tab XY"
XYCONF_XL=0.8      <default 0.0>      "[0,1.0] confidence in Tab XY"
THMDEC_SL=8        <default 8>        "2^N thumb decimation factor"
THMDEC_XL=8        <default 8>        "2^N thumb decimation factor"
OLAP1D_SL=0        <default 0>        "Min 1D pix full-size overlap"
OLAP1D_XL=0        <default 0>        "Min 1D pix full-size overlap"
OLAP2D_SL=60000    <default 25000>    "Min 2D pix full-size overlap"
OLAP2D_XL=160000   <default 200000>   "Min 2D pix full-size overlap"
NBMXHT_SL=0.75     <default 0.75>     "Max F(neib)/F(pk) in guard zone"
NBMXHT_XL=0.75     <default 0.75>     "Max F(neib)/F(pk) in guard zone"
HFANGDN_SL=5       <default 5.0>      "Half angle search range denovo"
HFANGDN_XL=45      <default 45.0>     "Half angle search range denovo"
HFANGPR_SL=1       <default 1.0>      "Half angle search range prior angles"
HFANGPR_XL=4       <default 1.0>      "Half angle search range prior angles"
RTRSH_SL=0.3       <default 0.3>      "R corr thresh"
RTRSH_XL=0.3       <default 0.3>      "R corr thresh"
TWEAKS=N           <default N>        "Y=Try 8 near unity distortions"
LIMXY_SL=30        <default 0>        "0 or Max XY delta from Tab"
LIMXY_XL=80        <default 0>        "0 or Max XY delta from Tab"
OPT_SL=Y           <default Y(EM)>    "Y=Enable mesh optimizer"
RIT_SL=0.50        <default 0.20>     "Min mesh starting corr"
RIT_XL=0.1         <default 0.20>     "Min mesh starting corr"
RFA_SL=0.55        <default 0.3>      "Affine-only final corr"
RFA_XL=0.20        <default 0.3>      "Affine-only final corr"
RFT_SL=0.65        <default 0.5>      "Full mesh final corr"
RFT_XL=0.25        <default 0.5>      "Full mesh final corr"
TMC=5              <default 30.0%>    "Max single triangle area change"
TSC=9              <default 9.0%>     "Max summed triangle area change"
MNL=250            <default 300>      "Triangle edges between MNL and 2*MNL"
MTA=120000         <default 10000>    "Min triangle size (pixels)"
MMA=60000          <default 100000>   "Min 2D overlap for mesh"
ONE=N              <default N>        "Y=Use just one affine transform"
IFM=0.50           <default 0.50>     "Min Fourier Metric after affine-only"
FFM=0.65           <default 0.65>     "Min Fourier Metric after full mesh"
FYL=0.5            <default 0.50>     "Min fraction of yellow pixels"
CPD=0.5            <default 0.50>     "Min Correlation + DFM"
EMM=Y              <default Y>        "Y=Use Earth Mover's Metric, N=Use Fourier"
EMT=0.14           <default 0.2>      "Earth Movers Metric thresh"
WDI=N              <default N>        "Y=Write diff images (Fourier, EMM metrics)"
LDA=0.2            <default 0.2>      "Max radian delta between triangles"
LDR=0.1            <default 0.1>      "Max sine delta between triangles"
LDC=100            <default 100.0>    "Max XY delta between triangles"
DXY=100            <default 100.0>    "Max delta from user input XYs"
WMT=N              <default Y>        "Y=Write map.tif files"
WTT=N              <default Y>        "Y=Write tf.txt files"


---- Input images ----
Til2Img entry: A T=[ 1.0000  0.0000     0.00  0.0000  1.0000  4285.00] path=[/groups/apig/tomo/DEMO/TIF/C1_8_2.tif].
Til2Img entry: B T=[ 1.0000  0.0000  1142.00  0.0000  1.0000  4285.00] path=[/groups/apig/tomo/DEMO/TIF/B1_5_2.tif].


---- Command-line overrides ----
Tab=  0.9972 -0.0228 -1193.40    0.0228  0.9993    38.97
Tdfm= 0.9975 -0.0000     0.00   -0.0000  0.9995     0.00
FLD=N


---- Image loading ----
Raster8FromTif: Opening [/groups/apig/tomo/DEMO/TIF/C1_8_2.tif].
Raster8FromTif: Bits per sample 8, samples per pixel 1
Raster8FromTif: Picture is 1376 by 1040, 1431040 pixels total.
TIF(8): Last Encoded strip had 1376 bytes.
Raster8FromTif: Opening [/groups/apig/tomo/DEMO/TIF/B1_5_2.tif].
Raster8FromTif: Bits per sample 8, samples per pixel 1
Raster8FromTif: Picture is 1376 by 1040, 1431040 pixels total.
TIF(8): Last Encoded strip had 1376 bytes.
PixPair: Using image scale=1.
Timer: Image conditioning took 0.240 seconds.

---- Foldmaps ----

---- Connected regions ----
Forcing single connected region.

---- Begin A-1 to B-1 ----

---- Thumbnail matching ----
Subimage: Using intersection, w=422, h=1009, pix=425798
Thumbs: After decimation 6731 pts, reqArea 2501, thmscl 8
SetDisc( -30, 4, 10, 10 )
Initial: R= 0.842, A=   1.308, X=  -30.17, Y=    3.87
Peak-Disc: dR 1 dX -1 dY -1
Approx: LowRes  R=0.842, X=-241.387, Y=30.931
Approx: FullRes R=0.145, X=-241.959, Y=29.795, use=Y.
Timer: FinishAtFullRes took 0.270 seconds.
Approx: Returning A=1.308331, R=0.842340, X=-1193.314705, Y=39.071993
Approx: Best transform  0.9972 -0.0228 -1193.31    0.0228  0.9993    39.07
Approx: Orig transform  0.9972 -0.0228 -1193.40    0.0228  0.9993    38.97
Approx: Idnt transform  1.0000  0.0000     0.09    0.0000  1.0000     0.10
Approx: err = 0.131918, max = 80

---- Starting detailed region mapping ----
Roughly 164132 pixels map to B.
Region size is [1196 1375] in x, [0 973] in y.

---- Building mesh - affine ----
Computed simple triangle.

---- ImproveMesh - affine ----
Tri: (1196 0) (1375 486) (1196 973).

---- Matlab Vertices ----
x=[1196 1375 1196 1196]; y=[0 486 973 0]; plot(x,y); hold on;

---- ImproveControlPts ----
STAT: ImproveCpt: Initial affine correlation 0.517598 (164132 pixels).
corr=0.517598	step=10.000000
corr=0.517598	step=5.000000
corr=0.517598	step=2.500000
corr=0.517598	step=1.250000
corr=0.517598	step=0.625000
STAT: ImproveCpt: Final affine correlation 0.517642, (threshold 0.200000).

---- Matlab A-Sys Originals ----
x=[1196.000000 1375.000000 1196.000000 1196.000000]; y=[0.000000 486.000000 973.000000 0.000000]; plot(x,y); hold on;

---- Matlab B-Sys Originals ----
x=[-0.630017 166.779873 -22.840688 -0.630017]; y=[66.304913 556.018673 1038.580028 66.304913]; plot(x,y); hold on;

---- Matlab B-Sys Optimized ----
x=[-0.475057 166.527613 -23.301350 -0.475057]; y=[66.558604 556.158934 1038.497961 66.558604]; plot(x,y); hold on;

---- Deltas ----
id=     0: dx=    0.15 dy=    0.25 d=    0.30
id=     1: dx=   -0.25 dy=    0.14 d=    0.29
id=     2: dx=   -0.46 dy=   -0.08 d=    0.47

---- Areas ----
Triangle 0, area was    87083.5, is    86746.1,   -0.4%
Combined: area was    87083.5, is    86746.1,   -0.4%

---- Transforms ----
 0.9967 -0.0235 -1192.49    0.0231  0.9989    38.96
Best affine transform:  0.9967 -0.0235 -1192.49    0.0231  0.9989    38.96
    Inverse transform:  1.0028  0.0236  1194.91   -0.0232  1.0005   -66.61

---- QC - affine ----
Metrics: AFF: Mean square difference 0.962411
Metrics: AFF: Smallest footprint deg=0, area=173016
MetricImages: Range x 1197 1375, y 0 972, use Nx=180, Ny=974
Approximate EM metric 0.134046 for 175320 points.
%Yellow: Tol   1.05  red   44.1  yellow   17.0  green   38.9
%Yellow: Tol   1.10  red   36.5  yellow   32.2  green   31.3
%Yellow: Tol   1.15  red   29.7  yellow   45.3  green   25.0
%Yellow: Tol   1.20  red   23.6  yellow   56.4  green   19.9
%Yellow: Tol   1.25  red   18.5  yellow   65.3  green   16.1
Affine Triangle: 162847 points, corr 0.518788, fm 0.134046, yellow 0.65

---- Building mesh - deformable ----
Lx Dx Nx:   179   179.00   1
Ly Dy Ny:   973   973.00   1

STAT: From 164132 pts, got 2 triangles, 4 control points.
Timer: MeshCreate took 0.010 seconds.

---- ImproveMesh - deformable mesh ----
Tri: (1196 0) (1375 0) (1196 973).
Tri: (1196 973) (1375 0) (1375 973).

---- Matlab Vertices ----
x=[1196 1375 1196 1196]; y=[0 0 973 0]; plot(x,y); hold on;
x=[1196 1375 1375 1196]; y=[973 0 973 973]; plot(x,y); hold on;

---- ImproveControlPts ----
STAT: ImproveCpt: Initial deformable mesh correlation 0.517642 (164132 pixels).
corr=0.517642	step=10.000000
corr=0.517642	step=5.000000
corr=0.517642	step=2.500000
corr=0.518483	step=2.500000
corr=0.519685	step=2.500000
corr=0.519685	step=1.250000
corr=0.519685	step=0.625000
corr=0.519933	step=0.625000
corr=0.519933	step=0.312500
corr=0.519933	step=0.156250
corr=0.519933	step=0.078125
STAT: ImproveCpt: Final deformable mesh correlation 0.519933, (threshold 0.250000).

---- Matlab A-Sys Originals ----
x=[1196.000000 1375.000000 1196.000000 1196.000000]; y=[0.000000 0.000000 973.000000 0.000000]; plot(x,y); hold on;
x=[1196.000000 1375.000000 1375.000000 1196.000000]; y=[973.000000 0.000000 973.000000 973.000000]; plot(x,y); hold on;

---- Matlab B-Sys Originals ----
x=[-0.475057 177.929030 -23.301350 -0.475057]; y=[66.558604 70.688711 1038.497961 66.558604]; plot(x,y); hold on;
x=[-23.301350 177.929030 155.102737 -23.301350]; y=[1038.497961 70.688711 1042.628068 1038.497961]; plot(x,y); hold on;

---- Matlab B-Sys Optimized ----
x=[3.199083 177.718374 -24.612961 3.199083]; y=[66.920104 70.736578 1038.655784 66.920104]; plot(x,y); hold on;
x=[-24.612961 177.718374 156.876325 -24.612961]; y=[1038.655784 70.736578 1042.866437 1038.655784]; plot(x,y); hold on;

---- Deltas ----
id=     0: dx=    3.67 dy=    0.36 d=    3.69
id=     1: dx=   -0.21 dy=    0.05 d=    0.22
id=     2: dx=   -1.31 dy=    0.16 d=    1.32
id=     3: dx=    1.77 dy=    0.24 d=    1.79

---- Areas ----
Triangle 0, area was    87083.5, is    84846.4,   -2.6%
Triangle 1, area was    87083.5, is    88259.5,    1.4%
Combined: area was   174167.0, is   173105.8,   -0.6%

---- Transforms ----
 0.9750 -0.0286 -1162.86    0.0213  0.9987    41.42
 1.0139 -0.0214 -1216.40    0.0235  0.9991    38.39

---- QC - deformable ----
Remapping 1431040 points.
Metrics: DEF: Mean square difference 0.955095
Metrics: DEF: Smallest footprint deg=0, area=176904
MetricImages: Range x 1193 1375, y 0 972, use Nx=184, Ny=974
Approximate EM metric 0.128213 for 179216 points.
All points, deformable, dfm 0.128213

Metrics: TRI: Mean square difference 0.859714
Metrics: TRI: Smallest footprint deg=0, area=155246
MetricImages: Range x 1193 1375, y 0 853, use Nx=184, Ny=854
Approximate EM metric 0.096373 for 157136 points.
%Yellow: Tol   1.05  red   39.5  yellow   20.6  green   39.9
%Yellow: Tol   1.10  red   31.4  yellow   37.5  green   31.1
%Yellow: Tol   1.15  red   25.3  yellow   50.3  green   24.3
%Yellow: Tol   1.20  red   20.7  yellow   60.2  green   19.1
%Yellow: Tol   1.25  red   17.0  yellow   67.8  green   15.2
Triangle 0: 77984 points, corr 0.570130, fm 0.096373, yellow 0.68

Metrics: TRI: Mean square difference 1.001649
Metrics: TRI: Smallest footprint deg=0, area=152447
MetricImages: Range x 1218 1375, y 1 972, use Nx=158, Ny=972
Approximate EM metric 0.095087 for 153576 points.
%Yellow: Tol   1.05  red   48.3  yellow   16.1  green   35.7
%Yellow: Tol   1.10  red   39.5  yellow   31.1  green   29.3
%Yellow: Tol   1.15  red   31.2  yellow   44.5  green   24.3
%Yellow: Tol   1.20  red   23.7  yellow   56.3  green   20.1
%Yellow: Tol   1.25  red   17.7  yellow   65.5  green   16.7
Triangle 1: 85816 points, corr 0.499164, fm 0.095087, yellow 0.66


---- Final reports ----
STAT: Overall 163800 points, corr 0.5199, EMM 0.1282, weighted EMM 0.0957, cor+dfm 0.6481, weighted yellow 0.6663

Angle span: min, max, delta = 0.022323 0.025280 0.002957
Mesh-Thm: 0.0028  0.0022     3.68    0.0003  0.0004     0.83 2x(LDR,LDC)=(0.20,200.00) -- OK.

Final remapping of 1431040 points.
Center 1253.313515 311.542180:  0.9750 -0.0286 -1162.86    0.0213  0.9987    41.42
Mapping region 1 xy= 1253.313515 311.542180 to region 1 xy= 50.172871 379.279452
Center 1305.988349 674.065185:  1.0139 -0.0214 -1216.40    0.0235  0.9991    38.39
Mapping region 1 xy= 1305.988349 674.065185 to region 1 xy= 93.308258 742.575581

Pipe: Returning 2 total transforms.

---- Summary Region-region results ----
Pipe: Table Headers {Az t r Bz t r thmok ntri}
FOUND:     2    8   1      1    5   1   1   2

---- Tabulating point matches ----

Timer: Alignment took 0.820 seconds.

main: Got 2 mapping regions.
main: Transform   0:  0.9750 -0.0286 -1162.86    0.0213  0.9987    41.42
main: Transform   1:  1.0139 -0.0214 -1216.40    0.0235  0.9991    38.39

main: Average:  0.9944 -0.0250     0.00    0.0224  0.9989     0.00
main: Degrees: 1.36289
main: Residue:  0.9947 -0.0012     0.00   -0.0012  0.9992     0.00

main: Inverse:  1.0050  0.0252    -0.00   -0.0226  1.0005    -0.00
main: Degrees: -1.36289
main: Residue:  1.0053  0.0014     0.00    0.0014  1.0008     0.00

main: Normal completion for dmesh run.
Timer: Total took 1.070 seconds.

---- Memory ----
Host name: h02u07.int.janelia.org
PID:       26480
User time:       0 seconds.
System time:     0 seconds.
VmPeak:	  338624 kB
VmSize:	  116356 kB
VmLck:	       0 kB
VmHWM:	  255116 kB
VmRSS:	   33036 kB
VmData:	   28496 kB
VmStk:	      96 kB
VmExe:	     800 kB
VmLib:	   61764 kB
VmPTE:	     232 kB
VmSwap:	       0 kB
voluntary_ctxt_switches:	19
nonvoluntary_ctxt_switches:	3

