
---- dmesh start ----
main: Start: Fri Aug  8 18:53:03 2014


---- Match parameters ----
PXBRO=2            <default 2>        "Max Legendre poly order for bkg removal"
PXLENS=N           <default N>        "Y=Apply IDB/lens.txt"
PXRESMSK=N         <default N>        "Y=Apply resin mask"
PXDOG=N            <default N>        "Y=Apply DoG filter"
PXDOG_R1=3         <default 3>        "DoG inner radius"
PXDOG_R2=6         <default 6>        "DoG outer radius"
FLD=N              <default X>        "Mask usage: Y=Use, N=None, X=XL only"
PRETWEAK=N         <default N>        "Y=Auto-distort before angle scan"
SCALE=1            <default 1.0>      "Image-B / image-A scale factor"
XSCALE=1           <default 1.0>      "Image-B / image-A x-axis scale factor"
YSCALE=1           <default 1.0>      "Image-B / image-A y-axis scale factor"
SKEW=0             <default 0.0>      "Transform elem[3] user-applied distortion"
MODE_SL=M          <default Z>        "Notes above"
MODE_XL=N          <default Y>        "Notes above"
TAB2DFM_SL=N       <default Y>        "Adopt Tdfm from Tab"
TAB2DFM_XL=Y       <default Y>        "Adopt Tdfm from Tab"
XYCONF_SL=1.0      <default 0.0>      "[0,1.0] confidence in Tab XY"
XYCONF_XL=0.8      <default 0.0>      "[0,1.0] confidence in Tab XY"
THMDEC_SL=8        <default 8>        "2^N thumb decimation factor"
THMDEC_XL=8        <default 8>        "2^N thumb decimation factor"
OLAP1D_SL=0        <default 0>        "Min 1D pix full-size overlap"
OLAP1D_XL=0        <default 0>        "Min 1D pix full-size overlap"
OLAP2D_SL=60000    <default 25000>    "Min 2D pix full-size overlap"
OLAP2D_XL=160000   <default 200000>   "Min 2D pix full-size overlap"
NBMXHT_SL=0.75     <default 0.75>     "Max F(neib)/F(pk) in guard zone"
NBMXHT_XL=0.75     <default 0.75>     "Max F(neib)/F(pk) in guard zone"
HFANGDN_SL=5       <default 5.0>      "Half angle search range denovo"
HFANGDN_XL=45      <default 45.0>     "Half angle search range denovo"
HFANGPR_SL=1       <default 1.0>      "Half angle search range prior angles"
HFANGPR_XL=4       <default 1.0>      "Half angle search range prior angles"
RTRSH_SL=0.3       <default 0.3>      "R corr thresh"
RTRSH_XL=0.3       <default 0.3>      "R corr thresh"
TWEAKS=N           <default N>        "Y=Try 8 near unity distortions"
LIMXY_SL=30        <default 0>        "0 or Max XY delta from Tab"
LIMXY_XL=80        <default 0>        "0 or Max XY delta from Tab"
OPT_SL=Y           <default Y(EM)>    "Y=Enable mesh optimizer"
RIT_SL=0.50        <default 0.20>     "Min mesh starting corr"
RIT_XL=0.1         <default 0.20>     "Min mesh starting corr"
RFA_SL=0.55        <default 0.3>      "Affine-only final corr"
RFA_XL=0.20        <default 0.3>      "Affine-only final corr"
RFT_SL=0.65        <default 0.5>      "Full mesh final corr"
RFT_XL=0.25        <default 0.5>      "Full mesh final corr"
TMC=5              <default 30.0%>    "Max single triangle area change"
TSC=9              <default 9.0%>     "Max summed triangle area change"
MNL=250            <default 300>      "Triangle edges between MNL and 2*MNL"
MTA=120000         <default 10000>    "Min triangle size (pixels)"
MMA=60000          <default 100000>   "Min 2D overlap for mesh"
ONE=N              <default N>        "Y=Use just one affine transform"
IFM=0.50           <default 0.50>     "Min Fourier Metric after affine-only"
FFM=0.65           <default 0.65>     "Min Fourier Metric after full mesh"
FYL=0.5            <default 0.50>     "Min fraction of yellow pixels"
CPD=0.5            <default 0.50>     "Min Correlation + DFM"
EMM=Y              <default Y>        "Y=Use Earth Mover's Metric, N=Use Fourier"
EMT=0.14           <default 0.2>      "Earth Movers Metric thresh"
WDI=N              <default N>        "Y=Write diff images (Fourier, EMM metrics)"
LDA=0.2            <default 0.2>      "Max radian delta between triangles"
LDR=0.1            <default 0.1>      "Max sine delta between triangles"
LDC=100            <default 100.0>    "Max XY delta between triangles"
DXY=100            <default 100.0>    "Max delta from user input XYs"
WMT=N              <default Y>        "Y=Write map.tif files"
WTT=N              <default Y>        "Y=Write tf.txt files"


---- Input images ----
Til2Img entry: A T=[ 1.0000  0.0000     0.00  0.0000  1.0000   857.00] path=[/groups/apig/tomo/DEMO/TIF/C1_12_2.tif].
Til2Img entry: B T=[ 1.0000  0.0000     0.00  0.0000  1.0000     0.00] path=[/groups/apig/tomo/DEMO/TIF/B1_13_2.tif].


---- Command-line overrides ----
Tab=  0.9996 -0.0222    30.11    0.0226  0.9993   897.32
Tdfm= 0.9999  0.0002     0.00    0.0002  0.9996     0.00
FLD=N


---- Image loading ----
Raster8FromTif: Opening [/groups/apig/tomo/DEMO/TIF/C1_12_2.tif].
Raster8FromTif: Bits per sample 8, samples per pixel 1
Raster8FromTif: Picture is 1376 by 1040, 1431040 pixels total.
TIF(8): Last Encoded strip had 1376 bytes.
Raster8FromTif: Opening [/groups/apig/tomo/DEMO/TIF/B1_13_2.tif].
Raster8FromTif: Bits per sample 8, samples per pixel 1
Raster8FromTif: Picture is 1376 by 1040, 1431040 pixels total.
TIF(8): Last Encoded strip had 1376 bytes.
PixPair: Using image scale=1.
Timer: Image conditioning took 0.250 seconds.

---- Foldmaps ----

---- Connected regions ----
Forcing single connected region.

---- Begin A-1 to B-1 ----

---- Thumbnail matching ----
Subimage: Using intersection, w=1352, h=323, pix=436696
Thumbs: After decimation 6929 pts, reqArea 2501, thmscl 8
SetDisc( 1, 23, 10, 10 )
Initial: R= 0.475, A=   1.284, X=    1.35, Y=   22.75
Peak-Disc: dR 3 dX 2 dY -2
Approx: LowRes  R=0.475, X=10.787, Y=181.993
Approx: FullRes R=0.071, X=10.452, Y=185.884, use=Y.
Timer: FinishAtFullRes took 0.390 seconds.
Approx: Returning A=1.283638, R=0.474501, X=34.451541, Y=902.883530
Approx: Best transform  0.9996 -0.0222    34.45    0.0226  0.9993   902.88
Approx: Orig transform  0.9996 -0.0222    30.11    0.0226  0.9993   897.32
Approx: Idnt transform  1.0000  0.0000     4.47    0.0000  1.0000     5.46
Approx: err = 7.05702, max = 80

---- Starting detailed region mapping ----
Roughly 164648 pixels map to B.
Region size is [0 1344] in x, [0 137] in y.

---- Building mesh - affine ----
Computed simple triangle.

---- ImproveMesh - affine ----
Tri: (0 0) (1344 0) (672 137).

---- Matlab Vertices ----
x=[0 1344 672 0]; y=[0 0 137 0]; plot(x,y); hold on;

---- ImproveControlPts ----
STAT: ImproveCpt: Initial affine correlation 0.622901 (164648 pixels).
corr=0.622901	step=10.000000
corr=0.622901	step=5.000000
corr=0.624887	step=5.000000
corr=0.624887	step=2.500000
corr=0.625941	step=2.500000
corr=0.625941	step=1.250000
corr=0.626255	step=1.250000
corr=0.626255	step=0.625000
corr=0.626432	step=0.625000
corr=0.626506	step=0.625000
corr=0.626506	step=0.312500
STAT: ImproveCpt: Final affine correlation 0.626506, (threshold 0.200000).

---- Matlab A-Sys Originals ----
x=[0.000000 1344.000000 672.000000 0.000000]; y=[0.000000 0.000000 137.000000 0.000000]; plot(x,y); hold on;

---- Matlab B-Sys Originals ----
x=[34.451541 1377.922005 703.146880 34.451541]; y=[902.883530 933.260618 1054.979736 902.883530]; plot(x,y); hold on;

---- Matlab B-Sys Optimized ----
x=[37.142757 1375.861395 704.980008 37.142757]; y=[900.741494 934.568289 1053.425411 900.741494]; plot(x,y); hold on;

---- Deltas ----
id=     0: dx=    2.69 dy=   -2.14 d=    3.44
id=     1: dx=   -2.06 dy=    1.31 d=    2.44
id=     2: dx=    1.83 dy=   -1.55 d=    2.40

---- Areas ----
Triangle 0, area was    92064.0, is    90905.0,   -1.3%
Combined: area was    92064.0, is    90905.0,   -1.3%

---- Transforms ----
 0.9961 -0.0111    37.14    0.0252  0.9910   900.74
Best affine transform:  0.9961 -0.0111    37.14    0.0252  0.9910   900.74
    Inverse transform:  1.0037  0.0113   -47.41   -0.0255  1.0088  -907.69

---- QC - affine ----
Metrics: AFF: Mean square difference 0.747121
Metrics: AFF: Smallest footprint deg=0, area=186816
MetricImages: Range x 0 1344, y 0 139, use Nx=1346, Ny=140
Approximate EM metric 0.119370 for 188440 points.
%Yellow: Tol   1.05  red   39.9  yellow   20.1  green   40.0
%Yellow: Tol   1.10  red   32.0  yellow   37.4  green   30.6
%Yellow: Tol   1.15  red   26.3  yellow   49.6  green   24.2
%Yellow: Tol   1.20  red   21.6  yellow   58.1  green   20.3
%Yellow: Tol   1.25  red   17.8  yellow   64.7  green   17.6
Affine Triangle: 165281 points, corr 0.626434, fm 0.119370, yellow 0.65

---- Building mesh - deformable ----
Lx Dx Nx:  1344  1344.00   1
Ly Dy Ny:   137   137.00   1

STAT: From 164648 pts, got 2 triangles, 4 control points.
Timer: MeshCreate took 0.010 seconds.

---- ImproveMesh - deformable mesh ----
Tri: (0 0) (1344 0) (0 137).
Tri: (0 137) (1344 0) (1344 137).

---- Matlab Vertices ----
x=[0 1344 0 0]; y=[0 0 137 0]; plot(x,y); hold on;
x=[0 1344 1344 0]; y=[137 0 137 137]; plot(x,y); hold on;

---- ImproveControlPts ----
STAT: ImproveCpt: Initial deformable mesh correlation 0.626506 (164648 pixels).
corr=0.626506	step=10.000000
corr=0.626506	step=5.000000
corr=0.626506	step=2.500000
corr=0.626506	step=1.250000
corr=0.626630	step=1.250000
corr=0.626630	step=0.625000
corr=0.626969	step=0.625000
corr=0.626969	step=0.312500
corr=0.627014	step=0.312500
corr=0.627014	step=0.156250
STAT: ImproveCpt: Final deformable mesh correlation 0.627014, (threshold 0.250000).

---- Matlab A-Sys Originals ----
x=[0.000000 1344.000000 0.000000 0.000000]; y=[0.000000 0.000000 137.000000 0.000000]; plot(x,y); hold on;
x=[0.000000 1344.000000 1344.000000 0.000000]; y=[137.000000 0.000000 137.000000 137.000000]; plot(x,y); hold on;

---- Matlab B-Sys Originals ----
x=[37.142757 1375.861395 35.620689 37.142757]; y=[900.741494 934.568289 1036.512013 900.741494]; plot(x,y); hold on;
x=[35.620689 1375.861395 1374.339327 35.620689]; y=[1036.512013 934.568289 1070.338808 1036.512013]; plot(x,y); hold on;

---- Matlab B-Sys Optimized ----
x=[37.551025 1375.829759 35.158284 37.551025]; y=[901.491199 934.232322 1036.021408 901.491199]; plot(x,y); hold on;
x=[35.158284 1375.829759 1375.279366 35.158284]; y=[1036.021408 934.232322 1070.571563 1036.021408]; plot(x,y); hold on;

---- Deltas ----
id=     0: dx=    0.41 dy=    0.75 d=    0.85
id=     1: dx=   -0.03 dy=   -0.34 d=    0.34
id=     2: dx=   -0.46 dy=   -0.49 d=    0.67
id=     3: dx=    0.94 dy=    0.23 d=    0.97

---- Areas ----
Triangle 0, area was    92064.0, is    90058.6,   -2.2%
Triangle 1, area was    92064.0, is    91365.1,   -0.8%
Combined: area was   184128.0, is   181423.7,   -1.5%

---- Transforms ----
 0.9957 -0.0175    37.55    0.0244  0.9820   901.49
 0.9971 -0.0040    35.71    0.0257  0.9952   899.68

---- QC - deformable ----
Remapping 1431040 points.
Metrics: DEF: Mean square difference 0.746249
Metrics: DEF: Smallest footprint deg=0, area=188020
MetricImages: Range x 0 1343, y 0 140, use Nx=1344, Ny=142
Approximate EM metric 0.117330 for 190848 points.
All points, deformable, dfm 0.117330

Metrics: TRI: Mean square difference 0.599901
Metrics: TRI: Smallest footprint deg=0, area=188020
MetricImages: Range x 0 1343, y 0 140, use Nx=1344, Ny=142
Approximate EM metric 0.065132 for 190848 points.
%Yellow: Tol   1.05  red   35.6  yellow   26.0  green   38.4
%Yellow: Tol   1.10  red   28.5  yellow   44.8  green   26.7
%Yellow: Tol   1.15  red   23.6  yellow   55.2  green   21.1
%Yellow: Tol   1.20  red   19.5  yellow   62.4  green   18.1
%Yellow: Tol   1.25  red   16.1  yellow   68.4  green   15.5
Triangle 0: 92808 points, corr 0.700039, fm 0.065132, yellow 0.68

Metrics: TRI: Mean square difference 0.918787
Metrics: TRI: Smallest footprint deg=2, area=141435
MetricImages: Range x -4 1343, y 47 152, use Nx=1348, Ny=106
Approximate EM metric 0.055304 for 142888 points.
%Yellow: Tol   1.05  red   43.7  yellow   19.3  green   37.1
%Yellow: Tol   1.10  red   34.9  yellow   33.7  green   31.4
%Yellow: Tol   1.15  red   28.4  yellow   44.4  green   27.2
%Yellow: Tol   1.20  red   23.3  yellow   52.8  green   23.8
%Yellow: Tol   1.25  red   19.1  yellow   59.9  green   21.0
Triangle 1: 72698 points, corr 0.540593, fm 0.055304, yellow 0.60


---- Final reports ----
STAT: Overall 165506 points, corr 0.6270, EMM 0.1173, weighted EMM 0.0608, cor+dfm 0.7443, weighted yellow 0.6465

Angle span: min, max, delta = 0.014919 0.021146 0.006227
Mesh-Thm: 0.0032  0.0114     2.18    0.0024  0.0108     2.30 2x(LDR,LDC)=(0.20,200.00) -- OK.

Final remapping of 1431040 points.
Center 430.331645 43.865651:  0.9957 -0.0175    37.55    0.0244  0.9820   901.49
Mapping region 1 xy= 430.331645 43.865651 to region 1 xy= 465.284669 955.049345
Center 825.834310 94.909486:  0.9971 -0.0040    35.71    0.0257  0.9952   899.68
Mapping region 1 xy= 825.834310 94.909486 to region 1 xy= 858.778251 1015.363590

Pipe: Returning 2 total transforms.

---- Summary Region-region results ----
Pipe: Table Headers {Az t r Bz t r thmok ntri}
FOUND:     2   12   1      1   13   1   1   2

---- Tabulating point matches ----

Timer: Alignment took 0.970 seconds.

main: Got 2 mapping regions.
main: Transform   0:  0.9957 -0.0175    37.55    0.0244  0.9820   901.49
main: Transform   1:  0.9971 -0.0040    35.71    0.0257  0.9952   899.68

main: Average:  0.9964 -0.0107     0.00    0.0250  0.9886     0.00
main: Degrees: 1.03252
main: Residue:  0.9967  0.0071     0.00    0.0071  0.9886     0.00

main: Inverse:  1.0033  0.0109    -0.00   -0.0254  1.0113    -0.00
main: Degrees: -1.03252
main: Residue:  1.0036 -0.0073     0.00   -0.0073  1.0113     0.00

main: Normal completion for dmesh run.
Timer: Total took 1.220 seconds.

---- Memory ----
Host name: h02u07.int.janelia.org
PID:       26451
User time:       1 seconds.
System time:     0 seconds.
VmPeak:	  423156 kB
VmSize:	  124264 kB
VmLck:	       0 kB
VmHWM:	  339740 kB
VmRSS:	   39420 kB
VmData:	   36404 kB
VmStk:	      96 kB
VmExe:	     800 kB
VmLib:	   61764 kB
VmPTE:	     232 kB
VmSwap:	       0 kB
voluntary_ctxt_switches:	25
nonvoluntary_ctxt_switches:	16

