
---- dmesh start ----
main: Start: Fri Aug  8 18:53:04 2014


---- Match parameters ----
PXBRO=2            <default 2>        "Max Legendre poly order for bkg removal"
PXLENS=N           <default N>        "Y=Apply IDB/lens.txt"
PXRESMSK=N         <default N>        "Y=Apply resin mask"
PXDOG=N            <default N>        "Y=Apply DoG filter"
PXDOG_R1=3         <default 3>        "DoG inner radius"
PXDOG_R2=6         <default 6>        "DoG outer radius"
FLD=N              <default X>        "Mask usage: Y=Use, N=None, X=XL only"
PRETWEAK=N         <default N>        "Y=Auto-distort before angle scan"
SCALE=1            <default 1.0>      "Image-B / image-A scale factor"
XSCALE=1           <default 1.0>      "Image-B / image-A x-axis scale factor"
YSCALE=1           <default 1.0>      "Image-B / image-A y-axis scale factor"
SKEW=0             <default 0.0>      "Transform elem[3] user-applied distortion"
MODE_SL=M          <default Z>        "Notes above"
MODE_XL=N          <default Y>        "Notes above"
TAB2DFM_SL=N       <default Y>        "Adopt Tdfm from Tab"
TAB2DFM_XL=Y       <default Y>        "Adopt Tdfm from Tab"
XYCONF_SL=1.0      <default 0.0>      "[0,1.0] confidence in Tab XY"
XYCONF_XL=0.8      <default 0.0>      "[0,1.0] confidence in Tab XY"
THMDEC_SL=8        <default 8>        "2^N thumb decimation factor"
THMDEC_XL=8        <default 8>        "2^N thumb decimation factor"
OLAP1D_SL=0        <default 0>        "Min 1D pix full-size overlap"
OLAP1D_XL=0        <default 0>        "Min 1D pix full-size overlap"
OLAP2D_SL=60000    <default 25000>    "Min 2D pix full-size overlap"
OLAP2D_XL=160000   <default 200000>   "Min 2D pix full-size overlap"
NBMXHT_SL=0.75     <default 0.75>     "Max F(neib)/F(pk) in guard zone"
NBMXHT_XL=0.75     <default 0.75>     "Max F(neib)/F(pk) in guard zone"
HFANGDN_SL=5       <default 5.0>      "Half angle search range denovo"
HFANGDN_XL=45      <default 45.0>     "Half angle search range denovo"
HFANGPR_SL=1       <default 1.0>      "Half angle search range prior angles"
HFANGPR_XL=4       <default 1.0>      "Half angle search range prior angles"
RTRSH_SL=0.3       <default 0.3>      "R corr thresh"
RTRSH_XL=0.3       <default 0.3>      "R corr thresh"
TWEAKS=N           <default N>        "Y=Try 8 near unity distortions"
LIMXY_SL=30        <default 0>        "0 or Max XY delta from Tab"
LIMXY_XL=80        <default 0>        "0 or Max XY delta from Tab"
OPT_SL=Y           <default Y(EM)>    "Y=Enable mesh optimizer"
RIT_SL=0.50        <default 0.20>     "Min mesh starting corr"
RIT_XL=0.1         <default 0.20>     "Min mesh starting corr"
RFA_SL=0.55        <default 0.3>      "Affine-only final corr"
RFA_XL=0.20        <default 0.3>      "Affine-only final corr"
RFT_SL=0.65        <default 0.5>      "Full mesh final corr"
RFT_XL=0.25        <default 0.5>      "Full mesh final corr"
TMC=5              <default 30.0%>    "Max single triangle area change"
TSC=9              <default 9.0%>     "Max summed triangle area change"
MNL=250            <default 300>      "Triangle edges between MNL and 2*MNL"
MTA=120000         <default 10000>    "Min triangle size (pixels)"
MMA=60000          <default 100000>   "Min 2D overlap for mesh"
ONE=N              <default N>        "Y=Use just one affine transform"
IFM=0.50           <default 0.50>     "Min Fourier Metric after affine-only"
FFM=0.65           <default 0.65>     "Min Fourier Metric after full mesh"
FYL=0.5            <default 0.50>     "Min fraction of yellow pixels"
CPD=0.5            <default 0.50>     "Min Correlation + DFM"
EMM=Y              <default Y>        "Y=Use Earth Mover's Metric, N=Use Fourier"
EMT=0.14           <default 0.2>      "Earth Movers Metric thresh"
WDI=N              <default N>        "Y=Write diff images (Fourier, EMM metrics)"
LDA=0.2            <default 0.2>      "Max radian delta between triangles"
LDR=0.1            <default 0.1>      "Max sine delta between triangles"
LDC=100            <default 100.0>    "Max XY delta between triangles"
DXY=100            <default 100.0>    "Max delta from user input XYs"
WMT=N              <default Y>        "Y=Write map.tif files"
WTT=N              <default Y>        "Y=Write tf.txt files"


---- Input images ----
Til2Img entry: A T=[ 1.0000  0.0000     0.00  0.0000  1.0000   857.00] path=[/groups/apig/tomo/DEMO/TIF/C1_12_2.tif].
Til2Img entry: B T=[ 1.0000  0.0000     0.00  0.0000  1.0000  1714.00] path=[/groups/apig/tomo/DEMO/TIF/B1_11_2.tif].


---- Command-line overrides ----
Tab=  0.9993 -0.0224    24.37    0.0224  0.9998  -821.71
Tdfm= 0.9996  0.0000     0.00    0.0000  1.0000     0.00
FLD=N


---- Image loading ----
Raster8FromTif: Opening [/groups/apig/tomo/DEMO/TIF/C1_12_2.tif].
Raster8FromTif: Bits per sample 8, samples per pixel 1
Raster8FromTif: Picture is 1376 by 1040, 1431040 pixels total.
TIF(8): Last Encoded strip had 1376 bytes.
Raster8FromTif: Opening [/groups/apig/tomo/DEMO/TIF/B1_11_2.tif].
Raster8FromTif: Bits per sample 8, samples per pixel 1
Raster8FromTif: Picture is 1376 by 1040, 1431040 pixels total.
TIF(8): Last Encoded strip had 1376 bytes.
PixPair: Using image scale=1.
Timer: Image conditioning took 0.260 seconds.

---- Foldmaps ----

---- Connected regions ----
Forcing single connected region.

---- Begin A-1 to B-1 ----

---- Thumbnail matching ----
Subimage: Using intersection, w=1357, h=383, pix=519731
Thumbs: After decimation 8160 pts, reqArea 2501, thmscl 8
SetDisc( -1, -21, 10, 10 )
Initial: R= 0.837, A=   1.282, X=   -0.80, Y=  -20.28
Peak-Disc: dR 5 dX 1 dY 5
Approx: LowRes  R=0.837, X=-6.405, Y=-162.224
Approx: FullRes R=0.123, X=-5.282, Y=-162.760, use=Y.
Timer: FinishAtFullRes took 0.420 seconds.
Approx: Returning A=1.282148, R=0.837073, X=28.410098, Y=-819.613807
Approx: Best transform  0.9993 -0.0224    28.41    0.0224  0.9998  -819.61
Approx: Orig transform  0.9993 -0.0224    24.37    0.0224  0.9998  -821.71
Approx: Idnt transform  1.0000  0.0000     4.08    0.0000  1.0000     2.00
Approx: err = 4.54785, max = 80

---- Starting detailed region mapping ----
Roughly 323219 pixels map to B.
Region size is [0 1371] in x, [789 1039] in y.

---- Building mesh - affine ----
Computed simple triangle.

---- ImproveMesh - affine ----
Tri: (0 789) (1371 789) (685 1039).

---- Matlab Vertices ----
x=[0 1371 685 0]; y=[789 789 1039 789]; plot(x,y); hold on;

---- ImproveControlPts ----
STAT: ImproveCpt: Initial affine correlation 0.333488 (323219 pixels).
corr=0.333488	step=10.000000
corr=0.333488	step=5.000000
corr=0.333488	step=2.500000
corr=0.335601	step=2.500000
corr=0.335910	step=2.500000
corr=0.337097	step=2.500000
corr=0.337263	step=2.500000
corr=0.337728	step=2.500000
corr=0.337728	step=1.250000
corr=0.338646	step=1.250000
corr=0.338646	step=0.625000
corr=0.338646	step=0.312500
corr=0.338673	step=0.312500
corr=0.338678	step=0.312500
STAT: ImproveCpt: Final affine correlation 0.338678, (threshold 0.200000).

---- Matlab A-Sys Originals ----
x=[0.000000 1371.000000 685.000000 0.000000]; y=[789.000000 789.000000 1039.000000 789.000000]; plot(x,y); hold on;

---- Matlab B-Sys Originals ----
x=[10.765691 1380.852605 689.718731 10.765691]; y=[-30.788965 -0.105985 234.485835 -30.788965]; plot(x,y); hold on;

---- Matlab B-Sys Optimized ----
x=[13.021133 1379.616708 689.216222 13.021133]; y=[-27.027701 -2.279522 235.344312 -27.027701]; plot(x,y); hold on;

---- Deltas ----
id=     0: dx=    2.26 dy=    3.76 d=    4.39
id=     1: dx=   -1.24 dy=   -2.17 d=    2.50
id=     2: dx=   -0.50 dy=    0.86 d=    0.99

---- Areas ----
Triangle 0, area was   171375.0, is   170910.9,   -0.3%
Combined: area was   171375.0, is   170910.9,   -0.3%

---- Transforms ----
 0.9968 -0.0264    33.86    0.0181  1.0000  -816.05
Best affine transform:  0.9968 -0.0264    33.86    0.0181  1.0000  -816.05
    Inverse transform:  1.0027  0.0265   -12.34   -0.0181  0.9995   816.25

---- QC - affine ----
Metrics: AFF: Mean square difference 1.322350
Metrics: AFF: Smallest footprint deg=0, area=338884
MetricImages: Range x 0 1372, y 792 1039, use Nx=1374, Ny=248
Approximate EM metric 0.093091 for 340752 points.
%Yellow: Tol   1.05  red   36.1  yellow   22.8  green   41.1
%Yellow: Tol   1.10  red   31.0  yellow   36.5  green   32.5
%Yellow: Tol   1.15  red   26.6  yellow   46.3  green   27.0
%Yellow: Tol   1.20  red   23.2  yellow   54.2  green   22.7
%Yellow: Tol   1.25  red   20.4  yellow   60.5  green   19.0
Affine Triangle: 323140 points, corr 0.338822, fm 0.093091, yellow 0.61

---- Building mesh - deformable ----
Lx Dx Nx:  1371  1371.00   1
Ly Dy Ny:   250   250.00   1

STAT: From 323219 pts, got 2 triangles, 4 control points.
Timer: MeshCreate took 0.000 seconds.

---- ImproveMesh - deformable mesh ----
Tri: (0 789) (1371 789) (0 1039).
Tri: (0 1039) (1371 789) (1371 1039).

---- Matlab Vertices ----
x=[0 1371 0 0]; y=[789 789 1039 789]; plot(x,y); hold on;
x=[0 1371 1371 0]; y=[1039 789 1039 1039]; plot(x,y); hold on;

---- ImproveControlPts ----
STAT: ImproveCpt: Initial deformable mesh correlation 0.338678 (323219 pixels).
corr=0.338678	step=10.000000
corr=0.338678	step=5.000000
corr=0.338678	step=2.500000
corr=0.338678	step=1.250000
corr=0.338678	step=0.625000
STAT: ImproveCpt: Final deformable mesh correlation 0.338678, (threshold 0.250000).

---- Matlab A-Sys Originals ----
x=[0.000000 1371.000000 0.000000 0.000000]; y=[789.000000 789.000000 1039.000000 789.000000]; plot(x,y); hold on;
x=[0.000000 1371.000000 1371.000000 0.000000]; y=[1039.000000 789.000000 1039.000000 1039.000000]; plot(x,y); hold on;

---- Matlab B-Sys Originals ----
x=[13.021133 1379.616708 6.416829 13.021133]; y=[-27.027701 -2.279522 222.979248 -27.027701]; plot(x,y); hold on;
x=[6.416829 1379.616708 1373.012404 6.416829]; y=[222.979248 -2.279522 247.727426 222.979248]; plot(x,y); hold on;

---- Matlab B-Sys Optimized ----
x=[13.021133 1379.616708 6.416829 13.021133]; y=[-27.027701 -2.279522 222.979248 -27.027701]; plot(x,y); hold on;
x=[6.416829 1379.616708 1373.012404 6.416829]; y=[222.979248 -2.279522 247.727426 222.979248]; plot(x,y); hold on;

---- Deltas ----
id=     0: dx=    0.00 dy=    0.00 d=    0.00
id=     1: dx=    0.00 dy=    0.00 d=    0.00
id=     2: dx=    0.00 dy=    0.00 d=    0.00
id=     3: dx=    0.00 dy=    0.00 d=    0.00

---- Areas ----
Triangle 0, area was   171375.0, is   170910.9,   -0.3%
Triangle 1, area was   171375.0, is   170910.9,   -0.3%
Combined: area was   342750.0, is   341821.8,   -0.3%

---- Transforms ----
 0.9968 -0.0264    33.86    0.0181  1.0000  -816.05
 0.9968 -0.0264    33.86    0.0181  1.0000  -816.05

---- QC - deformable ----
Remapping 1431040 points.
Metrics: DEF: Mean square difference 1.322350
Metrics: DEF: Smallest footprint deg=0, area=338884
MetricImages: Range x 0 1372, y 792 1039, use Nx=1374, Ny=248
Approximate EM metric 0.093091 for 340752 points.
All points, deformable, dfm 0.093091

Metrics: TRI: Mean square difference 1.247916
Metrics: TRI: Smallest footprint deg=8, area=304096
MetricImages: Range x -145 1231, y 808 1029, use Nx=1378, Ny=222
Approximate EM metric 0.064259 for 305916 points.
%Yellow: Tol   1.05  red   37.9  yellow   18.7  green   43.4
%Yellow: Tol   1.10  red   31.8  yellow   33.9  green   34.2
%Yellow: Tol   1.15  red   27.2  yellow   45.0  green   27.8
%Yellow: Tol   1.20  red   23.6  yellow   53.4  green   23.0
%Yellow: Tol   1.25  red   20.7  yellow   59.9  green   19.4
Triangle 0: 151418 points, corr 0.376035, fm 0.064259, yellow 0.60

Metrics: TRI: Mean square difference 1.385672
Metrics: TRI: Smallest footprint deg=0, area=338637
MetricImages: Range x 1 1372, y 792 1039, use Nx=1372, Ny=248
Approximate EM metric 0.058276 for 340256 points.
%Yellow: Tol   1.05  red   33.8  yellow   28.0  green   38.2
%Yellow: Tol   1.10  red   28.7  yellow   39.6  green   31.6
%Yellow: Tol   1.15  red   25.5  yellow   47.9  green   26.6
%Yellow: Tol   1.20  red   22.3  yellow   55.4  green   22.3
%Yellow: Tol   1.25  red   19.9  yellow   61.1  green   19.0
Triangle 1: 171722 points, corr 0.307158, fm 0.058276, yellow 0.61


---- Final reports ----
STAT: Overall 323140 points, corr 0.3387, EMM 0.0931, weighted EMM 0.0611, cor+dfm 0.4318, weighted yellow 0.6054

Angle span: min, max, delta = 0.022266 0.022266 0.000000
Mesh-Thm: 0.0025  0.0041     5.45    0.0043  0.0002     3.56 2x(LDR,LDC)=(0.20,200.00) -- OK.

Final remapping of 1431040 points.
Center 438.976700 869.046809:  0.9968 -0.0264    33.86    0.0181  1.0000  -816.05
Mapping region 1 xy= 438.976700 869.046809 to region 1 xy= 448.472978 60.945384
Center 842.424731 962.192494:  0.9968 -0.0264    33.86    0.0181  1.0000  -816.05
Mapping region 1 xy= 842.424731 962.192494 to region 1 xy= 848.164257 161.376374

Pipe: Returning 2 total transforms.

---- Summary Region-region results ----
Pipe: Table Headers {Az t r Bz t r thmok ntri}
FOUND:     2   12   1      1   11   1   1   2

---- Tabulating point matches ----

Timer: Alignment took 1.190 seconds.

main: Got 2 mapping regions.
main: Transform   0:  0.9968 -0.0264    33.86    0.0181  1.0000  -816.05
main: Transform   1:  0.9968 -0.0264    33.86    0.0181  1.0000  -816.05

main: Average:  0.9968 -0.0264     0.00    0.0181  1.0000     0.00
main: Degrees: 1.27575
main: Residue:  0.9969 -0.0041     0.00   -0.0041  1.0004     0.00

main: Inverse:  1.0027  0.0265    -0.00   -0.0181  0.9995    -0.00
main: Degrees: -1.27575
main: Residue:  1.0029  0.0042     0.00    0.0042  0.9998     0.00

main: Normal completion for dmesh run.
Timer: Total took 1.460 seconds.

---- Memory ----
Host name: h02u07.int.janelia.org
PID:       26453
User time:       1 seconds.
System time:     0 seconds.
VmPeak:	  441080 kB
VmSize:	  143656 kB
VmLck:	       0 kB
VmHWM:	  357676 kB
VmRSS:	   58016 kB
VmData:	   55796 kB
VmStk:	      96 kB
VmExe:	     800 kB
VmLib:	   61764 kB
VmPTE:	     264 kB
VmSwap:	       0 kB
voluntary_ctxt_switches:	24
nonvoluntary_ctxt_switches:	17

