Scapeops start: Fri Aug  8 18:50:25 2014 /groups/apig/tomo/DEMO/temp0/X_A_BIN_mons -script=/groups/apig/tomo/DEMO/prms/scriptparams.txt -idb=/groups/apig/tomo/DEMO/idb0 -mb -ab -za=1 -zb=0

---- Script parameters ----
slotspernode=16        <typical 16>      "fixed slot count per cluster node"
usingfoldmasks=N       <typical N>       "Y=Each tile gets foldmask image"
croprectfile=          <path or blank>   "{cam,x0,y0,dx,dy} for ea. cam"
makefmjparam=4         <typical 4>       "'fsub'/make.fm -j #concurrent_procs"
makefmslots=4          <typical 4>       "'fsub'/make.fm slots per qsub (>= jparam)"
createauxdirs=N        <typical N>       "Y=create special dirs for aux ptest info"
montageblocksize=8     <typical 8>       "montage work grid cell size^2 tiles"
mintileolapfrac=0.02   <typical 0.02>    "min layout tile area frac for overlap"
ignorecorners=N        <typical N>       "Y=using row/col data, omit corner-corner pairs"
makesamejparam=4       <typical 4>       "'ssub'/make.same -j #concurrent_procs"
makesameslots=4        <typical 4>       "'ssub'/make.same slots per qsub (>= jparam)"
crossscale=8           <typical 50>      "scale reduction for strips and blocks"
legendremaxorder=2     <typical 1>       "max order Legendre poly bkgnd subtraction"
rendersdevcnts=42      <typical 42>      "rescale making 1 stdev this many cnts"
maskoutresin=N         <typical N>       "Y=remove resin pixels from EM rendering"
stripwidth=5           <typical 15>      "strips n tiles wide in short dimension (0 -> full)"
stripsweepspan=360     <typical 360.0>   "strip angle sweep span (deg, 0 -> force 0)"
stripsweepstep=5       <typical 5.0>     "strip sweep step size (deg, step > 0)"
stripmincorr=0.02      <typical 0.02>    "try bigger strips if correlation this low"
stripslots=8           <typical 8>       "subscapes.sht/scapeops slots/threads per job"
crossblocksize=10      <typical 10>      "block work grid cell size^2 tiles"
blocksweepspan=8       <typical 8.0>     "block angle sweep span (deg)"
blocksweepstep=0.2     <typical 0.2>     "block sweep step size (deg, step > 0)"
blockxyconf=0.75       <typical 0.75>    "search radius = (1-conf)(blockwide)"
blockmincorr=0.2       <typical 0.45>    "min required block match correlation"
blocknomcorr=0.2       <typical 0.50>    "nominal block match correlation"
blocknomcoverage=0.90  <typical 0.90>    "nominal block area frac matched"
blockreqdz=1           <typical 1>       "connect to at least reqdz layers (<= maxdz)"
blockmaxdz=10          <typical 10>      "max z-index span of useful correlation"
blockslots=8           <typical 8>       "bsub.sht/cross_thisblock slots/threads per job"
makedownjparam=4       <typical 4>       "'dsub'/make.down -j #concurrent_procs"
makedownslots=4        <typical 4>       "'dsub'/make.down slots per qsub (>= jparam)"
xmlpixeltype=0         <typical 0>       "ImagePlus type code (above)"
xmlsclmin=0            <typical 0>       "intensity scale min"
xmlsclmax=0            <typical 0>       "intensity scale max"

Got 28 images.
Raster8FromTif: Opening [/groups/apig/tomo/DEMO/TIF/A1_0_2.tif].
Raster8FromTif: Bits per sample 8, samples per pixel 1
Raster8FromTif: Picture is 1376 by 1040, 1431040 pixels total.
TIF(8): Last Encoded strip had 1376 bytes.
Timer: ReadFile took 0.070 seconds.
Raster8FromTif: Opening [/groups/apig/tomo/DEMO/TIF/A1_10_2.tif].
Raster8FromTif: Opening [/groups/apig/tomo/DEMO/TIF/A1_7_2.tif].
Raster8FromTif: Opening [/groups/apig/tomo/DEMO/TIF/A1_13_2.tif].
Raster8FromTif: Opening [/groups/apig/tomo/DEMO/TIF/A1_4_2.tif].
Raster8FromTif: Bits per sample 8, samples per pixel 1
Raster8FromTif: Picture is 1376 by 1040, 1431040 pixels total.
Raster8FromTif: Bits per sample 8, samples per pixel 1
Raster8FromTif: Picture is 1376 by 1040, 1431040 pixels total.
Raster8FromTif: Bits per sample 8, samples per pixel 1
Raster8FromTif: Picture is 1376 by 1040, 1431040 pixels total.
TIF(8): Last Encoded strip had 1376 bytes.
TIF(8): Last Encoded strip had 1376 bytes.
Raster8FromTif: Bits per sample 8, samples per pixel 1
Raster8FromTif: Picture is 1376 by 1040, 1431040 pixels total.
TIF(8): Last Encoded strip had 1376 bytes.
TIF(8): Last Encoded strip had 1376 bytes.
Raster8FromTif: Opening [/groups/apig/tomo/DEMO/TIF/A1_3_2.tif].
Raster8FromTif: Opening [/groups/apig/tomo/DEMO/TIF/A1_9_2.tif].
Raster8FromTif: Opening [/groups/apig/tomo/DEMO/TIF/A1_6_2.tif].
Raster8FromTif: Opening [/groups/apig/tomo/DEMO/TIF/A1_12_2.tif].
Raster8FromTif: Bits per sample 8, samples per pixel 1
Raster8FromTif: Picture is 1376 by 1040, 1431040 pixels total.
Raster8FromTif: Bits per sample 8, samples per pixel 1
Raster8FromTif: Picture is 1376 by 1040, 1431040 pixels total.
TIF(8): Last Encoded strip had 1376 bytes.
Raster8FromTif: Bits per sample 8, samples per pixel 1
Raster8FromTif: Picture is 1376 by 1040, 1431040 pixels total.
TIF(8): Last Encoded strip had 1376 bytes.
Raster8FromTif: Bits per sample 8, samples per pixel 1
Raster8FromTif: Picture is 1376 by 1040, 1431040 pixels total.
TIF(8): Last Encoded strip had 1376 bytes.
TIF(8): Last Encoded strip had 1376 bytes.
Raster8FromTif: Opening [/groups/apig/tomo/DEMO/TIF/A1_2_2.tif].
Raster8FromTif: Opening [/groups/apig/tomo/DEMO/TIF/A1_8_2.tif].
Raster8FromTif: Bits per sample 8, samples per pixel 1
Raster8FromTif: Picture is 1376 by 1040, 1431040 pixels total.
Raster8FromTif: Opening [/groups/apig/tomo/DEMO/TIF/A1_5_2.tif].
TIF(8): Last Encoded strip had 1376 bytes.
Raster8FromTif: Opening [/groups/apig/tomo/DEMO/TIF/A1_11_2.tif].
Raster8FromTif: Bits per sample 8, samples per pixel 1
Raster8FromTif: Picture is 1376 by 1040, 1431040 pixels total.
Raster8FromTif: Bits per sample 8, samples per pixel 1
Raster8FromTif: Picture is 1376 by 1040, 1431040 pixels total.
Raster8FromTif: Bits per sample 8, samples per pixel 1
Raster8FromTif: Picture is 1376 by 1040, 1431040 pixels total.
TIF(8): Last Encoded strip had 1376 bytes.
TIF(8): Last Encoded strip had 1376 bytes.
TIF(8): Last Encoded strip had 1376 bytes.
Raster8FromTif: Opening [/groups/apig/tomo/DEMO/TIF/A1_1_2.tif].
Raster8FromTif: Bits per sample 8, samples per pixel 1
Raster8FromTif: Picture is 1376 by 1040, 1431040 pixels total.
TIF(8): Last Encoded strip had 1376 bytes.
Raster8FromTif: Opening [/groups/apig/tomo/DEMO/TIF/A1_0_2.tif].
Raster8FromTif: Bits per sample 8, samples per pixel 1
Raster8FromTif: Picture is 1376 by 1040, 1431040 pixels total.
TIF(8): Last Encoded strip had 1376 bytes.
*M: z deg [l,r,b,t] scl [ws,hs] [x0,y0]
0 0 [0,2524,0,6187] 8 [316,774] [0,0]
Timer: MakeMontage took 0.740 seconds.
Raster8FromTif: Opening [/groups/apig/tomo/DEMO/TIF/B1_10_2.tif].
Raster8FromTif: Opening [/groups/apig/tomo/DEMO/TIF/B1_7_2.tif].
Raster8FromTif: Opening [/groups/apig/tomo/DEMO/TIF/B1_13_2.tif].
Raster8FromTif: Opening [/groups/apig/tomo/DEMO/TIF/B1_4_2.tif].
Raster8FromTif: Bits per sample 8, samples per pixel 1
Raster8FromTif: Picture is 1376 by 1040, 1431040 pixels total.
Raster8FromTif: Bits per sample 8, samples per pixel 1
Raster8FromTif: Picture is 1376 by 1040, 1431040 pixels total.
Raster8FromTif: Bits per sample 8, samples per pixel 1
Raster8FromTif: Picture is 1376 by 1040, 1431040 pixels total.
Raster8FromTif: Bits per sample 8, samples per pixel 1
Raster8FromTif: Picture is 1376 by 1040, 1431040 pixels total.
TIF(8): Last Encoded strip had 1376 bytes.
TIF(8): Last Encoded strip had 1376 bytes.
TIF(8): Last Encoded strip had 1376 bytes.
TIF(8): Last Encoded strip had 1376 bytes.
Raster8FromTif: Opening [/groups/apig/tomo/DEMO/TIF/B1_12_2.tif].
Raster8FromTif: Opening [/groups/apig/tomo/DEMO/TIF/B1_3_2.tif].
Raster8FromTif: Opening [/groups/apig/tomo/DEMO/TIF/B1_6_2.tif].
Raster8FromTif: Opening [/groups/apig/tomo/DEMO/TIF/B1_9_2.tif].
Raster8FromTif: Bits per sample 8, samples per pixel 1
Raster8FromTif: Picture is 1376 by 1040, 1431040 pixels total.
Raster8FromTif: Bits per sample 8, samples per pixel 1
Raster8FromTif: Picture is 1376 by 1040, 1431040 pixels total.
TIF(8): Last Encoded strip had 1376 bytes.
Raster8FromTif: Bits per sample 8, samples per pixel 1
Raster8FromTif: Picture is 1376 by 1040, 1431040 pixels total.
Raster8FromTif: Bits per sample 8, samples per pixel 1
Raster8FromTif: Picture is 1376 by 1040, 1431040 pixels total.
TIF(8): Last Encoded strip had 1376 bytes.
TIF(8): Last Encoded strip had 1376 bytes.
TIF(8): Last Encoded strip had 1376 bytes.
Raster8FromTif: Opening [/groups/apig/tomo/DEMO/TIF/B1_11_2.tif].
Raster8FromTif: Opening [/groups/apig/tomo/DEMO/TIF/B1_5_2.tif].
Raster8FromTif: Opening [/groups/apig/tomo/DEMO/TIF/B1_2_2.tif].
Raster8FromTif: Bits per sample 8, samples per pixel 1
Raster8FromTif: Picture is 1376 by 1040, 1431040 pixels total.
Raster8FromTif: Opening [/groups/apig/tomo/DEMO/TIF/B1_8_2.tif].
TIF(8): Last Encoded strip had 1376 bytes.
Raster8FromTif: Bits per sample 8, samples per pixel 1
Raster8FromTif: Picture is 1376 by 1040, 1431040 pixels total.
Raster8FromTif: Bits per sample 8, samples per pixel 1
Raster8FromTif: Picture is 1376 by 1040, 1431040 pixels total.
Raster8FromTif: Bits per sample 8, samples per pixel 1
Raster8FromTif: Picture is 1376 by 1040, 1431040 pixels total.
TIF(8): Last Encoded strip had 1376 bytes.
TIF(8): Last Encoded strip had 1376 bytes.
TIF(8): Last Encoded strip had 1376 bytes.
Raster8FromTif: Opening [/groups/apig/tomo/DEMO/TIF/B1_1_2.tif].
Raster8FromTif: Bits per sample 8, samples per pixel 1
Raster8FromTif: Picture is 1376 by 1040, 1431040 pixels total.
TIF(8): Last Encoded strip had 1376 bytes.
Raster8FromTif: Opening [/groups/apig/tomo/DEMO/TIF/B1_0_2.tif].
Raster8FromTif: Bits per sample 8, samples per pixel 1
Raster8FromTif: Picture is 1376 by 1040, 1431040 pixels total.
TIF(8): Last Encoded strip had 1376 bytes.
Raster8FromTif: Opening [/groups/apig/tomo/DEMO/TIF/A1_10_2.tif].
Raster8FromTif: Opening [/groups/apig/tomo/DEMO/TIF/A1_13_2.tif].
Raster8FromTif: Opening [/groups/apig/tomo/DEMO/TIF/A1_7_2.tif].
Raster8FromTif: Bits per sample 8, samples per pixel 1
Raster8FromTif: Picture is 1376 by 1040, 1431040 pixels total.
Raster8FromTif: Opening [/groups/apig/tomo/DEMO/TIF/A1_4_2.tif].
Raster8FromTif: Bits per sample 8, samples per pixel 1
Raster8FromTif: Picture is 1376 by 1040, 1431040 pixels total.
Raster8FromTif: Bits per sample 8, samples per pixel 1
Raster8FromTif: Picture is 1376 by 1040, 1431040 pixels total.
Raster8FromTif: Bits per sample 8, samples per pixel 1
Raster8FromTif: Picture is 1376 by 1040, 1431040 pixels total.
TIF(8): Last Encoded strip had 1376 bytes.
TIF(8): Last Encoded strip had 1376 bytes.
TIF(8): Last Encoded strip had 1376 bytes.
TIF(8): Last Encoded strip had 1376 bytes.
Raster8FromTif: Opening [/groups/apig/tomo/DEMO/TIF/A1_9_2.tif].
Raster8FromTif: Opening [/groups/apig/tomo/DEMO/TIF/A1_12_2.tif].
Raster8FromTif: Bits per sample 8, samples per pixel 1
Raster8FromTif: Picture is 1376 by 1040, 1431040 pixels total.
Raster8FromTif: Bits per sample 8, samples per pixel 1
Raster8FromTif: Picture is 1376 by 1040, 1431040 pixels total.
TIF(8): Last Encoded strip had 1376 bytes.
TIF(8): Last Encoded strip had 1376 bytes.
Raster8FromTif: Opening [/groups/apig/tomo/DEMO/TIF/A1_3_2.tif].
Raster8FromTif: Bits per sample 8, samples per pixel 1
Raster8FromTif: Picture is 1376 by 1040, 1431040 pixels total.
Raster8FromTif: Opening [/groups/apig/tomo/DEMO/TIF/A1_6_2.tif].
Raster8FromTif: Bits per sample 8, samples per pixel 1
Raster8FromTif: Picture is 1376 by 1040, 1431040 pixels total.
TIF(8): Last Encoded strip had 1376 bytes.
TIF(8): Last Encoded strip had 1376 bytes.
Raster8FromTif: Opening [/groups/apig/tomo/DEMO/TIF/A1_11_2.tif].
Raster8FromTif: Bits per sample 8, samples per pixel 1
Raster8FromTif: Picture is 1376 by 1040, 1431040 pixels total.
TIF(8): Last Encoded strip had 1376 bytes.
Raster8FromTif: Opening [/groups/apig/tomo/DEMO/TIF/A1_8_2.tif].
Raster8FromTif: Bits per sample 8, samples per pixel 1
Raster8FromTif: Picture is 1376 by 1040, 1431040 pixels total.
TIF(8): Last Encoded strip had 1376 bytes.
Raster8FromTif: Opening [/groups/apig/tomo/DEMO/TIF/A1_5_2.tif].
Raster8FromTif: Bits per sample 8, samples per pixel 1
Raster8FromTif: Picture is 1376 by 1040, 1431040 pixels total.
Raster8FromTif: Opening [/groups/apig/tomo/DEMO/TIF/A1_2_2.tif].
Raster8FromTif: Bits per sample 8, samples per pixel 1
Raster8FromTif: Picture is 1376 by 1040, 1431040 pixels total.
TIF(8): Last Encoded strip had 1376 bytes.
TIF(8): Last Encoded strip had 1376 bytes.
Raster8FromTif: Opening [/groups/apig/tomo/DEMO/TIF/A1_1_2.tif].
Raster8FromTif: Bits per sample 8, samples per pixel 1
Raster8FromTif: Picture is 1376 by 1040, 1431040 pixels total.
TIF(8): Last Encoded strip had 1376 bytes.
Raster8FromTif: Opening [/groups/apig/tomo/DEMO/TIF/A1_0_2.tif].
Raster8FromTif: Bits per sample 8, samples per pixel 1
Raster8FromTif: Picture is 1376 by 1040, 1431040 pixels total.
TIF(8): Last Encoded strip had 1376 bytes.
Timer: MakeStrips took 1.480 seconds.
*A: z deg [l,r,b,t] scl [ws,hs] [x0,y0]
1 0 [0,2525,0,6188] 8 [316,774] [0,0]
*B: z deg [l,r,b,t] scl [ws,hs] [x0,y0]
0 0 [0,2524,0,6187] 8 [316,774] [0,0]

---- Thumbnail matching ----
AngleScan: center=0.000, hlfwid=180.000, step=5.000
Center: R= 0.400, A=   0.000, X=  -27.53, Y=   27.14
  Scan: R= 0.075, A= -10.000, X=  -32.63, Y=   -6.08
  Scan: R= 0.076, A=  -8.333, X=  -19.90, Y=   -8.34
  Scan: R= 0.085, A=  -6.667, X=  -88.20, Y=   59.27
  Scan: R= 0.112, A=  -5.000, X=  -77.85, Y=   53.09
  Scan: R= 0.145, A=  -3.333, X=  -64.04, Y=   39.88
  Scan: R= 0.204, A=  -1.667, X=  -46.01, Y=   32.73
  Scan: R= 0.400, A=   0.000, X=  -27.53, Y=   27.14
  Scan: R= 0.804, A=   1.667, X=  -11.07, Y=   23.43
  Scan: R= 0.284, A=   3.333, X=    7.02, Y=   20.20
  Scan: R= 0.180, A=   5.000, X=   22.75, Y=   13.74
  Scan: R= 0.113, A=   6.667, X=   45.22, Y=   14.21
  Scan: R= 0.089, A=   8.333, X=   65.00, Y=   11.49
  Scan: R= 0.075, A=  10.000, X=  102.91, Y= -134.86
  Scan: R= 0.065, A= 170.000, X=  372.88, Y=  728.88
  Scan: R= 0.070, A= 171.667, X=  325.91, Y=  747.90
  Scan: R= 0.081, A= 173.333, X=  318.12, Y=  756.86
  Scan: R= 0.076, A= 175.000, X=  352.12, Y=  752.09
  Scan: R= 0.095, A= 176.667, X=  351.68, Y=  754.65
  Scan: R= 0.074, A= 178.333, X=  336.32, Y=  869.43
  Scan: R= 0.071, A= 180.000, X=  291.85, Y=  760.75
  Scan: R= 0.080, A= 181.667, X=  288.97, Y=  787.23
  Scan: R= 0.070, A= 183.333, X=  271.43, Y=  795.32
  Scan: R= 0.064, A= 185.000, X=  240.42, Y=  790.75
  Scan: R= 0.094, A= 186.667, X=  301.55, Y=  815.06
  Scan: R= 0.069, A= 188.333, X=  219.12, Y=  793.25
  Scan: R= 0.067, A= 190.000, X=  260.36, Y=  787.13
  Scan: R= 0.071, A=-180.000, X=  291.85, Y=  760.75
  Scan: R= 0.064, A=-175.000, X=  240.42, Y=  790.75
  Scan: R= 0.067, A=-170.000, X=  260.36, Y=  787.13
  Scan: R= 0.071, A=-165.000, X=  151.98, Y=  874.72
  Scan: R= 0.064, A=-160.000, X=  173.89, Y=  940.07
  Scan: R= 0.068, A=-155.000, X=  140.66, Y=  928.98
  Scan: R= 0.066, A=-150.000, X=   90.10, Y=  923.10
  Scan: R= 0.066, A=-145.000, X=   -4.00, Y=  861.00
  Scan: R= 0.074, A=-140.000, X=   33.08, Y=  908.27
  Scan: R= 0.059, A=-135.000, X=    1.44, Y=  888.99
  Scan: R= 0.076, A=-130.000, X=  -49.88, Y=  871.34
  Scan: R= 0.072, A=-125.000, X=  -74.21, Y=  855.99
  Scan: R= 0.064, A=-120.000, X= -124.00, Y=  801.01
  Scan: R= 0.056, A=-115.000, X= -143.58, Y=  797.34
  Scan: R= 0.051, A=-110.000, X= -171.70, Y=  781.08
  Scan: R= 0.048, A=-105.000, X= -131.84, Y=  603.03
  Scan: R= 0.047, A=-100.000, X= -220.99, Y=  739.84
  Scan: R= 0.054, A= -95.000, X= -270.08, Y=  548.35
  Scan: R= 0.059, A= -90.000, X= -231.21, Y=  579.99
  Scan: R= 0.051, A= -85.000, X= -276.18, Y=  603.74
  Scan: R= 0.056, A= -80.000, X= -267.23, Y=  353.95
  Scan: R= 0.045, A= -75.000, X= -257.17, Y=  577.88
  Scan: R= 0.047, A= -70.000, X= -256.03, Y=  349.90
  Scan: R= 0.056, A= -65.000, X= -304.32, Y=  438.67
  Scan: R= 0.049, A= -60.000, X= -302.82, Y=  421.75
  Scan: R= 0.057, A= -55.000, X= -226.98, Y=  301.92
  Scan: R= 0.057, A= -50.000, X= -278.14, Y=  326.09
  Scan: R= 0.053, A= -45.000, X= -277.88, Y=  176.92
  Scan: R= 0.068, A= -40.000, X= -254.40, Y=   64.84
  Scan: R= 0.065, A= -35.000, X= -215.22, Y=   25.40
  Scan: R= 0.056, A= -30.000, X= -131.34, Y=  254.98
  Scan: R= 0.062, A= -25.000, X= -154.65, Y=   66.95
  Scan: R= 0.060, A= -20.000, X= -173.00, Y=  130.02
  Scan: R= 0.070, A= -15.000, X=  -46.73, Y=   89.79
  Scan: R= 0.075, A= -10.000, X=  -32.63, Y=   -6.08
  Scan: R= 0.112, A=  -5.000, X=  -77.85, Y=   53.09
  Scan: R= 0.400, A=   0.000, X=  -27.53, Y=   27.14
  Scan: R= 0.180, A=   5.000, X=   22.75, Y=   13.74
  Scan: R= 0.075, A=  10.000, X=  102.91, Y= -134.86
  Scan: R= 0.070, A=  15.000, X=   93.92, Y=    9.17
  Scan: R= 0.080, A=  20.000, X=  129.83, Y=   13.13
  Scan: R= 0.063, A=  25.000, X=  194.21, Y=  -18.68
  Scan: R= 0.062, A=  30.000, X=  183.71, Y= -135.99
  Scan: R= 0.075, A=  35.000, X=  194.17, Y=  102.87
  Scan: R= 0.063, A=  40.000, X=  314.95, Y=   53.90
  Scan: R= 0.060, A=  45.000, X=  252.98, Y=  -55.96
  Scan: R= 0.062, A=  50.000, X=  311.13, Y=  -62.42
  Scan: R= 0.060, A=  55.000, X=  434.06, Y=  133.05
  Scan: R= 0.058, A=  60.000, X=  434.34, Y=  171.11
  Scan: R= 0.055, A=  65.000, X=  475.58, Y=  112.58
  Scan: R= 0.057, A=  70.000, X=  441.76, Y=  273.71
  Scan: R= 0.055, A=  75.000, X=  451.82, Y=  297.46
  Scan: R= 0.054, A=  80.000, X=  477.77, Y=  270.95
  Scan: R= 0.050, A=  85.000, X=  483.32, Y=  302.92
  Scan: R= 0.061, A=  90.000, X=  586.89, Y=  267.84
  Scan: R= 0.056, A=  95.000, X=  586.59, Y=  328.12
  Scan: R= 0.058, A= 100.000, X=  597.03, Y=  358.16
  Scan: R= 0.055, A= 105.000, X=  621.15, Y=  407.83
  Scan: R= 0.058, A= 110.000, X=  611.95, Y=  417.91
  Scan: R= 0.056, A= 115.000, X=  532.02, Y=  421.32
  Scan: R= 0.065, A= 120.000, X=  635.31, Y=  422.95
  Scan: R= 0.057, A= 125.000, X=  553.71, Y=  450.69
  Scan: R= 0.068, A= 130.000, X=  617.37, Y=  493.95
  Scan: R= 0.061, A= 135.000, X=  583.16, Y=  628.11
  Scan: R= 0.071, A= 140.000, X=  577.22, Y=  664.74
  Scan: R= 0.068, A= 145.000, X=  553.04, Y=  705.95
  Scan: R= 0.059, A= 150.000, X=  487.38, Y=  731.56
  Scan: R= 0.060, A= 155.000, X=  479.95, Y=  639.97
  Scan: R= 0.057, A= 160.000, X=  383.09, Y=  713.30
  Scan: R= 0.070, A= 165.000, X=  423.04, Y=  622.86
  Scan: R= 0.065, A= 170.000, X=  372.88, Y=  728.88
  Scan: R= 0.076, A= 175.000, X=  352.12, Y=  752.09
  Scan: R= 0.071, A= 180.000, X=  291.85, Y=  760.75
  Best: R= 0.804, A=   1.667, X=  -11.07, Y=   23.43
Timer: AngleScan took 4.370 seconds.
AngleScan: center=1.667, hlfwid=10.000, step=0.250
Center: R= 0.804, A=   1.667, X=  -11.07, Y=   23.43
  Scan: R= 0.076, A=  -8.333, X=  -19.90, Y=   -8.34
  Scan: R= 0.078, A=  -8.083, X= -117.94, Y=   69.37
  Scan: R= 0.075, A=  -7.833, X= -107.95, Y=   70.25
  Scan: R= 0.074, A=  -7.583, X= -101.67, Y=   59.78
  Scan: R= 0.079, A=  -7.333, X= -101.90, Y=   67.19
  Scan: R= 0.084, A=  -7.083, X= -105.21, Y=   63.70
  Scan: R= 0.078, A=  -6.833, X=  -94.10, Y=   60.91
  Scan: R= 0.090, A=  -6.583, X=  -87.85, Y=   59.05
  Scan: R= 0.092, A=  -6.333, X=  -86.84, Y=   57.92
  Scan: R= 0.090, A=  -6.083, X=  -89.79, Y=   58.92
  Scan: R= 0.094, A=  -5.833, X=  -85.09, Y=   55.85
  Scan: R= 0.098, A=  -5.583, X=  -83.93, Y=   56.68
  Scan: R= 0.103, A=  -5.333, X=  -80.28, Y=   52.52
  Scan: R= 0.109, A=  -5.083, X=  -79.94, Y=   51.27
  Scan: R= 0.118, A=  -4.833, X=  -76.92, Y=   43.75
  Scan: R= 0.132, A=  -4.583, X=  -75.36, Y=   43.22
  Scan: R= 0.127, A=  -4.333, X=  -74.04, Y=   42.63
  Scan: R= 0.129, A=  -4.083, X=  -67.75, Y=   49.47
  Scan: R= 0.139, A=  -3.833, X=  -65.03, Y=   49.04
  Scan: R= 0.135, A=  -3.583, X=  -67.92, Y=   38.30
  Scan: R= 0.145, A=  -3.333, X=  -64.04, Y=   39.88
  Scan: R= 0.146, A=  -3.083, X=  -61.09, Y=   40.13
  Scan: R= 0.156, A=  -2.833, X=  -57.89, Y=   41.08
  Scan: R= 0.167, A=  -2.583, X=  -51.23, Y=   37.76
  Scan: R= 0.180, A=  -2.333, X=  -49.38, Y=   33.98
  Scan: R= 0.199, A=  -2.083, X=  -48.99, Y=   33.28
  Scan: R= 0.207, A=  -1.833, X=  -47.14, Y=   32.02
  Scan: R= 0.206, A=  -1.583, X=  -43.23, Y=   33.09
  Scan: R= 0.228, A=  -1.333, X=  -42.17, Y=   30.93
  Scan: R= 0.243, A=  -1.083, X=  -38.00, Y=   31.50
  Scan: R= 0.268, A=  -0.833, X=  -36.23, Y=   29.83
  Scan: R= 0.292, A=  -0.583, X=  -32.12, Y=   28.86
  Scan: R= 0.336, A=  -0.333, X=  -30.64, Y=   27.96
  Scan: R= 0.387, A=  -0.083, X=  -28.02, Y=   27.22
  Scan: R= 0.449, A=   0.167, X=  -25.08, Y=   26.73
  Scan: R= 0.551, A=   0.417, X=  -22.81, Y=   26.46
  Scan: R= 0.654, A=   0.667, X=  -20.48, Y=   26.11
  Scan: R= 0.797, A=   0.917, X=  -17.82, Y=   25.66
  Scan: R= 0.898, A=   1.167, X=  -15.35, Y=   24.80
  Scan: R= 0.917, A=   1.417, X=  -13.10, Y=   24.15
  Scan: R= 0.804, A=   1.667, X=  -11.07, Y=   23.43
  Scan: R= 0.703, A=   1.917, X=   -8.44, Y=   23.07
  Scan: R= 0.583, A=   2.167, X=   -6.55, Y=   22.01
  Scan: R= 0.485, A=   2.417, X=   -4.60, Y=   21.27
  Scan: R= 0.395, A=   2.667, X=   -0.82, Y=   20.51
  Scan: R= 0.343, A=   2.917, X=    0.99, Y=   19.63
  Scan: R= 0.300, A=   3.167, X=    5.11, Y=   20.75
  Scan: R= 0.273, A=   3.417, X=    8.58, Y=   20.31
  Scan: R= 0.261, A=   3.667, X=   11.16, Y=   19.53
  Scan: R= 0.236, A=   3.917, X=   12.04, Y=   18.93
  Scan: R= 0.221, A=   4.167, X=   12.55, Y=   18.37
  Scan: R= 0.206, A=   4.417, X=   16.76, Y=   13.43
  Scan: R= 0.197, A=   4.667, X=   18.84, Y=   12.89
  Scan: R= 0.184, A=   4.917, X=   19.57, Y=   11.74
  Scan: R= 0.168, A=   5.167, X=   23.27, Y=   13.10
  Scan: R= 0.153, A=   5.417, X=   26.55, Y=   12.78
  Scan: R= 0.154, A=   5.667, X=   30.02, Y=   11.87
  Scan: R= 0.144, A=   5.917, X=   32.74, Y=   11.76
  Scan: R= 0.137, A=   6.167, X=   35.78, Y=   10.26
  Scan: R= 0.123, A=   6.417, X=   36.71, Y=    9.24
  Scan: R= 0.113, A=   6.667, X=   45.22, Y=   14.21
  Scan: R= 0.110, A=   6.917, X=   47.66, Y=   13.91
  Scan: R= 0.104, A=   7.167, X=   49.03, Y=   13.26
  Scan: R= 0.107, A=   7.417, X=   47.88, Y=    8.20
  Scan: R= 0.098, A=   7.667, X=   49.81, Y=   12.72
  Scan: R= 0.096, A=   7.917, X=   50.10, Y=   12.26
  Scan: R= 0.087, A=   8.167, X=   64.03, Y=   11.51
  Scan: R= 0.092, A=   8.417, X=   66.05, Y=   11.67
  Scan: R= 0.088, A=   8.667, X=   69.06, Y=    6.33
  Scan: R= 0.081, A=   8.917, X=   68.10, Y=   10.79
  Scan: R= 0.081, A=   9.167, X=   74.66, Y=   13.94
  Scan: R= 0.074, A=   9.417, X=   94.71, Y= -135.93
  Scan: R= 0.076, A=   9.667, X=   94.93, Y=   57.33
  Scan: R= 0.072, A=   9.917, X=   82.28, Y=   -4.83
  Scan: R= 0.077, A=  10.167, X=   85.11, Y=   -3.72
  Scan: R= 0.069, A=  10.417, X=   86.32, Y=   -4.37
  Scan: R= 0.067, A=  10.667, X=   47.42, Y= -182.05
  Scan: R= 0.071, A=  10.917, X=   50.91, Y= -181.15
  Scan: R= 0.075, A=  11.167, X=   57.86, Y= -175.83
  Scan: R= 0.070, A=  11.417, X=   89.76, Y=  -68.18
  Scan: R= 0.067, A=  11.667, X=   91.52, Y=  -69.06
  Best: R= 0.917, A=   1.417, X=  -13.10, Y=   24.15
Timer: AngleScan took 2.750 seconds.
PeakHunt: Best: K=12, R=0.926, A=1.327, X=-13.971, Y=24.326
Timer: PeakHunt took 5.120 seconds.
*T: [0,1,2,3,4,5] (strip-strip)
[0.999732,-0.023165,-13.970562,0.023165,0.999732,24.326032]
Timer: Corr took 12.250 seconds.


---- Memory ----
Host name: h01u07.int.janelia.org
PID:       31475
User time:      56 seconds.
System time:     6 seconds.
VmPeak:	 1917968 kB
VmSize:	  565276 kB
VmLck:	       0 kB
VmHWM:	 1624940 kB
VmRSS:	  402468 kB
VmData:	  477496 kB
VmStk:	      96 kB
VmExe:	     724 kB
VmLib:	   61764 kB
VmPTE:	     964 kB
VmSwap:	       0 kB
voluntary_ctxt_switches:	608
nonvoluntary_ctxt_switches:	138

