Align this block: Fri Aug  8 18:51:46 2014 -script=/groups/apig/tomo/DEMO/prms/scriptparams.txt 

---- Script parameters ----
slotspernode=16       <typical 16>      "fixed slot count per cluster node"
usingfoldmasks=N       <typical N>       "Y=Each tile gets foldmask image"
croprectfile=          <path or blank>   "{cam,x0,y0,dx,dy} for ea. cam"
makefmjparam=4         <typical 4>       "'fsub'/make.fm -j #concurrent_procs"
makefmslots=4          <typical 4>       "'fsub'/make.fm slots per qsub (>= jparam)"
createauxdirs=N        <typical N>       "Y=create special dirs for aux ptest info"
montageblocksize=8     <typical 8>       "montage work grid cell size^2 tiles"
mintileolapfrac=0.02   <typical 0.02>    "min layout tile area frac for overlap"
ignorecorners=N        <typical N>       "Y=using row/col data, omit corner-corner pairs"
makesamejparam=4       <typical 4>       "'ssub'/make.same -j #concurrent_procs"
makesameslots=4        <typical 4>       "'ssub'/make.same slots per qsub (>= jparam)"
crossscale=8           <typical 50>      "scale reduction for strips and blocks"
legendremaxorder=2     <typical 1>       "max order Legendre poly bkgnd subtraction"
rendersdevcnts=42      <typical 42>      "rescale making 1 stdev this many cnts"
maskoutresin=N         <typical N>       "Y=remove resin pixels from EM rendering"
stripwidth=5           <typical 15>      "strips n tiles wide in short dimension"
stripsweepspan=360     <typical 360.0>   "strip angle sweep span (deg, 0 -> force 0)"
stripsweepstep=5       <typical 5.0>     "strip sweep step size (deg, step > 0)"
stripmincorr=0.02      <typical 0.02>    "strips 'fail' if correlation this low"
stripslots=8           <typical 8>       "subscapes.sht/scapeops slots/threads per job"
crossblocksize=10      <typical 10>      "block work grid cell size^2 tiles"
blocksweepspan=8       <typical 8.0>     "block angle sweep span (deg)"
blocksweepstep=0.2     <typical 0.2>     "block sweep step size (deg, step > 0)"
blockxyconf=0.75       <typical 0.75>    "search radius = (1-conf)(blockwide)"
blockmincorr=0.2       <typical 0.45>    "min required block match correlation"
blocknomcorr=0.2       <typical 0.50>    "nominal block match correlation"
blocknomcoverage=0.90  <typical 0.90>    "nominal block area frac matched"
blockreqdz=1           <typical 1>       "connect to at least reqdz layers (<= maxdz)"
blockmaxdz=10          <typical 10>      "max z-index span of useful correlation"
blockslots=8           <typical 8>       "bsub.sht/cross_thisblock slots/threads per job"
makedownjparam=4       <typical 4>       "'dsub'/make.down -j #concurrent_procs"
makedownslots=4        <typical 4>       "'dsub'/make.down slots per qsub (>= jparam)"
xmlpixeltype=0         <typical 0>       "ImagePlus type code (above)"
xmlsclmin=0            <typical 0>       "intensity scale min"
xmlsclmax=0            <typical 0>       "intensity scale max"

Got 42 images.
Raster8FromTif: Opening [/groups/apig/tomo/DEMO/TIF/A1_0_2.tif].
Raster8FromTif: Bits per sample 8, samples per pixel 1
Raster8FromTif: Picture is 1376 by 1040, 1431040 pixels total.
TIF(8): Last Encoded strip had 1376 bytes.
Timer: ReadFile took 0.040 seconds.

--- Start A layer ----
Raster8FromTif: Opening [/groups/apig/tomo/DEMO/TIF/C1_7_2.tif].
Raster8FromTif: Opening [/groups/apig/tomo/DEMO/TIF/C1_10_2.tif].
Raster8FromTif: Opening [/groups/apig/tomo/DEMO/TIF/C1_4_2.tif].
Raster8FromTif: Opening [/groups/apig/tomo/DEMO/TIF/C1_13_2.tif].
Raster8FromTif: Bits per sample 8, samples per pixel 1
Raster8FromTif: Picture is 1376 by 1040, 1431040 pixels total.
Raster8FromTif: Bits per sample 8, samples per pixel 1
Raster8FromTif: Picture is 1376 by 1040, 1431040 pixels total.
Raster8FromTif: Bits per sample 8, samples per pixel 1
Raster8FromTif: Picture is 1376 by 1040, 1431040 pixels total.
TIF(8): Last Encoded strip had 1376 bytes.
Raster8FromTif: Bits per sample 8, samples per pixel 1
Raster8FromTif: Picture is 1376 by 1040, 1431040 pixels total.
TIF(8): Last Encoded strip had 1376 bytes.
TIF(8): Last Encoded strip had 1376 bytes.
TIF(8): Last Encoded strip had 1376 bytes.
Raster8FromTif: Opening [/groups/apig/tomo/DEMO/TIF/C1_6_2.tif].
Raster8FromTif: Bits per sample 8, samples per pixel 1
Raster8FromTif: Picture is 1376 by 1040, 1431040 pixels total.
Raster8FromTif: Opening [/groups/apig/tomo/DEMO/TIF/C1_9_2.tif].
TIF(8): Last Encoded strip had 1376 bytes.
Raster8FromTif: Opening [/groups/apig/tomo/DEMO/TIF/C1_3_2.tif].
Raster8FromTif: Opening [/groups/apig/tomo/DEMO/TIF/C1_12_2.tif].
Raster8FromTif: Bits per sample 8, samples per pixel 1
Raster8FromTif: Picture is 1376 by 1040, 1431040 pixels total.
Raster8FromTif: Bits per sample 8, samples per pixel 1
Raster8FromTif: Picture is 1376 by 1040, 1431040 pixels total.
Raster8FromTif: Bits per sample 8, samples per pixel 1
Raster8FromTif: Picture is 1376 by 1040, 1431040 pixels total.
TIF(8): Last Encoded strip had 1376 bytes.
TIF(8): Last Encoded strip had 1376 bytes.
TIF(8): Last Encoded strip had 1376 bytes.
Raster8FromTif: Opening [/groups/apig/tomo/DEMO/TIF/C1_5_2.tif].
Raster8FromTif: Bits per sample 8, samples per pixel 1
Raster8FromTif: Picture is 1376 by 1040, 1431040 pixels total.
TIF(8): Last Encoded strip had 1376 bytes.
Raster8FromTif: Opening [/groups/apig/tomo/DEMO/TIF/C1_2_2.tif].
Raster8FromTif: Opening [/groups/apig/tomo/DEMO/TIF/C1_8_2.tif].
Raster8FromTif: Opening [/groups/apig/tomo/DEMO/TIF/C1_11_2.tif].
Raster8FromTif: Bits per sample 8, samples per pixel 1
Raster8FromTif: Picture is 1376 by 1040, 1431040 pixels total.
Raster8FromTif: Bits per sample 8, samples per pixel 1
Raster8FromTif: Picture is 1376 by 1040, 1431040 pixels total.
TIF(8): Last Encoded strip had 1376 bytes.
TIF(8): Last Encoded strip had 1376 bytes.
Raster8FromTif: Bits per sample 8, samples per pixel 1
Raster8FromTif: Picture is 1376 by 1040, 1431040 pixels total.
TIF(8): Last Encoded strip had 1376 bytes.
Raster8FromTif: Opening [/groups/apig/tomo/DEMO/TIF/C1_1_2.tif].
Raster8FromTif: Bits per sample 8, samples per pixel 1
Raster8FromTif: Picture is 1376 by 1040, 1431040 pixels total.
TIF(8): Last Encoded strip had 1376 bytes.
Raster8FromTif: Opening [/groups/apig/tomo/DEMO/TIF/C1_0_2.tif].
Raster8FromTif: Bits per sample 8, samples per pixel 1
Raster8FromTif: Picture is 1376 by 1040, 1431040 pixels total.
TIF(8): Last Encoded strip had 1376 bytes.
*A: z scl [ws,hs] [x0,y0]
2 8 [351,787] [-43.596319,29.751356]
Timer: MakeRasA took 0.770 seconds.

--- Start B layer ----
Raster8FromTif: Opening [/groups/apig/tomo/DEMO/TIF/B1_13_2.tif].
Raster8FromTif: Opening [/groups/apig/tomo/DEMO/TIF/B1_10_2.tif].
Raster8FromTif: Opening [/groups/apig/tomo/DEMO/TIF/B1_4_2.tif].
Raster8FromTif: Opening [/groups/apig/tomo/DEMO/TIF/B1_7_2.tif].
Raster8FromTif: Bits per sample 8, samples per pixel 1
Raster8FromTif: Picture is 1376 by 1040, 1431040 pixels total.
Raster8FromTif: Bits per sample 8, samples per pixel 1
Raster8FromTif: Picture is 1376 by 1040, 1431040 pixels total.
Raster8FromTif: Bits per sample 8, samples per pixel 1
Raster8FromTif: Picture is 1376 by 1040, 1431040 pixels total.
Raster8FromTif: Bits per sample 8, samples per pixel 1
Raster8FromTif: Picture is 1376 by 1040, 1431040 pixels total.
TIF(8): Last Encoded strip had 1376 bytes.
TIF(8): Last Encoded strip had 1376 bytes.
TIF(8): Last Encoded strip had 1376 bytes.
TIF(8): Last Encoded strip had 1376 bytes.
Raster8FromTif: Opening [/groups/apig/tomo/DEMO/TIF/B1_9_2.tif].
Raster8FromTif: Opening [/groups/apig/tomo/DEMO/TIF/B1_6_2.tif].
Raster8FromTif: Bits per sample 8, samples per pixel 1
Raster8FromTif: Picture is 1376 by 1040, 1431040 pixels total.
Raster8FromTif: Bits per sample 8, samples per pixel 1
Raster8FromTif: Picture is 1376 by 1040, 1431040 pixels total.
Raster8FromTif: Opening [/groups/apig/tomo/DEMO/TIF/B1_3_2.tif].
TIF(8): Last Encoded strip had 1376 bytes.
Raster8FromTif: Opening [/groups/apig/tomo/DEMO/TIF/B1_12_2.tif].
Raster8FromTif: Bits per sample 8, samples per pixel 1
Raster8FromTif: Picture is 1376 by 1040, 1431040 pixels total.
Raster8FromTif: Bits per sample 8, samples per pixel 1
Raster8FromTif: Picture is 1376 by 1040, 1431040 pixels total.
TIF(8): Last Encoded strip had 1376 bytes.
TIF(8): Last Encoded strip had 1376 bytes.
TIF(8): Last Encoded strip had 1376 bytes.
Raster8FromTif: Opening [/groups/apig/tomo/DEMO/TIF/B1_11_2.tif].
Raster8FromTif: Opening [/groups/apig/tomo/DEMO/TIF/B1_8_2.tif].
Raster8FromTif: Bits per sample 8, samples per pixel 1
Raster8FromTif: Picture is 1376 by 1040, 1431040 pixels total.
Raster8FromTif: Bits per sample 8, samples per pixel 1
Raster8FromTif: Picture is 1376 by 1040, 1431040 pixels total.
TIF(8): Last Encoded strip had 1376 bytes.
Raster8FromTif: Opening [/groups/apig/tomo/DEMO/TIF/B1_5_2.tif].
Raster8FromTif: Bits per sample 8, samples per pixel 1
Raster8FromTif: Picture is 1376 by 1040, 1431040 pixels total.
TIF(8): Last Encoded strip had 1376 bytes.
TIF(8): Last Encoded strip had 1376 bytes.
Raster8FromTif: Opening [/groups/apig/tomo/DEMO/TIF/B1_2_2.tif].
Raster8FromTif: Bits per sample 8, samples per pixel 1
Raster8FromTif: Picture is 1376 by 1040, 1431040 pixels total.
TIF(8): Last Encoded strip had 1376 bytes.
Raster8FromTif: Opening [/groups/apig/tomo/DEMO/TIF/B1_1_2.tif].
Raster8FromTif: Bits per sample 8, samples per pixel 1
Raster8FromTif: Picture is 1376 by 1040, 1431040 pixels total.
TIF(8): Last Encoded strip had 1376 bytes.
Raster8FromTif: Opening [/groups/apig/tomo/DEMO/TIF/B1_0_2.tif].
Raster8FromTif: Bits per sample 8, samples per pixel 1
Raster8FromTif: Picture is 1376 by 1040, 1431040 pixels total.
TIF(8): Last Encoded strip had 1376 bytes.
*B: z scl [ws,hs] [x0,y0]
1 8 [334,781] [-31.874488,24.340200]
Timer: MakeRasB took 0.720 seconds.

---- Thumbnail matching ----
Pretweaks start, best R=0.000
PTWSweep  0: 0.109 0.134 0.198 0.293 0.536 1.355 0.531 0.302 0.199 0.140 0.119
PTWSweep  1: 0.350 0.419 0.515 0.680 1.000 1.355 0.876 0.642 0.518 0.407 0.349
PTWSweep  2: 0.206 0.250 0.328 0.427 0.662 1.355 0.700 0.468 0.334 0.268 0.235
PTWSweep  3: 0.209 0.264 0.311 0.424 0.669 1.355 0.626 0.419 0.307 0.250 0.210
PTWSweep  4: 0.405 0.482 0.570 0.722 1.042 1.355 0.860 0.636 0.506 0.426 0.369
PTWIntrp  0: 1.355 @ 1.000
PTWUsing  0
PTWSweep  1: 0.350 0.419 0.515 0.680 1.000 1.355 0.876 0.642 0.518 0.407 0.349
PTWSweep  2: 0.206 0.250 0.328 0.427 0.662 1.355 0.700 0.468 0.334 0.268 0.235
PTWSweep  3: 0.209 0.264 0.311 0.424 0.669 1.355 0.626 0.419 0.307 0.250 0.210
PTWSweep  4: 0.405 0.482 0.570 0.722 1.042 1.355 0.860 0.636 0.506 0.426 0.369
PTWIntrp  1: 1.355 @ 1.000
Timer: Pretweaks took 4.520 seconds.
Approx: Pretweak  1.0000  0.0000     0.00    0.0000  1.0000     0.00
AngleScan: center=0.000, hlfwid=4.000, step=0.200
Center: R= 1.355, A=   0.000, X=  -11.81, Y=    5.37
  Scan: R= 0.998, A=  -0.400, X=  -15.23, Y=    6.63
  Scan: R= 1.056, A=  -0.333, X=  -14.60, Y=    6.38
  Scan: R= 1.170, A=  -0.267, X=  -13.94, Y=    6.16
  Scan: R= 1.249, A=  -0.200, X=  -13.31, Y=    6.01
  Scan: R= 1.308, A=  -0.133, X=  -12.73, Y=    5.85
  Scan: R= 1.330, A=  -0.067, X=  -12.14, Y=    5.69
  Scan: R= 1.355, A=  -0.000, X=  -11.81, Y=    5.37
  Scan: R= 1.330, A=   0.067, X=  -11.19, Y=    5.36
  Scan: R= 1.262, A=   0.133, X=  -10.69, Y=    5.03
  Scan: R= 1.205, A=   0.200, X=  -10.02, Y=    4.89
  Scan: R= 1.101, A=   0.267, X=   -9.32, Y=    4.80
  Scan: R= 1.008, A=   0.333, X=   -8.63, Y=    4.52
  Scan: R= 0.958, A=   0.400, X=   -8.09, Y=    4.34
  Scan: R= 0.189, A=  -4.000, X=  -41.19, Y=   18.03
  Scan: R= 0.187, A=  -3.800, X=  -52.15, Y=   19.59
  Scan: R= 0.193, A=  -3.600, X=  -41.40, Y=   15.98
  Scan: R= 0.204, A=  -3.400, X=  -40.14, Y=   14.83
  Scan: R= 0.221, A=  -3.200, X=  -41.17, Y=   13.03
  Scan: R= 0.241, A=  -3.000, X=  -40.15, Y=   12.20
  Scan: R= 0.263, A=  -2.800, X=  -39.88, Y=   11.63
  Scan: R= 0.282, A=  -2.600, X=  -38.23, Y=   11.06
  Scan: R= 0.290, A=  -2.400, X=  -35.89, Y=   10.68
  Scan: R= 0.307, A=  -2.200, X=  -34.26, Y=   10.60
  Scan: R= 0.329, A=  -2.000, X=  -30.23, Y=   10.91
  Scan: R= 0.359, A=  -1.800, X=  -29.85, Y=   10.69
  Scan: R= 0.395, A=  -1.600, X=  -26.19, Y=    9.45
  Scan: R= 0.442, A=  -1.400, X=  -24.66, Y=    8.93
  Scan: R= 0.507, A=  -1.200, X=  -22.84, Y=    8.37
  Scan: R= 0.592, A=  -1.000, X=  -21.02, Y=    8.24
  Scan: R= 0.688, A=  -0.800, X=  -19.16, Y=    7.61
  Scan: R= 0.842, A=  -0.600, X=  -17.07, Y=    7.14
  Scan: R= 0.998, A=  -0.400, X=  -15.23, Y=    6.63
  Scan: R= 1.249, A=  -0.200, X=  -13.31, Y=    6.01
  Scan: R= 1.355, A=   0.000, X=  -11.81, Y=    5.37
  Scan: R= 1.205, A=   0.200, X=  -10.02, Y=    4.89
  Scan: R= 0.958, A=   0.400, X=   -8.09, Y=    4.34
  Scan: R= 0.779, A=   0.600, X=   -5.99, Y=    3.81
  Scan: R= 0.655, A=   0.800, X=   -3.84, Y=    3.34
  Scan: R= 0.569, A=   1.000, X=   -1.84, Y=    2.83
  Scan: R= 0.500, A=   1.200, X=    0.16, Y=    2.49
  Scan: R= 0.435, A=   1.400, X=    2.44, Y=    2.52
  Scan: R= 0.390, A=   1.600, X=    3.20, Y=    2.10
  Scan: R= 0.350, A=   1.800, X=    6.34, Y=    0.17
  Scan: R= 0.328, A=   2.000, X=    8.00, Y=   -1.03
  Scan: R= 0.305, A=   2.200, X=   11.17, Y=    0.69
  Scan: R= 0.290, A=   2.400, X=   12.73, Y=    0.12
  Scan: R= 0.271, A=   2.600, X=   13.96, Y=   -0.10
  Scan: R= 0.244, A=   2.800, X=   18.18, Y=   -1.94
  Scan: R= 0.236, A=   3.000, X=   19.92, Y=   -2.07
  Scan: R= 0.221, A=   3.200, X=   20.71, Y=   -1.01
  Scan: R= 0.205, A=   3.400, X=   21.82, Y=   -3.04
  Scan: R= 0.200, A=   3.600, X=   22.75, Y=   -5.72
  Scan: R= 0.191, A=   3.800, X=   24.48, Y=   -6.82
  Best: R= 1.355, A=   0.000, X=  -11.81, Y=    5.37
Timer: AngleScan took 1.710 seconds.
AngleScan: center=0.000, hlfwid=0.400, step=0.010
Center: R= 1.355, A=   0.000, X=  -11.81, Y=    5.37
  Scan: R= 0.998, A=  -0.400, X=  -15.23, Y=    6.63
  Scan: R= 1.005, A=  -0.390, X=  -15.13, Y=    6.60
  Scan: R= 1.012, A=  -0.380, X=  -15.04, Y=    6.56
  Scan: R= 1.018, A=  -0.370, X=  -14.95, Y=    6.52
  Scan: R= 1.027, A=  -0.360, X=  -14.83, Y=    6.48
  Scan: R= 1.040, A=  -0.350, X=  -14.75, Y=    6.44
  Scan: R= 1.050, A=  -0.340, X=  -14.66, Y=    6.40
  Scan: R= 1.058, A=  -0.330, X=  -14.57, Y=    6.37
  Scan: R= 1.068, A=  -0.320, X=  -14.47, Y=    6.32
  Scan: R= 1.091, A=  -0.310, X=  -14.35, Y=    6.28
  Scan: R= 1.113, A=  -0.300, X=  -14.24, Y=    6.25
  Scan: R= 1.133, A=  -0.290, X=  -14.14, Y=    6.22
  Scan: R= 1.151, A=  -0.280, X=  -14.05, Y=    6.20
  Scan: R= 1.166, A=  -0.270, X=  -13.97, Y=    6.17
  Scan: R= 1.178, A=  -0.260, X=  -13.88, Y=    6.15
  Scan: R= 1.188, A=  -0.250, X=  -13.79, Y=    6.12
  Scan: R= 1.195, A=  -0.240, X=  -13.69, Y=    6.10
  Scan: R= 1.200, A=  -0.230, X=  -13.60, Y=    6.07
  Scan: R= 1.203, A=  -0.220, X=  -13.50, Y=    6.05
  Scan: R= 1.228, A=  -0.210, X=  -13.40, Y=    6.03
  Scan: R= 1.249, A=  -0.200, X=  -13.31, Y=    6.01
  Scan: R= 1.267, A=  -0.190, X=  -13.23, Y=    5.99
  Scan: R= 1.280, A=  -0.180, X=  -13.15, Y=    5.96
  Scan: R= 1.290, A=  -0.170, X=  -13.07, Y=    5.94
  Scan: R= 1.297, A=  -0.160, X=  -12.98, Y=    5.92
  Scan: R= 1.303, A=  -0.150, X=  -12.89, Y=    5.89
  Scan: R= 1.307, A=  -0.140, X=  -12.79, Y=    5.86
  Scan: R= 1.308, A=  -0.130, X=  -12.70, Y=    5.84
  Scan: R= 1.304, A=  -0.120, X=  -12.62, Y=    5.80
  Scan: R= 1.296, A=  -0.110, X=  -12.53, Y=    5.77
  Scan: R= 1.303, A=  -0.100, X=  -12.44, Y=    5.81
  Scan: R= 1.314, A=  -0.090, X=  -12.36, Y=    5.78
  Scan: R= 1.321, A=  -0.080, X=  -12.27, Y=    5.74
  Scan: R= 1.328, A=  -0.070, X=  -12.17, Y=    5.71
  Scan: R= 1.333, A=  -0.060, X=  -12.07, Y=    5.66
  Scan: R= 1.335, A=  -0.050, X=  -11.98, Y=    5.62
  Scan: R= 1.332, A=  -0.040, X=  -11.90, Y=    5.57
  Scan: R= 1.326, A=  -0.030, X=  -11.82, Y=    5.52
  Scan: R= 1.333, A=  -0.020, X=  -11.91, Y=    5.46
  Scan: R= 1.346, A=  -0.010, X=  -11.86, Y=    5.41
  Scan: R= 1.355, A=   0.000, X=  -11.81, Y=    5.37
  Scan: R= 1.340, A=   0.010, X=  -11.75, Y=    5.33
  Scan: R= 1.321, A=   0.020, X=  -11.67, Y=    5.30
  Scan: R= 1.299, A=   0.030, X=  -11.58, Y=    5.27
  Scan: R= 1.286, A=   0.040, X=  -11.46, Y=    5.48
  Scan: R= 1.305, A=   0.050, X=  -11.35, Y=    5.43
  Scan: R= 1.322, A=   0.060, X=  -11.25, Y=    5.39
  Scan: R= 1.334, A=   0.070, X=  -11.16, Y=    5.34
  Scan: R= 1.342, A=   0.080, X=  -11.09, Y=    5.29
  Scan: R= 1.342, A=   0.090, X=  -11.01, Y=    5.25
  Scan: R= 1.334, A=   0.100, X=  -10.95, Y=    5.20
  Scan: R= 1.319, A=   0.110, X=  -10.88, Y=    5.15
  Scan: R= 1.298, A=   0.120, X=  -10.81, Y=    5.10
  Scan: R= 1.272, A=   0.130, X=  -10.72, Y=    5.05
  Scan: R= 1.242, A=   0.140, X=  -10.62, Y=    4.99
  Scan: R= 1.212, A=   0.150, X=  -10.49, Y=    5.18
  Scan: R= 1.221, A=   0.160, X=  -10.37, Y=    5.12
  Scan: R= 1.225, A=   0.170, X=  -10.27, Y=    5.06
  Scan: R= 1.223, A=   0.180, X=  -10.18, Y=    5.00
  Scan: R= 1.216, A=   0.190, X=  -10.10, Y=    4.95
  Scan: R= 1.205, A=   0.200, X=  -10.02, Y=    4.89
  Scan: R= 1.189, A=   0.210, X=   -9.94, Y=    4.84
  Scan: R= 1.170, A=   0.220, X=   -9.85, Y=    4.78
  Scan: R= 1.149, A=   0.230, X=   -9.75, Y=    4.73
  Scan: R= 1.125, A=   0.240, X=   -9.64, Y=    4.68
  Scan: R= 1.100, A=   0.250, X=   -9.50, Y=    4.63
  Scan: R= 1.102, A=   0.260, X=   -9.39, Y=    4.83
  Scan: R= 1.100, A=   0.270, X=   -9.29, Y=    4.79
  Scan: R= 1.093, A=   0.280, X=   -9.19, Y=    4.74
  Scan: R= 1.082, A=   0.290, X=   -9.10, Y=    4.70
  Scan: R= 1.069, A=   0.300, X=   -9.01, Y=    4.66
  Scan: R= 1.053, A=   0.310, X=   -8.90, Y=    4.61
  Scan: R= 1.034, A=   0.320, X=   -8.79, Y=    4.57
  Scan: R= 1.014, A=   0.330, X=   -8.67, Y=    4.53
  Scan: R= 0.995, A=   0.340, X=   -8.77, Y=    4.49
  Scan: R= 0.987, A=   0.350, X=   -8.42, Y=    4.61
  Scan: R= 0.981, A=   0.360, X=   -8.34, Y=    4.56
  Scan: R= 0.972, A=   0.370, X=   -8.25, Y=    4.51
  Scan: R= 0.969, A=   0.380, X=   -8.27, Y=    4.45
  Scan: R= 0.965, A=   0.390, X=   -8.19, Y=    4.39
  Best: R= 1.355, A=   0.000, X=  -11.81, Y=    5.37
Timer: AngleScan took 2.570 seconds.
PeakHunt: Best: K=10, R=1.355, A=0.000, X=-11.810, Y=5.366
Timer: PeakHunt took 4.210 seconds.
*T: [0,1,2,3,4,5] (block-block)
[1.000000,0.000000,-11.809703,0.000000,1.000000,5.365961]
Timer: Corr took 13.010 seconds.
Block coverage prime 1.00 scdry 1.00  Z 1
Final coverage prime 1.00 scdry 1.00 ntiles 14

--- Write Files ----


---- Memory ----
Host name: h01u07.int.janelia.org
PID:       9325
User time:      58 seconds.
System time:     5 seconds.
VmPeak:	 1253040 kB
VmSize:	  571496 kB
VmLck:	       0 kB
VmHWM:	  922908 kB
VmRSS:	  418308 kB
VmData:	  483696 kB
VmStk:	      96 kB
VmExe:	     744 kB
VmLib:	   61764 kB
VmPTE:	     992 kB
VmSwap:	       0 kB
voluntary_ctxt_switches:	863
nonvoluntary_ctxt_switches:	57

